2024-09-25T16:50:51.937Z - info: [12:50:51 am] Reload for file change: C:\repos\nus-cs2103\cs2103-website-base\_course-CS2103\mid-semester-survey-results.md
2024-09-25T16:50:51.969Z - info: Synchronizing opened pages list before reload
2024-09-25T16:50:51.975Z - info: Current opened pages, from most-to-least recent:
2024-09-25T16:50:51.975Z - info: 1. admin/mid-semester-survey-results
2024-09-25T16:50:53.014Z - info: Rebuilding 1 pages
2024-09-25T16:50:53.408Z - info: Site data built
2024-09-25T16:50:53.409Z - info: Pages rebuilt
2024-09-25T16:50:53.409Z - info: Website regeneration complete! Total build time: 0.406s
2024-09-25T16:54:33.879Z - info: [12:54:33 am] Reload for file change: C:\repos\nus-cs2103\cs2103-website-base\_course-CS2103\mid-semester-survey-results.md
2024-09-25T16:54:33.880Z - info: Synchronizing opened pages list before reload
2024-09-25T16:54:33.880Z - info: Current opened pages, from most-to-least recent:
2024-09-25T16:54:33.880Z - info: 1. admin/mid-semester-survey-results
2024-09-25T16:54:34.889Z - info: Rebuilding 1 pages
2024-09-25T16:54:35.219Z - info: Site data built
2024-09-25T16:54:35.219Z - info: Pages rebuilt
2024-09-25T16:54:35.220Z - info: Website regeneration complete! Total build time: 0.333s
2024-09-25T16:55:57.188Z - info: [12:55:57 am] Reload for file change: C:\repos\nus-cs2103\cs2103-website-base\_course-CS2103\mid-semester-survey-results.md
2024-09-25T16:55:57.189Z - info: Synchronizing opened pages list before reload
2024-09-25T16:55:57.189Z - info: Current opened pages, from most-to-least recent:
2024-09-25T16:55:57.189Z - info: 1. admin/mid-semester-survey-results
2024-09-25T16:55:58.195Z - info: Rebuilding 1 pages
2024-09-25T16:55:58.477Z - info: Site data built
2024-09-25T16:55:58.477Z - info: Pages rebuilt
2024-09-25T16:55:58.477Z - info: Website regeneration complete! Total build time: 0.283s
2024-09-25T16:58:09.869Z - info: [12:58:09 am] Reload for file change: C:\repos\nus-cs2103\cs2103-website-base\_course-CS2103\mid-semester-survey-results.md
2024-09-25T16:58:09.869Z - info: Synchronizing opened pages list before reload
2024-09-25T16:58:09.870Z - info: Current opened pages, from most-to-least recent:
2024-09-25T16:58:09.870Z - info: 1. admin/mid-semester-survey-results
2024-09-25T16:58:10.881Z - info: Rebuilding 1 pages
2024-09-25T16:58:11.197Z - info: Site data built
2024-09-25T16:58:11.197Z - info: Pages rebuilt
2024-09-25T16:58:11.198Z - info: Website regeneration complete! Total build time: 0.317s
2024-09-25T17:01:29.955Z - info: [1:01:29 am] Reload for file change: C:\repos\nus-cs2103\cs2103-website-base\_course-CS2103\mid-semester-survey-results.md
2024-09-25T17:01:29.955Z - info: Synchronizing opened pages list before reload
2024-09-25T17:01:29.956Z - info: Current opened pages, from most-to-least recent:
2024-09-25T17:01:29.956Z - info: 1. admin/mid-semester-survey-results
2024-09-25T17:01:30.971Z - info: Rebuilding 1 pages
2024-09-25T17:01:31.282Z - info: Site data built
2024-09-25T17:01:31.282Z - info: Pages rebuilt
2024-09-25T17:01:31.282Z - info: Website regeneration complete! Total build time: 0.314s
2024-09-25T17:03:52.008Z - info: [1:03:52 am] Reload for file change: C:\repos\nus-cs2103\cs2103-website-base\_course-CS2103\mid-semester-survey-results.md
2024-09-25T17:03:52.008Z - info: Synchronizing opened pages list before reload
2024-09-25T17:03:52.008Z - info: Current opened pages, from most-to-least recent:
2024-09-25T17:03:52.009Z - info: 1. admin/mid-semester-survey-results
2024-09-25T17:03:53.017Z - info: Rebuilding 1 pages
2024-09-25T17:03:53.355Z - info: Site data built
2024-09-25T17:03:53.355Z - info: Pages rebuilt
2024-09-25T17:03:53.355Z - info: Website regeneration complete! Total build time: 0.339s
2024-09-25T17:17:49.840Z - info: [1:17:49 am] Reload for file change: C:\repos\nus-cs2103\cs2103-website-base\_course-CS2103\mid-semester-survey-results.md
2024-09-25T17:17:49.841Z - info: Synchronizing opened pages list before reload
2024-09-25T17:17:49.841Z - info: Current opened pages, from most-to-least recent:
2024-09-25T17:17:49.841Z - info: 1. admin/mid-semester-survey-results
2024-09-25T17:17:50.857Z - info: Rebuilding 1 pages
2024-09-25T17:17:51.174Z - info: Site data built
2024-09-25T17:17:51.174Z - info: Pages rebuilt
2024-09-25T17:17:51.175Z - info: Website regeneration complete! Total build time: 0.32s
2024-09-25T17:30:00.414Z - info: [1:30:00 am] Reload for file change: C:\repos\nus-cs2103\cs2103-website-base\_course-CS2103\mid-semester-survey-results.md
2024-09-25T17:30:00.415Z - info: Synchronizing opened pages list before reload
2024-09-25T17:30:00.415Z - info: Current opened pages, from most-to-least recent:
2024-09-25T17:30:00.415Z - info: 1. admin/mid-semester-survey-results
2024-09-25T17:30:01.427Z - info: Rebuilding 1 pages
2024-09-25T17:30:01.757Z - info: Site data built
2024-09-25T17:30:01.757Z - info: Pages rebuilt
2024-09-25T17:30:01.758Z - info: Website regeneration complete! Total build time: 0.332s
2024-09-25T17:36:23.205Z - info: [1:36:23 am] Reload for file change: C:\repos\nus-cs2103\cs2103-website-base\_course-CS2103\mid-semester-survey-results.md
2024-09-25T17:36:23.206Z - info: Synchronizing opened pages list before reload
2024-09-25T17:36:23.206Z - info: Current opened pages, from most-to-least recent:
2024-09-25T17:36:23.207Z - info: 1. admin/mid-semester-survey-results
2024-09-25T17:36:24.219Z - info: Rebuilding 1 pages
2024-09-25T17:36:24.553Z - info: Site data built
2024-09-25T17:36:24.553Z - info: Pages rebuilt
2024-09-25T17:36:24.553Z - info: Website regeneration complete! Total build time: 0.335s
2024-09-25T17:43:27.107Z - info: [1:43:27 am] Reload for file change: C:\repos\nus-cs2103\cs2103-website-base\_course-CS2103\mid-semester-survey-results.md
2024-09-25T17:43:27.107Z - info: Synchronizing opened pages list before reload
2024-09-25T17:43:27.108Z - info: Current opened pages, from most-to-least recent:
2024-09-25T17:43:27.108Z - info: 1. admin/mid-semester-survey-results
2024-09-25T17:43:28.118Z - info: Rebuilding 1 pages
2024-09-25T17:43:28.454Z - info: Site data built
2024-09-25T17:43:28.454Z - info: Pages rebuilt
2024-09-25T17:43:28.455Z - info: Website regeneration complete! Total build time: 0.337s
