2024-09-27T12:51:43.671Z - info: Website generation started at 8:50:54 pm
2024-09-27T12:52:03.126Z - warn: ENOENT: no such file or directory, open 'C:\repos\nus-cs2103\cs2103-website-base\node_modules\.cache\gh-pages\https!github.com!nus-cs2103-AY2425S1!website.git\book\_markbind\variables.md'
2024-09-27T12:52:03.128Z - warn: ENOENT: no such file or directory, open 'C:\repos\nus-cs2103\cs2103-website-base\node_modules\.cache\gh-pages\https!github.com!nus-cs2103-AY2425S1!website.git\cache\gh-pages\https!github.com!nus-cs2103-AY2425S1!website.git\book\_markbind\variables.md'
2024-09-27T12:52:03.130Z - warn: ENOENT: no such file or directory, open 'C:\repos\nus-cs2103\cs2103-website-base\node_modules\.cache\gh-pages\https!github.com!nus-cs2103-AY2425S1!website.git\cache\gh-pages\https!github.com!nus-cs2103-AY2425S1!website.git\_markbind\variables.md'
2024-09-27T12:52:03.131Z - warn: ENOENT: no such file or directory, open 'C:\repos\nus-cs2103\cs2103-website-base\node_modules\.cache\gh-pages\https!github.com!nus-cs2103-AY2425S1!website.git\_markbind\variables.md'
2024-09-27T12:52:03.231Z - info: Building assets...
2024-09-27T12:53:35.058Z - info: Assets built
2024-09-27T12:53:35.060Z - info: Generating pages...
2024-09-27T12:53:59.633Z - debug:  
2024-09-27T12:53:59.638Z - debug:  
2024-09-27T12:53:59.639Z - debug:  
2024-09-27T12:53:59.640Z - debug:  
2024-09-27T12:53:59.699Z - debug:  
2024-09-27T12:53:59.799Z - debug:  
2024-09-27T12:53:59.800Z - debug:  
2024-09-27T12:53:59.843Z - debug:  
2024-09-27T12:53:59.844Z - debug:  
2024-09-27T12:53:59.844Z - debug:  
2024-09-27T12:53:59.844Z - debug:  
2024-09-27T12:53:59.844Z - debug:  
2024-09-27T12:53:59.868Z - debug:  
2024-09-27T12:53:59.948Z - debug:  
2024-09-27T12:53:59.959Z - debug:  
2024-09-27T12:54:02.620Z - debug:  
2024-09-27T12:54:02.621Z - debug:  
2024-09-27T12:54:38.679Z - debug:  
2024-09-27T12:57:07.894Z - debug:  
2024-09-27T12:57:44.326Z - debug:  
2024-09-27T12:57:44.493Z - debug:  
2024-09-27T12:58:09.817Z - info: Pages built
2024-09-27T12:58:11.621Z - info: Site data built
2024-09-27T12:58:11.622Z - info: Website generation complete! Total build time: 437.565s
2024-09-27T12:58:11.622Z - info: Build success!
2024-09-27T13:03:41.235Z - info: The website has been deployed at: https://nus-cs2103-ay2425s1.github.io/website
2024-09-27T15:31:15.716Z - info: Website generation (lazy) started at 11:30:43 pm
2024-09-27T15:31:31.579Z - warn: ENOENT: no such file or directory, open 'C:\repos\nus-cs2103\cs2103-website-base\cache\gh-pages\https!github.com!nus-cs2103-AY2425S1!website.git\book\_markbind\variables.md'
2024-09-27T15:31:31.580Z - warn: ENOENT: no such file or directory, open 'C:\repos\nus-cs2103\cs2103-website-base\cache\gh-pages\https!github.com!nus-cs2103-AY2425S1!website.git\_markbind\variables.md'
2024-09-27T15:31:31.581Z - warn: ENOENT: no such file or directory, open 'C:\repos\nus-cs2103\cs2103-website-base\node_modules\.cache\gh-pages\https!github.com!nus-cs2103-AY2425S1!website.git\book\_markbind\variables.md'
2024-09-27T15:31:31.582Z - warn: ENOENT: no such file or directory, open 'C:\repos\nus-cs2103\cs2103-website-base\node_modules\.cache\gh-pages\https!github.com!nus-cs2103-AY2425S1!website.git\cache\gh-pages\https!github.com!nus-cs2103-AY2425S1!website.git\book\_markbind\variables.md'
2024-09-27T15:31:31.583Z - warn: ENOENT: no such file or directory, open 'C:\repos\nus-cs2103\cs2103-website-base\node_modules\.cache\gh-pages\https!github.com!nus-cs2103-AY2425S1!website.git\cache\gh-pages\https!github.com!nus-cs2103-AY2425S1!website.git\_markbind\variables.md'
2024-09-27T15:31:31.584Z - warn: ENOENT: no such file or directory, open 'C:\repos\nus-cs2103\cs2103-website-base\node_modules\.cache\gh-pages\https!github.com!nus-cs2103-AY2425S1!website.git\_markbind\variables.md'
2024-09-27T15:31:31.657Z - info: Building assets...
2024-09-27T15:33:25.022Z - info: Assets built
2024-09-27T15:33:25.024Z - info: Generating landing page...
2024-09-27T15:33:26.615Z - info: Landing page built, other pages will be built as you navigate to them!
2024-09-27T15:33:27.878Z - info: Site data built
2024-09-27T15:33:27.879Z - info: Website generation (lazy) complete! Total build time: 163.998s
2024-09-27T15:33:27.934Z - info: Serving "C:\repos\nus-cs2103\cs2103-website-base\_site" at http://127.0.0.1:8080
2024-09-27T15:33:27.934Z - info: Press CTRL+C to stop ...
2024-09-27T15:37:32.037Z - info: [11:37:32 pm] Reload for file change: C:\repos\nus-cs2103\cs2103-website-base\_course-CS2103\mid-semester-survey-results.md
2024-09-27T15:37:32.038Z - info: Synchronizing opened pages list before reload
2024-09-27T15:37:32.038Z - info: Current opened pages, from most-to-least recent:
2024-09-27T15:37:32.039Z - info: 1. index
2024-09-27T15:37:33.047Z - info: Assets built
2024-09-27T15:38:02.936Z - info: Building C:\repos\nus-cs2103\cs2103-website-base\admin\mid-semester-survey-results as some of its dependencies were changed since the last visit
2024-09-27T15:38:03.509Z - info: Site data built
2024-09-27T15:38:03.509Z - info: Lazy website regeneration complete! Total build time: 0.573s
