2024-09-01T04:00:56.404Z - info: Website generation (lazy) started at 12:00:46 pm
2024-09-01T04:01:10.246Z - warn: ENOENT: no such file or directory, open 'C:\repos\nus-cs2103\cs2103-website-base\cache\gh-pages\https!github.com!nus-cs2103-AY2425S1!website.git\book\_markbind\variables.md'
2024-09-01T04:01:10.248Z - warn: ENOENT: no such file or directory, open 'C:\repos\nus-cs2103\cs2103-website-base\cache\gh-pages\https!github.com!nus-cs2103-AY2425S1!website.git\_markbind\variables.md'
2024-09-01T04:01:10.427Z - info: Building assets...
2024-09-01T04:02:23.403Z - info: Assets built
2024-09-01T04:02:23.404Z - info: Generating landing page...
2024-09-01T04:02:25.453Z - info: Landing page built, other pages will be built as you navigate to them!
2024-09-01T04:02:27.082Z - info: Site data built
2024-09-01T04:02:27.083Z - info: Website generation (lazy) complete! Total build time: 100.305s
2024-09-01T04:02:27.580Z - info: Serving "C:\repos\nus-cs2103\cs2103-website-base\_site" at http://127.0.0.1:8080
2024-09-01T04:02:27.581Z - info: Press CTRL+C to stop ...
2024-09-01T04:04:13.724Z - info: Building C:\repos\nus-cs2103\cs2103-website-base\admin\index as some of its dependencies were changed since the last visit
2024-09-01T04:04:14.431Z - info: Site data built
2024-09-01T04:04:14.432Z - info: Lazy website regeneration complete! Total build time: 0.71s
2024-09-01T04:04:21.003Z - info: Building C:\repos\nus-cs2103\cs2103-website-base\admin\appendixB-policies as some of its dependencies were changed since the last visit
2024-09-01T04:04:21.820Z - info: Site data built
2024-09-01T04:04:21.820Z - info: Lazy website regeneration complete! Total build time: 0.817s
2024-09-01T04:07:07.706Z - info: [12:07:07 pm] Reload for file change: C:\repos\nus-cs2103\cs2103-website-base\admin\policies-fragment.md
2024-09-01T04:07:07.707Z - info: Synchronizing opened pages list before reload
2024-09-01T04:07:07.707Z - info: Current opened pages, from most-to-least recent:
2024-09-01T04:07:07.708Z - info: 1. admin/appendixB-policies
2024-09-01T04:07:08.722Z - info: Rebuilding 1 pages
2024-09-01T04:07:09.432Z - info: Building C:\repos\nus-cs2103\cs2103-website-base\admin\participation as some of its dependencies were changed since the last visit
2024-09-01T04:07:09.784Z - info: Site data built
2024-09-01T04:07:09.785Z - info: Lazy website regeneration complete! Total build time: 0.353s
2024-09-01T04:07:09.792Z - info: Site data built
2024-09-01T04:07:09.792Z - info: Pages rebuilt
2024-09-01T04:07:09.793Z - info: Website regeneration complete! Total build time: 1.072s
2024-09-01T04:07:25.855Z - info: [12:07:25 pm] Reload for file change: C:\repos\nus-cs2103\cs2103-website-base\admin\policies-fragment.md
2024-09-01T04:07:25.856Z - info: Synchronizing opened pages list before reload
2024-09-01T04:07:25.856Z - info: Current opened pages, from most-to-least recent:
2024-09-01T04:07:25.856Z - info: 1. admin/participation
2024-09-01T04:07:26.867Z - info: Rebuilding 1 pages
2024-09-01T04:07:27.382Z - info: Site data built
2024-09-01T04:07:27.383Z - info: Pages rebuilt
2024-09-01T04:07:27.383Z - info: Website regeneration complete! Total build time: 0.518s
2024-09-01T04:07:30.783Z - info: Building C:\repos\nus-cs2103\cs2103-website-base\admin\appendixB-policies as some of its dependencies were changed since the last visit
2024-09-01T04:07:31.535Z - info: Site data built
2024-09-01T04:07:31.536Z - info: Lazy website regeneration complete! Total build time: 0.753s
2024-09-01T04:07:56.191Z - info: [12:07:56 pm] Reload for file change: C:\repos\nus-cs2103\cs2103-website-base\admin\policies-fragment.md
2024-09-01T04:07:56.192Z - info: Synchronizing opened pages list before reload
2024-09-01T04:07:56.193Z - info: Current opened pages, from most-to-least recent:
2024-09-01T04:07:56.193Z - info: 1. admin/appendixB-policies
2024-09-01T04:07:57.204Z - info: Rebuilding 1 pages
2024-09-01T04:07:57.966Z - info: Site data built
2024-09-01T04:07:57.967Z - info: Pages rebuilt
2024-09-01T04:07:57.967Z - info: Website regeneration complete! Total build time: 0.764s
2024-09-01T04:08:43.819Z - info: [12:08:43 pm] Reload for file change: C:\repos\nus-cs2103\cs2103-website-base\admin\policies-fragment.md
2024-09-01T04:08:43.820Z - info: Synchronizing opened pages list before reload
2024-09-01T04:08:43.822Z - info: Current opened pages, from most-to-least recent:
2024-09-01T04:08:43.823Z - info: 1. admin/appendixB-policies
2024-09-01T04:08:44.831Z - info: Rebuilding 1 pages
2024-09-01T04:08:45.466Z - info: Site data built
2024-09-01T04:08:45.467Z - info: Pages rebuilt
2024-09-01T04:08:45.467Z - info: Website regeneration complete! Total build time: 0.637s
2024-09-01T04:09:38.413Z - info: [12:09:38 pm] Reload for file change: C:\repos\nus-cs2103\cs2103-website-base\admin\policies-fragment.md
2024-09-01T04:09:38.415Z - info: Synchronizing opened pages list before reload
2024-09-01T04:09:38.415Z - info: Current opened pages, from most-to-least recent:
2024-09-01T04:09:38.416Z - info: 1. admin/appendixB-policies
2024-09-01T04:09:39.429Z - info: Rebuilding 1 pages
2024-09-01T04:09:40.165Z - info: Site data built
2024-09-01T04:09:40.166Z - info: Pages rebuilt
2024-09-01T04:09:40.166Z - info: Website regeneration complete! Total build time: 0.738s
2024-09-01T04:09:49.154Z - info: [12:09:49 pm] Reload for file change: C:\repos\nus-cs2103\cs2103-website-base\admin\policies-fragment.md
2024-09-01T04:09:49.154Z - info: Synchronizing opened pages list before reload
2024-09-01T04:09:49.154Z - info: Current opened pages, from most-to-least recent:
2024-09-01T04:09:49.155Z - info: 1. admin/appendixB-policies
2024-09-01T04:09:50.166Z - info: Rebuilding 1 pages
2024-09-01T04:09:50.696Z - info: Site data built
2024-09-01T04:09:50.696Z - info: Pages rebuilt
2024-09-01T04:09:50.697Z - info: Website regeneration complete! Total build time: 0.532s
2024-09-01T04:10:26.186Z - info: [12:10:26 pm] Reload for file change: C:\repos\nus-cs2103\cs2103-website-base\admin\policies-fragment.md
2024-09-01T04:10:26.186Z - info: Synchronizing opened pages list before reload
2024-09-01T04:10:26.188Z - info: Current opened pages, from most-to-least recent:
2024-09-01T04:10:26.189Z - info: 1. admin/appendixB-policies
2024-09-01T04:10:27.200Z - info: Rebuilding 1 pages
2024-09-01T04:10:28.014Z - info: Site data built
2024-09-01T04:10:28.014Z - info: Pages rebuilt
2024-09-01T04:10:28.014Z - info: Website regeneration complete! Total build time: 0.816s
2024-09-01T04:11:40.121Z - info: [12:11:40 pm] Reload for file change: C:\repos\nus-cs2103\cs2103-website-base\admin\policies-fragment.md
2024-09-01T04:11:40.121Z - info: Synchronizing opened pages list before reload
2024-09-01T04:11:40.122Z - info: Current opened pages, from most-to-least recent:
2024-09-01T04:11:40.122Z - info: 1. admin/appendixB-policies
2024-09-01T04:11:41.130Z - info: Rebuilding 1 pages
2024-09-01T04:11:41.740Z - info: Site data built
2024-09-01T04:11:41.740Z - info: Pages rebuilt
2024-09-01T04:11:41.740Z - info: Website regeneration complete! Total build time: 0.612s
2024-09-01T04:13:23.862Z - info: Website generation started at 12:13:03 pm
2024-09-01T04:13:34.329Z - info: Building assets...
2024-09-01T04:13:41.428Z - info: Assets built
2024-09-01T04:13:41.429Z - info: Generating pages...
2024-09-01T04:14:10.467Z - debug:  
2024-09-01T04:14:10.471Z - debug:  
2024-09-01T04:14:10.472Z - debug:  
2024-09-01T04:14:10.473Z - debug:  
2024-09-01T04:14:10.474Z - debug:  
2024-09-01T04:14:10.474Z - debug:  
2024-09-01T04:14:10.475Z - debug:  
2024-09-01T04:14:10.476Z - debug:  
2024-09-01T04:14:10.476Z - debug:  
2024-09-01T04:14:10.477Z - debug:  
2024-09-01T04:14:10.477Z - debug:  
2024-09-01T04:14:10.477Z - debug:  
2024-09-01T04:14:10.478Z - debug:  
2024-09-01T04:14:10.478Z - debug:  
2024-09-01T04:14:10.479Z - debug:  
2024-09-01T04:14:14.453Z - debug:  
2024-09-01T04:14:14.454Z - debug:  
2024-09-01T04:14:47.159Z - debug:  
2024-09-01T04:16:59.399Z - debug:  
2024-09-01T04:17:21.919Z - debug:  
2024-09-01T04:17:21.986Z - debug:  
2024-09-01T04:17:36.842Z - info: Pages built
2024-09-01T04:17:38.457Z - info: Site data built
2024-09-01T04:17:38.458Z - info: Website generation complete! Total build time: 274.658s
2024-09-01T04:17:38.458Z - info: Build success!
2024-09-01T04:21:51.588Z - info: The website has been deployed at: https://nus-cs2103-ay2425s1.github.io/website
