2024-10-04T08:05:55.298Z - info: Website generation started at 4:04:57 pm
2024-10-04T08:06:20.515Z - warn: ENOENT: no such file or directory, open 'C:\repos\nus-cs2103\cs2103-website-base\node_modules\.cache\gh-pages\https!github.com!nus-cs2103-AY2425S1!website.git\book\_markbind\variables.md'
2024-10-04T08:06:20.519Z - warn: ENOENT: no such file or directory, open 'C:\repos\nus-cs2103\cs2103-website-base\node_modules\.cache\gh-pages\https!github.com!nus-cs2103-AY2425S1!website.git\cache\gh-pages\https!github.com!nus-cs2103-AY2425S1!website.git\book\_markbind\variables.md'
2024-10-04T08:06:20.521Z - warn: ENOENT: no such file or directory, open 'C:\repos\nus-cs2103\cs2103-website-base\node_modules\.cache\gh-pages\https!github.com!nus-cs2103-AY2425S1!website.git\cache\gh-pages\https!github.com!nus-cs2103-AY2425S1!website.git\_markbind\variables.md'
2024-10-04T08:06:20.523Z - warn: ENOENT: no such file or directory, open 'C:\repos\nus-cs2103\cs2103-website-base\node_modules\.cache\gh-pages\https!github.com!nus-cs2103-AY2425S1!website.git\_markbind\variables.md'
2024-10-04T08:06:20.656Z - info: Building assets...
2024-10-04T08:08:10.500Z - info: Assets built
2024-10-04T08:08:10.502Z - info: Generating pages...
2024-10-04T08:08:36.790Z - debug:  
2024-10-04T08:08:36.792Z - debug:  
2024-10-04T08:08:36.793Z - debug:  
2024-10-04T08:08:36.793Z - debug:  
2024-10-04T08:08:36.794Z - debug:  
2024-10-04T08:08:36.795Z - debug:  
2024-10-04T08:08:36.796Z - debug:  
2024-10-04T08:08:36.797Z - debug:  
2024-10-04T08:08:36.798Z - debug:  
2024-10-04T08:08:36.798Z - debug:  
2024-10-04T08:08:36.802Z - debug:  
2024-10-04T08:08:36.808Z - debug:  
2024-10-04T08:08:36.936Z - debug:  
2024-10-04T08:08:36.936Z - debug:  
2024-10-04T08:08:37.019Z - debug:  
2024-10-04T08:08:40.200Z - debug:  
2024-10-04T08:08:40.200Z - debug:  
2024-10-04T08:09:24.276Z - debug:  
2024-10-04T08:12:47.987Z - debug:  
2024-10-04T08:13:18.100Z - debug:  
2024-10-04T08:13:18.101Z - debug:  
2024-10-04T08:13:43.452Z - info: Pages built
2024-10-04T08:13:45.233Z - info: Site data built
2024-10-04T08:13:45.234Z - info: Website generation complete! Total build time: 527.248s
2024-10-04T08:13:45.234Z - info: Build success!
2024-10-04T08:17:33.551Z - info: The website has been deployed at: https://nus-cs2103-ay2425s1.github.io/website
2024-10-04T14:12:38.463Z - info: Website generation started at 10:12:10 pm
2024-10-04T14:12:52.084Z - warn: ENOENT: no such file or directory, open 'C:\repos\nus-cs2103\cs2103-website-base\node_modules\.cache\gh-pages\https!github.com!nus-cs2103-AY2425S1!website.git\book\_markbind\variables.md'
2024-10-04T14:12:52.086Z - warn: ENOENT: no such file or directory, open 'C:\repos\nus-cs2103\cs2103-website-base\node_modules\.cache\gh-pages\https!github.com!nus-cs2103-AY2425S1!website.git\cache\gh-pages\https!github.com!nus-cs2103-AY2425S1!website.git\book\_markbind\variables.md'
2024-10-04T14:12:52.087Z - warn: ENOENT: no such file or directory, open 'C:\repos\nus-cs2103\cs2103-website-base\node_modules\.cache\gh-pages\https!github.com!nus-cs2103-AY2425S1!website.git\cache\gh-pages\https!github.com!nus-cs2103-AY2425S1!website.git\_markbind\variables.md'
2024-10-04T14:12:52.088Z - warn: ENOENT: no such file or directory, open 'C:\repos\nus-cs2103\cs2103-website-base\node_modules\.cache\gh-pages\https!github.com!nus-cs2103-AY2425S1!website.git\_markbind\variables.md'
2024-10-04T14:12:52.173Z - info: Building assets...
2024-10-04T14:14:00.790Z - info: Assets built
2024-10-04T14:14:00.791Z - info: Generating pages...
2024-10-04T14:14:20.085Z - debug:  
2024-10-04T14:14:20.090Z - debug:  
2024-10-04T14:14:20.666Z - debug:  
2024-10-04T14:14:20.667Z - debug:  
2024-10-04T14:14:20.668Z - debug:  
2024-10-04T14:14:20.668Z - debug:  
2024-10-04T14:14:20.669Z - debug:  
2024-10-04T14:14:20.669Z - debug:  
2024-10-04T14:14:20.670Z - debug:  
2024-10-04T14:14:20.670Z - debug:  
2024-10-04T14:14:20.671Z - debug:  
2024-10-04T14:14:20.674Z - debug:  
2024-10-04T14:14:20.695Z - debug:  
2024-10-04T14:14:20.702Z - debug:  
2024-10-04T14:14:20.718Z - debug:  
2024-10-04T14:14:23.073Z - debug:  
2024-10-04T14:14:23.073Z - debug:  
2024-10-04T14:14:51.137Z - debug:  
2024-10-04T14:16:46.600Z - debug:  
2024-10-04T14:17:06.888Z - debug:  
2024-10-04T14:17:06.913Z - debug:  
2024-10-04T14:17:23.793Z - info: Pages built
2024-10-04T14:17:24.965Z - info: Site data built
2024-10-04T14:17:24.966Z - info: Website generation complete! Total build time: 314.946s
2024-10-04T14:17:24.966Z - info: Build success!
2024-10-04T14:21:05.598Z - info: The website has been deployed at: https://nus-cs2103-ay2425s1.github.io/website
