2024-11-01T08:03:52.983Z - info: Website generation (lazy) started at 16:03:52
2024-11-01T08:03:53.225Z - warn: ENOENT: no such file or directory, open '/Users/damithch/Repos/nus-cs2103/cs2103-website-base/node_modules/.cache/gh-pages/https!github.com!nus-tee3201!2024.git/book/_markbind/variables.md'
2024-11-01T08:03:53.225Z - warn: ENOENT: no such file or directory, open '/Users/damithch/Repos/nus-cs2103/cs2103-website-base/node_modules/.cache/gh-pages/https!github.com!nus-tee3201!2024.git/_markbind/variables.md'
2024-11-01T08:03:53.243Z - info: Building assets...
2024-11-01T08:03:54.882Z - info: Assets built
2024-11-01T08:03:54.882Z - info: Generating landing page...
2024-11-01T08:03:55.319Z - info: Landing page built, other pages will be built as you navigate to them!
2024-11-01T08:03:55.383Z - info: Site data built
2024-11-01T08:03:55.383Z - info: Website generation (lazy) complete! Total build time: 3.252s
2024-11-01T08:03:55.391Z - info: Serving "/Users/damithch/Repos/nus-cs2103/cs2103-website-base/_site" at http://127.0.0.1:8080
2024-11-01T08:03:55.391Z - info: Press CTRL+C to stop ...
2024-11-01T08:04:13.102Z - info: Building /Users/damithch/Repos/nus-cs2103/cs2103-website-base/schedule/week11/project as some of its dependencies were changed since the last visit
2024-11-01T08:04:14.168Z - info: Site data built
2024-11-01T08:04:14.168Z - info: Lazy website regeneration complete! Total build time: 1.067s
2024-11-01T08:04:41.969Z - info: Building /Users/damithch/Repos/nus-cs2103/cs2103-website-base/schedule/week12/project as some of its dependencies were changed since the last visit
2024-11-01T08:04:42.707Z - info: Site data built
2024-11-01T08:04:42.707Z - info: Lazy website regeneration complete! Total build time: 0.738s
2024-11-01T08:07:43.363Z - info: [16:07:43] Reload for file change: /Users/damithch/Repos/nus-cs2103/cs2103-website-base/admin/tp-tasks-fragment.md
2024-11-01T08:07:43.364Z - info: Synchronizing opened pages list before reload
2024-11-01T08:07:43.365Z - info: Current opened pages, from most-to-least recent:
2024-11-01T08:07:43.365Z - info: 1. schedule/week11/project
2024-11-01T08:07:44.378Z - info: Rebuilding 1 pages
2024-11-01T08:07:45.421Z - info: Site data built
2024-11-01T08:07:45.421Z - info: Pages rebuilt
2024-11-01T08:07:45.421Z - info: Website regeneration complete! Total build time: 1.045s
2024-11-01T08:08:22.350Z - info: [16:08:22] Reload for file change: /Users/damithch/Repos/nus-cs2103/cs2103-website-base/admin/tp-tasks-fragment.md
2024-11-01T08:08:22.350Z - info: Synchronizing opened pages list before reload
2024-11-01T08:08:22.350Z - info: Current opened pages, from most-to-least recent:
2024-11-01T08:08:22.350Z - info: 1. schedule/week11/project
2024-11-01T08:08:23.362Z - info: Rebuilding 1 pages
2024-11-01T08:08:24.371Z - info: Site data built
2024-11-01T08:08:24.371Z - info: Pages rebuilt
2024-11-01T08:08:24.371Z - info: Website regeneration complete! Total build time: 1.011s
2024-11-01T08:08:40.703Z - info: [16:08:40] Reload for file change: /Users/damithch/Repos/nus-cs2103/cs2103-website-base/admin/tp-tasks-fragment.md
2024-11-01T08:08:40.703Z - info: Synchronizing opened pages list before reload
2024-11-01T08:08:40.703Z - info: Current opened pages, from most-to-least recent:
2024-11-01T08:08:40.703Z - info: 1. schedule/week11/project
2024-11-01T08:08:41.710Z - info: Rebuilding 1 pages
2024-11-01T08:08:42.722Z - info: Site data built
2024-11-01T08:08:42.722Z - info: Pages rebuilt
2024-11-01T08:08:42.722Z - info: Website regeneration complete! Total build time: 1.015s
2024-11-01T08:09:30.034Z - info: [16:09:30] Reload for file change: /Users/damithch/Repos/nus-cs2103/cs2103-website-base/admin/tp-tasks-fragment.md
2024-11-01T08:09:30.034Z - info: Synchronizing opened pages list before reload
2024-11-01T08:09:30.035Z - info: Current opened pages, from most-to-least recent:
2024-11-01T08:09:30.035Z - info: 1. schedule/week11/project
2024-11-01T08:09:31.039Z - info: Rebuilding 1 pages
2024-11-01T08:09:32.077Z - info: Site data built
2024-11-01T08:09:32.077Z - info: Pages rebuilt
2024-11-01T08:09:32.077Z - info: Website regeneration complete! Total build time: 1.04s
2024-11-01T08:10:32.219Z - info: Website generation started at 16:10:31
2024-11-01T08:10:32.487Z - warn: ENOENT: no such file or directory, open '/Users/damithch/Repos/nus-cs2103/cs2103-website-base/node_modules/.cache/gh-pages/https!github.com!nus-tee3201!2024.git/book/_markbind/variables.md'
2024-11-01T08:10:32.487Z - warn: ENOENT: no such file or directory, open '/Users/damithch/Repos/nus-cs2103/cs2103-website-base/node_modules/.cache/gh-pages/https!github.com!nus-tee3201!2024.git/_markbind/variables.md'
2024-11-01T08:10:32.505Z - info: Building assets...
2024-11-01T08:10:33.822Z - info: Assets built
2024-11-01T08:10:33.822Z - info: Generating pages...
2024-11-01T08:10:38.924Z - debug: 2024-11-01 16:10:35.586 java[18568:454457] +[IMKClient subclass]: chose IMKClient_Modern
2024-11-01 16:10:35.586 java[18568:454457] +[IMKInputSession subclass]: chose IMKInputSession_Modern

2024-11-01T08:10:38.924Z - debug:  
2024-11-01T08:10:38.924Z - debug:  
2024-11-01T08:10:38.924Z - debug:  
2024-11-01T08:10:38.924Z - debug:  
2024-11-01T08:10:38.924Z - debug:  
2024-11-01T08:10:38.924Z - debug:  
2024-11-01T08:10:38.924Z - debug:  
2024-11-01T08:10:38.924Z - debug: 2024-11-01 16:10:36.594 java[18600:454759] +[IMKClient subclass]: chose IMKClient_Modern
2024-11-01 16:10:36.594 java[18600:454759] +[IMKInputSession subclass]: chose IMKInputSession_Modern

2024-11-01T08:10:38.924Z - debug:  
2024-11-01T08:10:38.924Z - debug:  
2024-11-01T08:10:38.924Z - debug:  
2024-11-01T08:10:38.924Z - debug:  
2024-11-01T08:10:38.924Z - debug:  
2024-11-01T08:10:38.924Z - debug:  
2024-11-01T08:10:38.924Z - debug:  
2024-11-01T08:10:39.923Z - debug: 2024-11-01 16:10:39.237 java[18640:455559] +[IMKClient subclass]: chose IMKClient_Modern
2024-11-01 16:10:39.237 java[18640:455559] +[IMKInputSession subclass]: chose IMKInputSession_Modern

2024-11-01T08:10:48.010Z - debug: 2024-11-01 16:10:47.582 java[18665:455907] +[IMKClient subclass]: chose IMKClient_Modern
2024-11-01 16:10:47.582 java[18665:455907] +[IMKInputSession subclass]: chose IMKInputSession_Modern

2024-11-01T08:11:26.980Z - debug: 2024-11-01 16:11:24.671 java[18699:456565] +[IMKClient subclass]: chose IMKClient_Modern
2024-11-01 16:11:24.671 java[18699:456565] +[IMKInputSession subclass]: chose IMKInputSession_Modern

2024-11-01T08:11:35.583Z - debug: 2024-11-01 16:11:35.163 java[18708:456839] +[IMKClient subclass]: chose IMKClient_Modern
2024-11-01 16:11:35.163 java[18708:456839] +[IMKInputSession subclass]: chose IMKInputSession_Modern

2024-11-01T08:11:35.992Z - debug:  
2024-11-01T08:11:41.311Z - info: Pages built
2024-11-01T08:11:41.387Z - info: Site data built
2024-11-01T08:11:41.387Z - info: Website generation complete! Total build time: 69.972s
2024-11-01T08:11:41.387Z - info: Build success!
2024-11-01T08:12:02.105Z - info: The website has been deployed at: https://nus-cs2103-ay2425s1.github.io/website
