2024-10-19T06:42:21.286Z - info: Website generation (lazy) started at 14:42:20
2024-10-19T06:42:21.647Z - warn: ENOENT: no such file or directory, open '/Users/damithch/Repos/nus-cs2103/cs2103-website-base/node_modules/.cache/gh-pages/https!github.com!nus-cs2103-AY2425S1!website.git/book/_markbind/variables.md'
2024-10-19T06:42:21.647Z - warn: ENOENT: no such file or directory, open '/Users/damithch/Repos/nus-cs2103/cs2103-website-base/node_modules/.cache/gh-pages/https!github.com!nus-cs2103-AY2425S1!website.git/_markbind/variables.md'
2024-10-19T06:42:21.667Z - info: Building assets...
2024-10-19T06:42:23.007Z - info: Assets built
2024-10-19T06:42:23.008Z - info: Generating landing page...
2024-10-19T06:42:23.455Z - info: Landing page built, other pages will be built as you navigate to them!
2024-10-19T06:42:23.526Z - info: Site data built
2024-10-19T06:42:23.526Z - info: Website generation (lazy) complete! Total build time: 2.547s
2024-10-19T06:42:23.536Z - info: Serving "/Users/damithch/Repos/nus-cs2103/cs2103-website-base/_site" at http://127.0.0.1:8080
2024-10-19T06:42:23.536Z - info: Press CTRL+C to stop ...
2024-10-19T06:44:24.205Z - info: Building /Users/damithch/Repos/nus-cs2103/cs2103-website-base/schedule/week10/project as some of its dependencies were changed since the last visit
2024-10-19T06:44:24.973Z - info: Site data built
2024-10-19T06:44:24.973Z - info: Lazy website regeneration complete! Total build time: 0.769s
2024-10-19T06:50:21.291Z - info: Building /Users/damithch/Repos/nus-cs2103/cs2103-website-base/admin/index as some of its dependencies were changed since the last visit
2024-10-19T06:50:21.459Z - info: Site data built
2024-10-19T06:50:21.459Z - info: Lazy website regeneration complete! Total build time: 0.168s
2024-10-19T07:27:59.074Z - info: [15:27:59] Reload for file change: /Users/damithch/Repos/nus-cs2103/cs2103-website-base/admin/tp-tasks-fragment.md
2024-10-19T07:27:59.075Z - info: Synchronizing opened pages list before reload
2024-10-19T07:27:59.076Z - info: No pages are currently opened
2024-10-19T07:28:00.095Z - info: No pages needed to be rebuilt
2024-10-19T07:28:42.612Z - info: Building /Users/damithch/Repos/nus-cs2103/cs2103-website-base/schedule/week10/project as some of its dependencies were changed since the last visit
2024-10-19T07:28:42.851Z - error:  Error: No such segment '#heading_deliver_the_alpha_version' in file: /Users/damithch/Repos/nus-cs2103/cs2103-website-base/admin/tp-tasks-fragment.md
Missing reference in /Users/damithch/Repos/nus-cs2103/cs2103-website-base/admin/tp-w10.md
    at processInclude (/opt/homebrew/lib/node_modules/markbind-cli/node_modules/@markbind/core/src/html/includePanelProcessor.js:238:27)
    at NodeProcessor.processNode (/opt/homebrew/lib/node_modules/markbind-cli/node_modules/@markbind/core/src/html/NodeProcessor.js:173:71)
    at NodeProcessor.traverse (/opt/homebrew/lib/node_modules/markbind-cli/node_modules/@markbind/core/src/html/NodeProcessor.js:342:24)
    at /opt/homebrew/lib/node_modules/markbind-cli/node_modules/@markbind/core/src/html/NodeProcessor.js:346:22
    at Array.forEach (<anonymous>)
    at NodeProcessor.traverse (/opt/homebrew/lib/node_modules/markbind-cli/node_modules/@markbind/core/src/html/NodeProcessor.js:345:27)
    at /opt/homebrew/lib/node_modules/markbind-cli/node_modules/@markbind/core/src/html/NodeProcessor.js:346:22
    at Array.forEach (<anonymous>)
    at NodeProcessor.traverse (/opt/homebrew/lib/node_modules/markbind-cli/node_modules/@markbind/core/src/html/NodeProcessor.js:345:27)
    at /opt/homebrew/lib/node_modules/markbind-cli/node_modules/@markbind/core/src/html/NodeProcessor.js:346:22
    at Array.forEach (<anonymous>)
    at NodeProcessor.traverse (/opt/homebrew/lib/node_modules/markbind-cli/node_modules/@markbind/core/src/html/NodeProcessor.js:345:27)
    at /opt/homebrew/lib/node_modules/markbind-cli/node_modules/@markbind/core/src/html/NodeProcessor.js:346:22
    at Array.forEach (<anonymous>)
    at NodeProcessor.traverse (/opt/homebrew/lib/node_modules/markbind-cli/node_modules/@markbind/core/src/html/NodeProcessor.js:345:27)
    at /opt/homebrew/lib/node_modules/markbind-cli/node_modules/@markbind/core/src/html/NodeProcessor.js:346:22
2024-10-19T07:28:42.877Z - error:  Error: No such segment '#heading_smoke_test_catcher' in file: /Users/damithch/Repos/nus-cs2103/cs2103-website-base/admin/tp-tasks-fragment.md
Missing reference in /Users/damithch/Repos/nus-cs2103/cs2103-website-base/admin/tp-w10.md
    at processInclude (/opt/homebrew/lib/node_modules/markbind-cli/node_modules/@markbind/core/src/html/includePanelProcessor.js:238:27)
    at NodeProcessor.processNode (/opt/homebrew/lib/node_modules/markbind-cli/node_modules/@markbind/core/src/html/NodeProcessor.js:173:71)
    at NodeProcessor.traverse (/opt/homebrew/lib/node_modules/markbind-cli/node_modules/@markbind/core/src/html/NodeProcessor.js:342:24)
    at /opt/homebrew/lib/node_modules/markbind-cli/node_modules/@markbind/core/src/html/NodeProcessor.js:346:22
    at Array.forEach (<anonymous>)
    at NodeProcessor.traverse (/opt/homebrew/lib/node_modules/markbind-cli/node_modules/@markbind/core/src/html/NodeProcessor.js:345:27)
    at /opt/homebrew/lib/node_modules/markbind-cli/node_modules/@markbind/core/src/html/NodeProcessor.js:346:22
    at Array.forEach (<anonymous>)
    at NodeProcessor.traverse (/opt/homebrew/lib/node_modules/markbind-cli/node_modules/@markbind/core/src/html/NodeProcessor.js:345:27)
    at /opt/homebrew/lib/node_modules/markbind-cli/node_modules/@markbind/core/src/html/NodeProcessor.js:346:22
    at Array.forEach (<anonymous>)
    at NodeProcessor.traverse (/opt/homebrew/lib/node_modules/markbind-cli/node_modules/@markbind/core/src/html/NodeProcessor.js:345:27)
    at /opt/homebrew/lib/node_modules/markbind-cli/node_modules/@markbind/core/src/html/NodeProcessor.js:346:22
    at Array.forEach (<anonymous>)
    at NodeProcessor.traverse (/opt/homebrew/lib/node_modules/markbind-cli/node_modules/@markbind/core/src/html/NodeProcessor.js:345:27)
    at /opt/homebrew/lib/node_modules/markbind-cli/node_modules/@markbind/core/src/html/NodeProcessor.js:346:22
2024-10-19T07:28:43.084Z - error:  Error: No such segment '#heading_deliver_the_alpha_version' in file: /Users/damithch/Repos/nus-cs2103/cs2103-website-base/admin/tp-tasks-fragment.md
Missing reference in /Users/damithch/Repos/nus-cs2103/cs2103-website-base/admin/tp-w10.md
    at processInclude (/opt/homebrew/lib/node_modules/markbind-cli/node_modules/@markbind/core/src/html/includePanelProcessor.js:238:27)
    at NodeProcessor.processNode (/opt/homebrew/lib/node_modules/markbind-cli/node_modules/@markbind/core/src/html/NodeProcessor.js:173:71)
    at NodeProcessor.traverse (/opt/homebrew/lib/node_modules/markbind-cli/node_modules/@markbind/core/src/html/NodeProcessor.js:342:24)
    at /opt/homebrew/lib/node_modules/markbind-cli/node_modules/@markbind/core/src/html/NodeProcessor.js:346:22
    at Array.forEach (<anonymous>)
    at NodeProcessor.traverse (/opt/homebrew/lib/node_modules/markbind-cli/node_modules/@markbind/core/src/html/NodeProcessor.js:345:27)
    at /opt/homebrew/lib/node_modules/markbind-cli/node_modules/@markbind/core/src/html/NodeProcessor.js:346:22
    at Array.forEach (<anonymous>)
    at NodeProcessor.traverse (/opt/homebrew/lib/node_modules/markbind-cli/node_modules/@markbind/core/src/html/NodeProcessor.js:345:27)
    at /opt/homebrew/lib/node_modules/markbind-cli/node_modules/@markbind/core/src/html/NodeProcessor.js:346:22
    at Array.forEach (<anonymous>)
    at NodeProcessor.traverse (/opt/homebrew/lib/node_modules/markbind-cli/node_modules/@markbind/core/src/html/NodeProcessor.js:345:27)
    at /opt/homebrew/lib/node_modules/markbind-cli/node_modules/@markbind/core/src/html/NodeProcessor.js:346:22
    at Array.forEach (<anonymous>)
    at NodeProcessor.traverse (/opt/homebrew/lib/node_modules/markbind-cli/node_modules/@markbind/core/src/html/NodeProcessor.js:345:27)
    at /opt/homebrew/lib/node_modules/markbind-cli/node_modules/@markbind/core/src/html/NodeProcessor.js:370:42
2024-10-19T07:28:43.129Z - error:  Error: No such segment '#heading_smoke_test_catcher' in file: /Users/damithch/Repos/nus-cs2103/cs2103-website-base/admin/tp-tasks-fragment.md
Missing reference in /Users/damithch/Repos/nus-cs2103/cs2103-website-base/admin/tp-w10.md
    at processInclude (/opt/homebrew/lib/node_modules/markbind-cli/node_modules/@markbind/core/src/html/includePanelProcessor.js:238:27)
    at NodeProcessor.processNode (/opt/homebrew/lib/node_modules/markbind-cli/node_modules/@markbind/core/src/html/NodeProcessor.js:173:71)
    at NodeProcessor.traverse (/opt/homebrew/lib/node_modules/markbind-cli/node_modules/@markbind/core/src/html/NodeProcessor.js:342:24)
    at /opt/homebrew/lib/node_modules/markbind-cli/node_modules/@markbind/core/src/html/NodeProcessor.js:346:22
    at Array.forEach (<anonymous>)
    at NodeProcessor.traverse (/opt/homebrew/lib/node_modules/markbind-cli/node_modules/@markbind/core/src/html/NodeProcessor.js:345:27)
    at /opt/homebrew/lib/node_modules/markbind-cli/node_modules/@markbind/core/src/html/NodeProcessor.js:346:22
    at Array.forEach (<anonymous>)
    at NodeProcessor.traverse (/opt/homebrew/lib/node_modules/markbind-cli/node_modules/@markbind/core/src/html/NodeProcessor.js:345:27)
    at /opt/homebrew/lib/node_modules/markbind-cli/node_modules/@markbind/core/src/html/NodeProcessor.js:346:22
    at Array.forEach (<anonymous>)
    at NodeProcessor.traverse (/opt/homebrew/lib/node_modules/markbind-cli/node_modules/@markbind/core/src/html/NodeProcessor.js:345:27)
    at /opt/homebrew/lib/node_modules/markbind-cli/node_modules/@markbind/core/src/html/NodeProcessor.js:346:22
    at Array.forEach (<anonymous>)
    at NodeProcessor.traverse (/opt/homebrew/lib/node_modules/markbind-cli/node_modules/@markbind/core/src/html/NodeProcessor.js:345:27)
    at /opt/homebrew/lib/node_modules/markbind-cli/node_modules/@markbind/core/src/html/NodeProcessor.js:370:42
2024-10-19T07:28:43.296Z - info: Site data built
2024-10-19T07:28:43.296Z - info: Lazy website regeneration complete! Total build time: 0.684s
2024-10-19T07:29:37.188Z - info: [15:29:37] Reload for file change: /Users/damithch/Repos/nus-cs2103/cs2103-website-base/admin/tp-tasks-fragment.md
2024-10-19T07:29:37.188Z - info: Synchronizing opened pages list before reload
2024-10-19T07:29:37.188Z - info: Current opened pages, from most-to-least recent:
2024-10-19T07:29:37.189Z - info: 1. schedule/week10/project
2024-10-19T07:29:38.207Z - info: Rebuilding 1 pages
2024-10-19T07:29:38.944Z - info: Site data built
2024-10-19T07:29:38.944Z - info: Pages rebuilt
2024-10-19T07:29:38.944Z - info: Website regeneration complete! Total build time: 0.739s
2024-10-19T07:32:57.525Z - info: [15:32:57] Reload for file change: /Users/damithch/Repos/nus-cs2103/cs2103-website-base/admin/tp-tasks-fragment.md
2024-10-19T07:32:57.525Z - info: Synchronizing opened pages list before reload
2024-10-19T07:32:57.525Z - info: Current opened pages, from most-to-least recent:
2024-10-19T07:32:57.525Z - info: 1. schedule/week10/project
2024-10-19T07:32:58.531Z - info: Rebuilding 1 pages
2024-10-19T07:32:59.294Z - info: Site data built
2024-10-19T07:32:59.294Z - info: Pages rebuilt
2024-10-19T07:32:59.294Z - info: Website regeneration complete! Total build time: 0.765s
2024-10-19T07:33:20.027Z - info: [15:33:20] Reload for file change: /Users/damithch/Repos/nus-cs2103/cs2103-website-base/admin/tp-tasks-fragment.md
2024-10-19T07:33:20.028Z - info: Synchronizing opened pages list before reload
2024-10-19T07:33:20.028Z - info: Current opened pages, from most-to-least recent:
2024-10-19T07:33:20.028Z - info: 1. schedule/week10/project
2024-10-19T07:33:21.046Z - info: Rebuilding 1 pages
2024-10-19T07:33:21.778Z - info: Site data built
2024-10-19T07:33:21.778Z - info: Pages rebuilt
2024-10-19T07:33:21.778Z - info: Website regeneration complete! Total build time: 0.734s
2024-10-19T07:37:06.144Z - info: [15:37:06] Reload for file change: /Users/damithch/Repos/nus-cs2103/cs2103-website-base/admin/tp-tasks-fragment.md
2024-10-19T07:37:06.145Z - info: Synchronizing opened pages list before reload
2024-10-19T07:37:06.145Z - info: Current opened pages, from most-to-least recent:
2024-10-19T07:37:06.145Z - info: 1. schedule/week10/project
2024-10-19T07:37:07.160Z - info: Rebuilding 1 pages
2024-10-19T07:37:07.961Z - info: Site data built
2024-10-19T07:37:07.961Z - info: Pages rebuilt
2024-10-19T07:37:07.961Z - info: Website regeneration complete! Total build time: 0.804s
2024-10-19T07:39:16.474Z - info: [15:39:16] Reload for file change: /Users/damithch/Repos/nus-cs2103/cs2103-website-base/_course-CS2103/weeklyTpTasks-fragment.md
2024-10-19T07:39:16.474Z - info: Synchronizing opened pages list before reload
2024-10-19T07:39:16.474Z - info: Current opened pages, from most-to-least recent:
2024-10-19T07:39:16.475Z - info: 1. schedule/week10/project
2024-10-19T07:39:17.583Z - info: Rebuilding 1 pages
2024-10-19T07:39:18.311Z - info: Site data built
2024-10-19T07:39:18.311Z - info: Pages rebuilt
2024-10-19T07:39:18.312Z - info: Website regeneration complete! Total build time: 0.73s
2024-10-19T07:40:55.974Z - info: [15:40:55] Reload for file change: /Users/damithch/Repos/nus-cs2103/cs2103-website-base/_course-CS2103/weeklyTpTasks-fragment.md
2024-10-19T07:40:55.974Z - info: Synchronizing opened pages list before reload
2024-10-19T07:40:55.974Z - info: Current opened pages, from most-to-least recent:
2024-10-19T07:40:55.974Z - info: 1. schedule/week10/project
2024-10-19T07:40:57.082Z - info: Rebuilding 1 pages
2024-10-19T07:40:57.806Z - info: Site data built
2024-10-19T07:40:57.806Z - info: Pages rebuilt
2024-10-19T07:40:57.806Z - info: Website regeneration complete! Total build time: 0.725s
2024-10-19T07:41:10.620Z - info: [15:41:10] Reload for file change: /Users/damithch/Repos/nus-cs2103/cs2103-website-base/_course-CS2103/weeklyTpTasks-fragment.md
2024-10-19T07:41:10.621Z - info: Synchronizing opened pages list before reload
2024-10-19T07:41:10.621Z - info: Current opened pages, from most-to-least recent:
2024-10-19T07:41:10.621Z - info: 1. schedule/week10/project
2024-10-19T07:41:11.728Z - info: Rebuilding 1 pages
2024-10-19T07:41:12.443Z - info: Site data built
2024-10-19T07:41:12.443Z - info: Pages rebuilt
2024-10-19T07:41:12.443Z - info: Website regeneration complete! Total build time: 0.715s
2024-10-19T07:42:04.349Z - info: Website generation started at 15:42:03
2024-10-19T07:42:04.620Z - warn: ENOENT: no such file or directory, open '/Users/damithch/Repos/nus-cs2103/cs2103-website-base/node_modules/.cache/gh-pages/https!github.com!nus-cs2103-AY2425S1!website.git/book/_markbind/variables.md'
2024-10-19T07:42:04.620Z - warn: ENOENT: no such file or directory, open '/Users/damithch/Repos/nus-cs2103/cs2103-website-base/node_modules/.cache/gh-pages/https!github.com!nus-cs2103-AY2425S1!website.git/_markbind/variables.md'
2024-10-19T07:42:04.640Z - info: Building assets...
2024-10-19T07:42:05.942Z - info: Assets built
2024-10-19T07:42:05.942Z - info: Generating pages...
2024-10-19T07:42:10.910Z - debug:  
2024-10-19T07:42:10.910Z - debug:  
2024-10-19T07:42:10.910Z - debug:  
2024-10-19T07:42:10.910Z - debug:  
2024-10-19T07:42:11.279Z - debug:  
2024-10-19T07:42:11.279Z - debug:  
2024-10-19T07:42:11.279Z - debug:  
2024-10-19T07:42:11.279Z - debug:  
2024-10-19T07:42:11.279Z - debug:  
2024-10-19T07:42:11.279Z - debug:  
2024-10-19T07:42:11.279Z - debug:  
2024-10-19T07:42:11.279Z - debug:  
2024-10-19T07:42:11.279Z - debug:  
2024-10-19T07:42:11.280Z - debug:  
2024-10-19T07:42:11.280Z - debug:  
2024-10-19T07:42:11.280Z - debug:  
2024-10-19T07:42:12.265Z - debug:  
2024-10-19T07:42:19.781Z - debug:  
2024-10-19T07:42:58.343Z - debug:  
2024-10-19T07:43:07.303Z - debug:  
2024-10-19T07:43:07.339Z - debug:  
2024-10-19T07:43:12.772Z - info: Pages built
2024-10-19T07:43:12.839Z - info: Site data built
2024-10-19T07:43:12.839Z - info: Website generation complete! Total build time: 69.198s
2024-10-19T07:43:12.839Z - info: Build success!
2024-10-19T07:48:15.028Z - info: The website has been deployed at: https://nus-cs2103-ay2425s1.github.io/website
2024-10-19T07:57:17.097Z - info: Website generation (lazy) started at 15:57:16
2024-10-19T07:57:17.388Z - warn: ENOENT: no such file or directory, open '/Users/damithch/Repos/nus-cs2103/cs2103-website-base/node_modules/.cache/gh-pages/https!github.com!nus-cs2103-AY2425S1!website.git/book/_markbind/variables.md'
2024-10-19T07:57:17.388Z - warn: ENOENT: no such file or directory, open '/Users/damithch/Repos/nus-cs2103/cs2103-website-base/node_modules/.cache/gh-pages/https!github.com!nus-cs2103-AY2425S1!website.git/_markbind/variables.md'
2024-10-19T07:57:17.406Z - info: Building assets...
2024-10-19T07:57:19.183Z - info: Assets built
2024-10-19T07:57:19.184Z - info: Generating landing page...
2024-10-19T07:57:19.649Z - info: Landing page built, other pages will be built as you navigate to them!
2024-10-19T07:57:19.711Z - info: Site data built
2024-10-19T07:57:19.711Z - info: Website generation (lazy) complete! Total build time: 3.536s
2024-10-19T07:57:19.720Z - info: Serving "/Users/damithch/Repos/nus-cs2103/cs2103-website-base/_site" at http://127.0.0.1:8080
2024-10-19T07:57:19.720Z - info: Press CTRL+C to stop ...
2024-10-19T07:57:58.303Z - info: [15:57:58] Reload for file change: /Users/damithch/Repos/nus-cs2103/cs2103-website-base/admin/tp-tasks-fragment.md
2024-10-19T07:57:58.304Z - info: Synchronizing opened pages list before reload
2024-10-19T07:57:58.305Z - info: Current opened pages, from most-to-least recent:
2024-10-19T07:57:58.305Z - info: 1. index
2024-10-19T07:57:59.310Z - info: Rebuilding 1 pages
2024-10-19T07:57:59.710Z - info: Site data built
2024-10-19T07:57:59.710Z - info: Pages rebuilt
2024-10-19T07:57:59.710Z - info: Website regeneration complete! Total build time: 0.403s
2024-10-19T07:58:03.896Z - info: Building /Users/damithch/Repos/nus-cs2103/cs2103-website-base/schedule/week10/project as some of its dependencies were changed since the last visit
2024-10-19T07:58:04.617Z - info: Site data built
2024-10-19T07:58:04.617Z - info: Lazy website regeneration complete! Total build time: 0.722s
2024-10-19T07:58:47.191Z - info: [15:58:47] Reload for file change: /Users/damithch/Repos/nus-cs2103/cs2103-website-base/admin/tp-tasks-fragment.md
2024-10-19T07:58:47.191Z - info: Synchronizing opened pages list before reload
2024-10-19T07:58:47.191Z - info: Current opened pages, from most-to-least recent:
2024-10-19T07:58:47.192Z - info: 1. schedule/week10/project
2024-10-19T07:58:48.207Z - info: Rebuilding 1 pages
2024-10-19T07:58:48.988Z - info: Site data built
2024-10-19T07:58:48.988Z - info: Pages rebuilt
2024-10-19T07:58:48.988Z - info: Website regeneration complete! Total build time: 0.783s
2024-10-19T07:59:53.096Z - info: [15:59:53] Reload for file change: /Users/damithch/Repos/nus-cs2103/cs2103-website-base/admin/tp-tasks-fragment.md
2024-10-19T07:59:53.096Z - info: Synchronizing opened pages list before reload
2024-10-19T07:59:53.096Z - info: Current opened pages, from most-to-least recent:
2024-10-19T07:59:53.097Z - info: 1. schedule/week10/project
2024-10-19T07:59:54.104Z - info: Rebuilding 1 pages
2024-10-19T07:59:54.900Z - info: Site data built
2024-10-19T07:59:54.900Z - info: Pages rebuilt
2024-10-19T07:59:54.900Z - info: Website regeneration complete! Total build time: 0.798s
2024-10-19T08:00:01.246Z - info: [16:00:01] Reload for file change: /Users/damithch/Repos/nus-cs2103/cs2103-website-base/admin/tp-tasks-fragment.md
2024-10-19T08:00:01.246Z - info: Synchronizing opened pages list before reload
2024-10-19T08:00:01.246Z - info: Current opened pages, from most-to-least recent:
2024-10-19T08:00:01.246Z - info: 1. schedule/week10/project
2024-10-19T08:00:02.255Z - info: Rebuilding 1 pages
2024-10-19T08:00:02.966Z - info: Site data built
2024-10-19T08:00:02.966Z - info: Pages rebuilt
2024-10-19T08:00:02.966Z - info: Website regeneration complete! Total build time: 0.713s
2024-10-19T08:00:29.397Z - info: [16:00:29] Reload for file change: /Users/damithch/Repos/nus-cs2103/cs2103-website-base/admin/tp-tasks-fragment.md
2024-10-19T08:00:29.398Z - info: Synchronizing opened pages list before reload
2024-10-19T08:00:29.398Z - info: Current opened pages, from most-to-least recent:
2024-10-19T08:00:29.398Z - info: 1. schedule/week10/project
2024-10-19T08:00:30.421Z - info: Rebuilding 1 pages
2024-10-19T08:00:31.187Z - info: Site data built
2024-10-19T08:00:31.187Z - info: Pages rebuilt
2024-10-19T08:00:31.187Z - info: Website regeneration complete! Total build time: 0.768s
2024-10-19T08:00:45.137Z - info: [16:00:45] Reload for file change: /Users/damithch/Repos/nus-cs2103/cs2103-website-base/admin/tp-tasks-fragment.md
2024-10-19T08:00:45.138Z - info: Synchronizing opened pages list before reload
2024-10-19T08:00:45.138Z - info: Current opened pages, from most-to-least recent:
2024-10-19T08:00:45.138Z - info: 1. schedule/week10/project
2024-10-19T08:00:46.143Z - info: Rebuilding 1 pages
2024-10-19T08:00:46.936Z - info: Site data built
2024-10-19T08:00:46.936Z - info: Pages rebuilt
2024-10-19T08:00:46.936Z - info: Website regeneration complete! Total build time: 0.795s
2024-10-19T08:01:07.296Z - info: [16:01:07] Reload for file change: /Users/damithch/Repos/nus-cs2103/cs2103-website-base/admin/tp-tasks-fragment.md
2024-10-19T08:01:07.297Z - info: Synchronizing opened pages list before reload
2024-10-19T08:01:07.297Z - info: Current opened pages, from most-to-least recent:
2024-10-19T08:01:07.297Z - info: 1. schedule/week10/project
2024-10-19T08:01:08.312Z - info: Rebuilding 1 pages
2024-10-19T08:01:09.099Z - info: Site data built
2024-10-19T08:01:09.099Z - info: Pages rebuilt
2024-10-19T08:01:09.099Z - info: Website regeneration complete! Total build time: 0.789s
2024-10-19T08:01:29.164Z - info: [16:01:29] Reload for file change: /Users/damithch/Repos/nus-cs2103/cs2103-website-base/admin/tp-tasks-fragment.md
2024-10-19T08:01:29.164Z - info: Synchronizing opened pages list before reload
2024-10-19T08:01:29.164Z - info: Current opened pages, from most-to-least recent:
2024-10-19T08:01:29.164Z - info: 1. schedule/week10/project
2024-10-19T08:01:30.176Z - info: Rebuilding 1 pages
2024-10-19T08:01:30.958Z - info: Site data built
2024-10-19T08:01:30.958Z - info: Pages rebuilt
2024-10-19T08:01:30.958Z - info: Website regeneration complete! Total build time: 0.784s
2024-10-19T08:02:21.954Z - info: Website generation started at 16:02:21
2024-10-19T08:02:22.207Z - warn: ENOENT: no such file or directory, open '/Users/damithch/Repos/nus-cs2103/cs2103-website-base/node_modules/.cache/gh-pages/https!github.com!nus-cs2103-AY2425S1!website.git/book/_markbind/variables.md'
2024-10-19T08:02:22.207Z - warn: ENOENT: no such file or directory, open '/Users/damithch/Repos/nus-cs2103/cs2103-website-base/node_modules/.cache/gh-pages/https!github.com!nus-cs2103-AY2425S1!website.git/_markbind/variables.md'
2024-10-19T08:02:22.226Z - info: Building assets...
2024-10-19T08:02:23.871Z - info: Assets built
2024-10-19T08:02:23.871Z - info: Generating pages...
2024-10-19T08:02:29.255Z - debug:  
2024-10-19T08:02:29.255Z - debug:  
2024-10-19T08:02:29.255Z - debug:  
2024-10-19T08:02:29.255Z - debug:  
2024-10-19T08:02:29.256Z - debug:  
2024-10-19T08:02:29.256Z - debug:  
2024-10-19T08:02:29.256Z - debug:  
2024-10-19T08:02:29.515Z - debug:  
2024-10-19T08:02:29.515Z - debug:  
2024-10-19T08:02:29.515Z - debug:  
2024-10-19T08:02:29.515Z - debug:  
2024-10-19T08:02:29.515Z - debug:  
2024-10-19T08:02:29.515Z - debug:  
2024-10-19T08:02:29.515Z - debug:  
2024-10-19T08:02:29.516Z - debug:  
2024-10-19T08:02:29.559Z - debug:  
2024-10-19T08:02:30.186Z - debug:  
2024-10-19T08:02:37.839Z - debug:  
2024-10-19T08:03:18.029Z - debug:  
2024-10-19T08:03:26.555Z - debug:  
2024-10-19T08:03:26.692Z - debug:  
2024-10-19T08:03:32.562Z - info: Pages built
2024-10-19T08:03:32.632Z - info: Site data built
2024-10-19T08:03:32.632Z - info: Website generation complete! Total build time: 71.329s
2024-10-19T08:03:32.632Z - info: Build success!
2024-10-19T08:04:36.339Z - info: The website has been deployed at: https://nus-cs2103-ay2425s1.github.io/website
