2024-10-10T12:01:16.647Z - info: Website generation (lazy) started at 8:00:44 pm
2024-10-10T12:01:34.572Z - warn: ENOENT: no such file or directory, open 'C:\repos\nus-cs2103\cs2103-website-base\cache\gh-pages\https!github.com!nus-tee3201!2024.git\book\_markbind\variables.md'
2024-10-10T12:01:34.574Z - warn: ENOENT: no such file or directory, open 'C:\repos\nus-cs2103\cs2103-website-base\cache\gh-pages\https!github.com!nus-tee3201!2024.git\_markbind\variables.md'
2024-10-10T12:01:34.576Z - warn: ENOENT: no such file or directory, open 'C:\repos\nus-cs2103\cs2103-website-base\node_modules\.cache\gh-pages\https!github.com!nus-cs2103-AY2425S1!website.git\book\_markbind\variables.md'
2024-10-10T12:01:34.577Z - warn: ENOENT: no such file or directory, open 'C:\repos\nus-cs2103\cs2103-website-base\node_modules\.cache\gh-pages\https!github.com!nus-cs2103-AY2425S1!website.git\cache\gh-pages\https!github.com!nus-cs2103-AY2425S1!website.git\book\_markbind\variables.md'
2024-10-10T12:01:34.578Z - warn: ENOENT: no such file or directory, open 'C:\repos\nus-cs2103\cs2103-website-base\node_modules\.cache\gh-pages\https!github.com!nus-cs2103-AY2425S1!website.git\cache\gh-pages\https!github.com!nus-cs2103-AY2425S1!website.git\_markbind\variables.md'
2024-10-10T12:01:34.579Z - warn: ENOENT: no such file or directory, open 'C:\repos\nus-cs2103\cs2103-website-base\node_modules\.cache\gh-pages\https!github.com!nus-cs2103-AY2425S1!website.git\_markbind\variables.md'
2024-10-10T12:01:34.672Z - info: Building assets...
2024-10-10T12:03:23.576Z - info: Assets built
2024-10-10T12:03:23.578Z - info: Generating landing page...
2024-10-10T12:03:25.201Z - info: Landing page built, other pages will be built as you navigate to them!
2024-10-10T12:03:26.532Z - info: Site data built
2024-10-10T12:03:26.533Z - info: Website generation (lazy) complete! Total build time: 161.55s
2024-10-10T12:03:27.015Z - info: Serving "C:\repos\nus-cs2103\cs2103-website-base\_site" at http://127.0.0.1:8080
2024-10-10T12:03:27.015Z - info: Press CTRL+C to stop ...
2024-10-10T13:00:27.106Z - info: Building C:\repos\nus-cs2103\cs2103-website-base\schedule\week11\index as some of its dependencies were changed since the last visit
2024-10-10T13:00:28.968Z - info: Site data built
2024-10-10T13:00:28.968Z - info: Lazy website regeneration complete! Total build time: 1.866s
2024-10-10T13:01:16.095Z - info: [9:01:16 pm] Reload for file change: C:\repos\nus-cs2103\cs2103-website-base\schedule\week11\notices-cs2103-fragment.md
2024-10-10T13:01:16.095Z - info: Synchronizing opened pages list before reload
2024-10-10T13:01:16.096Z - info: Current opened pages, from most-to-least recent:
2024-10-10T13:01:16.096Z - info: 1. schedule/week11/index
2024-10-10T13:01:17.115Z - info: Rebuilding 1 pages
2024-10-10T13:01:18.442Z - info: Site data built
2024-10-10T13:01:18.443Z - info: Pages rebuilt
2024-10-10T13:01:18.444Z - info: Website regeneration complete! Total build time: 1.33s
2024-10-10T13:01:43.464Z - info: [9:01:43 pm] Reload for file change: C:\repos\nus-cs2103\cs2103-website-base\schedule\week11\notices-cs2103-fragment.md
2024-10-10T13:01:43.465Z - info: Synchronizing opened pages list before reload
2024-10-10T13:01:43.465Z - info: Current opened pages, from most-to-least recent:
2024-10-10T13:01:43.465Z - info: 1. schedule/week11/index
2024-10-10T13:01:44.478Z - info: Rebuilding 1 pages
2024-10-10T13:01:45.606Z - info: Site data built
2024-10-10T13:01:45.607Z - info: Pages rebuilt
2024-10-10T13:01:45.607Z - info: Website regeneration complete! Total build time: 1.13s
2024-10-10T13:03:53.703Z - info: [9:03:53 pm] Reload for file change: C:\repos\nus-cs2103\cs2103-website-base\schedule\week11\notices-cs2103-fragment.md
2024-10-10T13:03:53.703Z - info: Synchronizing opened pages list before reload
2024-10-10T13:03:53.703Z - info: Current opened pages, from most-to-least recent:
2024-10-10T13:03:53.704Z - info: 1. schedule/week11/index
2024-10-10T13:03:54.717Z - info: Rebuilding 1 pages
2024-10-10T13:03:56.170Z - info: Site data built
2024-10-10T13:03:56.172Z - info: Pages rebuilt
2024-10-10T13:03:56.173Z - info: Website regeneration complete! Total build time: 1.456s
2024-10-10T13:04:22.044Z - info: [9:04:22 pm] Reload for file change: C:\repos\nus-cs2103\cs2103-website-base\schedule\week11\notices-cs2103-fragment.md
2024-10-10T13:04:22.044Z - info: Synchronizing opened pages list before reload
2024-10-10T13:04:22.045Z - info: Current opened pages, from most-to-least recent:
2024-10-10T13:04:22.045Z - info: 1. schedule/week11/index
2024-10-10T13:04:23.054Z - info: Rebuilding 1 pages
2024-10-10T13:04:24.233Z - info: Site data built
2024-10-10T13:04:24.234Z - info: Pages rebuilt
2024-10-10T13:04:24.234Z - info: Website regeneration complete! Total build time: 1.181s
2024-10-10T13:05:05.630Z - info: [9:05:05 pm] Reload for file change: C:\repos\nus-cs2103\cs2103-website-base\schedule\week11\notices-cs2103-fragment.md
2024-10-10T13:05:05.631Z - info: Synchronizing opened pages list before reload
2024-10-10T13:05:05.631Z - info: Current opened pages, from most-to-least recent:
2024-10-10T13:05:05.631Z - info: 1. schedule/week11/index
2024-10-10T13:05:06.642Z - info: Rebuilding 1 pages
2024-10-10T13:05:08.069Z - info: Site data built
2024-10-10T13:05:08.070Z - info: Pages rebuilt
2024-10-10T13:05:08.070Z - info: Website regeneration complete! Total build time: 1.429s
2024-10-10T13:06:06.875Z - info: [9:06:06 pm] Reload for file change: C:\repos\nus-cs2103\cs2103-website-base\schedule\week11\notices-cs2103-fragment.md
2024-10-10T13:06:06.876Z - info: Synchronizing opened pages list before reload
2024-10-10T13:06:06.878Z - info: Current opened pages, from most-to-least recent:
2024-10-10T13:06:06.878Z - info: 1. schedule/week11/index
2024-10-10T13:06:07.883Z - info: Rebuilding 1 pages
2024-10-10T13:06:09.184Z - info: Site data built
2024-10-10T13:06:09.184Z - info: Pages rebuilt
2024-10-10T13:06:09.184Z - info: Website regeneration complete! Total build time: 1.302s
2024-10-10T13:07:27.039Z - info: [9:07:27 pm] Reload for file change: C:\repos\nus-cs2103\cs2103-website-base\schedule\week12\notices-cs2103-fragment.md
2024-10-10T13:07:27.040Z - info: Synchronizing opened pages list before reload
2024-10-10T13:07:27.040Z - info: Current opened pages, from most-to-least recent:
2024-10-10T13:07:27.040Z - info: 1. schedule/week11/index
2024-10-10T13:07:28.059Z - info: Assets built
2024-10-10T13:07:35.875Z - info: Building C:\repos\nus-cs2103\cs2103-website-base\schedule\week12\index as some of its dependencies were changed since the last visit
2024-10-10T13:07:36.543Z - info: Site data built
2024-10-10T13:07:36.543Z - info: Lazy website regeneration complete! Total build time: 0.669s
2024-10-10T13:08:07.815Z - info: Building C:\repos\nus-cs2103\cs2103-website-base\schedule\week10\index as some of its dependencies were changed since the last visit
2024-10-10T13:08:08.752Z - info: Site data built
2024-10-10T13:08:08.752Z - info: Lazy website regeneration complete! Total build time: 0.937s
2024-10-10T13:08:57.370Z - info: [9:08:57 pm] Reload for file change: C:\repos\nus-cs2103\cs2103-website-base\_course-CS2103\weeklyAdminTasks-fragment.md
2024-10-10T13:08:57.371Z - info: Synchronizing opened pages list before reload
2024-10-10T13:08:57.371Z - info: Current opened pages, from most-to-least recent:
2024-10-10T13:08:57.371Z - info: 1. schedule/week11/index
2024-10-10T13:08:58.387Z - info: Rebuilding 1 pages
2024-10-10T13:08:58.833Z - error:  Template render error: (C:\repos\nus-cs2103\cs2103-website-base\schedule\week11\index.md)
  Template render error: (C:\repos\nus-cs2103\cs2103-website-base\schedule\week11\index.md)
  Template render error: (C:\repos\nus-cs2103\cs2103-website-base\schedule\week11\index.md)
  Template render error: (C:\repos\nus-cs2103\cs2103-website-base\schedule\week11\index.md)
  Template render error: (C:\repos\nus-cs2103\cs2103-website-base\schedule\week11\index.md)
  Template render error: (C:\repos\nus-cs2103\cs2103-website-base\schedule\week11\index.md)
  Template render error: (C:\repos\nus-cs2103\cs2103-website-base\schedule\week11\index.md)
  Template render error: (C:\repos\nus-cs2103\cs2103-website-base\schedule\week11\index.md)
  Template render error: (C:\repos\nus-cs2103\cs2103-website-base\schedule\week11\index.md)
  Template render error: (C:\repos\nus-cs2103\cs2103-website-base\schedule\week11\index.md)
  Template render error: (C:\repos\nus-cs2103\cs2103-website-base\schedule\week11\index.md)
  Template render error: (C:\repos\nus-cs2103\cs2103-website-base\schedule\week11\index.md)
  Template render error: (C:\repos\nus-cs2103\cs2103-website-base\schedule\week11\index.md)
  Template render error: (C:\repos\nus-cs2103\cs2103-website-base\schedule\week11\index.md)
  Template render error: (C:\repos\nus-cs2103\cs2103-website-base\schedule\week11\index.md)
  Template render error: (C:\repos\nus-cs2103\cs2103-website-base\schedule\week11\index.md) [Line 61, Column 49]
  Template render error: (C:\repos\nus-cs2103\cs2103-website-base\schedule\week11\index.md)
  Template render error: (C:\repos\nus-cs2103\cs2103-website-base\schedule\week11\index.md)
  Template render error: (C:\repos\nus-cs2103\cs2103-website-base\schedule\week11\index.md)
  Template render error: (C:\repos\nus-cs2103\cs2103-website-base\schedule\week11\index.md)
  Template render error: (C:\repos\nus-cs2103\cs2103-website-base\schedule\week11\index.md)
  Template render error: (C:\repos\nus-cs2103\cs2103-website-base\schedule\week11\index.md)
  Template render error: (C:\repos\nus-cs2103\cs2103-website-base\schedule\week11\index.md) [Line 940, Column 16]
  Template render error: (C:\repos\nus-cs2103\cs2103-website-base\schedule\week11\index.md)
  Template render error: (C:\repos\nus-cs2103\cs2103-website-base\schedule\week11\index.md)
  Template render error: (C:\repos\nus-cs2103\cs2103-website-base\schedule\week11\index.md)
  Template render error: (C:\repos\nus-cs2103\cs2103-website-base\schedule\week11\index.md)
  Template render error: (C:\repos\nus-cs2103\cs2103-website-base\schedule\week11\index.md)
  Template render error: (C:\repos\nus-cs2103\cs2103-website-base\schedule\week11\index.md) [Line 61, Column 49]
  Template render error: (C:\repos\nus-cs2103\cs2103-website-base\schedule\week11\index.md)
  Template render error: (C:\repos\nus-cs2103\cs2103-website-base\schedule\week11\index.md)
  Template render error: (C:\repos\nus-cs2103\cs2103-website-base\schedule\week11\index.md)
  Template render error: (C:\repos\nus-cs2103\cs2103-website-base\schedule\week11\index.md) [Line 275, Column 127]
  Template render error: (C:\repos\nus-cs2103\cs2103-website-base\schedule\week11\index.md)
  Template render error: (C:\repos\nus-cs2103\cs2103-website-base\schedule\week11\index.md)
  Template render error: (C:\repos\nus-cs2103\cs2103-website-base\schedule\week11\index.md)
  Template render error: (C:\repos\nus-cs2103\cs2103-website-base\schedule\week11\index.md)
  Template render error: (C:\repos\nus-cs2103\cs2103-website-base\schedule\week11\index.md)
  Template render error: (C:\repos\nus-cs2103\cs2103-website-base\schedule\week11\index.md)
  Template render error: (C:\repos\nus-cs2103\cs2103-website-base\schedule\week11\index.md)
  Template render error: (C:\repos\nus-cs2103\cs2103-website-base\schedule\week11\index.md)
  Template render error: (C:\repos\nus-cs2103\cs2103-website-base\schedule\week11\index.md)
  Template render error: (C:\repos\nus-cs2103\cs2103-website-base\schedule\week11\index.md) [Line 79, Column 46]
  Template render error: (C:\repos\nus-cs2103\cs2103-website-base\schedule\week11\index.md)
  Template render error: (C:\repos\nus-cs2103\cs2103-website-base\schedule\week11\index.md)
  Template render error: (C:\repos\nus-cs2103\cs2103-website-base\schedule\week11\index.md)
  Template render error: (C:\repos\nus-cs2103\cs2103-website-base\schedule\week11\index.md)
  Template render error: (C:\repos\nus-cs2103\cs2103-website-base\schedule\week11\index.md) [Line 61, Column 49]
  Template render error: (C:\repos\nus-cs2103\cs2103-website-base\schedule\week11\index.md)
  Template render error: (C:\repos\nus-cs2103\cs2103-website-base\schedule\week11\index.md)
  Template render error: (C:\repos\nus-cs2103\cs2103-website-base\schedule\week11\index.md)
  Template render error: (C:\repos\nus-cs2103\cs2103-website-base\schedule\week11\index.md) [Line 44, Column 1]
  unexpected token: ]
    at Object._prettifyError (C:\Users\dcsdcr\AppData\Roaming\npm\node_modules\markbind-cli\node_modules\nunjucks\src\lib.js:32:11)
    at C:\Users\dcsdcr\AppData\Roaming\npm\node_modules\markbind-cli\node_modules\@markbind\core\src\patches\nunjucks\context-overrides-frame.js:383:17
    at Template.root [as rootRenderFunc] (eval at _compile (C:\Users\dcsdcr\AppData\Roaming\npm\node_modules\markbind-cli\node_modules\nunjucks\src\environment.js:527:18), <anonymous>:29:3)
    at Template.render (C:\Users\dcsdcr\AppData\Roaming\npm\node_modules\markbind-cli\node_modules\@markbind\core\src\patches\nunjucks\context-overrides-frame.js:372:8)
    at C:\Users\dcsdcr\AppData\Roaming\npm\node_modules\markbind-cli\node_modules\@markbind\core\src\patches\nunjucks\context-overrides-frame.js:54:25
    at createTemplate (C:\Users\dcsdcr\AppData\Roaming\npm\node_modules\markbind-cli\node_modules\@markbind\core\src\patches\nunjucks\load-event.js:121:7)
    at handle (C:\Users\dcsdcr\AppData\Roaming\npm\node_modules\markbind-cli\node_modules\@markbind\core\src\patches\nunjucks\load-event.js:133:9)
    at C:\Users\dcsdcr\AppData\Roaming\npm\node_modules\markbind-cli\node_modules\@markbind\core\src\patches\nunjucks\load-event.js:145:7
    at next (C:\Users\dcsdcr\AppData\Roaming\npm\node_modules\markbind-cli\node_modules\nunjucks\src\lib.js:258:7)
    at Object.asyncIter (C:\Users\dcsdcr\AppData\Roaming\npm\node_modules\markbind-cli\node_modules\nunjucks\src\lib.js:263:3)
    at Environment.getTemplate (C:\Users\dcsdcr\AppData\Roaming\npm\node_modules\markbind-cli\node_modules\@markbind\core\src\patches\nunjucks\load-event.js:127:7)
    at Environment.render (C:\Users\dcsdcr\AppData\Roaming\npm\node_modules\markbind-cli\node_modules\@markbind\core\src\patches\nunjucks\context-overrides-frame.js:48:8)
    at VariableRenderer.renderFile (C:\Users\dcsdcr\AppData\Roaming\npm\node_modules\markbind-cli\node_modules\@markbind\core\src\variables\VariableRenderer.js:73:24)
    at VariableProcessor.renderWithSiteVariables (C:\Users\dcsdcr\AppData\Roaming\npm\node_modules\markbind-cli\node_modules\@markbind\core\src\variables\VariableProcessor.js:154:57)
    at Page.<anonymous> (C:\Users\dcsdcr\AppData\Roaming\npm\node_modules\markbind-cli\node_modules\@markbind\core\src\Page\index.js:494:45)
    at Generator.next (<anonymous>)
2024-10-10T13:08:58.836Z - warn:  Error: Error while generating C:\repos\nus-cs2103\cs2103-website-base\schedule\week11\index.md
    at Site.<anonymous> (C:\Users\dcsdcr\AppData\Roaming\npm\node_modules\markbind-cli\node_modules\@markbind\core\src\Site\index.js:927:27)
    at Generator.throw (<anonymous>)
    at rejected (C:\Users\dcsdcr\AppData\Roaming\npm\node_modules\markbind-cli\node_modules\@markbind\core\src\Site\index.js:29:65)
2024-10-10T13:09:04.770Z - info: [9:09:04 pm] Reload for file change: C:\repos\nus-cs2103\cs2103-website-base\_course-CS2103\weeklyAdminTasks-fragment.md
2024-10-10T13:09:04.771Z - info: Synchronizing opened pages list before reload
2024-10-10T13:09:04.771Z - info: Current opened pages, from most-to-least recent:
2024-10-10T13:09:04.772Z - info: 1. schedule/week11/index
2024-10-10T13:09:05.775Z - info: No pages needed to be rebuilt
2024-10-10T13:09:13.121Z - info: Building C:\repos\nus-cs2103\cs2103-website-base\schedule\week10\index as some of its dependencies were changed since the last visit
2024-10-10T13:09:14.044Z - info: Site data built
2024-10-10T13:09:14.044Z - info: Lazy website regeneration complete! Total build time: 0.924s
2024-10-10T13:11:15.277Z - info: Website generation started at 9:10:41 pm
2024-10-10T13:11:27.752Z - warn: ENOENT: no such file or directory, open 'C:\repos\nus-cs2103\cs2103-website-base\node_modules\.cache\gh-pages\https!github.com!nus-cs2103-AY2425S1!website.git\book\_markbind\variables.md'
2024-10-10T13:11:27.754Z - warn: ENOENT: no such file or directory, open 'C:\repos\nus-cs2103\cs2103-website-base\node_modules\.cache\gh-pages\https!github.com!nus-cs2103-AY2425S1!website.git\cache\gh-pages\https!github.com!nus-cs2103-AY2425S1!website.git\book\_markbind\variables.md'
2024-10-10T13:11:27.755Z - warn: ENOENT: no such file or directory, open 'C:\repos\nus-cs2103\cs2103-website-base\node_modules\.cache\gh-pages\https!github.com!nus-cs2103-AY2425S1!website.git\cache\gh-pages\https!github.com!nus-cs2103-AY2425S1!website.git\_markbind\variables.md'
2024-10-10T13:11:27.756Z - warn: ENOENT: no such file or directory, open 'C:\repos\nus-cs2103\cs2103-website-base\node_modules\.cache\gh-pages\https!github.com!nus-cs2103-AY2425S1!website.git\_markbind\variables.md'
2024-10-10T13:11:27.827Z - info: Building assets...
2024-10-10T13:12:27.300Z - info: Assets built
2024-10-10T13:12:27.301Z - info: Generating pages...
2024-10-10T13:12:50.666Z - debug:  
2024-10-10T13:12:50.671Z - debug:  
2024-10-10T13:12:50.675Z - debug:  
2024-10-10T13:12:50.738Z - debug:  
2024-10-10T13:12:50.774Z - debug:  
2024-10-10T13:12:50.880Z - debug:  
2024-10-10T13:12:50.959Z - debug:  
2024-10-10T13:12:50.965Z - debug:  
2024-10-10T13:12:50.966Z - debug:  
2024-10-10T13:12:50.989Z - debug:  
2024-10-10T13:12:54.134Z - debug:  
2024-10-10T13:12:54.134Z - debug:  
2024-10-10T13:12:54.134Z - debug:  
2024-10-10T13:12:54.135Z - debug:  
2024-10-10T13:12:54.135Z - debug:  
2024-10-10T13:12:54.135Z - debug:  
2024-10-10T13:12:54.135Z - debug:  
2024-10-10T13:13:20.359Z - debug:  
2024-10-10T13:15:14.388Z - debug:  
2024-10-10T13:15:33.971Z - debug:  
2024-10-10T13:15:34.077Z - debug:  
2024-10-10T13:15:48.102Z - info: Pages built
2024-10-10T13:15:49.316Z - info: Site data built
2024-10-10T13:15:49.316Z - info: Website generation complete! Total build time: 307.64s
2024-10-10T13:15:49.317Z - info: Build success!
2024-10-10T13:18:22.235Z - info: The website has been deployed at: https://nus-cs2103-ay2425s1.github.io/website
