2024-07-18T06:29:50.233Z - info: Website generation (lazy) started at 2:29:41 pm
2024-07-18T06:29:58.456Z - info: Building assets...
2024-07-18T06:30:04.216Z - info: Assets built
2024-07-18T06:30:04.217Z - info: Generating landing page...
2024-07-18T06:30:05.136Z - info: Landing page built, other pages will be built as you navigate to them!
2024-07-18T06:30:06.413Z - info: Site data built
2024-07-18T06:30:06.413Z - info: Website generation (lazy) complete! Total build time: 25.389s
2024-07-18T06:30:06.847Z - info: Serving "C:\repos\nus-cs2103\cs2103-website-base\_site" at http://127.0.0.1:8080
2024-07-18T06:30:06.847Z - info: Press CTRL+C to stop ...
2024-07-18T06:30:24.834Z - info: Building C:\repos\nus-cs2103\cs2103-website-base\admin\tp-timeline as some of its dependencies were changed since the last visit
2024-07-18T06:30:34.148Z - debug:  
2024-07-18T06:30:34.202Z - debug:  
2024-07-18T06:30:34.329Z - info: Site data built
2024-07-18T06:30:34.330Z - info: Lazy website regeneration complete! Total build time: 9.496s
2024-07-18T06:31:06.003Z - info: [2:31:06 pm] Reload for file change: C:\repos\nus-cs2103\cs2103-website-base\admin\tp-timeline.md
2024-07-18T06:31:06.004Z - info: Synchronizing opened pages list before reload
2024-07-18T06:31:06.004Z - info: Current opened pages, from most-to-least recent:
2024-07-18T06:31:06.005Z - info: 1. admin/tp-timeline
2024-07-18T06:31:07.015Z - info: Rebuilding 1 pages
2024-07-18T06:31:09.922Z - debug:  
2024-07-18T06:31:10.074Z - info: Site data built
2024-07-18T06:31:10.074Z - info: Pages rebuilt
2024-07-18T06:31:10.075Z - info: Website regeneration complete! Total build time: 3.06s
2024-07-18T06:31:18.695Z - info: [2:31:18 pm] Reload for file change: C:\repos\nus-cs2103\cs2103-website-base\admin\tp-timeline.md
2024-07-18T06:31:18.696Z - info: Synchronizing opened pages list before reload
2024-07-18T06:31:18.696Z - info: Current opened pages, from most-to-least recent:
2024-07-18T06:31:18.697Z - info: 1. admin/tp-timeline
2024-07-18T06:31:19.717Z - info: Rebuilding 1 pages
2024-07-18T06:31:23.249Z - debug:  
2024-07-18T06:31:23.383Z - info: Site data built
2024-07-18T06:31:23.384Z - info: Pages rebuilt
2024-07-18T06:31:23.384Z - info: Website regeneration complete! Total build time: 3.67s
2024-07-18T06:34:11.506Z - info: [2:34:11 pm] Reload for file change: C:\repos\nus-cs2103\cs2103-website-base\_course-CS2103\weeklyTpTasks-fragment.md
2024-07-18T06:34:11.506Z - info: Synchronizing opened pages list before reload
2024-07-18T06:34:11.507Z - info: Current opened pages, from most-to-least recent:
2024-07-18T06:34:11.507Z - info: 1. admin/tp-timeline
2024-07-18T06:34:12.625Z - info: Rebuilding 1 pages
2024-07-18T06:34:12.751Z - info: Site data built
2024-07-18T06:34:12.752Z - info: Pages rebuilt
2024-07-18T06:34:12.752Z - info: Website regeneration complete! Total build time: 0.127s
2024-07-18T06:36:06.775Z - info: [2:36:06 pm] Reload for file change: C:\repos\nus-cs2103\cs2103-website-base\admin\tp-timeline.md
2024-07-18T06:36:06.776Z - info: Synchronizing opened pages list before reload
2024-07-18T06:36:06.776Z - info: Current opened pages, from most-to-least recent:
2024-07-18T06:36:06.776Z - info: 1. admin/tp-timeline
2024-07-18T06:36:07.793Z - info: Rebuilding 1 pages
2024-07-18T06:36:08.122Z - info: Site data built
2024-07-18T06:36:08.122Z - info: Pages rebuilt
2024-07-18T06:36:08.122Z - info: Website regeneration complete! Total build time: 0.331s
2024-07-18T06:36:38.048Z - info: [2:36:38 pm] Reload for file change: C:\repos\nus-cs2103\cs2103-website-base\_course-CS2103\weeklyTpTasks-fragment.md
2024-07-18T06:36:38.048Z - info: Synchronizing opened pages list before reload
2024-07-18T06:36:38.049Z - info: Current opened pages, from most-to-least recent:
2024-07-18T06:36:38.049Z - info: 1. admin/tp-timeline
2024-07-18T06:36:39.186Z - info: Rebuilding 1 pages
2024-07-18T06:36:39.321Z - info: Site data built
2024-07-18T06:36:39.322Z - info: Pages rebuilt
2024-07-18T06:36:39.322Z - info: Website regeneration complete! Total build time: 0.136s
2024-07-18T06:37:24.970Z - info: [2:37:24 pm] Reload for file change: C:\repos\nus-cs2103\cs2103-website-base\admin\tp-timeline.md
2024-07-18T06:37:24.970Z - info: Synchronizing opened pages list before reload
2024-07-18T06:37:24.970Z - info: Current opened pages, from most-to-least recent:
2024-07-18T06:37:24.971Z - info: 1. admin/tp-timeline
2024-07-18T06:37:25.985Z - info: Rebuilding 1 pages
2024-07-18T06:37:26.233Z - info: Site data built
2024-07-18T06:37:26.233Z - info: Pages rebuilt
2024-07-18T06:37:26.234Z - info: Website regeneration complete! Total build time: 0.249s
2024-07-18T06:38:17.748Z - info: [2:38:17 pm] Reload for file change: C:\repos\nus-cs2103\cs2103-website-base\admin\tp-timeline.md
2024-07-18T06:38:17.749Z - info: Synchronizing opened pages list before reload
2024-07-18T06:38:17.749Z - info: Current opened pages, from most-to-least recent:
2024-07-18T06:38:17.749Z - info: 1. admin/tp-timeline
2024-07-18T06:38:18.754Z - info: Rebuilding 1 pages
2024-07-18T06:38:18.973Z - info: Site data built
2024-07-18T06:38:18.973Z - info: Pages rebuilt
2024-07-18T06:38:18.973Z - info: Website regeneration complete! Total build time: 0.22s
2024-07-18T06:38:50.611Z - info: [2:38:50 pm] Reload for file change: C:\repos\nus-cs2103\cs2103-website-base\admin\tp-timeline.md
2024-07-18T06:38:50.611Z - info: Synchronizing opened pages list before reload
2024-07-18T06:38:50.611Z - info: Current opened pages, from most-to-least recent:
2024-07-18T06:38:50.611Z - info: 1. admin/tp-timeline
2024-07-18T06:38:51.617Z - info: Rebuilding 1 pages
2024-07-18T06:38:51.855Z - info: Site data built
2024-07-18T06:38:51.855Z - info: Pages rebuilt
2024-07-18T06:38:51.855Z - info: Website regeneration complete! Total build time: 0.241s
2024-07-18T06:39:23.923Z - info: [2:39:23 pm] Reload for file change: C:\repos\nus-cs2103\cs2103-website-base\admin\tp-timeline.md
2024-07-18T06:39:23.923Z - info: Synchronizing opened pages list before reload
2024-07-18T06:39:23.923Z - info: Current opened pages, from most-to-least recent:
2024-07-18T06:39:23.923Z - info: 1. admin/tp-timeline
2024-07-18T06:39:24.934Z - info: Rebuilding 1 pages
2024-07-18T06:39:25.118Z - info: Site data built
2024-07-18T06:39:25.119Z - info: Pages rebuilt
2024-07-18T06:39:25.119Z - info: Website regeneration complete! Total build time: 0.186s
2024-07-18T06:39:36.993Z - info: [2:39:36 pm] Reload for file change: C:\repos\nus-cs2103\cs2103-website-base\admin\tp-timeline.md
2024-07-18T06:39:36.993Z - info: Synchronizing opened pages list before reload
2024-07-18T06:39:36.993Z - info: Current opened pages, from most-to-least recent:
2024-07-18T06:39:36.993Z - info: 1. admin/tp-timeline
2024-07-18T06:39:38.005Z - info: Rebuilding 1 pages
2024-07-18T06:39:38.172Z - info: Site data built
2024-07-18T06:39:38.173Z - info: Pages rebuilt
2024-07-18T06:39:38.173Z - info: Website regeneration complete! Total build time: 0.17s
2024-07-18T06:40:01.851Z - info: [2:40:01 pm] Reload for file change: C:\repos\nus-cs2103\cs2103-website-base\admin\tp-timeline.md
2024-07-18T06:40:01.851Z - info: Synchronizing opened pages list before reload
2024-07-18T06:40:01.851Z - info: Current opened pages, from most-to-least recent:
2024-07-18T06:40:01.851Z - info: 1. admin/tp-timeline
2024-07-18T06:40:02.860Z - info: Rebuilding 1 pages
2024-07-18T06:40:03.011Z - info: Site data built
2024-07-18T06:40:03.012Z - info: Pages rebuilt
2024-07-18T06:40:03.012Z - info: Website regeneration complete! Total build time: 0.153s
2024-07-18T06:40:50.122Z - info: [2:40:50 pm] Reload for file change: C:\repos\nus-cs2103\cs2103-website-base\admin\tp-timeline.md
2024-07-18T06:40:50.122Z - info: Synchronizing opened pages list before reload
2024-07-18T06:40:50.122Z - info: Current opened pages, from most-to-least recent:
2024-07-18T06:40:50.122Z - info: 1. admin/tp-timeline
2024-07-18T06:40:51.138Z - info: Rebuilding 1 pages
2024-07-18T06:40:51.305Z - info: Site data built
2024-07-18T06:40:51.305Z - info: Pages rebuilt
2024-07-18T06:40:51.305Z - info: Website regeneration complete! Total build time: 0.169s
2024-07-18T06:41:29.081Z - info: [2:41:29 pm] Reload for file change: C:\repos\nus-cs2103\cs2103-website-base\_course-CS2103\weeklyTpTasks-fragment.md
2024-07-18T06:41:29.081Z - info: Synchronizing opened pages list before reload
2024-07-18T06:41:29.082Z - info: Current opened pages, from most-to-least recent:
2024-07-18T06:41:29.082Z - info: 1. admin/tp-timeline
2024-07-18T06:41:30.195Z - info: Rebuilding 1 pages
2024-07-18T06:41:30.308Z - info: Site data built
2024-07-18T06:41:30.309Z - info: Pages rebuilt
2024-07-18T06:41:30.309Z - info: Website regeneration complete! Total build time: 0.115s
2024-07-18T06:42:09.658Z - info: [2:42:09 pm] Reload for file change: C:\repos\nus-cs2103\cs2103-website-base\admin\tp-timeline.md
2024-07-18T06:42:09.658Z - info: Synchronizing opened pages list before reload
2024-07-18T06:42:09.659Z - info: Current opened pages, from most-to-least recent:
2024-07-18T06:42:09.659Z - info: 1. admin/tp-timeline
2024-07-18T06:42:10.676Z - info: Rebuilding 1 pages
2024-07-18T06:42:10.894Z - info: Site data built
2024-07-18T06:42:10.894Z - info: Pages rebuilt
2024-07-18T06:42:10.894Z - info: Website regeneration complete! Total build time: 0.218s
2024-07-18T06:43:17.963Z - info: [2:43:17 pm] Reload for file change: C:\repos\nus-cs2103\cs2103-website-base\admin\tp-timeline.md
2024-07-18T06:43:17.964Z - info: Synchronizing opened pages list before reload
2024-07-18T06:43:17.965Z - info: Current opened pages, from most-to-least recent:
2024-07-18T06:43:17.965Z - info: 1. admin/tp-timeline
2024-07-18T06:43:18.973Z - info: Rebuilding 1 pages
2024-07-18T06:43:19.154Z - info: Site data built
2024-07-18T06:43:19.154Z - info: Pages rebuilt
2024-07-18T06:43:19.155Z - info: Website regeneration complete! Total build time: 0.183s
2024-07-18T06:44:58.878Z - info: [2:44:58 pm] Reload for file change: C:\repos\nus-cs2103\cs2103-website-base\admin\tp-timeline.md
2024-07-18T06:44:58.878Z - info: Synchronizing opened pages list before reload
2024-07-18T06:44:58.879Z - info: Current opened pages, from most-to-least recent:
2024-07-18T06:44:58.879Z - info: 1. admin/tp-timeline
2024-07-18T06:44:59.887Z - info: Rebuilding 1 pages
2024-07-18T06:45:00.126Z - info: Site data built
2024-07-18T06:45:00.126Z - info: Pages rebuilt
2024-07-18T06:45:00.126Z - info: Website regeneration complete! Total build time: 0.24s
2024-07-18T06:45:23.185Z - info: [2:45:23 pm] Reload for file change: C:\repos\nus-cs2103\cs2103-website-base\admin\tp-timeline.md
2024-07-18T06:45:23.186Z - info: Synchronizing opened pages list before reload
2024-07-18T06:45:23.186Z - info: Current opened pages, from most-to-least recent:
2024-07-18T06:45:23.186Z - info: 1. admin/tp-timeline
2024-07-18T06:45:24.198Z - info: Rebuilding 1 pages
2024-07-18T06:45:24.357Z - info: Site data built
2024-07-18T06:45:24.357Z - info: Pages rebuilt
2024-07-18T06:45:24.358Z - info: Website regeneration complete! Total build time: 0.161s
2024-07-18T06:45:45.169Z - info: [2:45:45 pm] Reload for file change: C:\repos\nus-cs2103\cs2103-website-base\admin\tp-timeline.md
2024-07-18T06:45:45.169Z - info: Synchronizing opened pages list before reload
2024-07-18T06:45:45.170Z - info: Current opened pages, from most-to-least recent:
2024-07-18T06:45:45.170Z - info: 1. admin/tp-timeline
2024-07-18T06:45:46.176Z - info: Rebuilding 1 pages
2024-07-18T06:45:46.348Z - info: Site data built
2024-07-18T06:45:46.348Z - info: Pages rebuilt
2024-07-18T06:45:46.348Z - info: Website regeneration complete! Total build time: 0.174s
2024-07-18T06:46:36.738Z - info: [2:46:36 pm] Reload for file change: C:\repos\nus-cs2103\cs2103-website-base\admin\tp-timeline.md
2024-07-18T06:46:36.739Z - info: Synchronizing opened pages list before reload
2024-07-18T06:46:36.739Z - info: Current opened pages, from most-to-least recent:
2024-07-18T06:46:36.739Z - info: 1. admin/tp-timeline
2024-07-18T06:46:37.743Z - info: Rebuilding 1 pages
2024-07-18T06:46:37.913Z - info: Site data built
2024-07-18T06:46:37.913Z - info: Pages rebuilt
2024-07-18T06:46:37.914Z - info: Website regeneration complete! Total build time: 0.171s
2024-07-18T06:47:02.559Z - info: [2:47:02 pm] Reload for file change: C:\repos\nus-cs2103\cs2103-website-base\admin\tp-timeline.md
2024-07-18T06:47:02.559Z - info: Synchronizing opened pages list before reload
2024-07-18T06:47:02.559Z - info: Current opened pages, from most-to-least recent:
2024-07-18T06:47:02.559Z - info: 1. admin/tp-timeline
2024-07-18T06:47:03.571Z - info: Rebuilding 1 pages
2024-07-18T06:47:03.794Z - info: Site data built
2024-07-18T06:47:03.794Z - info: Pages rebuilt
2024-07-18T06:47:03.794Z - info: Website regeneration complete! Total build time: 0.224s
2024-07-18T06:47:10.041Z - info: [2:47:10 pm] Reload for file change: C:\repos\nus-cs2103\cs2103-website-base\admin\tp-timeline.md
2024-07-18T06:47:10.041Z - info: Synchronizing opened pages list before reload
2024-07-18T06:47:10.042Z - info: Current opened pages, from most-to-least recent:
2024-07-18T06:47:10.042Z - info: 1. admin/tp-timeline
2024-07-18T06:47:11.045Z - info: Rebuilding 1 pages
2024-07-18T06:47:11.195Z - info: Site data built
2024-07-18T06:47:11.196Z - info: Pages rebuilt
2024-07-18T06:47:11.196Z - info: Website regeneration complete! Total build time: 0.151s
2024-07-18T06:47:18.732Z - info: [2:47:18 pm] Reload for file change: C:\repos\nus-cs2103\cs2103-website-base\admin\tp-timeline.md
2024-07-18T06:47:18.732Z - info: Synchronizing opened pages list before reload
2024-07-18T06:47:18.733Z - info: Current opened pages, from most-to-least recent:
2024-07-18T06:47:18.733Z - info: 1. admin/tp-timeline
2024-07-18T06:47:19.745Z - info: Rebuilding 1 pages
2024-07-18T06:47:19.907Z - info: Site data built
2024-07-18T06:47:19.907Z - info: Pages rebuilt
2024-07-18T06:47:19.907Z - info: Website regeneration complete! Total build time: 0.163s
2024-07-18T06:47:31.247Z - info: [2:47:31 pm] Reload for file change: C:\repos\nus-cs2103\cs2103-website-base\admin\tp-timeline.md
2024-07-18T06:47:31.247Z - info: Synchronizing opened pages list before reload
2024-07-18T06:47:31.248Z - info: Current opened pages, from most-to-least recent:
2024-07-18T06:47:31.248Z - info: 1. admin/tp-timeline
2024-07-18T06:47:32.268Z - info: Rebuilding 1 pages
2024-07-18T06:47:32.423Z - info: Site data built
2024-07-18T06:47:32.423Z - info: Pages rebuilt
2024-07-18T06:47:32.423Z - info: Website regeneration complete! Total build time: 0.157s
2024-07-18T06:49:04.449Z - info: [2:49:04 pm] Reload for file change: C:\repos\nus-cs2103\cs2103-website-base\admin\tp-timeline.md
2024-07-18T06:49:04.449Z - info: Synchronizing opened pages list before reload
2024-07-18T06:49:04.449Z - info: Current opened pages, from most-to-least recent:
2024-07-18T06:49:04.449Z - info: 1. admin/tp-timeline
2024-07-18T06:49:05.457Z - info: Rebuilding 1 pages
2024-07-18T06:49:07.630Z - debug:  
2024-07-18T06:49:07.686Z - info: Site data built
2024-07-18T06:49:07.686Z - info: Pages rebuilt
2024-07-18T06:49:07.686Z - info: Website regeneration complete! Total build time: 2.23s
2024-07-18T06:49:14.905Z - info: [2:49:14 pm] Reload for file change: C:\repos\nus-cs2103\cs2103-website-base\admin\tp-timeline.md
2024-07-18T06:49:14.905Z - info: Synchronizing opened pages list before reload
2024-07-18T06:49:14.905Z - info: Current opened pages, from most-to-least recent:
2024-07-18T06:49:14.905Z - info: 1. admin/tp-timeline
2024-07-18T06:49:15.915Z - info: Rebuilding 1 pages
2024-07-18T06:49:17.989Z - debug:  
2024-07-18T06:49:18.038Z - info: Site data built
2024-07-18T06:49:18.038Z - info: Pages rebuilt
2024-07-18T06:49:18.038Z - info: Website regeneration complete! Total build time: 2.124s
2024-07-18T06:50:06.936Z - info: Building C:\repos\nus-cs2103\cs2103-website-base\admin\tp-w7 as some of its dependencies were changed since the last visit
2024-07-18T06:50:09.001Z - info: Site data built
2024-07-18T06:50:09.001Z - info: Lazy website regeneration complete! Total build time: 2.065s
2024-07-18T06:51:46.044Z - info: [2:51:46 pm] Reload for file change: C:\repos\nus-cs2103\cs2103-website-base\admin\tp-timeline.md
2024-07-18T06:51:46.044Z - info: Synchronizing opened pages list before reload
2024-07-18T06:51:46.045Z - info: Current opened pages, from most-to-least recent:
2024-07-18T06:51:46.045Z - info: 1. admin/tp-w7
2024-07-18T06:51:47.053Z - info: Rebuilding 1 pages
2024-07-18T06:51:48.644Z - info: Site data built
2024-07-18T06:51:48.644Z - info: Pages rebuilt
2024-07-18T06:51:48.644Z - info: Website regeneration complete! Total build time: 1.592s
2024-07-18T06:53:11.193Z - info: [2:53:11 pm] Reload for file change: C:\repos\nus-cs2103\cs2103-website-base\admin\tp-tasks-fragment.md
2024-07-18T06:53:11.194Z - info: Synchronizing opened pages list before reload
2024-07-18T06:53:11.194Z - info: Current opened pages, from most-to-least recent:
2024-07-18T06:53:11.194Z - info: 1. admin/tp-w7
2024-07-18T06:53:12.211Z - info: Rebuilding 1 pages
2024-07-18T06:53:14.727Z - info: Site data built
2024-07-18T06:53:14.727Z - info: Pages rebuilt
2024-07-18T06:53:14.728Z - info: Website regeneration complete! Total build time: 2.518s
2024-07-18T06:55:19.310Z - info: [2:55:19 pm] Reload for file change: C:\repos\nus-cs2103\cs2103-website-base\admin\tp-timeline.md
2024-07-18T06:55:19.310Z - info: Synchronizing opened pages list before reload
2024-07-18T06:55:19.311Z - info: Current opened pages, from most-to-least recent:
2024-07-18T06:55:19.311Z - info: 1. admin/tp-w7
2024-07-18T06:55:20.317Z - info: Rebuilding 1 pages
2024-07-18T06:55:21.987Z - info: Site data built
2024-07-18T06:55:21.987Z - info: Pages rebuilt
2024-07-18T06:55:21.988Z - info: Website regeneration complete! Total build time: 1.671s
2024-07-18T06:56:07.533Z - info: [2:56:07 pm] Reload for file change: C:\repos\nus-cs2103\cs2103-website-base\admin\tp-timeline.md
2024-07-18T06:56:07.533Z - info: Synchronizing opened pages list before reload
2024-07-18T06:56:07.534Z - info: Current opened pages, from most-to-least recent:
2024-07-18T06:56:07.534Z - info: 1. admin/tp-w7
2024-07-18T06:56:08.544Z - info: Rebuilding 1 pages
2024-07-18T06:56:10.191Z - info: Site data built
2024-07-18T06:56:10.192Z - info: Pages rebuilt
2024-07-18T06:56:10.192Z - info: Website regeneration complete! Total build time: 1.65s
2024-07-18T06:56:40.549Z - info: [2:56:40 pm] Reload for file change: C:\repos\nus-cs2103\cs2103-website-base\admin\tp-timeline.md
2024-07-18T06:56:40.549Z - info: Synchronizing opened pages list before reload
2024-07-18T06:56:40.551Z - info: Current opened pages, from most-to-least recent:
2024-07-18T06:56:40.551Z - info: 1. admin/tp-w7
2024-07-18T06:56:41.560Z - info: Rebuilding 1 pages
2024-07-18T06:56:43.201Z - info: Site data built
2024-07-18T06:56:43.201Z - info: Pages rebuilt
2024-07-18T06:56:43.201Z - info: Website regeneration complete! Total build time: 1.641s
2024-07-18T06:57:25.777Z - info: [2:57:25 pm] Reload for file change: C:\repos\nus-cs2103\cs2103-website-base\admin\tp-timeline.md
2024-07-18T06:57:25.778Z - info: Synchronizing opened pages list before reload
2024-07-18T06:57:25.779Z - info: Current opened pages, from most-to-least recent:
2024-07-18T06:57:25.779Z - info: 1. admin/tp-w7
2024-07-18T06:57:26.799Z - info: Rebuilding 1 pages
2024-07-18T06:57:28.439Z - info: Site data built
2024-07-18T06:57:28.439Z - info: Pages rebuilt
2024-07-18T06:57:28.439Z - info: Website regeneration complete! Total build time: 1.643s
2024-07-18T06:58:11.699Z - info: [2:58:11 pm] Reload for file change: C:\repos\nus-cs2103\cs2103-website-base\admin\tp-tasks-fragment.md
2024-07-18T06:58:11.699Z - info: Synchronizing opened pages list before reload
2024-07-18T06:58:11.699Z - info: Current opened pages, from most-to-least recent:
2024-07-18T06:58:11.700Z - info: 1. admin/tp-w7
2024-07-18T06:58:12.708Z - info: Rebuilding 1 pages
2024-07-18T06:58:15.726Z - info: Site data built
2024-07-18T06:58:15.726Z - info: Pages rebuilt
2024-07-18T06:58:15.726Z - info: Website regeneration complete! Total build time: 3.019s
2024-07-18T06:58:49.909Z - info: [2:58:49 pm] Reload for file change: C:\repos\nus-cs2103\cs2103-website-base\admin\tp-tasks-fragment.md
2024-07-18T06:58:49.909Z - info: Synchronizing opened pages list before reload
2024-07-18T06:58:49.910Z - info: Current opened pages, from most-to-least recent:
2024-07-18T06:58:49.910Z - info: 1. admin/tp-w7
2024-07-18T06:58:50.923Z - info: Rebuilding 1 pages
2024-07-18T06:58:53.120Z - info: Site data built
2024-07-18T06:58:53.121Z - info: Pages rebuilt
2024-07-18T06:58:53.121Z - info: Website regeneration complete! Total build time: 2.199s
2024-07-18T06:59:01.196Z - info: [2:59:01 pm] Reload for file change: C:\repos\nus-cs2103\cs2103-website-base\admin\tp-tasks-fragment.md
2024-07-18T06:59:01.196Z - info: Synchronizing opened pages list before reload
2024-07-18T06:59:01.196Z - info: Current opened pages, from most-to-least recent:
2024-07-18T06:59:01.196Z - info: 1. admin/tp-w7
2024-07-18T06:59:02.205Z - info: Rebuilding 1 pages
2024-07-18T06:59:04.400Z - info: Site data built
2024-07-18T06:59:04.401Z - info: Pages rebuilt
2024-07-18T06:59:04.401Z - info: Website regeneration complete! Total build time: 2.197s
2024-07-18T06:59:56.618Z - info: [2:59:56 pm] Reload for file change: C:\repos\nus-cs2103\cs2103-website-base\admin\tp-timeline.md
2024-07-18T06:59:56.618Z - info: Synchronizing opened pages list before reload
2024-07-18T06:59:56.619Z - info: Current opened pages, from most-to-least recent:
2024-07-18T06:59:56.619Z - info: 1. admin/tp-w7
2024-07-18T06:59:57.624Z - info: Rebuilding 1 pages
2024-07-18T06:59:59.194Z - info: Site data built
2024-07-18T06:59:59.194Z - info: Pages rebuilt
2024-07-18T06:59:59.194Z - info: Website regeneration complete! Total build time: 1.571s
2024-07-18T07:04:34.703Z - info: [3:04:34 pm] Reload for file change: C:\repos\nus-cs2103\cs2103-website-base\admin\tp-tasks-fragment.md
2024-07-18T07:04:34.703Z - info: Synchronizing opened pages list before reload
2024-07-18T07:04:34.703Z - info: Current opened pages, from most-to-least recent:
2024-07-18T07:04:34.703Z - info: 1. admin/tp-w7
2024-07-18T07:04:35.715Z - info: Rebuilding 1 pages
2024-07-18T07:04:37.457Z - info: Site data built
2024-07-18T07:04:37.457Z - info: Pages rebuilt
2024-07-18T07:04:37.457Z - info: Website regeneration complete! Total build time: 1.743s
2024-07-18T07:39:58.409Z - info: [3:39:58 pm] Reload for file change: C:\repos\nus-cs2103\cs2103-website-base\admin\appendixE-gitHub.md
2024-07-18T07:39:58.410Z - info: Synchronizing opened pages list before reload
2024-07-18T07:39:58.410Z - info: Current opened pages, from most-to-least recent:
2024-07-18T07:39:58.411Z - info: 1. admin/tp-w7
2024-07-18T07:39:59.428Z - info: Rebuilding 1 pages
2024-07-18T07:40:01.196Z - info: Site data built
2024-07-18T07:40:01.196Z - info: Pages rebuilt
2024-07-18T07:40:01.196Z - info: Website regeneration complete! Total build time: 1.769s
2024-07-18T07:42:29.007Z - info: [3:42:29 pm] Reload for file change: C:\repos\nus-cs2103\cs2103-website-base\admin\appendixE-gitHub.md
2024-07-18T07:42:29.007Z - info: Synchronizing opened pages list before reload
2024-07-18T07:42:29.007Z - info: Current opened pages, from most-to-least recent:
2024-07-18T07:42:29.008Z - info: 1. admin/tp-w7
2024-07-18T07:42:30.025Z - info: Rebuilding 1 pages
2024-07-18T07:42:31.666Z - info: Site data built
2024-07-18T07:42:31.667Z - info: Pages rebuilt
2024-07-18T07:42:31.667Z - info: Website regeneration complete! Total build time: 1.644s
2024-07-18T07:43:23.380Z - info: [3:43:23 pm] Reload for file change: C:\repos\nus-cs2103\cs2103-website-base\admin\appendixE-gitHub.md
2024-07-18T07:43:23.381Z - info: Synchronizing opened pages list before reload
2024-07-18T07:43:23.381Z - info: Current opened pages, from most-to-least recent:
2024-07-18T07:43:23.381Z - info: 1. admin/tp-w7
2024-07-18T07:43:24.396Z - info: Rebuilding 1 pages
2024-07-18T07:43:26.049Z - info: Site data built
2024-07-18T07:43:26.049Z - info: Pages rebuilt
2024-07-18T07:43:26.049Z - info: Website regeneration complete! Total build time: 1.654s
2024-07-18T07:45:17.089Z - info: [3:45:17 pm] Reload for file change: C:\repos\nus-cs2103\cs2103-website-base\admin\appendixE-gitHub.md
2024-07-18T07:45:17.091Z - info: Synchronizing opened pages list before reload
2024-07-18T07:45:17.091Z - info: Current opened pages, from most-to-least recent:
2024-07-18T07:45:17.091Z - info: 1. admin/tp-w7
2024-07-18T07:45:18.101Z - info: Rebuilding 1 pages
2024-07-18T07:45:19.763Z - info: Site data built
2024-07-18T07:45:19.763Z - info: Pages rebuilt
2024-07-18T07:45:19.763Z - info: Website regeneration complete! Total build time: 1.665s
2024-07-18T07:48:25.589Z - info: [3:48:25 pm] Reload for file change: C:\repos\nus-cs2103\cs2103-website-base\admin\tp-tasks-fragment.md
2024-07-18T07:48:25.590Z - info: Synchronizing opened pages list before reload
2024-07-18T07:48:25.590Z - info: Current opened pages, from most-to-least recent:
2024-07-18T07:48:25.590Z - info: 1. admin/tp-w7
2024-07-18T07:48:26.597Z - info: Rebuilding 1 pages
2024-07-18T07:48:28.914Z - info: Site data built
2024-07-18T07:48:28.915Z - info: Pages rebuilt
2024-07-18T07:48:28.915Z - info: Website regeneration complete! Total build time: 2.319s
2024-07-18T07:48:48.096Z - info: [3:48:48 pm] Reload for file change: C:\repos\nus-cs2103\cs2103-website-base\admin\tp-tasks-fragment.md
2024-07-18T07:48:48.097Z - info: Synchronizing opened pages list before reload
2024-07-18T07:48:48.097Z - info: Current opened pages, from most-to-least recent:
2024-07-18T07:48:48.098Z - info: 1. admin/tp-w7
2024-07-18T07:48:49.108Z - info: Rebuilding 1 pages
2024-07-18T07:48:50.816Z - info: Site data built
2024-07-18T07:48:50.816Z - info: Pages rebuilt
2024-07-18T07:48:50.816Z - info: Website regeneration complete! Total build time: 1.71s
2024-07-18T07:49:31.270Z - info: [3:49:31 pm] Reload for file change: C:\repos\nus-cs2103\cs2103-website-base\admin\tp-tasks-fragment.md
2024-07-18T07:49:31.270Z - info: Synchronizing opened pages list before reload
2024-07-18T07:49:31.271Z - info: Current opened pages, from most-to-least recent:
2024-07-18T07:49:31.271Z - info: 1. admin/tp-w7
2024-07-18T07:49:32.286Z - info: Rebuilding 1 pages
2024-07-18T07:49:34.433Z - info: Building C:\repos\nus-cs2103\cs2103-website-base\admin\standardsAndConventions as some of its dependencies were changed since the last visit
2024-07-18T07:49:34.674Z - info: Site data built
2024-07-18T07:49:34.675Z - info: Lazy website regeneration complete! Total build time: 0.242s
2024-07-18T07:49:34.681Z - info: Site data built
2024-07-18T07:49:34.681Z - info: Pages rebuilt
2024-07-18T07:49:34.682Z - info: Website regeneration complete! Total build time: 2.395s
2024-07-18T07:49:57.202Z - info: [3:49:57 pm] Reload for file change: C:\repos\nus-cs2103\cs2103-website-base\admin\tp-tasks-fragment.md
2024-07-18T07:49:57.203Z - info: Synchronizing opened pages list before reload
2024-07-18T07:49:57.203Z - info: Current opened pages, from most-to-least recent:
2024-07-18T07:49:57.203Z - info: 1. admin/standardsAndConventions
2024-07-18T07:49:58.217Z - info: No pages needed to be rebuilt
2024-07-18T07:50:07.626Z - info: Building C:\repos\nus-cs2103\cs2103-website-base\admin\tp-w7 as some of its dependencies were changed since the last visit
2024-07-18T07:50:09.971Z - info: Site data built
2024-07-18T07:50:09.972Z - info: Lazy website regeneration complete! Total build time: 2.347s
2024-07-18T07:53:22.235Z - info: [3:53:22 pm] Reload for file change: C:\repos\nus-cs2103\cs2103-website-base\admin\appendixE-gitHub.md
2024-07-18T07:53:22.236Z - info: Synchronizing opened pages list before reload
2024-07-18T07:53:22.237Z - info: Current opened pages, from most-to-least recent:
2024-07-18T07:53:22.237Z - info: 1. admin/tp-w7
2024-07-18T07:53:23.243Z - info: Rebuilding 1 pages
2024-07-18T07:53:24.903Z - info: Site data built
2024-07-18T07:53:24.903Z - info: Pages rebuilt
2024-07-18T07:53:24.903Z - info: Website regeneration complete! Total build time: 1.661s
2024-07-18T07:58:44.717Z - info: Building C:\repos\nus-cs2103\cs2103-website-base\admin\tp-w8 as some of its dependencies were changed since the last visit
2024-07-18T07:58:46.058Z - info: Site data built
2024-07-18T07:58:46.058Z - info: Lazy website regeneration complete! Total build time: 1.342s
2024-07-18T07:59:08.096Z - info: Building C:\repos\nus-cs2103\cs2103-website-base\admin\tp-w6 as some of its dependencies were changed since the last visit
2024-07-18T07:59:09.705Z - info: Site data built
2024-07-18T07:59:09.706Z - info: Lazy website regeneration complete! Total build time: 1.61s
2024-07-18T07:59:38.926Z - info: Building C:\repos\nus-cs2103\cs2103-website-base\admin\tp-w5 as some of its dependencies were changed since the last visit
2024-07-18T07:59:40.194Z - info: Site data built
2024-07-18T07:59:40.194Z - info: Lazy website regeneration complete! Total build time: 1.269s
2024-07-18T08:00:02.757Z - info: Building C:\repos\nus-cs2103\cs2103-website-base\admin\tp-w3 as some of its dependencies were changed since the last visit
2024-07-18T08:00:03.806Z - info: Site data built
2024-07-18T08:00:03.806Z - info: Lazy website regeneration complete! Total build time: 1.05s
2024-07-18T09:22:17.699Z - info: [5:22:17 pm] Reload for file change: C:\repos\nus-cs2103\cs2103-website-base\admin\tp-tasks-fragment.md
2024-07-18T09:22:17.710Z - info: Synchronizing opened pages list before reload
2024-07-18T09:22:17.712Z - info: Current opened pages, from most-to-least recent:
2024-07-18T09:22:17.713Z - info: 1. admin/tp-w3
2024-07-18T09:22:18.743Z - info: Rebuilding 1 pages
2024-07-18T09:22:19.976Z - info: Site data built
2024-07-18T09:22:19.976Z - info: Pages rebuilt
2024-07-18T09:22:19.976Z - info: Website regeneration complete! Total build time: 1.239s
2024-07-18T09:22:26.930Z - info: [5:22:26 pm] Reload for file change: C:\repos\nus-cs2103\cs2103-website-base\admin\tp-tasks-fragment.md
2024-07-18T09:22:26.930Z - info: Synchronizing opened pages list before reload
2024-07-18T09:22:26.931Z - info: Current opened pages, from most-to-least recent:
2024-07-18T09:22:26.931Z - info: 1. admin/tp-w3
2024-07-18T09:22:27.936Z - info: Rebuilding 1 pages
2024-07-18T09:22:30.011Z - info: Site data built
2024-07-18T09:22:30.011Z - info: Pages rebuilt
2024-07-18T09:22:30.012Z - info: Website regeneration complete! Total build time: 2.076s
2024-07-18T09:24:18.121Z - info: [5:24:18 pm] Reload for file change: C:\repos\nus-cs2103\cs2103-website-base\admin\tp-tasks-fragment.md
2024-07-18T09:24:18.121Z - info: Synchronizing opened pages list before reload
2024-07-18T09:24:18.121Z - info: Current opened pages, from most-to-least recent:
2024-07-18T09:24:18.121Z - info: 1. admin/tp-w3
2024-07-18T09:24:19.130Z - info: Rebuilding 1 pages
2024-07-18T09:24:20.673Z - info: Site data built
2024-07-18T09:24:20.674Z - info: Pages rebuilt
2024-07-18T09:24:20.674Z - info: Website regeneration complete! Total build time: 1.545s
2024-07-18T09:24:46.731Z - info: [5:24:46 pm] Reload for file change: C:\repos\nus-cs2103\cs2103-website-base\admin\tp-tasks-fragment.md
2024-07-18T09:24:46.732Z - info: Synchronizing opened pages list before reload
2024-07-18T09:24:46.732Z - info: Current opened pages, from most-to-least recent:
2024-07-18T09:24:46.732Z - info: 1. admin/tp-w3
2024-07-18T09:24:47.738Z - info: Rebuilding 1 pages
2024-07-18T09:24:48.674Z - info: Site data built
2024-07-18T09:24:48.674Z - info: Pages rebuilt
2024-07-18T09:24:48.674Z - info: Website regeneration complete! Total build time: 0.937s
2024-07-18T09:25:35.792Z - info: [5:25:35 pm] Reload for file change: C:\repos\nus-cs2103\cs2103-website-base\admin\tp-tasks-fragment.md
2024-07-18T09:25:35.792Z - info: Synchronizing opened pages list before reload
2024-07-18T09:25:35.793Z - info: Current opened pages, from most-to-least recent:
2024-07-18T09:25:35.793Z - info: 1. admin/tp-w3
2024-07-18T09:25:36.803Z - info: Rebuilding 1 pages
2024-07-18T09:25:37.853Z - info: Site data built
2024-07-18T09:25:37.854Z - info: Pages rebuilt
2024-07-18T09:25:37.854Z - info: Website regeneration complete! Total build time: 1.051s
2024-07-18T09:25:58.108Z - info: Building C:\repos\nus-cs2103\cs2103-website-base\admin\tp-w4 as some of its dependencies were changed since the last visit
2024-07-18T09:25:59.397Z - info: Site data built
2024-07-18T09:25:59.397Z - info: Lazy website regeneration complete! Total build time: 1.289s
2024-07-18T09:26:44.563Z - info: Building C:\repos\nus-cs2103\cs2103-website-base\admin\tp-expectations as some of its dependencies were changed since the last visit
2024-07-18T09:26:45.040Z - info: Site data built
2024-07-18T09:26:45.040Z - info: Lazy website regeneration complete! Total build time: 0.477s
2024-07-18T09:27:19.423Z - info: Building C:\repos\nus-cs2103\cs2103-website-base\admin\tp-w5 as some of its dependencies were changed since the last visit
2024-07-18T09:27:20.576Z - info: Site data built
2024-07-18T09:27:20.576Z - info: Lazy website regeneration complete! Total build time: 1.154s
2024-07-18T09:28:00.847Z - info: [5:28:00 pm] Reload for file change: C:\repos\nus-cs2103\cs2103-website-base\admin\tp-tasks-fragment.md
2024-07-18T09:28:00.847Z - info: Synchronizing opened pages list before reload
2024-07-18T09:28:00.848Z - info: Current opened pages, from most-to-least recent:
2024-07-18T09:28:00.848Z - info: 1. admin/tp-w5
2024-07-18T09:28:01.859Z - info: Rebuilding 1 pages
2024-07-18T09:28:02.887Z - info: Site data built
2024-07-18T09:28:02.887Z - info: Pages rebuilt
2024-07-18T09:28:02.887Z - info: Website regeneration complete! Total build time: 1.03s
2024-07-18T09:29:46.400Z - info: [5:29:46 pm] Reload for file change: C:\repos\nus-cs2103\cs2103-website-base\admin\tp-tasks-fragment.md
2024-07-18T09:29:46.400Z - info: Synchronizing opened pages list before reload
2024-07-18T09:29:46.401Z - info: Current opened pages, from most-to-least recent:
2024-07-18T09:29:46.401Z - info: 1. admin/tp-w5
2024-07-18T09:29:47.403Z - info: Rebuilding 1 pages
2024-07-18T09:29:48.345Z - info: Site data built
2024-07-18T09:29:48.345Z - info: Pages rebuilt
2024-07-18T09:29:48.345Z - info: Website regeneration complete! Total build time: 0.943s
2024-07-18T09:31:48.851Z - info: [5:31:48 pm] Reload for file change: C:\repos\nus-cs2103\cs2103-website-base\admin\tp-tasks-fragment.md
2024-07-18T09:31:48.852Z - info: Synchronizing opened pages list before reload
2024-07-18T09:31:48.852Z - info: Current opened pages, from most-to-least recent:
2024-07-18T09:31:48.852Z - info: 1. admin/tp-w5
2024-07-18T09:31:49.861Z - info: Rebuilding 1 pages
2024-07-18T09:31:51.203Z - info: Site data built
2024-07-18T09:31:51.203Z - info: Pages rebuilt
2024-07-18T09:31:51.203Z - info: Website regeneration complete! Total build time: 1.343s
2024-07-18T09:33:00.945Z - info: [5:33:00 pm] Reload for file change: C:\repos\nus-cs2103\cs2103-website-base\admin\tp-tasks-fragment.md
2024-07-18T09:33:00.945Z - info: Synchronizing opened pages list before reload
2024-07-18T09:33:00.946Z - info: Current opened pages, from most-to-least recent:
2024-07-18T09:33:00.946Z - info: 1. admin/tp-w5
2024-07-18T09:33:01.952Z - info: Rebuilding 1 pages
2024-07-18T09:33:03.639Z - info: Site data built
2024-07-18T09:33:03.640Z - info: Pages rebuilt
2024-07-18T09:33:03.640Z - info: Website regeneration complete! Total build time: 1.689s
2024-07-18T09:33:20.707Z - info: [5:33:20 pm] Reload for file change: C:\repos\nus-cs2103\cs2103-website-base\admin\tp-tasks-fragment.md
2024-07-18T09:33:20.708Z - info: Synchronizing opened pages list before reload
2024-07-18T09:33:20.710Z - info: Current opened pages, from most-to-least recent:
2024-07-18T09:33:20.710Z - info: 1. admin/tp-w5
2024-07-18T09:33:21.723Z - info: Rebuilding 1 pages
2024-07-18T09:33:22.736Z - info: Site data built
2024-07-18T09:33:22.736Z - info: Pages rebuilt
2024-07-18T09:33:22.737Z - info: Website regeneration complete! Total build time: 1.014s
2024-07-18T09:33:52.246Z - info: [5:33:52 pm] Reload for file change: C:\repos\nus-cs2103\cs2103-website-base\admin\tp-tasks-fragment.md
2024-07-18T09:33:52.247Z - info: Synchronizing opened pages list before reload
2024-07-18T09:33:52.247Z - info: Current opened pages, from most-to-least recent:
2024-07-18T09:33:52.247Z - info: 1. admin/tp-w5
2024-07-18T09:33:53.258Z - info: Rebuilding 1 pages
2024-07-18T09:33:54.201Z - info: Site data built
2024-07-18T09:33:54.201Z - info: Pages rebuilt
2024-07-18T09:33:54.202Z - info: Website regeneration complete! Total build time: 0.945s
2024-07-18T09:35:18.064Z - info: Building C:\repos\nus-cs2103\cs2103-website-base\admin\tp-w6 as some of its dependencies were changed since the last visit
2024-07-18T09:35:19.682Z - info: Site data built
2024-07-18T09:35:19.682Z - info: Lazy website regeneration complete! Total build time: 1.619s
2024-07-18T09:36:37.490Z - info: [5:36:37 pm] Reload for file change: C:\repos\nus-cs2103\cs2103-website-base\admin\tp-tasks-fragment.md
2024-07-18T09:36:37.491Z - info: Synchronizing opened pages list before reload
2024-07-18T09:36:37.491Z - info: Current opened pages, from most-to-least recent:
2024-07-18T09:36:37.491Z - info: 1. admin/tp-w6
2024-07-18T09:36:38.507Z - info: Rebuilding 1 pages
2024-07-18T09:36:40.349Z - info: Site data built
2024-07-18T09:36:40.349Z - info: Pages rebuilt
2024-07-18T09:36:40.350Z - info: Website regeneration complete! Total build time: 1.844s
2024-07-18T09:38:19.947Z - info: [5:38:19 pm] Reload for file change: C:\repos\nus-cs2103\cs2103-website-base\admin\weeklySchedule.md
2024-07-18T09:38:19.947Z - info: Synchronizing opened pages list before reload
2024-07-18T09:38:19.947Z - info: Current opened pages, from most-to-least recent:
2024-07-18T09:38:19.948Z - info: 1. admin/tp-w6
2024-07-18T09:38:20.956Z - info: Rebuilding 1 pages
2024-07-18T09:38:22.420Z - info: Site data built
2024-07-18T09:38:22.421Z - info: Pages rebuilt
2024-07-18T09:38:22.421Z - info: Website regeneration complete! Total build time: 1.465s
2024-07-18T09:40:06.414Z - info: [5:40:06 pm] Reload for file change: C:\repos\nus-cs2103\cs2103-website-base\admin\tp-tasks-fragment.md
2024-07-18T09:40:06.414Z - info: Synchronizing opened pages list before reload
2024-07-18T09:40:06.414Z - info: Current opened pages, from most-to-least recent:
2024-07-18T09:40:06.415Z - info: 1. admin/tp-w6
2024-07-18T09:40:07.422Z - info: Rebuilding 1 pages
2024-07-18T09:40:09.008Z - info: Site data built
2024-07-18T09:40:09.009Z - info: Pages rebuilt
2024-07-18T09:40:09.009Z - info: Website regeneration complete! Total build time: 1.588s
2024-07-18T09:42:47.678Z - info: [5:42:47 pm] Reload for file change: C:\repos\nus-cs2103\cs2103-website-base\admin\tp-tasks-fragment.md
2024-07-18T09:42:47.679Z - info: Synchronizing opened pages list before reload
2024-07-18T09:42:47.679Z - info: Current opened pages, from most-to-least recent:
2024-07-18T09:42:47.679Z - info: 1. admin/tp-w6
2024-07-18T09:42:48.684Z - info: Rebuilding 1 pages
2024-07-18T09:42:50.120Z - info: Site data built
2024-07-18T09:42:50.121Z - info: Pages rebuilt
2024-07-18T09:42:50.121Z - info: Website regeneration complete! Total build time: 1.438s
2024-07-18T09:43:34.700Z - info: [5:43:34 pm] Reload for file change: C:\repos\nus-cs2103\cs2103-website-base\admin\tp-tasks-fragment.md
2024-07-18T09:43:34.701Z - info: Synchronizing opened pages list before reload
2024-07-18T09:43:34.701Z - info: Current opened pages, from most-to-least recent:
2024-07-18T09:43:34.701Z - info: 1. admin/tp-w6
2024-07-18T09:43:35.717Z - info: Rebuilding 1 pages
2024-07-18T09:43:37.177Z - info: Site data built
2024-07-18T09:43:37.177Z - info: Pages rebuilt
2024-07-18T09:43:37.177Z - info: Website regeneration complete! Total build time: 1.461s
2024-07-18T09:44:09.188Z - info: [5:44:09 pm] Reload for file change: C:\repos\nus-cs2103\cs2103-website-base\admin\tp-tasks-fragment.md
2024-07-18T09:44:09.191Z - info: Synchronizing opened pages list before reload
2024-07-18T09:44:09.191Z - info: Current opened pages, from most-to-least recent:
2024-07-18T09:44:09.192Z - info: 1. admin/tp-w6
2024-07-18T09:44:10.209Z - info: Rebuilding 1 pages
2024-07-18T09:44:11.691Z - info: Site data built
2024-07-18T09:44:11.691Z - info: Pages rebuilt
2024-07-18T09:44:11.691Z - info: Website regeneration complete! Total build time: 1.485s
2024-07-18T09:45:45.785Z - info: [5:45:45 pm] Reload for file change: C:\repos\nus-cs2103\cs2103-website-base\admin\tp-tasks-fragment.md
2024-07-18T09:45:45.785Z - info: Synchronizing opened pages list before reload
2024-07-18T09:45:45.786Z - info: Current opened pages, from most-to-least recent:
2024-07-18T09:45:45.786Z - info: 1. admin/tp-w6
2024-07-18T09:45:46.791Z - info: Rebuilding 1 pages
2024-07-18T09:45:48.610Z - info: Site data built
2024-07-18T09:45:48.610Z - info: Pages rebuilt
2024-07-18T09:45:48.610Z - info: Website regeneration complete! Total build time: 1.82s
2024-07-18T09:45:59.632Z - info: [5:45:59 pm] Reload for file change: C:\repos\nus-cs2103\cs2103-website-base\admin\tp-tasks-fragment.md
2024-07-18T09:45:59.633Z - info: Synchronizing opened pages list before reload
2024-07-18T09:45:59.633Z - info: Current opened pages, from most-to-least recent:
2024-07-18T09:45:59.633Z - info: 1. admin/tp-w6
2024-07-18T09:46:00.648Z - info: Rebuilding 1 pages
2024-07-18T09:46:02.365Z - info: Site data built
2024-07-18T09:46:02.366Z - info: Pages rebuilt
2024-07-18T09:46:02.366Z - info: Website regeneration complete! Total build time: 1.719s
2024-07-18T09:48:18.001Z - info: [5:48:18 pm] Reload for file change: C:\repos\nus-cs2103\cs2103-website-base\admin\tp-tasks-fragment.md
2024-07-18T09:48:18.001Z - info: Synchronizing opened pages list before reload
2024-07-18T09:48:18.001Z - info: Current opened pages, from most-to-least recent:
2024-07-18T09:48:18.002Z - info: 1. admin/tp-w6
2024-07-18T09:48:19.015Z - info: Rebuilding 1 pages
2024-07-18T09:48:20.486Z - info: Site data built
2024-07-18T09:48:20.486Z - info: Pages rebuilt
2024-07-18T09:48:20.486Z - info: Website regeneration complete! Total build time: 1.471s
2024-07-18T09:48:37.669Z - info: [5:48:37 pm] Reload for file change: C:\repos\nus-cs2103\cs2103-website-base\admin\tp-tasks-fragment.md
2024-07-18T09:48:37.670Z - info: Synchronizing opened pages list before reload
2024-07-18T09:48:37.670Z - info: Current opened pages, from most-to-least recent:
2024-07-18T09:48:37.671Z - info: 1. admin/tp-w6
2024-07-18T09:48:38.681Z - info: Rebuilding 1 pages
2024-07-18T09:48:40.111Z - info: Site data built
2024-07-18T09:48:40.111Z - info: Pages rebuilt
2024-07-18T09:48:40.112Z - info: Website regeneration complete! Total build time: 1.432s
2024-07-18T09:49:39.095Z - info: [5:49:39 pm] Reload for file change: C:\repos\nus-cs2103\cs2103-website-base\admin\tp-tasks-fragment.md
2024-07-18T09:49:39.096Z - info: Synchronizing opened pages list before reload
2024-07-18T09:49:39.096Z - info: Current opened pages, from most-to-least recent:
2024-07-18T09:49:39.096Z - info: 1. admin/tp-w6
2024-07-18T09:49:40.112Z - info: Rebuilding 1 pages
2024-07-18T09:49:41.540Z - info: Site data built
2024-07-18T09:49:41.540Z - info: Pages rebuilt
2024-07-18T09:49:41.540Z - info: Website regeneration complete! Total build time: 1.429s
2024-07-18T09:51:42.670Z - info: [5:51:42 pm] Reload for file change: C:\repos\nus-cs2103\cs2103-website-base\admin\tp-tasks-fragment.md
2024-07-18T09:51:42.671Z - info: Synchronizing opened pages list before reload
2024-07-18T09:51:42.671Z - info: Current opened pages, from most-to-least recent:
2024-07-18T09:51:42.671Z - info: 1. admin/tp-w6
2024-07-18T09:51:43.678Z - info: Rebuilding 1 pages
2024-07-18T09:51:45.669Z - info: Site data built
2024-07-18T09:51:45.670Z - info: Pages rebuilt
2024-07-18T09:51:45.670Z - info: Website regeneration complete! Total build time: 1.993s
2024-07-18T09:52:26.221Z - info: [5:52:26 pm] Reload for file change: C:\repos\nus-cs2103\cs2103-website-base\admin\tp-tasks-fragment.md
2024-07-18T09:52:26.222Z - info: Synchronizing opened pages list before reload
2024-07-18T09:52:26.222Z - info: Current opened pages, from most-to-least recent:
2024-07-18T09:52:26.222Z - info: 1. admin/tp-w6
2024-07-18T09:52:27.237Z - info: Rebuilding 1 pages
2024-07-18T09:52:30.089Z - info: Site data built
2024-07-18T09:52:30.089Z - info: Pages rebuilt
2024-07-18T09:52:30.090Z - info: Website regeneration complete! Total build time: 2.853s
2024-07-18T09:53:36.859Z - info: [5:53:36 pm] Reload for file change: C:\repos\nus-cs2103\cs2103-website-base\admin\tp-tasks-fragment.md
2024-07-18T09:53:36.859Z - info: Synchronizing opened pages list before reload
2024-07-18T09:53:36.859Z - info: Current opened pages, from most-to-least recent:
2024-07-18T09:53:36.860Z - info: 1. admin/tp-w6
2024-07-18T09:53:37.875Z - info: Rebuilding 1 pages
2024-07-18T09:53:39.758Z - info: Site data built
2024-07-18T09:53:39.758Z - info: Pages rebuilt
2024-07-18T09:53:39.758Z - info: Website regeneration complete! Total build time: 1.885s
2024-07-18T09:53:59.927Z - info: [5:53:59 pm] Reload for file change: C:\repos\nus-cs2103\cs2103-website-base\admin\tp-tasks-fragment.md
2024-07-18T09:53:59.928Z - info: Synchronizing opened pages list before reload
2024-07-18T09:53:59.928Z - info: Current opened pages, from most-to-least recent:
2024-07-18T09:53:59.928Z - info: 1. admin/tp-w6
2024-07-18T09:54:00.935Z - info: Rebuilding 1 pages
2024-07-18T09:54:03.450Z - info: Site data built
2024-07-18T09:54:03.451Z - info: Pages rebuilt
2024-07-18T09:54:03.451Z - info: Website regeneration complete! Total build time: 2.518s
2024-07-18T09:56:03.009Z - info: [5:56:03 pm] Reload for file change: C:\repos\nus-cs2103\cs2103-website-base\admin\tp-tasks-fragment.md
2024-07-18T09:56:03.009Z - info: Synchronizing opened pages list before reload
2024-07-18T09:56:03.010Z - info: Current opened pages, from most-to-least recent:
2024-07-18T09:56:03.010Z - info: 1. admin/tp-w6
2024-07-18T09:56:04.013Z - info: Rebuilding 1 pages
2024-07-18T09:56:05.442Z - info: Site data built
2024-07-18T09:56:05.442Z - info: Pages rebuilt
2024-07-18T09:56:05.442Z - info: Website regeneration complete! Total build time: 1.43s
2024-07-18T09:56:55.466Z - info: [5:56:55 pm] Reload for file change: C:\repos\nus-cs2103\cs2103-website-base\admin\tp-tasks-fragment.md
2024-07-18T09:56:55.466Z - info: Synchronizing opened pages list before reload
2024-07-18T09:56:55.466Z - info: Current opened pages, from most-to-least recent:
2024-07-18T09:56:55.467Z - info: 1. admin/tp-w6
2024-07-18T09:56:56.480Z - info: Rebuilding 1 pages
2024-07-18T09:56:58.022Z - info: Site data built
2024-07-18T09:56:58.022Z - info: Pages rebuilt
2024-07-18T09:56:58.023Z - info: Website regeneration complete! Total build time: 1.543s
2024-07-18T09:58:34.721Z - info: [5:58:34 pm] Reload for file change: C:\repos\nus-cs2103\cs2103-website-base\admin\tp-tasks-fragment.md
2024-07-18T09:58:34.722Z - info: Synchronizing opened pages list before reload
2024-07-18T09:58:34.722Z - info: Current opened pages, from most-to-least recent:
2024-07-18T09:58:34.723Z - info: 1. admin/tp-w6
2024-07-18T09:58:35.725Z - info: Rebuilding 1 pages
2024-07-18T09:58:37.774Z - info: Site data built
2024-07-18T09:58:37.774Z - info: Pages rebuilt
2024-07-18T09:58:37.774Z - info: Website regeneration complete! Total build time: 2.05s
2024-07-18T09:59:15.483Z - info: [5:59:15 pm] Reload for file change: C:\repos\nus-cs2103\cs2103-website-base\admin\tp-tasks-fragment.md
2024-07-18T09:59:15.483Z - info: Synchronizing opened pages list before reload
2024-07-18T09:59:15.484Z - info: Current opened pages, from most-to-least recent:
2024-07-18T09:59:15.484Z - info: 1. admin/tp-w6
2024-07-18T09:59:16.498Z - info: Rebuilding 1 pages
2024-07-18T09:59:18.319Z - info: Site data built
2024-07-18T09:59:18.319Z - info: Pages rebuilt
2024-07-18T09:59:18.319Z - info: Website regeneration complete! Total build time: 1.822s
2024-07-18T10:26:16.782Z - info: Building C:\repos\nus-cs2103\cs2103-website-base\admin\tp-w7 as some of its dependencies were changed since the last visit
2024-07-18T10:26:18.717Z - info: Site data built
2024-07-18T10:26:18.717Z - info: Lazy website regeneration complete! Total build time: 1.936s
2024-07-18T10:30:11.215Z - info: [6:30:11 pm] Reload for file change: C:\repos\nus-cs2103\cs2103-website-base\admin\tp-timeline.md
2024-07-18T10:30:11.216Z - info: Synchronizing opened pages list before reload
2024-07-18T10:30:11.216Z - info: Current opened pages, from most-to-least recent:
2024-07-18T10:30:11.217Z - info: 1. admin/tp-w7
2024-07-18T10:30:12.230Z - info: Rebuilding 1 pages
2024-07-18T10:30:14.067Z - info: Site data built
2024-07-18T10:30:14.067Z - info: Pages rebuilt
2024-07-18T10:30:14.067Z - info: Website regeneration complete! Total build time: 1.838s
2024-07-18T10:31:03.270Z - info: [6:31:03 pm] Reload for file change: C:\repos\nus-cs2103\cs2103-website-base\admin\tp-timeline.md
2024-07-18T10:31:03.270Z - info: Synchronizing opened pages list before reload
2024-07-18T10:31:03.271Z - info: Current opened pages, from most-to-least recent:
2024-07-18T10:31:03.271Z - info: 1. admin/tp-w7
2024-07-18T10:31:04.280Z - info: Rebuilding 1 pages
2024-07-18T10:31:05.890Z - info: Site data built
2024-07-18T10:31:05.890Z - info: Pages rebuilt
2024-07-18T10:31:05.890Z - info: Website regeneration complete! Total build time: 1.611s
2024-07-18T10:31:17.868Z - info: [6:31:17 pm] Reload for file change: C:\repos\nus-cs2103\cs2103-website-base\admin\tp-timeline.md
2024-07-18T10:31:17.869Z - info: Synchronizing opened pages list before reload
2024-07-18T10:31:17.869Z - info: Current opened pages, from most-to-least recent:
2024-07-18T10:31:17.869Z - info: 1. admin/tp-w7
2024-07-18T10:31:18.878Z - info: Rebuilding 1 pages
2024-07-18T10:31:20.294Z - info: Site data built
2024-07-18T10:31:20.294Z - info: Pages rebuilt
2024-07-18T10:31:20.295Z - info: Website regeneration complete! Total build time: 1.417s
2024-07-18T10:32:37.846Z - info: Building C:\repos\nus-cs2103\cs2103-website-base\admin\tp-w8 as some of its dependencies were changed since the last visit
2024-07-18T10:32:39.096Z - info: Site data built
2024-07-18T10:32:39.097Z - info: Lazy website regeneration complete! Total build time: 1.251s
2024-07-18T10:36:26.355Z - info: [6:36:26 pm] Reload for file change: C:\repos\nus-cs2103\cs2103-website-base\admin\tp-expectations.md
2024-07-18T10:36:26.356Z - info: Synchronizing opened pages list before reload
2024-07-18T10:36:26.357Z - info: Current opened pages, from most-to-least recent:
2024-07-18T10:36:26.357Z - info: 1. admin/tp-w8
2024-07-18T10:36:27.364Z - info: Rebuilding 1 pages
2024-07-18T10:36:28.524Z - info: Site data built
2024-07-18T10:36:28.524Z - info: Pages rebuilt
2024-07-18T10:36:28.525Z - info: Website regeneration complete! Total build time: 1.161s
2024-07-18T10:40:02.012Z - info: [6:40:02 pm] Reload for file change: C:\repos\nus-cs2103\cs2103-website-base\admin\tp-expectations.md
2024-07-18T10:40:02.013Z - info: Synchronizing opened pages list before reload
2024-07-18T10:40:02.013Z - info: Current opened pages, from most-to-least recent:
2024-07-18T10:40:02.013Z - info: 1. admin/tp-w8
2024-07-18T10:40:03.027Z - info: Rebuilding 1 pages
2024-07-18T10:40:04.161Z - info: Site data built
2024-07-18T10:40:04.162Z - info: Pages rebuilt
2024-07-18T10:40:04.162Z - info: Website regeneration complete! Total build time: 1.137s
2024-07-18T10:46:08.641Z - info: [6:46:08 pm] Reload for file change: C:\repos\nus-cs2103\cs2103-website-base\admin\tp-tasks-fragment.md
2024-07-18T10:46:08.641Z - info: Synchronizing opened pages list before reload
2024-07-18T10:46:08.642Z - info: Current opened pages, from most-to-least recent:
2024-07-18T10:46:08.642Z - info: 1. admin/tp-w8
2024-07-18T10:46:09.658Z - info: Rebuilding 1 pages
2024-07-18T10:46:11.401Z - info: Site data built
2024-07-18T10:46:11.402Z - info: Pages rebuilt
2024-07-18T10:46:11.402Z - info: Website regeneration complete! Total build time: 1.745s
2024-07-18T10:47:02.799Z - info: [6:47:02 pm] Reload for file change: C:\repos\nus-cs2103\cs2103-website-base\admin\tp-tasks-fragment.md
2024-07-18T10:47:02.800Z - info: Synchronizing opened pages list before reload
2024-07-18T10:47:02.800Z - info: Current opened pages, from most-to-least recent:
2024-07-18T10:47:02.800Z - info: 1. admin/tp-w8
2024-07-18T10:47:03.811Z - info: Rebuilding 1 pages
2024-07-18T10:47:04.945Z - info: Site data built
2024-07-18T10:47:04.946Z - info: Pages rebuilt
2024-07-18T10:47:04.946Z - info: Website regeneration complete! Total build time: 1.136s
2024-07-18T10:49:02.752Z - info: [6:49:02 pm] Reload for file change: C:\repos\nus-cs2103\cs2103-website-base\admin\tp-tasks-fragment.md
2024-07-18T10:49:02.752Z - info: Synchronizing opened pages list before reload
2024-07-18T10:49:02.752Z - info: Current opened pages, from most-to-least recent:
2024-07-18T10:49:02.753Z - info: 1. admin/tp-w8
2024-07-18T10:49:03.764Z - info: Rebuilding 1 pages
2024-07-18T10:49:05.000Z - info: Site data built
2024-07-18T10:49:05.001Z - info: Pages rebuilt
2024-07-18T10:49:05.001Z - info: Website regeneration complete! Total build time: 1.238s
2024-07-18T10:51:13.176Z - info: Building C:\repos\nus-cs2103\cs2103-website-base\admin\tp-w9 as some of its dependencies were changed since the last visit
2024-07-18T10:51:14.161Z - info: Site data built
2024-07-18T10:51:14.161Z - info: Lazy website regeneration complete! Total build time: 0.985s
2024-07-18T10:52:40.943Z - info: [6:52:40 pm] Reload for file change: C:\repos\nus-cs2103\cs2103-website-base\admin\tp-timeline.md
2024-07-18T10:52:40.944Z - info: Synchronizing opened pages list before reload
2024-07-18T10:52:40.944Z - info: Current opened pages, from most-to-least recent:
2024-07-18T10:52:40.944Z - info: 1. admin/tp-w9
2024-07-18T10:52:41.953Z - info: Rebuilding 1 pages
2024-07-18T10:52:42.708Z - info: Site data built
2024-07-18T10:52:42.708Z - info: Pages rebuilt
2024-07-18T10:52:42.708Z - info: Website regeneration complete! Total build time: 0.756s
2024-07-18T10:54:20.277Z - info: [6:54:20 pm] Reload for file change: C:\repos\nus-cs2103\cs2103-website-base\admin\tp-tasks-fragment.md
2024-07-18T10:54:20.278Z - info: Synchronizing opened pages list before reload
2024-07-18T10:54:20.278Z - info: Current opened pages, from most-to-least recent:
2024-07-18T10:54:20.278Z - info: 1. admin/tp-w9
2024-07-18T10:54:21.285Z - info: Rebuilding 1 pages
2024-07-18T10:54:22.213Z - info: Site data built
2024-07-18T10:54:22.214Z - info: Pages rebuilt
2024-07-18T10:54:22.214Z - info: Website regeneration complete! Total build time: 0.93s
2024-07-18T10:54:39.145Z - info: [6:54:39 pm] Reload for file change: C:\repos\nus-cs2103\cs2103-website-base\admin\tp-tasks-fragment.md
2024-07-18T10:54:39.146Z - info: Synchronizing opened pages list before reload
2024-07-18T10:54:39.146Z - info: Current opened pages, from most-to-least recent:
2024-07-18T10:54:39.146Z - info: 1. admin/tp-w9
2024-07-18T10:54:40.155Z - info: Rebuilding 1 pages
2024-07-18T10:54:40.845Z - info: Site data built
2024-07-18T10:54:40.845Z - info: Pages rebuilt
2024-07-18T10:54:40.845Z - info: Website regeneration complete! Total build time: 0.691s
2024-07-18T11:25:59.058Z - info: [7:25:59 pm] Reload for file change: C:\repos\nus-cs2103\cs2103-website-base\admin\tp-tasks-fragment.md
2024-07-18T11:25:59.059Z - info: Synchronizing opened pages list before reload
2024-07-18T11:25:59.059Z - info: Current opened pages, from most-to-least recent:
2024-07-18T11:25:59.059Z - info: 1. admin/tp-w9
2024-07-18T11:26:00.063Z - info: Rebuilding 1 pages
2024-07-18T11:26:00.948Z - info: Site data built
2024-07-18T11:26:00.948Z - info: Pages rebuilt
2024-07-18T11:26:00.948Z - info: Website regeneration complete! Total build time: 0.886s
2024-07-18T11:26:49.773Z - info: [7:26:49 pm] Reload for file change: C:\repos\nus-cs2103\cs2103-website-base\admin\tp-tasks-fragment.md
2024-07-18T11:26:49.774Z - info: Synchronizing opened pages list before reload
2024-07-18T11:26:49.775Z - info: Current opened pages, from most-to-least recent:
2024-07-18T11:26:49.776Z - info: 1. admin/tp-w9
2024-07-18T11:26:50.782Z - info: Rebuilding 1 pages
2024-07-18T11:26:51.674Z - info: Site data built
2024-07-18T11:26:51.675Z - info: Pages rebuilt
2024-07-18T11:26:51.675Z - info: Website regeneration complete! Total build time: 0.895s
2024-07-18T11:26:57.520Z - info: [7:26:57 pm] Reload for file change: C:\repos\nus-cs2103\cs2103-website-base\admin\tp-tasks-fragment.md
2024-07-18T11:26:57.521Z - info: Synchronizing opened pages list before reload
2024-07-18T11:26:57.521Z - info: Current opened pages, from most-to-least recent:
2024-07-18T11:26:57.521Z - info: 1. admin/tp-w9
2024-07-18T11:26:58.533Z - info: Rebuilding 1 pages
2024-07-18T11:26:59.369Z - info: Site data built
2024-07-18T11:26:59.369Z - info: Pages rebuilt
2024-07-18T11:26:59.370Z - info: Website regeneration complete! Total build time: 0.838s
2024-07-18T11:27:11.242Z - info: Building C:\repos\nus-cs2103\cs2103-website-base\admin\tp-w10 as some of its dependencies were changed since the last visit
2024-07-18T11:27:12.383Z - info: Site data built
2024-07-18T11:27:12.384Z - info: Lazy website regeneration complete! Total build time: 1.141s
2024-07-18T11:27:48.311Z - info: [7:27:48 pm] Reload for file change: C:\repos\nus-cs2103\cs2103-website-base\admin\tp-tasks-fragment.md
2024-07-18T11:27:48.312Z - info: Synchronizing opened pages list before reload
2024-07-18T11:27:48.312Z - info: Current opened pages, from most-to-least recent:
2024-07-18T11:27:48.312Z - info: 1. admin/tp-w10
2024-07-18T11:27:49.318Z - info: Rebuilding 1 pages
2024-07-18T11:27:50.955Z - info: Site data built
2024-07-18T11:27:50.955Z - info: Pages rebuilt
2024-07-18T11:27:50.955Z - info: Website regeneration complete! Total build time: 1.638s
2024-07-18T11:28:18.825Z - info: [7:28:18 pm] Reload for file change: C:\repos\nus-cs2103\cs2103-website-base\admin\tp-tasks-fragment.md
2024-07-18T11:28:18.825Z - info: Synchronizing opened pages list before reload
2024-07-18T11:28:18.825Z - info: Current opened pages, from most-to-least recent:
2024-07-18T11:28:18.825Z - info: 1. admin/tp-w10
2024-07-18T11:28:19.831Z - info: Rebuilding 1 pages
2024-07-18T11:28:21.180Z - info: Site data built
2024-07-18T11:28:21.180Z - info: Pages rebuilt
2024-07-18T11:28:21.181Z - info: Website regeneration complete! Total build time: 1.351s
2024-07-18T11:28:40.297Z - info: [7:28:40 pm] Reload for file change: C:\repos\nus-cs2103\cs2103-website-base\admin\tp-tasks-fragment.md
2024-07-18T11:28:40.297Z - info: Synchronizing opened pages list before reload
2024-07-18T11:28:40.297Z - info: Current opened pages, from most-to-least recent:
2024-07-18T11:28:40.297Z - info: 1. admin/tp-w10
2024-07-18T11:28:41.307Z - info: Rebuilding 1 pages
2024-07-18T11:28:43.079Z - info: Site data built
2024-07-18T11:28:43.080Z - info: Pages rebuilt
2024-07-18T11:28:43.080Z - info: Website regeneration complete! Total build time: 1.773s
2024-07-18T11:29:14.974Z - info: [7:29:14 pm] Reload for file change: C:\repos\nus-cs2103\cs2103-website-base\admin\tp-tasks-fragment.md
2024-07-18T11:29:14.975Z - info: Synchronizing opened pages list before reload
2024-07-18T11:29:14.975Z - info: Current opened pages, from most-to-least recent:
2024-07-18T11:29:14.976Z - info: 1. admin/tp-w10
2024-07-18T11:29:15.979Z - info: Rebuilding 1 pages
2024-07-18T11:29:17.387Z - info: Site data built
2024-07-18T11:29:17.387Z - info: Pages rebuilt
2024-07-18T11:29:17.387Z - info: Website regeneration complete! Total build time: 1.409s
2024-07-18T11:29:25.221Z - info: [7:29:25 pm] Reload for file change: C:\repos\nus-cs2103\cs2103-website-base\admin\tp-tasks-fragment.md
2024-07-18T11:29:25.222Z - info: Synchronizing opened pages list before reload
2024-07-18T11:29:25.222Z - info: Current opened pages, from most-to-least recent:
2024-07-18T11:29:25.222Z - info: 1. admin/tp-w10
2024-07-18T11:29:26.231Z - info: Rebuilding 1 pages
2024-07-18T11:29:27.536Z - info: Site data built
2024-07-18T11:29:27.536Z - info: Pages rebuilt
2024-07-18T11:29:27.537Z - info: Website regeneration complete! Total build time: 1.307s
2024-07-18T11:33:58.937Z - info: [7:33:58 pm] Reload for file change: C:\repos\nus-cs2103\cs2103-website-base\admin\tp-tasks-fragment.md
2024-07-18T11:33:58.938Z - info: Synchronizing opened pages list before reload
2024-07-18T11:33:58.938Z - info: Current opened pages, from most-to-least recent:
2024-07-18T11:33:58.938Z - info: 1. admin/tp-w10
2024-07-18T11:33:59.952Z - info: Rebuilding 1 pages
2024-07-18T11:34:01.505Z - info: Site data built
2024-07-18T11:34:01.505Z - info: Pages rebuilt
2024-07-18T11:34:01.505Z - info: Website regeneration complete! Total build time: 1.555s
2024-07-18T11:34:29.855Z - info: [7:34:29 pm] Reload for file change: C:\repos\nus-cs2103\cs2103-website-base\admin\tp-tasks-fragment.md
2024-07-18T11:34:29.856Z - info: Synchronizing opened pages list before reload
2024-07-18T11:34:29.856Z - info: Current opened pages, from most-to-least recent:
2024-07-18T11:34:29.856Z - info: 1. admin/tp-w10
2024-07-18T11:34:30.871Z - info: Rebuilding 1 pages
2024-07-18T11:34:32.499Z - info: Site data built
2024-07-18T11:34:32.499Z - info: Pages rebuilt
2024-07-18T11:34:32.500Z - info: Website regeneration complete! Total build time: 1.629s
2024-07-18T11:34:54.963Z - info: Building C:\repos\nus-cs2103\cs2103-website-base\admin\tp-w9 as some of its dependencies were changed since the last visit
2024-07-18T11:34:56.010Z - info: Site data built
2024-07-18T11:34:56.011Z - info: Lazy website regeneration complete! Total build time: 1.049s
2024-07-18T11:36:38.948Z - info: [7:36:38 pm] Reload for file change: C:\repos\nus-cs2103\cs2103-website-base\admin\tp-tasks-fragment.md
2024-07-18T11:36:38.948Z - info: Synchronizing opened pages list before reload
2024-07-18T11:36:38.948Z - info: Current opened pages, from most-to-least recent:
2024-07-18T11:36:38.948Z - info: 1. admin/tp-w9
2024-07-18T11:36:39.956Z - info: Rebuilding 1 pages
2024-07-18T11:36:40.961Z - info: Site data built
2024-07-18T11:36:40.961Z - info: Pages rebuilt
2024-07-18T11:36:40.961Z - info: Website regeneration complete! Total build time: 1.005s
2024-07-18T11:38:13.783Z - info: [7:38:13 pm] Reload for file change: C:\repos\nus-cs2103\cs2103-website-base\admin\tp-tasks-fragment.md
2024-07-18T11:38:13.783Z - info: Synchronizing opened pages list before reload
2024-07-18T11:38:13.783Z - info: Current opened pages, from most-to-least recent:
2024-07-18T11:38:13.783Z - info: 1. admin/tp-w9
2024-07-18T11:38:14.791Z - info: Rebuilding 1 pages
2024-07-18T11:38:15.937Z - info: Site data built
2024-07-18T11:38:15.938Z - info: Pages rebuilt
2024-07-18T11:38:15.938Z - info: Website regeneration complete! Total build time: 1.149s
2024-07-18T11:40:17.242Z - info: [7:40:17 pm] Reload for file change: C:\repos\nus-cs2103\cs2103-website-base\admin\tp-tasks-fragment.md
2024-07-18T11:40:17.242Z - info: Synchronizing opened pages list before reload
2024-07-18T11:40:17.242Z - info: Current opened pages, from most-to-least recent:
2024-07-18T11:40:17.243Z - info: 1. admin/tp-w9
2024-07-18T11:40:18.249Z - info: Rebuilding 1 pages
2024-07-18T11:40:19.374Z - info: Site data built
2024-07-18T11:40:19.374Z - info: Pages rebuilt
2024-07-18T11:40:19.375Z - info: Website regeneration complete! Total build time: 1.127s
2024-07-18T11:41:31.799Z - info: [7:41:31 pm] Reload for file change: C:\repos\nus-cs2103\cs2103-website-base\admin\tp-tasks-fragment.md
2024-07-18T11:41:31.799Z - info: Synchronizing opened pages list before reload
2024-07-18T11:41:31.800Z - info: Current opened pages, from most-to-least recent:
2024-07-18T11:41:31.800Z - info: 1. admin/tp-w9
2024-07-18T11:41:32.812Z - info: Rebuilding 1 pages
2024-07-18T11:41:33.715Z - info: Site data built
2024-07-18T11:41:33.716Z - info: Pages rebuilt
2024-07-18T11:41:33.716Z - info: Website regeneration complete! Total build time: 0.905s
2024-07-18T11:42:05.693Z - info: Building C:\repos\nus-cs2103\cs2103-website-base\admin\tp-w7 as some of its dependencies were changed since the last visit
2024-07-18T11:42:07.357Z - info: Site data built
2024-07-18T11:42:07.358Z - info: Lazy website regeneration complete! Total build time: 1.665s
2024-07-18T11:42:36.286Z - info: [7:42:36 pm] Reload for file change: C:\repos\nus-cs2103\cs2103-website-base\admin\tp-tasks-fragment.md
2024-07-18T11:42:36.287Z - info: Synchronizing opened pages list before reload
2024-07-18T11:42:36.287Z - info: Current opened pages, from most-to-least recent:
2024-07-18T11:42:36.287Z - info: 1. admin/tp-w7
2024-07-18T11:42:37.289Z - info: Rebuilding 1 pages
2024-07-18T11:42:39.027Z - info: Site data built
2024-07-18T11:42:39.027Z - info: Pages rebuilt
2024-07-18T11:42:39.027Z - info: Website regeneration complete! Total build time: 1.739s
2024-07-18T11:42:41.394Z - info: Building C:\repos\nus-cs2103\cs2103-website-base\admin\tp-w9 as some of its dependencies were changed since the last visit
2024-07-18T11:42:42.422Z - info: Site data built
2024-07-18T11:42:42.422Z - info: Lazy website regeneration complete! Total build time: 1.028s
2024-07-18T11:43:08.687Z - info: [7:43:08 pm] Reload for file change: C:\repos\nus-cs2103\cs2103-website-base\admin\tp-tasks-fragment.md
2024-07-18T11:43:08.688Z - info: Synchronizing opened pages list before reload
2024-07-18T11:43:08.688Z - info: Current opened pages, from most-to-least recent:
2024-07-18T11:43:08.688Z - info: 1. admin/tp-w9
2024-07-18T11:43:09.700Z - info: Rebuilding 1 pages
2024-07-18T11:43:11.309Z - info: Site data built
2024-07-18T11:43:11.309Z - info: Pages rebuilt
2024-07-18T11:43:11.309Z - info: Website regeneration complete! Total build time: 1.611s
2024-07-18T11:44:17.231Z - info: Building C:\repos\nus-cs2103\cs2103-website-base\admin\tp-w11 as some of its dependencies were changed since the last visit
2024-07-18T11:44:18.802Z - info: Site data built
2024-07-18T11:44:18.803Z - info: Lazy website regeneration complete! Total build time: 1.573s
2024-07-18T11:46:39.154Z - info: [7:46:39 pm] Reload for file change: C:\repos\nus-cs2103\cs2103-website-base\_course-CS2103\weeklyTpTasks-fragment.md
2024-07-18T11:46:39.155Z - info: Synchronizing opened pages list before reload
2024-07-18T11:46:39.155Z - info: Current opened pages, from most-to-least recent:
2024-07-18T11:46:39.155Z - info: 1. admin/tp-w11
2024-07-18T11:46:40.331Z - info: Rebuilding 1 pages
2024-07-18T11:46:41.790Z - info: Site data built
2024-07-18T11:46:41.790Z - info: Pages rebuilt
2024-07-18T11:46:41.791Z - info: Website regeneration complete! Total build time: 1.459s
2024-07-18T11:47:33.961Z - info: [7:47:33 pm] Reload for file change: C:\repos\nus-cs2103\cs2103-website-base\_course-CS2103\weeklyTpTasks-fragment.md
2024-07-18T11:47:33.961Z - info: Synchronizing opened pages list before reload
2024-07-18T11:47:33.962Z - info: Current opened pages, from most-to-least recent:
2024-07-18T11:47:33.962Z - info: 1. admin/tp-w11
2024-07-18T11:47:35.144Z - info: Rebuilding 1 pages
2024-07-18T11:47:36.645Z - info: Site data built
2024-07-18T11:47:36.645Z - info: Pages rebuilt
2024-07-18T11:47:36.645Z - info: Website regeneration complete! Total build time: 1.503s
2024-07-18T11:47:44.407Z - info: Building C:\repos\nus-cs2103\cs2103-website-base\admin\tp-w10 as some of its dependencies were changed since the last visit
2024-07-18T11:47:45.525Z - info: Site data built
2024-07-18T11:47:45.525Z - info: Lazy website regeneration complete! Total build time: 1.118s
2024-07-18T11:48:25.717Z - info: [7:48:25 pm] Reload for file change: C:\repos\nus-cs2103\cs2103-website-base\admin\tp-tasks-fragment.md
2024-07-18T11:48:25.717Z - info: Synchronizing opened pages list before reload
2024-07-18T11:48:25.717Z - info: Current opened pages, from most-to-least recent:
2024-07-18T11:48:25.717Z - info: 1. admin/tp-w10
2024-07-18T11:48:26.720Z - info: Rebuilding 1 pages
2024-07-18T11:48:28.039Z - info: Site data built
2024-07-18T11:48:28.039Z - info: Pages rebuilt
2024-07-18T11:48:28.039Z - info: Website regeneration complete! Total build time: 1.32s
2024-07-18T11:48:36.158Z - info: Building C:\repos\nus-cs2103\cs2103-website-base\admin\tp-w9 as some of its dependencies were changed since the last visit
2024-07-18T11:48:36.980Z - info: Site data built
2024-07-18T11:48:36.981Z - info: Lazy website regeneration complete! Total build time: 0.824s
2024-07-18T11:48:50.187Z - info: [7:48:50 pm] Reload for file change: C:\repos\nus-cs2103\cs2103-website-base\admin\tp-tasks-fragment.md
2024-07-18T11:48:50.187Z - info: Synchronizing opened pages list before reload
2024-07-18T11:48:50.187Z - info: Current opened pages, from most-to-least recent:
2024-07-18T11:48:50.187Z - info: 1. admin/tp-w9
2024-07-18T11:48:51.204Z - info: Rebuilding 1 pages
2024-07-18T11:48:52.101Z - info: Site data built
2024-07-18T11:48:52.101Z - info: Pages rebuilt
2024-07-18T11:48:52.101Z - info: Website regeneration complete! Total build time: 0.898s
2024-07-18T11:49:13.931Z - info: [7:49:13 pm] Reload for file change: C:\repos\nus-cs2103\cs2103-website-base\admin\tp-tasks-fragment.md
2024-07-18T11:49:13.932Z - info: Synchronizing opened pages list before reload
2024-07-18T11:49:13.932Z - info: Current opened pages, from most-to-least recent:
2024-07-18T11:49:13.932Z - info: 1. admin/tp-w9
2024-07-18T11:49:14.938Z - info: Rebuilding 1 pages
2024-07-18T11:49:15.808Z - info: Site data built
2024-07-18T11:49:15.808Z - info: Pages rebuilt
2024-07-18T11:49:15.809Z - info: Website regeneration complete! Total build time: 0.871s
2024-07-18T11:50:05.857Z - info: [7:50:05 pm] Reload for file change: C:\repos\nus-cs2103\cs2103-website-base\admin\tp-tasks-fragment.md
2024-07-18T11:50:05.857Z - info: Synchronizing opened pages list before reload
2024-07-18T11:50:05.858Z - info: Current opened pages, from most-to-least recent:
2024-07-18T11:50:05.858Z - info: 1. admin/tp-w9
2024-07-18T11:50:06.871Z - info: Rebuilding 1 pages
2024-07-18T11:50:07.630Z - info: Site data built
2024-07-18T11:50:07.630Z - info: Pages rebuilt
2024-07-18T11:50:07.630Z - info: Website regeneration complete! Total build time: 0.761s
2024-07-18T11:50:21.136Z - info: Building C:\repos\nus-cs2103\cs2103-website-base\admin\tp-w10 as some of its dependencies were changed since the last visit
2024-07-18T11:50:22.249Z - info: Site data built
2024-07-18T11:50:22.249Z - info: Lazy website regeneration complete! Total build time: 1.113s
2024-07-18T11:51:00.347Z - info: Building C:\repos\nus-cs2103\cs2103-website-base\admin\tp-w11 as some of its dependencies were changed since the last visit
2024-07-18T11:51:01.986Z - info: Site data built
2024-07-18T11:51:01.987Z - info: Lazy website regeneration complete! Total build time: 1.64s
2024-07-18T11:51:56.245Z - info: [7:51:56 pm] Reload for file change: C:\repos\nus-cs2103\cs2103-website-base\admin\tp-tasks-fragment.md
2024-07-18T11:51:56.246Z - info: Synchronizing opened pages list before reload
2024-07-18T11:51:56.246Z - info: Current opened pages, from most-to-least recent:
2024-07-18T11:51:56.246Z - info: 1. admin/tp-w11
2024-07-18T11:51:57.257Z - info: Rebuilding 1 pages
2024-07-18T11:51:58.773Z - info: Site data built
2024-07-18T11:51:58.773Z - info: Pages rebuilt
2024-07-18T11:51:58.773Z - info: Website regeneration complete! Total build time: 1.517s
2024-07-18T11:52:50.471Z - info: [7:52:50 pm] Reload for file change: C:\repos\nus-cs2103\cs2103-website-base\admin\tp-tasks-fragment.md
2024-07-18T11:52:50.471Z - info: Synchronizing opened pages list before reload
2024-07-18T11:52:50.472Z - info: Current opened pages, from most-to-least recent:
2024-07-18T11:52:50.472Z - info: 1. admin/tp-w11
2024-07-18T11:52:51.487Z - info: Rebuilding 1 pages
2024-07-18T11:52:53.057Z - info: Site data built
2024-07-18T11:52:53.057Z - info: Pages rebuilt
2024-07-18T11:52:53.057Z - info: Website regeneration complete! Total build time: 1.571s
2024-07-18T11:53:32.795Z - info: Building C:\repos\nus-cs2103\cs2103-website-base\admin\tp-w12 as some of its dependencies were changed since the last visit
2024-07-18T11:53:34.368Z - info: Site data built
2024-07-18T11:53:34.369Z - info: Lazy website regeneration complete! Total build time: 1.575s
2024-07-18T11:54:05.662Z - info: [7:54:05 pm] Reload for file change: C:\repos\nus-cs2103\cs2103-website-base\admin\tp-tasks-fragment.md
2024-07-18T11:54:05.662Z - info: Synchronizing opened pages list before reload
2024-07-18T11:54:05.663Z - info: Current opened pages, from most-to-least recent:
2024-07-18T11:54:05.663Z - info: 1. admin/tp-w12
2024-07-18T11:54:06.678Z - info: Rebuilding 1 pages
2024-07-18T11:54:08.564Z - info: Site data built
2024-07-18T11:54:08.564Z - info: Pages rebuilt
2024-07-18T11:54:08.564Z - info: Website regeneration complete! Total build time: 1.887s
2024-07-18T11:54:38.933Z - info: [7:54:38 pm] Reload for file change: C:\repos\nus-cs2103\cs2103-website-base\admin\tp-tasks-fragment.md
2024-07-18T11:54:38.934Z - info: Synchronizing opened pages list before reload
2024-07-18T11:54:38.934Z - info: Current opened pages, from most-to-least recent:
2024-07-18T11:54:38.934Z - info: 1. admin/tp-w12
2024-07-18T11:54:39.949Z - info: Rebuilding 1 pages
2024-07-18T11:54:41.340Z - info: Site data built
2024-07-18T11:54:41.340Z - info: Pages rebuilt
2024-07-18T11:54:41.340Z - info: Website regeneration complete! Total build time: 1.392s
2024-07-18T11:54:50.027Z - info: [7:54:50 pm] Reload for file change: C:\repos\nus-cs2103\cs2103-website-base\admin\tp-tasks-fragment.md
2024-07-18T11:54:50.027Z - info: Synchronizing opened pages list before reload
2024-07-18T11:54:50.028Z - info: Current opened pages, from most-to-least recent:
2024-07-18T11:54:50.028Z - info: 1. admin/tp-w12
2024-07-18T11:54:51.034Z - info: Rebuilding 1 pages
2024-07-18T11:54:52.589Z - info: Site data built
2024-07-18T11:54:52.590Z - info: Pages rebuilt
2024-07-18T11:54:52.590Z - info: Website regeneration complete! Total build time: 1.558s
2024-07-18T11:55:23.265Z - info: Building C:\repos\nus-cs2103\cs2103-website-base\admin\tp-w13 as some of its dependencies were changed since the last visit
2024-07-18T11:55:26.240Z - info: Site data built
2024-07-18T11:55:26.240Z - info: Lazy website regeneration complete! Total build time: 2.975s
2024-07-18T11:56:34.475Z - info: Building C:\repos\nus-cs2103\cs2103-website-base\admin\tp-w11 as some of its dependencies were changed since the last visit
2024-07-18T11:56:36.187Z - info: Site data built
2024-07-18T11:56:36.187Z - info: Lazy website regeneration complete! Total build time: 1.713s
2024-07-18T11:57:36.440Z - info: [7:57:36 pm] Reload for file change: C:\repos\nus-cs2103\cs2103-website-base\admin\tp-tasks-fragment.md
2024-07-18T11:57:36.440Z - info: Synchronizing opened pages list before reload
2024-07-18T11:57:36.440Z - info: Current opened pages, from most-to-least recent:
2024-07-18T11:57:36.440Z - info: 1. admin/tp-w11
2024-07-18T11:57:37.448Z - info: Rebuilding 1 pages
2024-07-18T11:57:38.999Z - info: Site data built
2024-07-18T11:57:38.999Z - info: Pages rebuilt
2024-07-18T11:57:38.999Z - info: Website regeneration complete! Total build time: 1.554s
2024-07-18T11:57:43.095Z - info: Building C:\repos\nus-cs2103\cs2103-website-base\admin\tp-w13 as some of its dependencies were changed since the last visit
2024-07-18T11:57:45.873Z - info: Site data built
2024-07-18T11:57:45.873Z - info: Lazy website regeneration complete! Total build time: 2.778s
2024-07-18T11:59:08.297Z - info: [7:59:08 pm] Reload for file change: C:\repos\nus-cs2103\cs2103-website-base\admin\tp-tasks-fragment.md
2024-07-18T11:59:08.298Z - info: Synchronizing opened pages list before reload
2024-07-18T11:59:08.298Z - info: Current opened pages, from most-to-least recent:
2024-07-18T11:59:08.298Z - info: 1. admin/tp-w13
2024-07-18T11:59:09.300Z - info: Rebuilding 1 pages
2024-07-18T11:59:12.085Z - info: Site data built
2024-07-18T11:59:12.085Z - info: Pages rebuilt
2024-07-18T11:59:12.085Z - info: Website regeneration complete! Total build time: 2.786s
2024-07-18T12:00:15.800Z - info: [8:00:15 pm] Reload for file change: C:\repos\nus-cs2103\cs2103-website-base\admin\tp-tasks-fragment.md
2024-07-18T12:00:15.801Z - info: Synchronizing opened pages list before reload
2024-07-18T12:00:15.801Z - info: Current opened pages, from most-to-least recent:
2024-07-18T12:00:15.801Z - info: 1. admin/tp-w13
2024-07-18T12:00:16.807Z - info: Rebuilding 1 pages
2024-07-18T12:00:20.354Z - info: Site data built
2024-07-18T12:00:20.355Z - info: Pages rebuilt
2024-07-18T12:00:20.355Z - info: Website regeneration complete! Total build time: 3.55s
2024-07-18T12:00:57.798Z - info: [8:00:57 pm] Reload for file change: C:\repos\nus-cs2103\cs2103-website-base\admin\tp-tasks-fragment.md
2024-07-18T12:00:57.799Z - info: Synchronizing opened pages list before reload
2024-07-18T12:00:57.799Z - info: Current opened pages, from most-to-least recent:
2024-07-18T12:00:57.799Z - info: 1. admin/tp-w13
2024-07-18T12:00:58.816Z - info: Rebuilding 1 pages
2024-07-18T12:01:01.435Z - info: Site data built
2024-07-18T12:01:01.436Z - info: Pages rebuilt
2024-07-18T12:01:01.436Z - info: Website regeneration complete! Total build time: 2.623s
2024-07-18T12:01:04.326Z - info: Building C:\repos\nus-cs2103\cs2103-website-base\admin\tp-grading as some of its dependencies were changed since the last visit
2024-07-18T12:01:04.689Z - info: Site data built
2024-07-18T12:01:04.689Z - info: Lazy website regeneration complete! Total build time: 0.364s
2024-07-18T12:01:38.560Z - info: [8:01:38 pm] Reload for file change: C:\repos\nus-cs2103\cs2103-website-base\admin\tp-tasks-fragment.md
2024-07-18T12:01:38.561Z - info: Synchronizing opened pages list before reload
2024-07-18T12:01:38.561Z - info: Current opened pages, from most-to-least recent:
2024-07-18T12:01:38.561Z - info: 1. admin/tp-w13
2024-07-18T12:01:39.578Z - info: Rebuilding 1 pages
2024-07-18T12:01:42.322Z - info: Site data built
2024-07-18T12:01:42.322Z - info: Pages rebuilt
2024-07-18T12:01:42.322Z - info: Website regeneration complete! Total build time: 2.746s
2024-07-18T12:01:48.232Z - info: Building C:\repos\nus-cs2103\cs2103-website-base\admin\tp-w11 as some of its dependencies were changed since the last visit
2024-07-18T12:01:49.887Z - info: Site data built
2024-07-18T12:01:49.888Z - info: Lazy website regeneration complete! Total build time: 1.656s
2024-07-18T12:02:28.697Z - info: [8:02:28 pm] Reload for file change: C:\repos\nus-cs2103\cs2103-website-base\admin\tp-tasks-fragment.md
2024-07-18T12:02:28.697Z - info: Synchronizing opened pages list before reload
2024-07-18T12:02:28.698Z - info: Current opened pages, from most-to-least recent:
2024-07-18T12:02:28.698Z - info: 1. admin/tp-w11
2024-07-18T12:02:29.712Z - info: Rebuilding 1 pages
2024-07-18T12:02:32.010Z - info: Site data built
2024-07-18T12:02:32.011Z - info: Pages rebuilt
2024-07-18T12:02:32.011Z - info: Website regeneration complete! Total build time: 2.301s
2024-07-18T12:02:44.364Z - info: [8:02:44 pm] Reload for file change: C:\repos\nus-cs2103\cs2103-website-base\admin\tp-tasks-fragment.md
2024-07-18T12:02:44.364Z - info: Synchronizing opened pages list before reload
2024-07-18T12:02:44.364Z - info: Current opened pages, from most-to-least recent:
2024-07-18T12:02:44.364Z - info: 1. admin/tp-w11
2024-07-18T12:02:45.373Z - info: Rebuilding 1 pages
2024-07-18T12:02:47.574Z - info: Site data built
2024-07-18T12:02:47.574Z - info: Pages rebuilt
2024-07-18T12:02:47.575Z - info: Website regeneration complete! Total build time: 2.202s
2024-07-18T12:03:15.055Z - info: [8:03:15 pm] Reload for file change: C:\repos\nus-cs2103\cs2103-website-base\admin\tp-tasks-fragment.md
2024-07-18T12:03:15.055Z - info: Synchronizing opened pages list before reload
2024-07-18T12:03:15.056Z - info: Current opened pages, from most-to-least recent:
2024-07-18T12:03:15.056Z - info: 1. admin/tp-w11
2024-07-18T12:03:16.123Z - info: Rebuilding 1 pages
2024-07-18T12:03:19.412Z - info: Site data built
2024-07-18T12:03:19.412Z - info: Pages rebuilt
2024-07-18T12:03:19.412Z - info: Website regeneration complete! Total build time: 3.313s
2024-07-18T12:03:53.314Z - info: Building C:\repos\nus-cs2103\cs2103-website-base\admin\tp-w13 as some of its dependencies were changed since the last visit
2024-07-18T12:03:55.843Z - info: Site data built
2024-07-18T12:03:55.844Z - info: Lazy website regeneration complete! Total build time: 2.529s
2024-07-18T12:12:49.494Z - info: Website generation started at 8:12:46 pm
2024-07-18T12:12:59.098Z - info: Building assets...
2024-07-18T12:13:05.130Z - info: Assets built
2024-07-18T12:13:05.132Z - info: Generating pages...
2024-07-18T12:13:26.228Z - debug:  
2024-07-18T12:13:26.230Z - debug:  
2024-07-18T12:13:26.231Z - debug:  
2024-07-18T12:13:26.232Z - debug:  
2024-07-18T12:13:26.232Z - debug:  
2024-07-18T12:13:26.233Z - debug:  
2024-07-18T12:13:26.234Z - debug:  
2024-07-18T12:13:26.234Z - debug:  
2024-07-18T12:13:26.933Z - debug:  
2024-07-18T12:13:26.937Z - debug:  
2024-07-18T12:13:26.938Z - debug:  
2024-07-18T12:13:26.939Z - debug:  
2024-07-18T12:13:27.186Z - debug:  
2024-07-18T12:13:27.352Z - debug:  
2024-07-18T12:13:27.726Z - debug:  
2024-07-18T12:13:31.328Z - debug:  
2024-07-18T12:13:31.328Z - debug:  
2024-07-18T12:14:51.827Z - error: Invalid HTML in C:\repos\nus-cs2103\cs2103-website-base\schedule\week5\tutorial.md.
Table must have a tbody tag. Please correct this to avoid Vue hydration issues.

2024-07-18T12:15:17.877Z - error: Invalid HTML in C:\repos\nus-cs2103\cs2103-website-base\schedule\week4\project.md.
Table must have a tbody tag. Please correct this to avoid Vue hydration issues.

2024-07-18T12:15:17.878Z - error: Invalid HTML in C:\repos\nus-cs2103\cs2103-website-base\schedule\week4\project.md.
Table must have a tbody tag. Please correct this to avoid Vue hydration issues.

2024-07-18T12:15:44.553Z - debug:  
2024-07-18T12:16:02.627Z - debug:  
2024-07-18T12:16:02.781Z - debug:  
2024-07-18T12:16:09.424Z - error: Invalid HTML in C:\repos\nus-cs2103\cs2103-website-base\admin\ip-w4.md.
Table must have a tbody tag. Please correct this to avoid Vue hydration issues.

2024-07-18T12:16:09.424Z - error: Invalid HTML in C:\repos\nus-cs2103\cs2103-website-base\admin\ip-w4.md.
Table must have a tbody tag. Please correct this to avoid Vue hydration issues.

2024-07-18T12:16:11.474Z - info: Pages built
2024-07-18T12:16:12.656Z - info: Site data built
2024-07-18T12:16:12.657Z - info: Website generation complete! Total build time: 205.699s
2024-07-18T12:16:12.657Z - info: Build success!
2024-07-18T12:18:30.376Z - info: The website has been deployed at: https://nus-cs2103-ay2425s1.github.io/website
