2024-09-08T16:00:11.255Z - info: [12:00:11 am] Reload for file change: C:\repos\nus-cs2103\cs2103-website-base\schedule\week5\tutorial-cs2103-fragment.md
2024-09-08T16:00:11.269Z - info: Synchronizing opened pages list before reload
2024-09-08T16:00:11.269Z - info: Current opened pages, from most-to-least recent:
2024-09-08T16:00:11.270Z - info: 1. schedule/week5/tutorial
2024-09-08T16:00:12.279Z - info: Rebuilding 1 pages
2024-09-08T16:00:13.935Z - info: Site data built
2024-09-08T16:00:13.935Z - info: Pages rebuilt
2024-09-08T16:00:13.936Z - info: Website regeneration complete! Total build time: 1.66s
2024-09-08T16:03:11.319Z - info: [12:03:11 am] Reload for file change: C:\repos\nus-cs2103\cs2103-website-base\schedule\week5\tutorial-cs2103-fragment.md
2024-09-08T16:03:11.319Z - info: Synchronizing opened pages list before reload
2024-09-08T16:03:11.320Z - info: Current opened pages, from most-to-least recent:
2024-09-08T16:03:11.320Z - info: 1. schedule/week5/tutorial
2024-09-08T16:03:12.331Z - info: Rebuilding 1 pages
2024-09-08T16:03:14.639Z - info: Site data built
2024-09-08T16:03:14.639Z - info: Pages rebuilt
2024-09-08T16:03:14.640Z - info: Website regeneration complete! Total build time: 2.31s
2024-09-08T16:07:37.655Z - info: Website generation started at 12:07:15 am
2024-09-08T16:07:50.586Z - warn: ENOENT: no such file or directory, open 'C:\repos\nus-cs2103\cs2103-website-base\node_modules\.cache\gh-pages\https!github.com!nus-cs2103-AY2425S1!website.git\book\_markbind\variables.md'
2024-09-08T16:07:50.588Z - warn: ENOENT: no such file or directory, open 'C:\repos\nus-cs2103\cs2103-website-base\node_modules\.cache\gh-pages\https!github.com!nus-cs2103-AY2425S1!website.git\_markbind\variables.md'
2024-09-08T16:07:50.681Z - info: Building assets...
2024-09-08T16:08:54.480Z - info: Assets built
2024-09-08T16:08:54.481Z - info: Generating pages...
2024-09-08T16:09:19.502Z - debug:  
2024-09-08T16:09:19.506Z - debug:  
2024-09-08T16:09:19.507Z - debug:  
2024-09-08T16:09:19.508Z - debug:  
2024-09-08T16:09:19.509Z - debug:  
2024-09-08T16:09:19.510Z - debug:  
2024-09-08T16:09:19.510Z - debug:  
2024-09-08T16:09:19.511Z - debug:  
2024-09-08T16:09:20.022Z - debug:  
2024-09-08T16:09:20.025Z - debug:  
2024-09-08T16:09:20.025Z - debug:  
2024-09-08T16:09:20.025Z - debug:  
2024-09-08T16:09:20.026Z - debug:  
2024-09-08T16:09:20.028Z - debug:  
2024-09-08T16:09:20.029Z - debug:  
2024-09-08T16:09:22.699Z - debug:  
2024-09-08T16:09:22.700Z - debug:  
2024-09-08T16:09:55.470Z - debug:  
2024-09-08T16:12:01.546Z - debug:  
2024-09-08T16:12:24.060Z - debug:  
2024-09-08T16:12:24.218Z - debug:  
2024-09-08T16:12:41.447Z - info: Pages built
2024-09-08T16:12:43.152Z - info: Site data built
2024-09-08T16:12:43.153Z - info: Website generation complete! Total build time: 327.84s
2024-09-08T16:12:43.153Z - info: Build success!
2024-09-08T16:17:11.160Z - info: The website has been deployed at: https://nus-cs2103-ay2425s1.github.io/website
2024-09-09T07:50:29.099Z - info: Website generation started at 3:50:08 pm
2024-09-09T07:50:40.631Z - warn: ENOENT: no such file or directory, open 'C:\repos\nus-cs2103\cs2103-website-base\node_modules\.cache\gh-pages\https!github.com!nus-cs2103-AY2425S1!website.git\book\_markbind\variables.md'
2024-09-09T07:50:40.632Z - warn: ENOENT: no such file or directory, open 'C:\repos\nus-cs2103\cs2103-website-base\node_modules\.cache\gh-pages\https!github.com!nus-cs2103-AY2425S1!website.git\_markbind\variables.md'
2024-09-09T07:50:40.790Z - info: Building assets...
2024-09-09T07:51:37.211Z - info: Assets built
2024-09-09T07:51:37.212Z - info: Generating pages...
2024-09-09T07:51:57.425Z - debug:  
2024-09-09T07:51:57.428Z - debug:  
2024-09-09T07:51:57.429Z - debug:  
2024-09-09T07:51:57.429Z - debug:  
2024-09-09T07:51:57.430Z - debug:  
2024-09-09T07:51:57.431Z - debug:  
2024-09-09T07:51:57.432Z - debug:  
2024-09-09T07:51:57.432Z - debug:  
2024-09-09T07:51:57.432Z - debug:  
2024-09-09T07:51:57.851Z - debug:  
2024-09-09T07:51:57.851Z - debug:  
2024-09-09T07:51:57.851Z - debug:  
2024-09-09T07:51:57.851Z - debug:  
2024-09-09T07:51:57.852Z - debug:  
2024-09-09T07:51:57.853Z - debug:  
2024-09-09T07:52:00.194Z - debug:  
2024-09-09T07:52:00.195Z - debug:  
2024-09-09T07:52:30.307Z - debug:  
2024-09-09T07:54:26.738Z - debug:  
2024-09-09T07:54:46.137Z - debug:  
2024-09-09T07:54:46.278Z - debug:  
2024-09-09T07:55:00.196Z - info: Pages built
2024-09-09T07:55:01.450Z - info: Site data built
2024-09-09T07:55:01.450Z - info: Website generation complete! Total build time: 293.115s
2024-09-09T07:55:01.451Z - info: Build success!
2024-09-09T07:57:47.261Z - info: The website has been deployed at: https://nus-cs2103-ay2425s1.github.io/website
