2024-11-08T04:55:21.641Z - info: Website generation (lazy) started at 12:55:20
2024-11-08T04:55:21.975Z - warn: ENOENT: no such file or directory, open '/Users/damithch/Repos/nus-cs2103/cs2103-website-base/node_modules/.cache/gh-pages/https!github.com!nus-cs2103-AY2425S1!website.git/book/_markbind/variables.md'
2024-11-08T04:55:21.975Z - warn: ENOENT: no such file or directory, open '/Users/damithch/Repos/nus-cs2103/cs2103-website-base/node_modules/.cache/gh-pages/https!github.com!nus-cs2103-AY2425S1!website.git/_markbind/variables.md'
2024-11-08T04:55:21.993Z - info: Building assets...
2024-11-08T04:55:23.458Z - info: Assets built
2024-11-08T04:55:23.458Z - info: Generating landing page...
2024-11-08T04:55:23.767Z - info: Landing page built, other pages will be built as you navigate to them!
2024-11-08T04:55:23.839Z - info: Site data built
2024-11-08T04:55:23.839Z - info: Website generation (lazy) complete! Total build time: 3.129s
2024-11-08T04:55:23.847Z - info: Serving "/Users/damithch/Repos/nus-cs2103/cs2103-website-base/_site" at http://127.0.0.1:8080
2024-11-08T04:55:23.847Z - info: Press CTRL+C to stop ...
2024-11-08T04:59:10.146Z - info: [12:59:10] Reload for file change: /Users/damithch/Repos/nus-cs2103/cs2103-website-base/admin/tp-ped-fragment.md
2024-11-08T04:59:10.147Z - info: Synchronizing opened pages list before reload
2024-11-08T04:59:10.148Z - info: Current opened pages, from most-to-least recent:
2024-11-08T04:59:10.148Z - info: 1. index
2024-11-08T04:59:11.163Z - info: Assets built
2024-11-08T04:59:33.251Z - info: Building /Users/damithch/Repos/nus-cs2103/cs2103-website-base/schedule/week12/project as some of its dependencies were changed since the last visit
2024-11-08T04:59:34.073Z - info: Site data built
2024-11-08T04:59:34.073Z - info: Lazy website regeneration complete! Total build time: 0.822s
2024-11-08T05:01:11.454Z - info: Website generation started at 13:01:10
2024-11-08T05:01:11.733Z - warn: ENOENT: no such file or directory, open '/Users/damithch/Repos/nus-cs2103/cs2103-website-base/node_modules/.cache/gh-pages/https!github.com!nus-cs2103-AY2425S1!website.git/book/_markbind/variables.md'
2024-11-08T05:01:11.733Z - warn: ENOENT: no such file or directory, open '/Users/damithch/Repos/nus-cs2103/cs2103-website-base/node_modules/.cache/gh-pages/https!github.com!nus-cs2103-AY2425S1!website.git/_markbind/variables.md'
2024-11-08T05:01:11.752Z - info: Building assets...
2024-11-08T05:01:13.144Z - info: Assets built
2024-11-08T05:01:13.145Z - info: Generating pages...
2024-11-08T05:01:18.614Z - debug:  
2024-11-08T05:01:18.614Z - debug: 2024-11-08 13:01:15.085 java[59758:1044852] +[IMKClient subclass]: chose IMKClient_Modern
2024-11-08 13:01:15.085 java[59758:1044852] +[IMKInputSession subclass]: chose IMKInputSession_Modern

2024-11-08T05:01:18.614Z - debug:  
2024-11-08T05:01:18.615Z - debug:  
2024-11-08T05:01:18.615Z - debug:  
2024-11-08T05:01:18.615Z - debug:  
2024-11-08T05:01:18.615Z - debug:  
2024-11-08T05:01:18.615Z - debug:  
2024-11-08T05:01:18.615Z - debug:  
2024-11-08T05:01:18.615Z - debug:  
2024-11-08T05:01:18.615Z - debug:  
2024-11-08T05:01:18.615Z - debug:  
2024-11-08T05:01:18.615Z - debug:  
2024-11-08T05:01:18.615Z - debug: 2024-11-08 13:01:16.262 java[59793:1045178] +[IMKClient subclass]: chose IMKClient_Modern
2024-11-08 13:01:16.262 java[59793:1045178] +[IMKInputSession subclass]: chose IMKInputSession_Modern

2024-11-08T05:01:18.615Z - debug:  
2024-11-08T05:01:18.615Z - debug:  
2024-11-08T05:01:19.034Z - debug: 2024-11-08 13:01:16.980 java[59803:1045592] +[IMKClient subclass]: chose IMKClient_Modern
2024-11-08 13:01:16.980 java[59803:1045592] +[IMKInputSession subclass]: chose IMKInputSession_Modern

2024-11-08T05:01:26.263Z - debug: 2024-11-08 13:01:25.898 java[59852:1046355] +[IMKClient subclass]: chose IMKClient_Modern
2024-11-08 13:01:25.898 java[59852:1046355] +[IMKInputSession subclass]: chose IMKInputSession_Modern

2024-11-08T05:02:02.980Z - debug: 2024-11-08 13:02:02.634 java[59898:1047198] +[IMKClient subclass]: chose IMKClient_Modern
2024-11-08 13:02:02.634 java[59898:1047198] +[IMKInputSession subclass]: chose IMKInputSession_Modern

2024-11-08T05:02:13.984Z - debug: 2024-11-08 13:02:13.555 java[59906:1047433] +[IMKClient subclass]: chose IMKClient_Modern
2024-11-08 13:02:13.555 java[59906:1047433] +[IMKInputSession subclass]: chose IMKInputSession_Modern

2024-11-08T05:02:14.365Z - debug:  
2024-11-08T05:02:19.902Z - info: Pages built
2024-11-08T05:02:19.972Z - info: Site data built
2024-11-08T05:02:19.972Z - info: Website generation complete! Total build time: 69.355s
2024-11-08T05:02:19.972Z - info: Build success!
2024-11-08T05:02:40.710Z - info: The website has been deployed at: https://nus-cs2103-ay2425s1.github.io/website
2024-11-08T05:08:03.233Z - info: Website generation (lazy) started at 13:08:02
2024-11-08T05:08:03.518Z - warn: ENOENT: no such file or directory, open '/Users/damithch/Repos/nus-cs2103/cs2103-website-base/node_modules/.cache/gh-pages/https!github.com!nus-cs2103-AY2425S1!website.git/book/_markbind/variables.md'
2024-11-08T05:08:03.519Z - warn: ENOENT: no such file or directory, open '/Users/damithch/Repos/nus-cs2103/cs2103-website-base/node_modules/.cache/gh-pages/https!github.com!nus-cs2103-AY2425S1!website.git/_markbind/variables.md'
2024-11-08T05:08:03.537Z - info: Building assets...
2024-11-08T05:08:04.833Z - info: Assets built
2024-11-08T05:08:04.833Z - info: Generating landing page...
2024-11-08T05:08:05.141Z - info: Landing page built, other pages will be built as you navigate to them!
2024-11-08T05:08:05.206Z - info: Site data built
2024-11-08T05:08:05.206Z - info: Website generation (lazy) complete! Total build time: 2.92s
2024-11-08T05:08:05.214Z - info: Serving "/Users/damithch/Repos/nus-cs2103/cs2103-website-base/_site" at http://127.0.0.1:8080
2024-11-08T05:08:05.214Z - info: Press CTRL+C to stop ...
2024-11-08T05:08:21.873Z - info: Building /Users/damithch/Repos/nus-cs2103/cs2103-website-base/admin/index as some of its dependencies were changed since the last visit
2024-11-08T05:08:22.045Z - info: Site data built
2024-11-08T05:08:22.045Z - info: Lazy website regeneration complete! Total build time: 0.173s
2024-11-08T05:08:28.306Z - info: Building /Users/damithch/Repos/nus-cs2103/cs2103-website-base/admin/tp-ped as some of its dependencies were changed since the last visit
2024-11-08T05:08:28.766Z - info: Site data built
2024-11-08T05:08:28.767Z - info: Lazy website regeneration complete! Total build time: 0.462s
2024-11-08T05:12:21.135Z - info: [13:12:21] Reload for file change: /Users/damithch/Repos/nus-cs2103/cs2103-website-base/admin/tp-ped-fragment.md
2024-11-08T05:12:21.136Z - info: Synchronizing opened pages list before reload
2024-11-08T05:12:21.136Z - info: Current opened pages, from most-to-least recent:
2024-11-08T05:12:21.136Z - info: 1. admin/tp-ped
2024-11-08T05:12:22.150Z - info: Rebuilding 1 pages
2024-11-08T05:12:22.634Z - info: Site data built
2024-11-08T05:12:22.634Z - info: Pages rebuilt
2024-11-08T05:12:22.634Z - info: Website regeneration complete! Total build time: 0.486s
2024-11-08T05:12:31.787Z - info: [13:12:31] Reload for file change: /Users/damithch/Repos/nus-cs2103/cs2103-website-base/admin/tp-ped-fragment.md
2024-11-08T05:12:31.787Z - info: Synchronizing opened pages list before reload
2024-11-08T05:12:31.787Z - info: Current opened pages, from most-to-least recent:
2024-11-08T05:12:31.787Z - info: 1. admin/tp-ped
2024-11-08T05:12:32.800Z - info: Rebuilding 1 pages
2024-11-08T05:12:33.285Z - info: Site data built
2024-11-08T05:12:33.285Z - info: Pages rebuilt
2024-11-08T05:12:33.285Z - info: Website regeneration complete! Total build time: 0.487s
2024-11-08T05:14:41.678Z - info: [13:14:41] Reload for file change: /Users/damithch/Repos/nus-cs2103/cs2103-website-base/admin/tp-ped-fragment.md
2024-11-08T05:14:41.679Z - info: Synchronizing opened pages list before reload
2024-11-08T05:14:41.679Z - info: Current opened pages, from most-to-least recent:
2024-11-08T05:14:41.679Z - info: 1. admin/tp-ped
2024-11-08T05:14:42.684Z - info: Rebuilding 1 pages
2024-11-08T05:14:43.146Z - info: Site data built
2024-11-08T05:14:43.146Z - info: Pages rebuilt
2024-11-08T05:14:43.146Z - info: Website regeneration complete! Total build time: 0.464s
2024-11-08T05:15:58.991Z - info: Building /Users/damithch/Repos/nus-cs2103/cs2103-website-base/admin/tp-pe as some of its dependencies were changed since the last visit
2024-11-08T05:15:59.418Z - info: Site data built
2024-11-08T05:15:59.418Z - info: Lazy website regeneration complete! Total build time: 0.427s
2024-11-08T05:17:01.456Z - info: [13:17:01] Reload for file change: /Users/damithch/Repos/nus-cs2103/cs2103-website-base/admin/tp-ped-fragment.md
2024-11-08T05:17:01.459Z - info: Synchronizing opened pages list before reload
2024-11-08T05:17:01.460Z - info: Current opened pages, from most-to-least recent:
2024-11-08T05:17:01.460Z - info: 1. admin/tp-pe
2024-11-08T05:17:02.466Z - info: Rebuilding 1 pages
2024-11-08T05:17:02.879Z - info: Site data built
2024-11-08T05:17:02.879Z - info: Pages rebuilt
2024-11-08T05:17:02.879Z - info: Website regeneration complete! Total build time: 0.415s
2024-11-08T05:21:30.077Z - info: Website generation started at 13:21:29
2024-11-08T05:21:30.348Z - warn: ENOENT: no such file or directory, open '/Users/damithch/Repos/nus-cs2103/cs2103-website-base/node_modules/.cache/gh-pages/https!github.com!nus-cs2103-AY2425S1!website.git/book/_markbind/variables.md'
2024-11-08T05:21:30.349Z - warn: ENOENT: no such file or directory, open '/Users/damithch/Repos/nus-cs2103/cs2103-website-base/node_modules/.cache/gh-pages/https!github.com!nus-cs2103-AY2425S1!website.git/_markbind/variables.md'
2024-11-08T05:21:30.367Z - info: Building assets...
2024-11-08T05:21:31.902Z - info: Assets built
2024-11-08T05:21:31.902Z - info: Generating pages...
2024-11-08T05:21:37.152Z - debug:  
2024-11-08T05:21:37.153Z - debug: 2024-11-08 13:21:33.919 java[60473:1067136] +[IMKClient subclass]: chose IMKClient_Modern
2024-11-08 13:21:33.919 java[60473:1067136] +[IMKInputSession subclass]: chose IMKInputSession_Modern

2024-11-08T05:21:37.153Z - debug:  
2024-11-08T05:21:37.153Z - debug:  
2024-11-08T05:21:37.153Z - debug:  
2024-11-08T05:21:37.153Z - debug:  
2024-11-08T05:21:37.153Z - debug:  
2024-11-08T05:21:37.153Z - debug:  
2024-11-08T05:21:37.153Z - debug:  
2024-11-08T05:21:37.153Z - debug:  
2024-11-08T05:21:37.153Z - debug:  
2024-11-08T05:21:37.153Z - debug: 2024-11-08 13:21:34.926 java[60499:1067348] +[IMKClient subclass]: chose IMKClient_Modern
2024-11-08 13:21:34.926 java[60499:1067348] +[IMKInputSession subclass]: chose IMKInputSession_Modern

2024-11-08T05:21:37.153Z - debug:  
2024-11-08T05:21:37.153Z - debug:  
2024-11-08T05:21:37.153Z - debug:  
2024-11-08T05:21:37.153Z - debug:  
2024-11-08T05:21:37.843Z - debug: 2024-11-08 13:21:37.464 java[60530:1068090] +[IMKClient subclass]: chose IMKClient_Modern
2024-11-08 13:21:37.464 java[60530:1068090] +[IMKInputSession subclass]: chose IMKInputSession_Modern

2024-11-08T05:21:44.993Z - debug: 2024-11-08 13:21:44.625 java[60539:1068282] +[IMKClient subclass]: chose IMKClient_Modern
2024-11-08 13:21:44.625 java[60539:1068282] +[IMKInputSession subclass]: chose IMKInputSession_Modern

2024-11-08T05:22:24.662Z - debug: 2024-11-08 13:22:22.706 java[61322:1070809] +[IMKClient subclass]: chose IMKClient_Modern
2024-11-08 13:22:22.706 java[61322:1070809] +[IMKInputSession subclass]: chose IMKInputSession_Modern

2024-11-08T05:22:33.802Z - debug: 2024-11-08 13:22:33.132 java[61386:1071293] +[IMKClient subclass]: chose IMKClient_Modern
2024-11-08 13:22:33.132 java[61386:1071293] +[IMKInputSession subclass]: chose IMKInputSession_Modern

2024-11-08T05:22:34.034Z - debug:  
2024-11-08T05:22:39.753Z - info: Pages built
2024-11-08T05:22:39.822Z - info: Site data built
2024-11-08T05:22:39.822Z - info: Website generation complete! Total build time: 70.537s
2024-11-08T05:22:39.822Z - info: Build success!
2024-11-08T05:22:59.989Z - info: The website has been deployed at: https://nus-cs2103-ay2425s1.github.io/website
2024-11-08T10:55:07.070Z - info: Website generation started at 18:55:06
2024-11-08T10:55:07.406Z - warn: ENOENT: no such file or directory, open '/Users/damithch/Repos/nus-cs2103/cs2103-website-base/node_modules/.cache/gh-pages/https!github.com!nus-cs2103-AY2425S1!website.git/book/_markbind/variables.md'
2024-11-08T10:55:07.406Z - warn: ENOENT: no such file or directory, open '/Users/damithch/Repos/nus-cs2103/cs2103-website-base/node_modules/.cache/gh-pages/https!github.com!nus-cs2103-AY2425S1!website.git/_markbind/variables.md'
2024-11-08T10:55:07.425Z - info: Building assets...
2024-11-08T10:55:08.870Z - info: Assets built
2024-11-08T10:55:08.871Z - info: Generating pages...
2024-11-08T10:55:13.443Z - debug:  
2024-11-08T10:55:13.444Z - debug: 2024-11-08 18:55:10.604 java[66233:1395010] +[IMKClient subclass]: chose IMKClient_Modern
2024-11-08 18:55:10.604 java[66233:1395010] +[IMKInputSession subclass]: chose IMKInputSession_Modern

2024-11-08T10:55:13.830Z - debug:  
2024-11-08T10:55:13.830Z - debug:  
2024-11-08T10:55:13.830Z - debug:  
2024-11-08T10:55:13.830Z - debug:  
2024-11-08T10:55:13.830Z - debug:  
2024-11-08T10:55:13.830Z - debug:  
2024-11-08T10:55:13.830Z - debug:  
2024-11-08T10:55:13.830Z - debug:  
2024-11-08T10:55:13.830Z - debug:  
2024-11-08T10:55:13.830Z - debug: 2024-11-08 18:55:11.670 java[66259:1395260] +[IMKClient subclass]: chose IMKClient_Modern
2024-11-08 18:55:11.670 java[66259:1395260] +[IMKInputSession subclass]: chose IMKInputSession_Modern

2024-11-08T10:55:13.830Z - debug:  
2024-11-08T10:55:13.830Z - debug:  
2024-11-08T10:55:13.830Z - debug:  
2024-11-08T10:55:13.882Z - debug:  
2024-11-08T10:55:14.869Z - debug: 2024-11-08 18:55:14.170 java[66293:1395986] +[IMKClient subclass]: chose IMKClient_Modern
2024-11-08 18:55:14.170 java[66293:1395986] +[IMKInputSession subclass]: chose IMKInputSession_Modern

2024-11-08T10:55:22.029Z - debug: 2024-11-08 18:55:21.665 java[66319:1396268] +[IMKClient subclass]: chose IMKClient_Modern
2024-11-08 18:55:21.665 java[66319:1396268] +[IMKInputSession subclass]: chose IMKInputSession_Modern

2024-11-08T10:56:00.587Z - debug: 2024-11-08 18:55:58.423 java[66359:1397038] +[IMKClient subclass]: chose IMKClient_Modern
2024-11-08 18:55:58.423 java[66359:1397038] +[IMKInputSession subclass]: chose IMKInputSession_Modern

2024-11-08T10:56:09.215Z - debug: 2024-11-08 18:56:08.840 java[66365:1397276] +[IMKClient subclass]: chose IMKClient_Modern
2024-11-08 18:56:08.840 java[66365:1397276] +[IMKInputSession subclass]: chose IMKInputSession_Modern

2024-11-08T10:56:09.632Z - debug:  
2024-11-08T10:56:15.325Z - info: Pages built
2024-11-08T10:56:15.418Z - info: Site data built
2024-11-08T10:56:15.418Z - info: Website generation complete! Total build time: 69.367s
2024-11-08T10:56:15.418Z - info: Build success!
2024-11-08T10:56:37.377Z - info: The website has been deployed at: https://nus-cs2103-ay2425s1.github.io/website
2024-11-08T11:06:24.237Z - info: Website generation started at 19:06:23
2024-11-08T11:06:24.510Z - warn: ENOENT: no such file or directory, open '/Users/damithch/Repos/nus-cs2103/cs2103-website-base/node_modules/.cache/gh-pages/https!github.com!nus-cs2103-AY2425S1!website.git/book/_markbind/variables.md'
2024-11-08T11:06:24.511Z - warn: ENOENT: no such file or directory, open '/Users/damithch/Repos/nus-cs2103/cs2103-website-base/node_modules/.cache/gh-pages/https!github.com!nus-cs2103-AY2425S1!website.git/_markbind/variables.md'
2024-11-08T11:06:24.528Z - info: Building assets...
2024-11-08T11:06:26.043Z - info: Assets built
2024-11-08T11:06:26.043Z - info: Generating pages...
2024-11-08T11:06:30.519Z - debug:  
2024-11-08T11:06:30.519Z - debug: 2024-11-08 19:06:27.782 java[66846:1410187] +[IMKClient subclass]: chose IMKClient_Modern
2024-11-08 19:06:27.782 java[66846:1410187] +[IMKInputSession subclass]: chose IMKInputSession_Modern

2024-11-08T11:06:30.818Z - debug:  
2024-11-08T11:06:30.818Z - debug:  
2024-11-08T11:06:30.818Z - debug:  
2024-11-08T11:06:30.818Z - debug:  
2024-11-08T11:06:30.818Z - debug:  
2024-11-08T11:06:30.818Z - debug:  
2024-11-08T11:06:30.818Z - debug:  
2024-11-08T11:06:30.818Z - debug:  
2024-11-08T11:06:30.818Z - debug: 2024-11-08 19:06:28.739 java[66871:1410380] +[IMKClient subclass]: chose IMKClient_Modern
2024-11-08 19:06:28.739 java[66871:1410380] +[IMKInputSession subclass]: chose IMKInputSession_Modern

2024-11-08T11:06:30.818Z - debug:  
2024-11-08T11:06:30.818Z - debug:  
2024-11-08T11:06:30.818Z - debug:  
2024-11-08T11:06:31.333Z - debug:  
2024-11-08T11:06:31.334Z - debug:  
2024-11-08T11:06:31.471Z - debug: 2024-11-08 19:06:31.122 java[66901:1411116] +[IMKClient subclass]: chose IMKClient_Modern
2024-11-08 19:06:31.122 java[66901:1411116] +[IMKInputSession subclass]: chose IMKInputSession_Modern

2024-11-08T11:06:39.150Z - debug: 2024-11-08 19:06:38.771 java[66924:1411340] +[IMKClient subclass]: chose IMKClient_Modern
2024-11-08 19:06:38.771 java[66924:1411340] +[IMKInputSession subclass]: chose IMKInputSession_Modern

2024-11-08T11:07:17.296Z - debug: 2024-11-08 19:07:15.149 java[66948:1411826] +[IMKClient subclass]: chose IMKClient_Modern
2024-11-08 19:07:15.149 java[66948:1411826] +[IMKInputSession subclass]: chose IMKInputSession_Modern

2024-11-08T11:07:25.968Z - debug:  
2024-11-08T11:07:26.023Z - debug: 2024-11-08 19:07:25.591 java[66961:1412070] +[IMKClient subclass]: chose IMKClient_Modern
2024-11-08 19:07:25.591 java[66961:1412070] +[IMKInputSession subclass]: chose IMKInputSession_Modern

2024-11-08T11:07:31.472Z - info: Pages built
2024-11-08T11:07:31.537Z - info: Site data built
2024-11-08T11:07:31.537Z - info: Website generation complete! Total build time: 68.224s
2024-11-08T11:07:31.537Z - info: Build success!
2024-11-08T11:07:54.389Z - info: The website has been deployed at: https://nus-cs2103-ay2425s1.github.io/website
2024-11-08T14:51:28.415Z - info: Website generation (lazy) started at 22:51:27
2024-11-08T14:51:28.728Z - warn: ENOENT: no such file or directory, open '/Users/damithch/Repos/nus-cs2103/cs2103-website-base/node_modules/.cache/gh-pages/https!github.com!nus-cs2103-AY2425S1!website.git/book/_markbind/variables.md'
2024-11-08T14:51:28.729Z - warn: ENOENT: no such file or directory, open '/Users/damithch/Repos/nus-cs2103/cs2103-website-base/node_modules/.cache/gh-pages/https!github.com!nus-cs2103-AY2425S1!website.git/_markbind/variables.md'
2024-11-08T14:51:28.747Z - info: Building assets...
2024-11-08T14:51:32.159Z - info: Assets built
2024-11-08T14:51:32.159Z - info: Generating landing page...
2024-11-08T14:51:32.592Z - info: Landing page built, other pages will be built as you navigate to them!
2024-11-08T14:51:32.654Z - info: Site data built
2024-11-08T14:51:32.655Z - info: Website generation (lazy) complete! Total build time: 5.213s
2024-11-08T14:51:32.665Z - info: Serving "/Users/damithch/Repos/nus-cs2103/cs2103-website-base/_site" at http://127.0.0.1:8080
2024-11-08T14:51:32.665Z - info: Press CTRL+C to stop ...
2024-11-08T15:08:48.190Z - info: Building /Users/damithch/Repos/nus-cs2103/cs2103-website-base/admin/tp-pe as some of its dependencies were changed since the last visit
2024-11-08T15:08:48.679Z - info: Site data built
2024-11-08T15:08:48.679Z - info: Lazy website regeneration complete! Total build time: 0.49s
2024-11-08T15:09:33.875Z - info: [23:09:33] Reload for file change: /Users/damithch/Repos/nus-cs2103/cs2103-website-base/admin/tp-pe-fragment.md
2024-11-08T15:09:33.881Z - info: Synchronizing opened pages list before reload
2024-11-08T15:09:33.883Z - info: Current opened pages, from most-to-least recent:
2024-11-08T15:09:33.884Z - info: 1. admin/tp-pe
2024-11-08T15:09:34.896Z - info: Rebuilding 1 pages
2024-11-08T15:09:35.358Z - info: Site data built
2024-11-08T15:09:35.358Z - info: Pages rebuilt
2024-11-08T15:09:35.358Z - info: Website regeneration complete! Total build time: 0.465s
2024-11-08T15:13:22.863Z - info: [23:13:22] Reload for file change: /Users/damithch/Repos/nus-cs2103/cs2103-website-base/admin/tp-pe-fragment.md
2024-11-08T15:13:22.867Z - info: Synchronizing opened pages list before reload
2024-11-08T15:13:22.868Z - info: Current opened pages, from most-to-least recent:
2024-11-08T15:13:22.871Z - info: 1. admin/tp-pe
2024-11-08T15:13:23.881Z - info: Rebuilding 1 pages
2024-11-08T15:13:24.342Z - info: Site data built
2024-11-08T15:13:24.342Z - info: Pages rebuilt
2024-11-08T15:13:24.342Z - info: Website regeneration complete! Total build time: 0.465s
2024-11-08T15:18:18.239Z - info: Website generation started at 23:18:17
2024-11-08T15:18:18.512Z - warn: ENOENT: no such file or directory, open '/Users/damithch/Repos/nus-cs2103/cs2103-website-base/node_modules/.cache/gh-pages/https!github.com!nus-cs2103-AY2425S1!website.git/book/_markbind/variables.md'
2024-11-08T15:18:18.512Z - warn: ENOENT: no such file or directory, open '/Users/damithch/Repos/nus-cs2103/cs2103-website-base/node_modules/.cache/gh-pages/https!github.com!nus-cs2103-AY2425S1!website.git/_markbind/variables.md'
2024-11-08T15:18:18.531Z - info: Building assets...
2024-11-08T15:18:19.908Z - info: Assets built
2024-11-08T15:18:19.908Z - info: Generating pages...
2024-11-08T15:18:24.927Z - debug:  
2024-11-08T15:18:24.927Z - debug: 2024-11-08 23:18:21.689 java[72099:1580348] +[IMKClient subclass]: chose IMKClient_Modern
2024-11-08 23:18:21.689 java[72099:1580348] +[IMKInputSession subclass]: chose IMKInputSession_Modern

2024-11-08T15:18:24.927Z - debug:  
2024-11-08T15:18:24.927Z - debug:  
2024-11-08T15:18:24.927Z - debug:  
2024-11-08T15:18:24.927Z - debug:  
2024-11-08T15:18:24.927Z - debug:  
2024-11-08T15:18:24.927Z - debug:  
2024-11-08T15:18:24.927Z - debug:  
2024-11-08T15:18:24.927Z - debug:  
2024-11-08T15:18:24.927Z - debug:  
2024-11-08T15:18:24.928Z - debug:  
2024-11-08T15:18:24.928Z - debug:  
2024-11-08T15:18:24.928Z - debug:  
2024-11-08T15:18:24.928Z - debug:  
2024-11-08T15:18:24.928Z - debug: 2024-11-08 23:18:22.588 java[72134:1580628] +[IMKClient subclass]: chose IMKClient_Modern
2024-11-08 23:18:22.588 java[72134:1580628] +[IMKInputSession subclass]: chose IMKInputSession_Modern

2024-11-08T15:18:25.613Z - debug: 2024-11-08 23:18:25.234 java[72164:1581412] +[IMKClient subclass]: chose IMKClient_Modern
2024-11-08 23:18:25.234 java[72164:1581412] +[IMKInputSession subclass]: chose IMKInputSession_Modern

2024-11-08T15:18:33.763Z - debug: 2024-11-08 23:18:33.348 java[72199:1582001] +[IMKClient subclass]: chose IMKClient_Modern
2024-11-08 23:18:33.348 java[72199:1582001] +[IMKInputSession subclass]: chose IMKInputSession_Modern

2024-11-08T15:19:12.195Z - debug: 2024-11-08 23:19:11.851 java[72274:1583543] +[IMKClient subclass]: chose IMKClient_Modern
2024-11-08 23:19:11.851 java[72274:1583543] +[IMKInputSession subclass]: chose IMKInputSession_Modern

2024-11-08T15:19:24.911Z - debug:  
2024-11-08T15:19:24.939Z - debug:  
2024-11-08T15:19:30.813Z - info: Pages built
2024-11-08T15:19:30.884Z - info: Site data built
2024-11-08T15:19:30.884Z - info: Website generation complete! Total build time: 73.44s
2024-11-08T15:19:30.884Z - info: Build success!
2024-11-08T15:19:53.117Z - info: The website has been deployed at: https://nus-cs2103-ay2425s1.github.io/website
2024-11-08T15:37:53.491Z - info: Website generation (lazy) started at 23:37:52
2024-11-08T15:37:53.758Z - warn: ENOENT: no such file or directory, open '/Users/damithch/Repos/nus-cs2103/cs2103-website-base/node_modules/.cache/gh-pages/https!github.com!nus-cs2103-AY2425S1!website.git/book/_markbind/variables.md'
2024-11-08T15:37:53.758Z - warn: ENOENT: no such file or directory, open '/Users/damithch/Repos/nus-cs2103/cs2103-website-base/node_modules/.cache/gh-pages/https!github.com!nus-cs2103-AY2425S1!website.git/_markbind/variables.md'
2024-11-08T15:37:53.777Z - info: Building assets...
2024-11-08T15:37:55.157Z - info: Assets built
2024-11-08T15:37:55.157Z - info: Generating landing page...
2024-11-08T15:37:55.595Z - info: Landing page built, other pages will be built as you navigate to them!
2024-11-08T15:37:55.662Z - info: Site data built
2024-11-08T15:37:55.662Z - info: Website generation (lazy) complete! Total build time: 3.096s
2024-11-08T15:37:55.671Z - info: Serving "/Users/damithch/Repos/nus-cs2103/cs2103-website-base/_site" at http://127.0.0.1:8080
2024-11-08T15:37:55.671Z - info: Press CTRL+C to stop ...
2024-11-08T15:39:22.302Z - info: Website generation (lazy) started at 23:39:21
2024-11-08T15:39:22.506Z - warn: ENOENT: no such file or directory, open '/Users/damithch/Repos/nus-cs2103/cs2103-website-base/node_modules/.cache/gh-pages/https!github.com!nus-cs2103-AY2425S1!website.git/book/_markbind/variables.md'
2024-11-08T15:39:22.507Z - warn: ENOENT: no such file or directory, open '/Users/damithch/Repos/nus-cs2103/cs2103-website-base/node_modules/.cache/gh-pages/https!github.com!nus-cs2103-AY2425S1!website.git/_markbind/variables.md'
2024-11-08T15:39:22.525Z - info: Building assets...
2024-11-08T15:39:24.262Z - info: Assets built
2024-11-08T15:39:24.263Z - info: Generating landing page...
2024-11-08T15:39:24.899Z - info: Landing page built, other pages will be built as you navigate to them!
2024-11-08T15:39:24.961Z - info: Site data built
2024-11-08T15:39:24.961Z - info: Website generation (lazy) complete! Total build time: 3.425s
2024-11-08T15:39:24.967Z - info: Serving "/Users/damithch/Repos/nus-cs2103/cs2103-website-base/_site" at http://127.0.0.1:8080
2024-11-08T15:39:24.967Z - info: Press CTRL+C to stop ...
2024-11-08T15:47:43.213Z - info: Building /Users/damithch/Repos/nus-cs2103/cs2103-website-base/admin/tp-pe as some of its dependencies were changed since the last visit
2024-11-08T15:47:43.707Z - info: Site data built
2024-11-08T15:47:43.707Z - info: Lazy website regeneration complete! Total build time: 0.495s
2024-11-08T15:54:49.528Z - info: [23:54:49] Reload for file change: /Users/damithch/Repos/nus-cs2103/cs2103-website-base/admin/tp-grading-bugs-fragment.md
2024-11-08T15:54:49.529Z - info: Synchronizing opened pages list before reload
2024-11-08T15:54:49.530Z - info: Current opened pages, from most-to-least recent:
2024-11-08T15:54:49.533Z - info: 1. admin/tp-pe
2024-11-08T15:54:50.545Z - info: Rebuilding 1 pages
2024-11-08T15:54:50.999Z - info: Site data built
2024-11-08T15:54:50.999Z - info: Pages rebuilt
2024-11-08T15:54:50.999Z - info: Website regeneration complete! Total build time: 0.459s
