2024-10-06T07:21:06.603Z - info: Website generation (lazy) started at 3:20:41 pm
2024-10-06T07:21:21.900Z - warn: ENOENT: no such file or directory, open 'C:\repos\nus-cs2103\cs2103-website-base\cache\gh-pages\https!github.com!nus-cs2103-AY2425S1!website.git\book\_markbind\variables.md'
2024-10-06T07:21:21.902Z - warn: ENOENT: no such file or directory, open 'C:\repos\nus-cs2103\cs2103-website-base\cache\gh-pages\https!github.com!nus-cs2103-AY2425S1!website.git\_markbind\variables.md'
2024-10-06T07:21:21.903Z - warn: ENOENT: no such file or directory, open 'C:\repos\nus-cs2103\cs2103-website-base\node_modules\.cache\gh-pages\https!github.com!nus-cs2103-AY2425S1!website.git\book\_markbind\variables.md'
2024-10-06T07:21:21.904Z - warn: ENOENT: no such file or directory, open 'C:\repos\nus-cs2103\cs2103-website-base\node_modules\.cache\gh-pages\https!github.com!nus-cs2103-AY2425S1!website.git\cache\gh-pages\https!github.com!nus-cs2103-AY2425S1!website.git\book\_markbind\variables.md'
2024-10-06T07:21:21.905Z - warn: ENOENT: no such file or directory, open 'C:\repos\nus-cs2103\cs2103-website-base\node_modules\.cache\gh-pages\https!github.com!nus-cs2103-AY2425S1!website.git\cache\gh-pages\https!github.com!nus-cs2103-AY2425S1!website.git\_markbind\variables.md'
2024-10-06T07:21:21.906Z - warn: ENOENT: no such file or directory, open 'C:\repos\nus-cs2103\cs2103-website-base\node_modules\.cache\gh-pages\https!github.com!nus-cs2103-AY2425S1!website.git\_markbind\variables.md'
2024-10-06T07:21:22.270Z - info: Building assets...
2024-10-06T07:23:20.730Z - info: Assets built
2024-10-06T07:23:20.732Z - info: Generating landing page...
2024-10-06T07:23:22.717Z - info: Landing page built, other pages will be built as you navigate to them!
2024-10-06T07:23:24.427Z - info: Site data built
2024-10-06T07:23:24.429Z - info: Website generation (lazy) complete! Total build time: 162.657s
2024-10-06T07:23:25.202Z - info: Serving "C:\repos\nus-cs2103\cs2103-website-base\_site" at http://127.0.0.1:8080
2024-10-06T07:23:25.202Z - info: Press CTRL+C to stop ...
2024-10-06T07:23:39.487Z - info: [3:23:39 pm] Reload for file change: C:\repos\nus-cs2103\cs2103-website-base\admin\tp-tasks-fragment.md
2024-10-06T07:23:39.488Z - info: Synchronizing opened pages list before reload
2024-10-06T07:23:39.489Z - info: No pages are currently opened
2024-10-06T07:23:41.729Z - info: No pages needed to be rebuilt
2024-10-06T07:23:50.205Z - info: Building C:\repos\nus-cs2103\cs2103-website-base\schedule\week8\project as some of its dependencies were changed since the last visit
2024-10-06T07:23:53.953Z - info: Site data built
2024-10-06T07:23:53.954Z - info: Lazy website regeneration complete! Total build time: 3.749s
2024-10-06T07:24:38.114Z - info: Building C:\repos\nus-cs2103\cs2103-website-base\schedule\week7\project as some of its dependencies were changed since the last visit
2024-10-06T07:24:41.315Z - info: Site data built
2024-10-06T07:24:41.315Z - info: Lazy website regeneration complete! Total build time: 3.201s
2024-10-06T07:25:03.239Z - info: Building C:\repos\nus-cs2103\cs2103-website-base\admin\index as some of its dependencies were changed since the last visit
2024-10-06T07:25:03.571Z - info: Site data built
2024-10-06T07:25:03.572Z - info: Lazy website regeneration complete! Total build time: 0.332s
2024-10-06T07:25:07.345Z - info: Building C:\repos\nus-cs2103\cs2103-website-base\admin\appendixC-faq as some of its dependencies were changed since the last visit
2024-10-06T07:25:08.998Z - info: Site data built
2024-10-06T07:25:08.999Z - info: Lazy website regeneration complete! Total build time: 1.653s
2024-10-06T07:27:10.322Z - info: Website generation started at 3:26:39 pm
2024-10-06T07:27:21.993Z - warn: ENOENT: no such file or directory, open 'C:\repos\nus-cs2103\cs2103-website-base\node_modules\.cache\gh-pages\https!github.com!nus-cs2103-AY2425S1!website.git\book\_markbind\variables.md'
2024-10-06T07:27:21.995Z - warn: ENOENT: no such file or directory, open 'C:\repos\nus-cs2103\cs2103-website-base\node_modules\.cache\gh-pages\https!github.com!nus-cs2103-AY2425S1!website.git\cache\gh-pages\https!github.com!nus-cs2103-AY2425S1!website.git\book\_markbind\variables.md'
2024-10-06T07:27:21.997Z - warn: ENOENT: no such file or directory, open 'C:\repos\nus-cs2103\cs2103-website-base\node_modules\.cache\gh-pages\https!github.com!nus-cs2103-AY2425S1!website.git\cache\gh-pages\https!github.com!nus-cs2103-AY2425S1!website.git\_markbind\variables.md'
2024-10-06T07:27:21.998Z - warn: ENOENT: no such file or directory, open 'C:\repos\nus-cs2103\cs2103-website-base\node_modules\.cache\gh-pages\https!github.com!nus-cs2103-AY2425S1!website.git\_markbind\variables.md'
2024-10-06T07:27:22.070Z - info: Building assets...
2024-10-06T07:28:16.579Z - info: Assets built
2024-10-06T07:28:16.580Z - info: Generating pages...
2024-10-06T07:28:36.361Z - debug:  
2024-10-06T07:28:36.363Z - debug:  
2024-10-06T07:28:36.363Z - debug:  
2024-10-06T07:28:36.768Z - debug:  
2024-10-06T07:28:36.851Z - debug:  
2024-10-06T07:28:36.874Z - debug:  
2024-10-06T07:28:36.923Z - debug:  
2024-10-06T07:28:36.923Z - debug:  
2024-10-06T07:28:36.939Z - debug:  
2024-10-06T07:28:36.964Z - debug:  
2024-10-06T07:28:36.988Z - debug:  
2024-10-06T07:28:37.012Z - debug:  
2024-10-06T07:28:37.015Z - debug:  
2024-10-06T07:28:37.039Z - debug:  
2024-10-06T07:28:38.975Z - debug:  
2024-10-06T07:28:38.976Z - debug:  
2024-10-06T07:28:39.154Z - debug:  
2024-10-06T07:29:05.003Z - debug:  
2024-10-06T07:31:03.856Z - debug:  
2024-10-06T07:31:23.818Z - debug:  
2024-10-06T07:31:23.985Z - debug:  
2024-10-06T07:31:38.286Z - info: Pages built
2024-10-06T07:31:39.571Z - info: Site data built
2024-10-06T07:31:39.571Z - info: Website generation complete! Total build time: 299.937s
2024-10-06T07:31:39.572Z - info: Build success!
2024-10-06T07:34:55.821Z - info: The website has been deployed at: https://nus-cs2103-ay2425s1.github.io/website
2024-10-06T11:55:28.944Z - info: Website generation (lazy) started at 7:54:59 pm
2024-10-06T11:55:46.138Z - warn: ENOENT: no such file or directory, open 'C:\repos\nus-cs2103\cs2103-website-base\cache\gh-pages\https!github.com!nus-cs2103-AY2425S1!website.git\book\_markbind\variables.md'
2024-10-06T11:55:46.142Z - warn: ENOENT: no such file or directory, open 'C:\repos\nus-cs2103\cs2103-website-base\cache\gh-pages\https!github.com!nus-cs2103-AY2425S1!website.git\_markbind\variables.md'
2024-10-06T11:55:46.146Z - warn: ENOENT: no such file or directory, open 'C:\repos\nus-cs2103\cs2103-website-base\node_modules\.cache\gh-pages\https!github.com!nus-cs2103-AY2425S1!website.git\book\_markbind\variables.md'
2024-10-06T11:55:46.148Z - warn: ENOENT: no such file or directory, open 'C:\repos\nus-cs2103\cs2103-website-base\node_modules\.cache\gh-pages\https!github.com!nus-cs2103-AY2425S1!website.git\cache\gh-pages\https!github.com!nus-cs2103-AY2425S1!website.git\book\_markbind\variables.md'
2024-10-06T11:55:46.150Z - warn: ENOENT: no such file or directory, open 'C:\repos\nus-cs2103\cs2103-website-base\node_modules\.cache\gh-pages\https!github.com!nus-cs2103-AY2425S1!website.git\cache\gh-pages\https!github.com!nus-cs2103-AY2425S1!website.git\_markbind\variables.md'
2024-10-06T11:55:46.153Z - warn: ENOENT: no such file or directory, open 'C:\repos\nus-cs2103\cs2103-website-base\node_modules\.cache\gh-pages\https!github.com!nus-cs2103-AY2425S1!website.git\_markbind\variables.md'
2024-10-06T11:55:46.465Z - info: Building assets...
2024-10-06T11:57:54.870Z - info: Assets built
2024-10-06T11:57:54.872Z - info: Generating landing page...
2024-10-06T11:57:56.419Z - info: Landing page built, other pages will be built as you navigate to them!
2024-10-06T11:57:57.682Z - info: Site data built
2024-10-06T11:57:57.683Z - info: Website generation (lazy) complete! Total build time: 178.237s
2024-10-06T11:57:58.144Z - info: Serving "C:\repos\nus-cs2103\cs2103-website-base\_site" at http://127.0.0.1:8080
2024-10-06T11:57:58.144Z - info: Press CTRL+C to stop ...
2024-10-06T11:58:01.824Z - info: [7:58:01 pm] Reload for file change: C:\repos\nus-cs2103\cs2103-website-base\admin\appendixC-faq.md
2024-10-06T11:58:01.825Z - info: Synchronizing opened pages list before reload
2024-10-06T11:58:01.826Z - info: No pages are currently opened
2024-10-06T11:58:02.057Z - info: [7:58:02 pm] Reload for file change: C:\repos\nus-cs2103\cs2103-website-base\admin\tp-tasks-fragment.md
2024-10-06T11:58:02.057Z - info: Synchronizing opened pages list before reload
2024-10-06T11:58:02.058Z - info: No pages are currently opened
2024-10-06T11:58:02.879Z - info: No pages needed to be rebuilt
2024-10-06T11:58:13.987Z - info: Building C:\repos\nus-cs2103\cs2103-website-base\schedule\week8\project as some of its dependencies were changed since the last visit
2024-10-06T11:58:20.485Z - info: Site data built
2024-10-06T11:58:20.485Z - info: Lazy website regeneration complete! Total build time: 6.499s
2024-10-06T11:59:57.905Z - info: [7:59:57 pm] Reload for file change: C:\repos\nus-cs2103\cs2103-website-base\admin\faq-fragment.md
2024-10-06T11:59:57.906Z - info: Synchronizing opened pages list before reload
2024-10-06T11:59:57.906Z - info: Current opened pages, from most-to-least recent:
2024-10-06T11:59:57.906Z - info: 1. schedule/week8/project
2024-10-06T11:59:58.925Z - info: Rebuilding 1 pages
2024-10-06T12:00:00.966Z - info: Site data built
2024-10-06T12:00:00.966Z - info: Pages rebuilt
2024-10-06T12:00:00.966Z - info: Website regeneration complete! Total build time: 2.042s
2024-10-06T12:01:28.053Z - info: [8:01:28 pm] Reload for file change: C:\repos\nus-cs2103\cs2103-website-base\admin\faq-fragment.md
2024-10-06T12:01:28.053Z - info: Synchronizing opened pages list before reload
2024-10-06T12:01:28.054Z - info: Current opened pages, from most-to-least recent:
2024-10-06T12:01:28.054Z - info: 1. schedule/week8/project
2024-10-06T12:01:29.069Z - info: Rebuilding 1 pages
2024-10-06T12:01:31.043Z - info: Site data built
2024-10-06T12:01:31.044Z - info: Pages rebuilt
2024-10-06T12:01:31.044Z - info: Website regeneration complete! Total build time: 1.976s
2024-10-06T12:02:25.706Z - info: [8:02:25 pm] Reload for file change: C:\repos\nus-cs2103\cs2103-website-base\admin\faq-fragment.md
2024-10-06T12:02:25.706Z - info: Synchronizing opened pages list before reload
2024-10-06T12:02:25.706Z - info: Current opened pages, from most-to-least recent:
2024-10-06T12:02:25.708Z - info: 1. schedule/week8/project
2024-10-06T12:02:26.711Z - info: Rebuilding 1 pages
2024-10-06T12:02:28.679Z - info: Site data built
2024-10-06T12:02:28.680Z - info: Pages rebuilt
2024-10-06T12:02:28.680Z - info: Website regeneration complete! Total build time: 1.969s
2024-10-06T12:04:01.310Z - info: Website generation started at 8:03:28 pm
2024-10-06T12:04:14.019Z - warn: ENOENT: no such file or directory, open 'C:\repos\nus-cs2103\cs2103-website-base\node_modules\.cache\gh-pages\https!github.com!nus-cs2103-AY2425S1!website.git\book\_markbind\variables.md'
2024-10-06T12:04:14.022Z - warn: ENOENT: no such file or directory, open 'C:\repos\nus-cs2103\cs2103-website-base\node_modules\.cache\gh-pages\https!github.com!nus-cs2103-AY2425S1!website.git\cache\gh-pages\https!github.com!nus-cs2103-AY2425S1!website.git\book\_markbind\variables.md'
2024-10-06T12:04:14.023Z - warn: ENOENT: no such file or directory, open 'C:\repos\nus-cs2103\cs2103-website-base\node_modules\.cache\gh-pages\https!github.com!nus-cs2103-AY2425S1!website.git\cache\gh-pages\https!github.com!nus-cs2103-AY2425S1!website.git\_markbind\variables.md'
2024-10-06T12:04:14.025Z - warn: ENOENT: no such file or directory, open 'C:\repos\nus-cs2103\cs2103-website-base\node_modules\.cache\gh-pages\https!github.com!nus-cs2103-AY2425S1!website.git\_markbind\variables.md'
2024-10-06T12:04:14.113Z - info: Building assets...
2024-10-06T12:05:12.945Z - info: Assets built
2024-10-06T12:05:12.946Z - info: Generating pages...
2024-10-06T12:05:33.070Z - debug:  
2024-10-06T12:05:33.073Z - debug:  
2024-10-06T12:05:33.073Z - debug:  
2024-10-06T12:05:33.074Z - debug:  
2024-10-06T12:05:33.075Z - debug:  
2024-10-06T12:05:33.075Z - debug:  
2024-10-06T12:05:33.076Z - debug:  
2024-10-06T12:05:33.076Z - debug:  
2024-10-06T12:05:33.076Z - debug:  
2024-10-06T12:05:33.078Z - debug:  
2024-10-06T12:05:33.105Z - debug:  
2024-10-06T12:05:33.110Z - debug:  
2024-10-06T12:05:33.128Z - debug:  
2024-10-06T12:05:33.129Z - debug:  
2024-10-06T12:05:33.153Z - debug:  
2024-10-06T12:05:35.384Z - debug:  
2024-10-06T12:05:35.384Z - debug:  
2024-10-06T12:06:06.021Z - debug:  
2024-10-06T12:08:17.795Z - debug:  
2024-10-06T12:08:45.952Z - debug:  
2024-10-06T12:08:46.112Z - debug:  
2024-10-06T12:09:05.883Z - info: Pages built
2024-10-06T12:09:07.514Z - info: Site data built
2024-10-06T12:09:07.515Z - info: Website generation complete! Total build time: 338.878s
2024-10-06T12:09:07.515Z - info: Build success!
2024-10-06T12:13:15.632Z - info: The website has been deployed at: https://nus-cs2103-ay2425s1.github.io/website
2024-10-06T12:31:59.680Z - info: Website generation (lazy) started at 8:31:19 pm
2024-10-06T12:32:29.123Z - warn: ENOENT: no such file or directory, open 'C:\repos\nus-cs2103\cs2103-website-base\cache\gh-pages\https!github.com!nus-cs2103-AY2425S1!website.git\book\_markbind\variables.md'
2024-10-06T12:32:29.126Z - warn: ENOENT: no such file or directory, open 'C:\repos\nus-cs2103\cs2103-website-base\cache\gh-pages\https!github.com!nus-cs2103-AY2425S1!website.git\_markbind\variables.md'
2024-10-06T12:32:29.128Z - warn: ENOENT: no such file or directory, open 'C:\repos\nus-cs2103\cs2103-website-base\node_modules\.cache\gh-pages\https!github.com!nus-cs2103-AY2425S1!website.git\book\_markbind\variables.md'
2024-10-06T12:32:29.130Z - warn: ENOENT: no such file or directory, open 'C:\repos\nus-cs2103\cs2103-website-base\node_modules\.cache\gh-pages\https!github.com!nus-cs2103-AY2425S1!website.git\cache\gh-pages\https!github.com!nus-cs2103-AY2425S1!website.git\book\_markbind\variables.md'
2024-10-06T12:32:29.132Z - warn: ENOENT: no such file or directory, open 'C:\repos\nus-cs2103\cs2103-website-base\node_modules\.cache\gh-pages\https!github.com!nus-cs2103-AY2425S1!website.git\cache\gh-pages\https!github.com!nus-cs2103-AY2425S1!website.git\_markbind\variables.md'
2024-10-06T12:32:29.134Z - warn: ENOENT: no such file or directory, open 'C:\repos\nus-cs2103\cs2103-website-base\node_modules\.cache\gh-pages\https!github.com!nus-cs2103-AY2425S1!website.git\_markbind\variables.md'
2024-10-06T12:32:29.235Z - info: Building assets...
2024-10-06T12:35:29.050Z - info: Assets built
2024-10-06T12:35:29.053Z - info: Generating landing page...
2024-10-06T12:35:31.209Z - info: Landing page built, other pages will be built as you navigate to them!
2024-10-06T12:35:32.755Z - info: Site data built
2024-10-06T12:35:32.755Z - info: Website generation (lazy) complete! Total build time: 253.183s
2024-10-06T12:35:32.874Z - info: Serving "C:\repos\nus-cs2103\cs2103-website-base\_site" at http://127.0.0.1:8080
2024-10-06T12:35:32.874Z - info: Press CTRL+C to stop ...
2024-10-06T12:35:55.482Z - info: Building C:\repos\nus-cs2103\cs2103-website-base\schedule\week8\project as some of its dependencies were changed since the last visit
2024-10-06T12:36:02.248Z - info: Site data built
2024-10-06T12:36:02.249Z - info: Lazy website regeneration complete! Total build time: 6.766s
2024-10-06T12:36:51.070Z - info: Building C:\repos\nus-cs2103\cs2103-website-base\admin\tp-constraints as some of its dependencies were changed since the last visit
2024-10-06T12:36:51.565Z - info: Site data built
2024-10-06T12:36:51.565Z - info: Lazy website regeneration complete! Total build time: 0.496s
2024-10-06T12:38:05.156Z - info: [8:38:05 pm] Reload for file change: C:\repos\nus-cs2103\cs2103-website-base\admin\faq-fragment.md
2024-10-06T12:38:05.157Z - info: Synchronizing opened pages list before reload
2024-10-06T12:38:05.157Z - info: Current opened pages, from most-to-least recent:
2024-10-06T12:38:05.158Z - info: 1. schedule/week8/project
2024-10-06T12:38:06.176Z - info: Rebuilding 1 pages
2024-10-06T12:38:08.306Z - info: Site data built
2024-10-06T12:38:08.306Z - info: Pages rebuilt
2024-10-06T12:38:08.306Z - info: Website regeneration complete! Total build time: 2.132s
2024-10-06T12:39:30.584Z - info: Website generation started at 8:38:55 pm
2024-10-06T12:39:43.040Z - warn: ENOENT: no such file or directory, open 'C:\repos\nus-cs2103\cs2103-website-base\node_modules\.cache\gh-pages\https!github.com!nus-cs2103-AY2425S1!website.git\book\_markbind\variables.md'
2024-10-06T12:39:43.042Z - warn: ENOENT: no such file or directory, open 'C:\repos\nus-cs2103\cs2103-website-base\node_modules\.cache\gh-pages\https!github.com!nus-cs2103-AY2425S1!website.git\cache\gh-pages\https!github.com!nus-cs2103-AY2425S1!website.git\book\_markbind\variables.md'
2024-10-06T12:39:43.043Z - warn: ENOENT: no such file or directory, open 'C:\repos\nus-cs2103\cs2103-website-base\node_modules\.cache\gh-pages\https!github.com!nus-cs2103-AY2425S1!website.git\cache\gh-pages\https!github.com!nus-cs2103-AY2425S1!website.git\_markbind\variables.md'
2024-10-06T12:39:43.045Z - warn: ENOENT: no such file or directory, open 'C:\repos\nus-cs2103\cs2103-website-base\node_modules\.cache\gh-pages\https!github.com!nus-cs2103-AY2425S1!website.git\_markbind\variables.md'
2024-10-06T12:39:43.128Z - info: Building assets...
2024-10-06T12:40:46.578Z - info: Assets built
2024-10-06T12:40:46.579Z - info: Generating pages...
2024-10-06T12:41:08.108Z - debug:  
2024-10-06T12:41:08.117Z - debug:  
2024-10-06T12:41:08.138Z - debug:  
2024-10-06T12:41:08.149Z - debug:  
2024-10-06T12:41:08.160Z - debug:  
2024-10-06T12:41:08.183Z - debug:  
2024-10-06T12:41:08.183Z - debug:  
2024-10-06T12:41:08.183Z - debug:  
2024-10-06T12:41:08.196Z - debug:  
2024-10-06T12:41:08.209Z - debug:  
2024-10-06T12:41:08.223Z - debug:  
2024-10-06T12:41:08.258Z - debug:  
2024-10-06T12:41:10.497Z - debug:  
2024-10-06T12:41:10.497Z - debug:  
2024-10-06T12:41:10.504Z - debug:  
2024-10-06T12:41:10.504Z - debug:  
2024-10-06T12:41:10.505Z - debug:  
2024-10-06T12:41:39.181Z - debug:  
2024-10-06T12:43:50.024Z - debug:  
2024-10-06T12:44:16.111Z - debug:  
2024-10-06T12:44:16.153Z - debug:  
2024-10-06T12:44:33.742Z - info: Pages built
2024-10-06T12:44:35.449Z - info: Site data built
2024-10-06T12:44:35.449Z - info: Website generation complete! Total build time: 339.872s
2024-10-06T12:44:35.449Z - info: Build success!
2024-10-06T12:48:57.963Z - info: The website has been deployed at: https://nus-cs2103-ay2425s1.github.io/website
