2024-07-31T16:00:40.888Z - info: The website has been deployed at: https://nus-cs2103-ay2425s1.github.io/website
2024-08-01T08:55:26.899Z - info: Website generation (lazy) started at 4:55:21 pm
2024-08-01T08:55:37.468Z - warn: ENOENT: no such file or directory, open 'C:\repos\nus-cs2103\cs2103-website-base\cache\gh-pages\https!github.com!nus-cs2103-AY2425S1!website.git\book\_markbind\variables.md'
2024-08-01T08:55:37.470Z - warn: ENOENT: no such file or directory, open 'C:\repos\nus-cs2103\cs2103-website-base\cache\gh-pages\https!github.com!nus-cs2103-AY2425S1!website.git\_markbind\variables.md'
2024-08-01T08:55:37.536Z - info: Building assets...
2024-08-01T08:56:25.784Z - info: Assets built
2024-08-01T08:56:25.786Z - info: Generating landing page...
2024-08-01T08:56:26.725Z - info: Landing page built, other pages will be built as you navigate to them!
2024-08-01T08:56:29.172Z - info: Site data built
2024-08-01T08:56:29.173Z - info: Website generation (lazy) complete! Total build time: 67.669s
2024-08-01T08:56:29.814Z - info: Serving "C:\repos\nus-cs2103\cs2103-website-base\_site" at http://127.0.0.1:8080
2024-08-01T08:56:29.814Z - info: Press CTRL+C to stop ...
2024-08-01T08:58:42.625Z - info: Building C:\repos\nus-cs2103\cs2103-website-base\schedule\week1\index as some of its dependencies were changed since the last visit
2024-08-01T08:58:43.563Z - info: Site data built
2024-08-01T08:58:43.564Z - info: Lazy website regeneration complete! Total build time: 0.94s
2024-08-01T08:58:46.902Z - info: Building C:\repos\nus-cs2103\cs2103-website-base\schedule\week1\topics as some of its dependencies were changed since the last visit
2024-08-01T08:58:54.080Z - debug:  
2024-08-01T08:58:54.641Z - info: Site data built
2024-08-01T08:58:54.641Z - info: Lazy website regeneration complete! Total build time: 7.74s
2024-08-01T09:00:37.155Z - info: [5:00:37 pm] Reload for file change: C:\repos\nus-cs2103\cs2103-website-base\schedule\week1\commentary-cs2103-fragment.md
2024-08-01T09:00:37.156Z - info: Synchronizing opened pages list before reload
2024-08-01T09:00:37.159Z - info: Current opened pages, from most-to-least recent:
2024-08-01T09:00:37.159Z - info: 1. schedule/week1/topics
2024-08-01T09:00:38.173Z - info: Rebuilding 1 pages
2024-08-01T09:00:40.166Z - info: Site data built
2024-08-01T09:00:40.166Z - info: Pages rebuilt
2024-08-01T09:00:40.167Z - info: Website regeneration complete! Total build time: 1.995s
2024-08-01T09:02:04.202Z - info: [5:02:04 pm] Reload for file change: C:\repos\nus-cs2103\cs2103-website-base\schedule\week1\commentary-cs2103-fragment.md
2024-08-01T09:02:04.203Z - info: Synchronizing opened pages list before reload
2024-08-01T09:02:04.203Z - info: Current opened pages, from most-to-least recent:
2024-08-01T09:02:04.205Z - info: 1. schedule/week1/topics
2024-08-01T09:02:05.209Z - info: Rebuilding 1 pages
2024-08-01T09:02:07.651Z - info: Site data built
2024-08-01T09:02:07.651Z - info: Pages rebuilt
2024-08-01T09:02:07.652Z - info: Website regeneration complete! Total build time: 2.444s
2024-08-01T09:02:39.881Z - info: [5:02:39 pm] Reload for file change: C:\repos\nus-cs2103\cs2103-website-base\schedule\week1\commentary-cs2103-fragment.md
2024-08-01T09:02:39.882Z - info: Synchronizing opened pages list before reload
2024-08-01T09:02:39.882Z - info: Current opened pages, from most-to-least recent:
2024-08-01T09:02:39.883Z - info: 1. schedule/week1/topics
2024-08-01T09:02:40.889Z - info: Rebuilding 1 pages
2024-08-01T09:02:43.481Z - info: Site data built
2024-08-01T09:02:43.482Z - info: Pages rebuilt
2024-08-01T09:02:43.482Z - info: Website regeneration complete! Total build time: 2.594s
2024-08-01T09:03:21.661Z - info: Building C:\repos\nus-cs2103\cs2103-website-base\schedule\week1\admin as some of its dependencies were changed since the last visit
2024-08-01T09:03:24.681Z - debug:  
2024-08-01T09:03:24.815Z - info: Site data built
2024-08-01T09:03:24.815Z - info: Lazy website regeneration complete! Total build time: 3.154s
2024-08-01T09:05:06.195Z - info: [5:05:06 pm] Reload for file change: C:\repos\nus-cs2103\cs2103-website-base\admin\admin-tasks-fragment.md
2024-08-01T09:05:06.196Z - info: Synchronizing opened pages list before reload
2024-08-01T09:05:06.197Z - info: Current opened pages, from most-to-least recent:
2024-08-01T09:05:06.197Z - info: 1. schedule/week1/admin
2024-08-01T09:05:07.221Z - info: Rebuilding 1 pages
2024-08-01T09:05:08.479Z - info: Site data built
2024-08-01T09:05:08.479Z - info: Pages rebuilt
2024-08-01T09:05:08.480Z - info: Website regeneration complete! Total build time: 1.261s
2024-08-01T09:07:54.308Z - info: [5:07:54 pm] Reload for file change: C:\repos\nus-cs2103\cs2103-website-base\admin\admin-tasks-fragment.md
2024-08-01T09:07:54.309Z - info: Synchronizing opened pages list before reload
2024-08-01T09:07:54.309Z - info: Current opened pages, from most-to-least recent:
2024-08-01T09:07:54.310Z - info: 1. schedule/week1/admin
2024-08-01T09:07:55.327Z - info: Rebuilding 1 pages
2024-08-01T09:07:56.580Z - info: Site data built
2024-08-01T09:07:56.580Z - info: Pages rebuilt
2024-08-01T09:07:56.580Z - info: Website regeneration complete! Total build time: 1.254s
2024-08-01T10:02:33.098Z - info: [6:02:33 pm] Reload for file change: C:\repos\nus-cs2103\cs2103-website-base\_course-CS2103\weeklyAdminTasks-fragment.md
2024-08-01T10:02:33.099Z - info: Synchronizing opened pages list before reload
2024-08-01T10:02:33.099Z - info: Current opened pages, from most-to-least recent:
2024-08-01T10:02:33.099Z - info: 1. schedule/week1/admin
2024-08-01T10:02:34.119Z - info: Rebuilding 1 pages
2024-08-01T10:02:35.537Z - info: Site data built
2024-08-01T10:02:35.537Z - info: Pages rebuilt
2024-08-01T10:02:35.537Z - info: Website regeneration complete! Total build time: 1.421s
2024-08-01T10:03:40.635Z - info: [6:03:40 pm] Reload for file change: C:\repos\nus-cs2103\cs2103-website-base\_course-CS2103\weeklyAdminTasks-fragment.md
2024-08-01T10:03:40.636Z - info: Synchronizing opened pages list before reload
2024-08-01T10:03:40.636Z - info: Current opened pages, from most-to-least recent:
2024-08-01T10:03:40.636Z - info: 1. schedule/week1/admin
2024-08-01T10:03:41.650Z - info: Rebuilding 1 pages
2024-08-01T10:03:42.879Z - info: Site data built
2024-08-01T10:03:42.879Z - info: Pages rebuilt
2024-08-01T10:03:42.879Z - info: Website regeneration complete! Total build time: 1.229s
2024-08-01T10:04:52.896Z - info: [6:04:52 pm] Reload for file change: C:\repos\nus-cs2103\cs2103-website-base\admin\admin-tasks-fragment.md
2024-08-01T10:04:52.898Z - info: Synchronizing opened pages list before reload
2024-08-01T10:04:52.898Z - info: Current opened pages, from most-to-least recent:
2024-08-01T10:04:52.899Z - info: 1. schedule/week1/admin
2024-08-01T10:04:53.919Z - info: Rebuilding 1 pages
2024-08-01T10:04:55.125Z - info: Site data built
2024-08-01T10:04:55.125Z - info: Pages rebuilt
2024-08-01T10:04:55.125Z - info: Website regeneration complete! Total build time: 1.207s
2024-08-01T10:05:15.596Z - info: Building C:\repos\nus-cs2103\cs2103-website-base\schedule\week1\index as some of its dependencies were changed since the last visit
2024-08-01T10:05:16.343Z - info: Site data built
2024-08-01T10:05:16.343Z - info: Lazy website regeneration complete! Total build time: 0.747s
2024-08-01T10:07:35.087Z - info: [6:07:35 pm] Reload for file change: C:\repos\nus-cs2103\cs2103-website-base\schedule\index.md
2024-08-01T10:07:35.087Z - info: Synchronizing opened pages list before reload
2024-08-01T10:07:35.088Z - info: Current opened pages, from most-to-least recent:
2024-08-01T10:07:35.088Z - info: 1. schedule/week1/admin
2024-08-01T10:07:36.092Z - info: Rebuilding 1 pages
2024-08-01T10:07:37.324Z - info: Site data built
2024-08-01T10:07:37.325Z - info: Pages rebuilt
2024-08-01T10:07:37.325Z - info: Website regeneration complete! Total build time: 1.234s
2024-08-01T10:09:03.854Z - info: [6:09:03 pm] Reload for file change: C:\repos\nus-cs2103\cs2103-website-base\schedule\index.md
2024-08-01T10:09:03.855Z - info: Synchronizing opened pages list before reload
2024-08-01T10:09:03.856Z - info: Current opened pages, from most-to-least recent:
2024-08-01T10:09:03.857Z - info: 1. schedule/week1/admin
2024-08-01T10:09:04.859Z - info: Rebuilding 1 pages
2024-08-01T10:09:06.705Z - info: Site data built
2024-08-01T10:09:06.705Z - info: Pages rebuilt
2024-08-01T10:09:06.706Z - info: Website regeneration complete! Total build time: 1.848s
2024-08-01T10:09:16.563Z - info: [6:09:16 pm] Reload for file change: C:\repos\nus-cs2103\cs2103-website-base\schedule\index.md
2024-08-01T10:09:16.563Z - info: Synchronizing opened pages list before reload
2024-08-01T10:09:16.563Z - info: Current opened pages, from most-to-least recent:
2024-08-01T10:09:16.563Z - info: 1. schedule/week1/admin
2024-08-01T10:09:17.580Z - info: Rebuilding 1 pages
2024-08-01T10:09:19.276Z - info: Site data built
2024-08-01T10:09:19.276Z - info: Pages rebuilt
2024-08-01T10:09:19.277Z - info: Website regeneration complete! Total build time: 1.697s
2024-08-01T10:09:30.973Z - info: [6:09:30 pm] Reload for file change: C:\repos\nus-cs2103\cs2103-website-base\schedule\index.md
2024-08-01T10:09:30.973Z - info: Synchronizing opened pages list before reload
2024-08-01T10:09:30.974Z - info: Current opened pages, from most-to-least recent:
2024-08-01T10:09:30.974Z - info: 1. schedule/week1/admin
2024-08-01T10:09:31.985Z - info: Rebuilding 1 pages
2024-08-01T10:09:33.376Z - info: Site data built
2024-08-01T10:09:33.376Z - info: Pages rebuilt
2024-08-01T10:09:33.377Z - info: Website regeneration complete! Total build time: 1.392s
2024-08-01T10:09:55.390Z - info: [6:09:55 pm] Reload for file change: C:\repos\nus-cs2103\cs2103-website-base\schedule\index.md
2024-08-01T10:09:55.390Z - info: Synchronizing opened pages list before reload
2024-08-01T10:09:55.391Z - info: Current opened pages, from most-to-least recent:
2024-08-01T10:09:55.391Z - info: 1. schedule/week1/admin
2024-08-01T10:09:56.407Z - info: Rebuilding 1 pages
2024-08-01T10:09:58.228Z - info: Site data built
2024-08-01T10:09:58.229Z - info: Pages rebuilt
2024-08-01T10:09:58.229Z - info: Website regeneration complete! Total build time: 1.823s
2024-08-01T10:10:39.313Z - info: [6:10:39 pm] Reload for file change: C:\repos\nus-cs2103\cs2103-website-base\schedule\index.md
2024-08-01T10:10:39.313Z - info: Synchronizing opened pages list before reload
2024-08-01T10:10:39.314Z - info: Current opened pages, from most-to-least recent:
2024-08-01T10:10:39.314Z - info: 1. schedule/week1/admin
2024-08-01T10:10:40.325Z - info: Rebuilding 1 pages
2024-08-01T10:10:41.758Z - info: Site data built
2024-08-01T10:10:41.758Z - info: Pages rebuilt
2024-08-01T10:10:41.759Z - info: Website regeneration complete! Total build time: 1.434s
2024-08-01T10:10:53.432Z - info: [6:10:53 pm] Reload for file change: C:\repos\nus-cs2103\cs2103-website-base\schedule\index.md
2024-08-01T10:10:53.432Z - info: Synchronizing opened pages list before reload
2024-08-01T10:10:53.433Z - info: Current opened pages, from most-to-least recent:
2024-08-01T10:10:53.433Z - info: 1. schedule/week1/admin
2024-08-01T10:10:54.443Z - info: Rebuilding 1 pages
2024-08-01T10:10:55.556Z - info: Site data built
2024-08-01T10:10:55.556Z - info: Pages rebuilt
2024-08-01T10:10:55.556Z - info: Website regeneration complete! Total build time: 1.113s
2024-08-01T10:11:11.565Z - info: [6:11:11 pm] Reload for file change: C:\repos\nus-cs2103\cs2103-website-base\schedule\index.md
2024-08-01T10:11:11.566Z - info: Synchronizing opened pages list before reload
2024-08-01T10:11:11.566Z - info: Current opened pages, from most-to-least recent:
2024-08-01T10:11:11.566Z - info: 1. schedule/week1/admin
2024-08-01T10:11:12.572Z - info: Rebuilding 1 pages
2024-08-01T10:11:13.924Z - info: Site data built
2024-08-01T10:11:13.924Z - info: Pages rebuilt
2024-08-01T10:11:13.924Z - info: Website regeneration complete! Total build time: 1.353s
2024-08-01T10:12:16.903Z - info: [6:12:16 pm] Reload for file change: C:\repos\nus-cs2103\cs2103-website-base\_course-CS2103\weeklyAdminTasks-fragment.md
2024-08-01T10:12:16.904Z - info: Synchronizing opened pages list before reload
2024-08-01T10:12:16.904Z - info: Current opened pages, from most-to-least recent:
2024-08-01T10:12:16.904Z - info: 1. schedule/week1/admin
2024-08-01T10:12:17.919Z - info: Rebuilding 1 pages
2024-08-01T10:12:19.122Z - info: Site data built
2024-08-01T10:12:19.122Z - info: Pages rebuilt
2024-08-01T10:12:19.122Z - info: Website regeneration complete! Total build time: 1.204s
2024-08-01T10:12:42.740Z - info: [6:12:42 pm] Reload for file change: C:\repos\nus-cs2103\cs2103-website-base\_course-CS2103\weeklyAdminTasks-fragment.md
2024-08-01T10:12:42.741Z - info: Synchronizing opened pages list before reload
2024-08-01T10:12:42.741Z - info: Current opened pages, from most-to-least recent:
2024-08-01T10:12:42.741Z - info: 1. schedule/week1/admin
2024-08-01T10:12:43.752Z - info: Rebuilding 1 pages
2024-08-01T10:12:44.916Z - info: Site data built
2024-08-01T10:12:44.916Z - info: Pages rebuilt
2024-08-01T10:12:44.917Z - info: Website regeneration complete! Total build time: 1.166s
2024-08-01T10:13:23.710Z - info: Building C:\repos\nus-cs2103\cs2103-website-base\admin\courseOverview as some of its dependencies were changed since the last visit
2024-08-01T10:13:23.922Z - info: Site data built
2024-08-01T10:13:23.922Z - info: Lazy website regeneration complete! Total build time: 0.212s
2024-08-01T10:14:49.512Z - info: [6:14:49 pm] Reload for file change: C:\repos\nus-cs2103\cs2103-website-base\admin\admin-tasks-fragment.md
2024-08-01T10:14:49.514Z - info: Synchronizing opened pages list before reload
2024-08-01T10:14:49.515Z - info: Current opened pages, from most-to-least recent:
2024-08-01T10:14:49.516Z - info: 1. schedule/week1/admin
2024-08-01T10:14:50.521Z - info: Rebuilding 1 pages
2024-08-01T10:14:51.733Z - info: Site data built
2024-08-01T10:14:51.733Z - info: Pages rebuilt
2024-08-01T10:14:51.733Z - info: Website regeneration complete! Total build time: 1.214s
2024-08-01T10:15:10.363Z - info: [6:15:10 pm] Reload for file change: C:\repos\nus-cs2103\cs2103-website-base\admin\admin-tasks-fragment.md
2024-08-01T10:15:10.364Z - info: Synchronizing opened pages list before reload
2024-08-01T10:15:10.364Z - info: Current opened pages, from most-to-least recent:
2024-08-01T10:15:10.365Z - info: 1. schedule/week1/admin
2024-08-01T10:15:11.383Z - info: Rebuilding 1 pages
2024-08-01T10:15:12.604Z - info: Site data built
2024-08-01T10:15:12.604Z - info: Pages rebuilt
2024-08-01T10:15:12.605Z - info: Website regeneration complete! Total build time: 1.223s
2024-08-01T10:15:48.053Z - info: [6:15:48 pm] Reload for file change: C:\repos\nus-cs2103\cs2103-website-base\admin\admin-tasks-fragment.md
2024-08-01T10:15:48.053Z - info: Synchronizing opened pages list before reload
2024-08-01T10:15:48.054Z - info: Current opened pages, from most-to-least recent:
2024-08-01T10:15:48.054Z - info: 1. schedule/week1/admin
2024-08-01T10:15:49.067Z - info: Rebuilding 1 pages
2024-08-01T10:15:50.346Z - info: Site data built
2024-08-01T10:15:50.346Z - info: Pages rebuilt
2024-08-01T10:15:50.346Z - info: Website regeneration complete! Total build time: 1.28s
2024-08-01T10:17:11.565Z - info: [6:17:11 pm] Reload for file change: C:\repos\nus-cs2103\cs2103-website-base\admin\admin-tasks-fragment.md
2024-08-01T10:17:11.566Z - info: Synchronizing opened pages list before reload
2024-08-01T10:17:11.566Z - info: Current opened pages, from most-to-least recent:
2024-08-01T10:17:11.566Z - info: 1. schedule/week1/admin
2024-08-01T10:17:12.582Z - info: Rebuilding 1 pages
2024-08-01T10:17:13.740Z - info: Site data built
2024-08-01T10:17:13.741Z - info: Pages rebuilt
2024-08-01T10:17:13.741Z - info: Website regeneration complete! Total build time: 1.16s
2024-08-01T10:17:26.223Z - info: Building C:\repos\nus-cs2103\cs2103-website-base\schedule\index as some of its dependencies were changed since the last visit
2024-08-01T10:17:26.726Z - info: Site data built
2024-08-01T10:17:26.726Z - info: Lazy website regeneration complete! Total build time: 0.504s
2024-08-01T10:22:01.745Z - info: [6:22:01 pm] Reload for file change: C:\repos\nus-cs2103\cs2103-website-base\admin\weeklySchedule.md
2024-08-01T10:22:01.745Z - info: Synchronizing opened pages list before reload
2024-08-01T10:22:01.745Z - info: Current opened pages, from most-to-least recent:
2024-08-01T10:22:01.746Z - info: 1. schedule/week1/admin
2024-08-01T10:22:02.749Z - info: Rebuilding 1 pages
2024-08-01T10:22:04.356Z - info: Site data built
2024-08-01T10:22:04.357Z - info: Pages rebuilt
2024-08-01T10:22:04.357Z - info: Website regeneration complete! Total build time: 1.609s
2024-08-01T10:22:39.026Z - info: [6:22:39 pm] Reload for file change: C:\repos\nus-cs2103\cs2103-website-base\admin\weeklySchedule.md
2024-08-01T10:22:39.027Z - info: Synchronizing opened pages list before reload
2024-08-01T10:22:39.027Z - info: Current opened pages, from most-to-least recent:
2024-08-01T10:22:39.028Z - info: 1. schedule/week1/admin
2024-08-01T10:22:40.042Z - info: Rebuilding 1 pages
2024-08-01T10:22:41.482Z - info: Site data built
2024-08-01T10:22:41.482Z - info: Pages rebuilt
2024-08-01T10:22:41.482Z - info: Website regeneration complete! Total build time: 1.441s
2024-08-01T10:23:40.838Z - info: [6:23:40 pm] Reload for file change: C:\repos\nus-cs2103\cs2103-website-base\admin\weeklySchedule.md
2024-08-01T10:23:40.838Z - info: Synchronizing opened pages list before reload
2024-08-01T10:23:40.838Z - info: Current opened pages, from most-to-least recent:
2024-08-01T10:23:40.839Z - info: 1. schedule/week1/admin
2024-08-01T10:23:41.853Z - info: Rebuilding 1 pages
2024-08-01T10:23:43.022Z - info: Site data built
2024-08-01T10:23:43.022Z - info: Pages rebuilt
2024-08-01T10:23:43.022Z - info: Website regeneration complete! Total build time: 1.17s
2024-08-01T10:24:41.854Z - info: [6:24:41 pm] Reload for file change: C:\repos\nus-cs2103\cs2103-website-base\admin\weeklySchedule.md
2024-08-01T10:24:41.854Z - info: Synchronizing opened pages list before reload
2024-08-01T10:24:41.855Z - info: Current opened pages, from most-to-least recent:
2024-08-01T10:24:41.855Z - info: 1. schedule/week1/admin
2024-08-01T10:24:42.870Z - info: Rebuilding 1 pages
2024-08-01T10:24:44.062Z - info: Site data built
2024-08-01T10:24:44.063Z - info: Pages rebuilt
2024-08-01T10:24:44.063Z - info: Website regeneration complete! Total build time: 1.194s
2024-08-01T10:26:12.643Z - info: [6:26:12 pm] Reload for file change: C:\repos\nus-cs2103\cs2103-website-base\admin\admin-tasks-fragment.md
2024-08-01T10:26:12.644Z - info: Synchronizing opened pages list before reload
2024-08-01T10:26:12.644Z - info: Current opened pages, from most-to-least recent:
2024-08-01T10:26:12.645Z - info: 1. schedule/week1/admin
2024-08-01T10:26:13.664Z - info: Rebuilding 1 pages
2024-08-01T10:26:14.837Z - info: Site data built
2024-08-01T10:26:14.837Z - info: Pages rebuilt
2024-08-01T10:26:14.837Z - info: Website regeneration complete! Total build time: 1.174s
2024-08-01T10:26:55.152Z - info: [6:26:55 pm] Reload for file change: C:\repos\nus-cs2103\cs2103-website-base\admin\admin-tasks-fragment.md
2024-08-01T10:26:55.152Z - info: Synchronizing opened pages list before reload
2024-08-01T10:26:55.152Z - info: Current opened pages, from most-to-least recent:
2024-08-01T10:26:55.152Z - info: 1. schedule/week1/admin
2024-08-01T10:26:56.170Z - info: Rebuilding 1 pages
2024-08-01T10:26:57.337Z - info: Site data built
2024-08-01T10:26:57.337Z - info: Pages rebuilt
2024-08-01T10:26:57.337Z - info: Website regeneration complete! Total build time: 1.168s
2024-08-01T10:28:46.180Z - info: [6:28:46 pm] Reload for file change: C:\repos\nus-cs2103\cs2103-website-base\admin\admin-tasks-fragment.md
2024-08-01T10:28:46.180Z - info: Synchronizing opened pages list before reload
2024-08-01T10:28:46.181Z - info: Current opened pages, from most-to-least recent:
2024-08-01T10:28:46.181Z - info: 1. schedule/week1/admin
2024-08-01T10:28:47.192Z - info: Rebuilding 1 pages
2024-08-01T10:28:48.378Z - info: Site data built
2024-08-01T10:28:48.378Z - info: Pages rebuilt
2024-08-01T10:28:48.378Z - info: Website regeneration complete! Total build time: 1.187s
2024-08-01T10:29:48.730Z - info: [6:29:48 pm] Reload for file change: C:\repos\nus-cs2103\cs2103-website-base\admin\admin-tasks-fragment.md
2024-08-01T10:29:48.730Z - info: Synchronizing opened pages list before reload
2024-08-01T10:29:48.730Z - info: Current opened pages, from most-to-least recent:
2024-08-01T10:29:48.730Z - info: 1. schedule/week1/admin
2024-08-01T10:29:49.743Z - info: Rebuilding 1 pages
2024-08-01T10:29:50.921Z - info: Site data built
2024-08-01T10:29:50.921Z - info: Pages rebuilt
2024-08-01T10:29:50.921Z - info: Website regeneration complete! Total build time: 1.179s
2024-08-01T10:31:13.836Z - info: Building C:\repos\nus-cs2103\cs2103-website-base\admin\appendixE-gitHub as some of its dependencies were changed since the last visit
2024-08-01T10:31:14.330Z - info: Site data built
2024-08-01T10:31:14.331Z - info: Lazy website regeneration complete! Total build time: 0.496s
2024-08-01T10:34:53.895Z - info: Building C:\repos\nus-cs2103\cs2103-website-base\schedule\index as some of its dependencies were changed since the last visit
2024-08-01T10:34:54.387Z - info: Site data built
2024-08-01T10:34:54.387Z - info: Lazy website regeneration complete! Total build time: 0.493s
2024-08-01T10:38:15.690Z - info: Building C:\repos\nus-cs2103\cs2103-website-base\schedule\week1\topics as some of its dependencies were changed since the last visit
2024-08-01T10:38:17.979Z - info: Site data built
2024-08-01T10:38:17.979Z - info: Lazy website regeneration complete! Total build time: 2.29s
2024-08-01T10:40:05.211Z - info: [6:40:05 pm] Reload for file change: C:\repos\nus-cs2103\cs2103-website-base\schedule\week1\commentary-cs2103-fragment.md
2024-08-01T10:40:05.211Z - info: Synchronizing opened pages list before reload
2024-08-01T10:40:05.211Z - info: Current opened pages, from most-to-least recent:
2024-08-01T10:40:05.211Z - info: 1. schedule/week1/topics
2024-08-01T10:40:06.226Z - info: Rebuilding 1 pages
2024-08-01T10:40:08.207Z - info: Site data built
2024-08-01T10:40:08.208Z - info: Pages rebuilt
2024-08-01T10:40:08.208Z - info: Website regeneration complete! Total build time: 1.983s
2024-08-01T10:40:38.527Z - info: [6:40:38 pm] Reload for file change: C:\repos\nus-cs2103\cs2103-website-base\schedule\week1\commentary-cs2103-fragment.md
2024-08-01T10:40:38.527Z - info: Synchronizing opened pages list before reload
2024-08-01T10:40:38.528Z - info: Current opened pages, from most-to-least recent:
2024-08-01T10:40:38.528Z - info: 1. schedule/week1/topics
2024-08-01T10:40:39.545Z - info: Rebuilding 1 pages
2024-08-01T10:40:41.524Z - info: Site data built
2024-08-01T10:40:41.524Z - info: Pages rebuilt
2024-08-01T10:40:41.525Z - info: Website regeneration complete! Total build time: 1.98s
2024-08-01T10:40:50.271Z - info: [6:40:50 pm] Reload for file change: C:\repos\nus-cs2103\cs2103-website-base\schedule\week1\commentary-cs2103-fragment.md
2024-08-01T10:40:50.272Z - info: Synchronizing opened pages list before reload
2024-08-01T10:40:50.272Z - info: Current opened pages, from most-to-least recent:
2024-08-01T10:40:50.272Z - info: 1. schedule/week1/topics
2024-08-01T10:40:51.277Z - info: Rebuilding 1 pages
2024-08-01T10:40:53.087Z - info: Site data built
2024-08-01T10:40:53.088Z - info: Pages rebuilt
2024-08-01T10:40:53.088Z - info: Website regeneration complete! Total build time: 1.812s
2024-08-01T10:45:51.696Z - info: Building C:\repos\nus-cs2103\cs2103-website-base\schedule\week1\project as some of its dependencies were changed since the last visit
2024-08-01T10:45:51.907Z - info: Site data built
2024-08-01T10:45:51.907Z - info: Lazy website regeneration complete! Total build time: 0.211s
2024-08-01T10:45:55.104Z - info: Building C:\repos\nus-cs2103\cs2103-website-base\schedule\week1\tutorial as some of its dependencies were changed since the last visit
2024-08-01T10:45:55.395Z - info: Site data built
2024-08-01T10:45:55.395Z - info: Lazy website regeneration complete! Total build time: 0.292s
2024-08-01T10:45:59.907Z - info: Building C:\repos\nus-cs2103\cs2103-website-base\schedule\week2\index as some of its dependencies were changed since the last visit
2024-08-01T10:46:00.997Z - info: Site data built
2024-08-01T10:46:00.998Z - info: Lazy website regeneration complete! Total build time: 1.09s
2024-08-01T10:46:09.909Z - info: Building C:\repos\nus-cs2103\cs2103-website-base\schedule\week1\index as some of its dependencies were changed since the last visit
2024-08-01T10:46:10.465Z - info: Site data built
2024-08-01T10:46:10.466Z - info: Lazy website regeneration complete! Total build time: 0.556s
2024-08-01T10:48:09.279Z - info: Website generation started at 6:47:56 pm
2024-08-01T10:48:17.035Z - info: Building assets...
2024-08-01T10:48:22.659Z - info: Assets built
2024-08-01T10:48:22.661Z - info: Generating pages...
2024-08-01T10:48:44.207Z - debug:  
2024-08-01T10:48:44.209Z - debug:  
2024-08-01T10:48:44.210Z - debug:  
2024-08-01T10:48:44.211Z - debug:  
2024-08-01T10:48:44.213Z - debug:  
2024-08-01T10:48:44.217Z - debug:  
2024-08-01T10:48:44.218Z - debug:  
2024-08-01T10:48:44.219Z - debug:  
2024-08-01T10:48:44.713Z - debug:  
2024-08-01T10:48:44.714Z - debug:  
2024-08-01T10:48:44.714Z - debug:  
2024-08-01T10:48:44.715Z - debug:  
2024-08-01T10:48:44.718Z - debug:  
2024-08-01T10:48:48.755Z - debug:  
2024-08-01T10:48:48.755Z - debug:  
2024-08-01T10:48:48.755Z - debug:  
2024-08-01T10:48:48.756Z - debug:  
2024-08-01T10:50:07.283Z - error: Invalid HTML in C:\repos\nus-cs2103\cs2103-website-base\schedule\week5\tutorial.md.
Table must have a tbody tag. Please correct this to avoid Vue hydration issues.

2024-08-01T10:50:32.886Z - error: Invalid HTML in C:\repos\nus-cs2103\cs2103-website-base\schedule\week4\project.md.
Table must have a tbody tag. Please correct this to avoid Vue hydration issues.

2024-08-01T10:50:32.886Z - error: Invalid HTML in C:\repos\nus-cs2103\cs2103-website-base\schedule\week4\project.md.
Table must have a tbody tag. Please correct this to avoid Vue hydration issues.

2024-08-01T10:50:58.286Z - debug:  
2024-08-01T10:51:16.513Z - debug:  
2024-08-01T10:51:16.530Z - debug:  
2024-08-01T10:51:21.615Z - error: Invalid HTML in C:\repos\nus-cs2103\cs2103-website-base\admin\ip-w4.md.
Table must have a tbody tag. Please correct this to avoid Vue hydration issues.

2024-08-01T10:51:21.615Z - error: Invalid HTML in C:\repos\nus-cs2103\cs2103-website-base\admin\ip-w4.md.
Table must have a tbody tag. Please correct this to avoid Vue hydration issues.

2024-08-01T10:51:25.678Z - info: Pages built
2024-08-01T10:51:26.763Z - info: Site data built
2024-08-01T10:51:26.763Z - info: Website generation complete! Total build time: 210.348s
2024-08-01T10:51:26.763Z - info: Build success!
2024-08-01T10:53:36.765Z - info: The website has been deployed at: https://nus-cs2103-ay2425s1.github.io/website
