2024-09-15T16:40:03.941Z - info: Website generation started at 12:39:17 am
2024-09-15T16:40:19.373Z - warn: ENOENT: no such file or directory, open 'C:\repos\nus-cs2103\cs2103-website-base\node_modules\.cache\gh-pages\https!github.com!nus-cs2103-AY2425S1!website.git\book\_markbind\variables.md'
2024-09-15T16:40:19.375Z - warn: ENOENT: no such file or directory, open 'C:\repos\nus-cs2103\cs2103-website-base\node_modules\.cache\gh-pages\https!github.com!nus-cs2103-AY2425S1!website.git\cache\gh-pages\https!github.com!nus-cs2103-AY2425S1!website.git\book\_markbind\variables.md'
2024-09-15T16:40:19.376Z - warn: ENOENT: no such file or directory, open 'C:\repos\nus-cs2103\cs2103-website-base\node_modules\.cache\gh-pages\https!github.com!nus-cs2103-AY2425S1!website.git\cache\gh-pages\https!github.com!nus-cs2103-AY2425S1!website.git\_markbind\variables.md'
2024-09-15T16:40:19.378Z - warn: ENOENT: no such file or directory, open 'C:\repos\nus-cs2103\cs2103-website-base\node_modules\.cache\gh-pages\https!github.com!nus-cs2103-AY2425S1!website.git\_markbind\variables.md'
2024-09-15T16:40:19.457Z - info: Building assets...
2024-09-15T16:41:40.114Z - info: Assets built
2024-09-15T16:41:40.115Z - info: Generating pages...
2024-09-15T16:41:59.936Z - debug:  
2024-09-15T16:42:00.380Z - debug:  
2024-09-15T16:42:00.385Z - debug:  
2024-09-15T16:42:00.393Z - debug:  
2024-09-15T16:42:00.393Z - debug:  
2024-09-15T16:42:00.407Z - debug:  
2024-09-15T16:42:00.504Z - debug:  
2024-09-15T16:42:00.514Z - debug:  
2024-09-15T16:42:00.549Z - debug:  
2024-09-15T16:42:00.594Z - debug:  
2024-09-15T16:42:00.622Z - debug:  
2024-09-15T16:42:00.627Z - debug:  
2024-09-15T16:42:02.885Z - debug:  
2024-09-15T16:42:02.886Z - debug:  
2024-09-15T16:42:02.886Z - debug:  
2024-09-15T16:42:02.886Z - debug:  
2024-09-15T16:42:02.886Z - debug:  
2024-09-15T16:42:44.386Z - debug:  
2024-09-15T16:45:23.628Z - debug:  
2024-09-15T16:45:46.419Z - debug:  
2024-09-15T16:45:46.583Z - debug:  
2024-09-15T16:46:04.614Z - info: Pages built
2024-09-15T16:46:06.348Z - info: Site data built
2024-09-15T16:46:06.348Z - info: Website generation complete! Total build time: 408.813s
2024-09-15T16:46:06.349Z - info: Build success!
2024-09-15T16:49:31.274Z - info: The website has been deployed at: https://nus-cs2103-ay2425s1.github.io/website
2024-09-16T15:18:10.820Z - info: Website generation (lazy) started at 11:17:13 pm
2024-09-16T15:18:50.532Z - warn: ENOENT: no such file or directory, open 'C:\repos\nus-cs2103\cs2103-website-base\cache\gh-pages\https!github.com!nus-cs2103-AY2425S1!website.git\book\_markbind\variables.md'
2024-09-16T15:18:50.536Z - warn: ENOENT: no such file or directory, open 'C:\repos\nus-cs2103\cs2103-website-base\cache\gh-pages\https!github.com!nus-cs2103-AY2425S1!website.git\_markbind\variables.md'
2024-09-16T15:18:50.540Z - warn: ENOENT: no such file or directory, open 'C:\repos\nus-cs2103\cs2103-website-base\node_modules\.cache\gh-pages\https!github.com!nus-cs2103-AY2425S1!website.git\book\_markbind\variables.md'
2024-09-16T15:18:50.544Z - warn: ENOENT: no such file or directory, open 'C:\repos\nus-cs2103\cs2103-website-base\node_modules\.cache\gh-pages\https!github.com!nus-cs2103-AY2425S1!website.git\cache\gh-pages\https!github.com!nus-cs2103-AY2425S1!website.git\book\_markbind\variables.md'
2024-09-16T15:18:50.548Z - warn: ENOENT: no such file or directory, open 'C:\repos\nus-cs2103\cs2103-website-base\node_modules\.cache\gh-pages\https!github.com!nus-cs2103-AY2425S1!website.git\cache\gh-pages\https!github.com!nus-cs2103-AY2425S1!website.git\_markbind\variables.md'
2024-09-16T15:18:50.556Z - warn: ENOENT: no such file or directory, open 'C:\repos\nus-cs2103\cs2103-website-base\node_modules\.cache\gh-pages\https!github.com!nus-cs2103-AY2425S1!website.git\_markbind\variables.md'
2024-09-16T15:18:51.011Z - info: Building assets...
2024-09-16T15:22:22.329Z - info: Assets built
2024-09-16T15:22:22.332Z - info: Generating landing page...
2024-09-16T15:22:24.849Z - info: Landing page built, other pages will be built as you navigate to them!
2024-09-16T15:22:27.035Z - info: Site data built
2024-09-16T15:22:27.036Z - info: Website generation (lazy) complete! Total build time: 313.521s
2024-09-16T15:22:27.710Z - info: Serving "C:\repos\nus-cs2103\cs2103-website-base\_site" at http://127.0.0.1:8080
2024-09-16T15:22:27.711Z - info: Press CTRL+C to stop ...
2024-09-16T15:56:40.231Z - info: Building C:\repos\nus-cs2103\cs2103-website-base\schedule\week6\tutorial as some of its dependencies were changed since the last visit
2024-09-16T15:56:41.905Z - info: Site data built
2024-09-16T15:56:41.909Z - info: Lazy website regeneration complete! Total build time: 1.696s
2024-09-16T15:58:30.278Z - info: [11:58:30 pm] Reload for file change: C:\repos\nus-cs2103\cs2103-website-base\book\intellij\debuggingBasic\text.md
2024-09-16T15:58:30.279Z - info: Synchronizing opened pages list before reload
2024-09-16T15:58:30.281Z - info: Current opened pages, from most-to-least recent:
2024-09-16T15:58:30.282Z - info: 1. schedule/week6/tutorial
2024-09-16T15:58:31.299Z - info: No pages needed to be rebuilt
2024-09-16T15:58:48.679Z - info: [11:58:48 pm] Reload for file change: C:\repos\nus-cs2103\cs2103-website-base\book\intellij\debuggingBasic\text.md
2024-09-16T15:58:48.680Z - info: Synchronizing opened pages list before reload
2024-09-16T15:58:48.682Z - info: Current opened pages, from most-to-least recent:
2024-09-16T15:58:48.683Z - info: 1. schedule/week6/tutorial
2024-09-16T15:58:49.691Z - info: No pages needed to be rebuilt
2024-09-16T15:58:59.985Z - info: Building C:\repos\nus-cs2103\cs2103-website-base\schedule\week6\topics as some of its dependencies were changed since the last visit
2024-09-16T15:59:07.964Z - debug:  
2024-09-16T15:59:08.020Z - debug:  
2024-09-16T15:59:08.249Z - info: Site data built
2024-09-16T15:59:08.250Z - info: Lazy website regeneration complete! Total build time: 8.266s
2024-09-16T15:59:59.196Z - info: [11:59:59 pm] Reload for file add: C:\repos\nus-cs2103\cs2103-website-base\book\intellij\debuggingBasic\resources.md
2024-09-16T15:59:59.198Z - info: Synchronizing opened pages list before reload
2024-09-16T15:59:59.198Z - info: Current opened pages, from most-to-least recent:
2024-09-16T15:59:59.198Z - info: 1. schedule/week6/topics
