2024-09-06T07:08:40.895Z - info: Website generation (lazy) started at 3:08:31 pm
2024-09-06T07:08:55.356Z - warn: ENOENT: no such file or directory, open 'C:\repos\nus-cs2103\cs2103-website-base\cache\gh-pages\https!github.com!nus-cs2103-AY2425S1!website.git\book\_markbind\variables.md'
2024-09-06T07:08:55.359Z - warn: ENOENT: no such file or directory, open 'C:\repos\nus-cs2103\cs2103-website-base\cache\gh-pages\https!github.com!nus-cs2103-AY2425S1!website.git\_markbind\variables.md'
2024-09-06T07:08:55.649Z - info: Building assets...
2024-09-06T07:10:04.864Z - info: Assets built
2024-09-06T07:10:04.865Z - info: Generating landing page...
2024-09-06T07:10:06.561Z - info: Landing page built, other pages will be built as you navigate to them!
2024-09-06T07:10:07.909Z - info: Site data built
2024-09-06T07:10:07.910Z - info: Website generation (lazy) complete! Total build time: 96.802s
2024-09-06T07:10:07.979Z - info: Serving "C:\repos\nus-cs2103\cs2103-website-base\_site" at http://127.0.0.1:8080
2024-09-06T07:10:07.979Z - info: Press CTRL+C to stop ...
2024-09-06T07:15:22.212Z - info: [3:15:22 pm] Reload for file change: C:\repos\nus-cs2103\cs2103-website-base\admin\ip-tasks-fragment.md
2024-09-06T07:15:22.213Z - info: Synchronizing opened pages list before reload
2024-09-06T07:15:22.214Z - info: Current opened pages, from most-to-least recent:
2024-09-06T07:15:22.214Z - info: 1. index
2024-09-06T07:15:23.226Z - info: Rebuilding 1 pages
2024-09-06T07:15:24.300Z - info: Site data built
2024-09-06T07:15:24.300Z - info: Pages rebuilt
2024-09-06T07:15:24.301Z - info: Website regeneration complete! Total build time: 1.076s
2024-09-06T07:15:27.701Z - info: Building C:\repos\nus-cs2103\cs2103-website-base\schedule\week5\index as some of its dependencies were changed since the last visit
2024-09-06T07:15:28.876Z - info: Site data built
2024-09-06T07:15:28.876Z - info: Lazy website regeneration complete! Total build time: 1.175s
2024-09-06T07:15:31.487Z - info: Building C:\repos\nus-cs2103\cs2103-website-base\schedule\week5\project as some of its dependencies were changed since the last visit
2024-09-06T07:15:33.639Z - info: Site data built
2024-09-06T07:15:33.639Z - info: Lazy website regeneration complete! Total build time: 2.152s
2024-09-06T07:21:20.422Z - info: [3:21:20 pm] Reload for file change: C:\repos\nus-cs2103\cs2103-website-base\admin\ip-tasks-fragment.md
2024-09-06T07:21:20.423Z - info: Synchronizing opened pages list before reload
2024-09-06T07:21:20.424Z - info: Current opened pages, from most-to-least recent:
2024-09-06T07:21:20.424Z - info: 1. schedule/week5/project
2024-09-06T07:21:21.439Z - info: Rebuilding 1 pages
2024-09-06T07:21:23.372Z - info: Site data built
2024-09-06T07:21:23.372Z - info: Pages rebuilt
2024-09-06T07:21:23.372Z - info: Website regeneration complete! Total build time: 1.934s
2024-09-06T07:23:23.869Z - info: [3:23:23 pm] Reload for file change: C:\repos\nus-cs2103\cs2103-website-base\admin\ip-tasks-fragment.md
2024-09-06T07:23:23.871Z - info: Synchronizing opened pages list before reload
2024-09-06T07:23:23.872Z - info: Current opened pages, from most-to-least recent:
2024-09-06T07:23:23.872Z - info: 1. schedule/week5/project
2024-09-06T07:23:24.882Z - info: Rebuilding 1 pages
2024-09-06T07:23:26.730Z - info: Site data built
2024-09-06T07:23:26.730Z - info: Pages rebuilt
2024-09-06T07:23:26.730Z - info: Website regeneration complete! Total build time: 1.85s
2024-09-06T07:24:15.752Z - info: [3:24:15 pm] Reload for file change: C:\repos\nus-cs2103\cs2103-website-base\admin\ip-tasks-fragment.md
2024-09-06T07:24:15.753Z - info: Synchronizing opened pages list before reload
2024-09-06T07:24:15.753Z - info: Current opened pages, from most-to-least recent:
2024-09-06T07:24:15.753Z - info: 1. schedule/week5/project
2024-09-06T07:24:16.768Z - info: Rebuilding 1 pages
2024-09-06T07:24:18.617Z - info: Site data built
2024-09-06T07:24:18.617Z - info: Pages rebuilt
2024-09-06T07:24:18.618Z - info: Website regeneration complete! Total build time: 1.852s
2024-09-06T07:24:31.708Z - info: [3:24:31 pm] Reload for file change: C:\repos\nus-cs2103\cs2103-website-base\admin\ip-tasks-fragment.md
2024-09-06T07:24:31.708Z - info: Synchronizing opened pages list before reload
2024-09-06T07:24:31.708Z - info: Current opened pages, from most-to-least recent:
2024-09-06T07:24:31.708Z - info: 1. schedule/week5/project
2024-09-06T07:24:32.726Z - info: Rebuilding 1 pages
2024-09-06T07:24:34.364Z - info: Site data built
2024-09-06T07:24:34.365Z - info: Pages rebuilt
2024-09-06T07:24:34.365Z - info: Website regeneration complete! Total build time: 1.641s
2024-09-06T07:25:42.344Z - info: [3:25:42 pm] Reload for file change: C:\repos\nus-cs2103\cs2103-website-base\admin\ip-tasks-fragment.md
2024-09-06T07:25:42.345Z - info: Synchronizing opened pages list before reload
2024-09-06T07:25:42.346Z - info: Current opened pages, from most-to-least recent:
2024-09-06T07:25:42.346Z - info: 1. schedule/week5/project
2024-09-06T07:25:43.354Z - info: Rebuilding 1 pages
2024-09-06T07:26:23.864Z - info: Website generation started at 3:26:11 pm
2024-09-06T07:26:30.604Z - info: Building assets...
2024-09-06T07:26:38.491Z - info: Assets built
2024-09-06T07:26:38.492Z - info: Generating pages...
2024-09-06T07:26:58.369Z - debug:  
2024-09-06T07:26:58.373Z - debug:  
2024-09-06T07:26:58.374Z - debug:  
2024-09-06T07:26:58.374Z - debug:  
2024-09-06T07:26:58.375Z - debug:  
2024-09-06T07:26:58.376Z - debug:  
2024-09-06T07:26:58.379Z - debug:  
2024-09-06T07:26:58.379Z - debug:  
2024-09-06T07:26:58.379Z - debug:  
2024-09-06T07:26:58.381Z - debug:  
2024-09-06T07:26:58.415Z - debug:  
2024-09-06T07:26:58.446Z - debug:  
2024-09-06T07:26:58.485Z - debug:  
2024-09-06T07:26:58.486Z - debug:  
2024-09-06T07:26:58.493Z - debug:  
2024-09-06T07:27:00.774Z - debug:  
2024-09-06T07:27:00.775Z - debug:  
2024-09-06T07:27:30.816Z - debug:  
2024-09-06T07:29:17.889Z - debug:  
2024-09-06T07:29:34.831Z - debug:  
2024-09-06T07:29:34.945Z - debug:  
2024-09-06T07:29:46.590Z - info: Pages built
2024-09-06T07:29:47.666Z - info: Site data built
2024-09-06T07:29:47.667Z - info: Website generation complete! Total build time: 216.074s
2024-09-06T07:29:47.667Z - info: Build success!
2024-09-06T07:32:05.744Z - info: The website has been deployed at: https://nus-cs2103-ay2425s1.github.io/website
2024-09-06T09:43:50.502Z - info: Website generation started at 5:43:40 pm
2024-09-06T09:44:04.066Z - info: Building assets...
2024-09-06T09:44:12.841Z - info: Assets built
2024-09-06T09:44:12.842Z - info: Generating pages...
2024-09-06T09:44:38.240Z - debug:  
2024-09-06T09:44:38.241Z - debug:  
2024-09-06T09:44:38.847Z - debug:  
2024-09-06T09:44:38.849Z - debug:  
2024-09-06T09:44:38.851Z - debug:  
2024-09-06T09:44:38.854Z - debug:  
2024-09-06T09:44:38.857Z - debug:  
2024-09-06T09:44:38.859Z - debug:  
2024-09-06T09:44:38.860Z - debug:  
2024-09-06T09:44:38.861Z - debug:  
2024-09-06T09:44:38.862Z - debug:  
2024-09-06T09:44:38.863Z - debug:  
2024-09-06T09:44:38.863Z - debug:  
2024-09-06T09:44:38.863Z - debug:  
2024-09-06T09:44:38.864Z - debug:  
2024-09-06T09:44:41.508Z - debug:  
2024-09-06T09:44:41.508Z - debug:  
2024-09-06T09:45:20.073Z - debug:  
2024-09-06T09:48:09.507Z - debug:  
2024-09-06T09:48:43.074Z - debug:  
2024-09-06T09:48:43.184Z - debug:  
2024-09-06T09:48:59.566Z - info: Pages built
2024-09-06T09:49:01.698Z - info: Site data built
2024-09-06T09:49:01.699Z - info: Website generation complete! Total build time: 321.39s
2024-09-06T09:49:01.699Z - info: Build success!
2024-09-06T09:54:27.498Z - info: The website has been deployed at: https://nus-cs2103-ay2425s1.github.io/website
2024-09-06T09:57:30.769Z - info: Website generation started at 5:57:21 pm
2024-09-06T09:57:43.364Z - info: Building assets...
2024-09-06T09:57:51.572Z - info: Assets built
2024-09-06T09:57:51.573Z - info: Generating pages...
2024-09-06T09:58:16.507Z - debug:  
2024-09-06T09:58:16.510Z - debug:  
2024-09-06T09:58:16.514Z - debug:  
2024-09-06T09:58:16.514Z - debug:  
2024-09-06T09:58:16.515Z - debug:  
2024-09-06T09:58:16.536Z - debug:  
2024-09-06T09:58:16.538Z - debug:  
2024-09-06T09:58:16.539Z - debug:  
2024-09-06T09:58:16.567Z - debug:  
2024-09-06T09:58:16.641Z - debug:  
2024-09-06T09:58:16.648Z - debug:  
2024-09-06T09:58:16.714Z - debug:  
2024-09-06T09:58:16.715Z - debug:  
2024-09-06T09:58:16.817Z - debug:  
2024-09-06T09:58:19.420Z - debug:  
2024-09-06T09:58:19.420Z - debug:  
2024-09-06T09:58:19.420Z - debug:  
2024-09-06T09:58:56.026Z - debug:  
2024-09-06T10:01:41.154Z - debug:  
2024-09-06T10:02:35.383Z - debug:  
2024-09-06T10:02:35.459Z - debug:  
2024-09-06T10:02:54.861Z - info: Pages built
2024-09-06T10:02:56.676Z - info: Site data built
2024-09-06T10:02:56.677Z - info: Website generation complete! Total build time: 335.089s
2024-09-06T10:02:56.678Z - info: Build success!
2024-09-06T10:08:45.653Z - info: The website has been deployed at: https://nus-cs2103-ay2425s1.github.io/website
2024-09-06T15:34:02.455Z - info: Website generation (lazy) started at 11:33:55 pm
2024-09-06T15:34:14.425Z - warn: ENOENT: no such file or directory, open 'C:\repos\nus-cs2103\cs2103-website-base\cache\gh-pages\https!github.com!nus-cs2103-AY2425S1!website.git\book\_markbind\variables.md'
2024-09-06T15:34:14.427Z - warn: ENOENT: no such file or directory, open 'C:\repos\nus-cs2103\cs2103-website-base\cache\gh-pages\https!github.com!nus-cs2103-AY2425S1!website.git\_markbind\variables.md'
2024-09-06T15:34:14.510Z - info: Building assets...
2024-09-06T15:35:08.708Z - info: Assets built
2024-09-06T15:35:08.710Z - info: Generating landing page...
2024-09-06T15:35:10.356Z - info: Landing page built, other pages will be built as you navigate to them!
2024-09-06T15:35:11.587Z - info: Site data built
2024-09-06T15:35:11.587Z - info: Website generation (lazy) complete! Total build time: 75.741s
2024-09-06T15:35:11.639Z - info: Serving "C:\repos\nus-cs2103\cs2103-website-base\_site" at http://127.0.0.1:8080
2024-09-06T15:35:11.640Z - info: Press CTRL+C to stop ...
2024-09-06T15:37:10.576Z - info: Building C:\repos\nus-cs2103\cs2103-website-base\schedule\week5\project as some of its dependencies were changed since the last visit
2024-09-06T15:37:13.352Z - info: Site data built
2024-09-06T15:37:13.353Z - info: Lazy website regeneration complete! Total build time: 2.776s
2024-09-06T15:37:16.176Z - info: Building C:\repos\nus-cs2103\cs2103-website-base\schedule\week4\project as some of its dependencies were changed since the last visit
2024-09-06T15:37:19.239Z - info: Site data built
2024-09-06T15:37:19.239Z - info: Lazy website regeneration complete! Total build time: 3.063s
2024-09-06T15:39:45.929Z - info: [11:39:45 pm] Reload for file change: C:\repos\nus-cs2103\cs2103-website-base\admin\tp-tasks-fragment.md
2024-09-06T15:39:45.932Z - info: Synchronizing opened pages list before reload
2024-09-06T15:39:45.933Z - info: Current opened pages, from most-to-least recent:
2024-09-06T15:39:45.934Z - info: 1. schedule/week4/project
2024-09-06T15:39:46.943Z - info: Rebuilding 1 pages
2024-09-06T15:39:50.224Z - info: Site data built
2024-09-06T15:39:50.224Z - info: Pages rebuilt
2024-09-06T15:39:50.224Z - info: Website regeneration complete! Total build time: 3.284s
2024-09-06T15:41:03.533Z - info: [11:41:03 pm] Reload for file change: C:\repos\nus-cs2103\cs2103-website-base\admin\tp-tasks-fragment.md
2024-09-06T15:41:03.534Z - info: Synchronizing opened pages list before reload
2024-09-06T15:41:03.535Z - info: Current opened pages, from most-to-least recent:
2024-09-06T15:41:03.535Z - info: 1. schedule/week4/project
2024-09-06T15:41:04.544Z - info: Rebuilding 1 pages
2024-09-06T15:41:07.615Z - info: Site data built
2024-09-06T15:41:07.616Z - info: Pages rebuilt
2024-09-06T15:41:07.616Z - info: Website regeneration complete! Total build time: 3.074s
