2024-08-10T16:02:58.457Z - info: Website generation started at 12:02:52 am
2024-08-10T16:03:07.075Z - info: Building assets...
2024-08-10T16:03:12.567Z - info: Assets built
2024-08-10T16:03:12.569Z - info: Generating pages...
2024-08-10T16:03:26.670Z - debug:  
2024-08-10T16:03:26.692Z - debug:  
2024-08-10T16:03:26.708Z - debug:  
2024-08-10T16:03:26.745Z - debug:  
2024-08-10T16:03:26.775Z - debug:  
2024-08-10T16:03:27.063Z - debug:  
2024-08-10T16:03:27.098Z - debug:  
2024-08-10T16:03:27.128Z - debug:  
2024-08-10T16:03:27.131Z - debug:  
2024-08-10T16:03:27.156Z - debug:  
2024-08-10T16:03:27.184Z - debug:  
2024-08-10T16:03:27.212Z - debug:  
2024-08-10T16:03:36.082Z - debug:  
2024-08-10T16:03:36.140Z - debug:  
2024-08-10T16:03:39.766Z - debug:  
2024-08-10T16:03:56.611Z - debug:  
2024-08-10T16:04:15.007Z - debug:  
2024-08-10T16:05:00.876Z - info: Pages built
2024-08-10T16:05:01.968Z - info: Site data built
2024-08-10T16:05:01.968Z - info: Website generation complete! Total build time: 129.732s
2024-08-10T16:05:01.968Z - info: Build success!
2024-08-10T16:08:06.415Z - info: The website has been deployed at: https://nus-tee3201.github.io/2024
2024-08-10T16:23:30.979Z - info: Website generation started at 12:23:24 am
2024-08-10T16:23:39.096Z - info: Building assets...
2024-08-10T16:23:44.689Z - info: Assets built
2024-08-10T16:23:44.690Z - info: Generating pages...
2024-08-10T16:24:05.150Z - debug:  
2024-08-10T16:24:05.153Z - debug:  
2024-08-10T16:24:05.154Z - debug:  
2024-08-10T16:24:05.154Z - debug:  
2024-08-10T16:24:05.155Z - debug:  
2024-08-10T16:24:05.157Z - debug:  
2024-08-10T16:24:05.158Z - debug:  
2024-08-10T16:24:05.158Z - debug:  
2024-08-10T16:24:05.158Z - debug:  
2024-08-10T16:24:05.159Z - debug:  
2024-08-10T16:24:07.041Z - debug:  
2024-08-10T16:24:07.041Z - debug:  
2024-08-10T16:24:07.042Z - debug:  
2024-08-10T16:24:07.042Z - debug:  
2024-08-10T16:24:07.042Z - debug:  
2024-08-10T16:24:11.486Z - debug:  
2024-08-10T16:24:44.280Z - debug:  
2024-08-10T16:25:42.749Z - info: Pages built
2024-08-10T16:25:43.943Z - info: Site data built
2024-08-10T16:25:43.944Z - info: Website generation complete! Total build time: 139.56s
2024-08-10T16:25:43.944Z - info: Build success!
2024-08-10T16:28:06.632Z - info: The website has been deployed at: https://nus-tic2002-ay2425s1.github.io/website
2024-08-10T16:37:55.755Z - info: Website generation started at 12:37:49 am
2024-08-10T16:38:03.642Z - info: Building assets...
2024-08-10T16:38:09.401Z - info: Assets built
2024-08-10T16:38:09.402Z - info: Generating pages...
2024-08-10T16:38:28.486Z - debug:  
2024-08-10T16:38:29.288Z - debug:  
2024-08-10T16:38:29.290Z - debug:  
2024-08-10T16:38:29.290Z - debug:  
2024-08-10T16:38:29.291Z - debug:  
2024-08-10T16:38:29.292Z - debug:  
2024-08-10T16:38:29.292Z - debug:  
2024-08-10T16:38:29.292Z - debug:  
2024-08-10T16:38:29.293Z - debug:  
2024-08-10T16:38:29.293Z - debug:  
2024-08-10T16:38:29.293Z - debug:  
2024-08-10T16:38:29.294Z - debug:  
2024-08-10T16:38:29.294Z - debug:  
2024-08-10T16:38:29.295Z - debug:  
2024-08-10T16:38:29.295Z - debug:  
2024-08-10T16:38:32.186Z - debug:  
2024-08-10T16:38:32.186Z - debug:  
2024-08-10T16:39:52.812Z - error: Invalid HTML in C:\repos\nus-cs2103\cs2103-website-base\schedule\week5\tutorial.md.
Table must have a tbody tag. Please correct this to avoid Vue hydration issues.

2024-08-10T16:40:17.478Z - error: Invalid HTML in C:\repos\nus-cs2103\cs2103-website-base\schedule\week4\project.md.
Table must have a tbody tag. Please correct this to avoid Vue hydration issues.

2024-08-10T16:40:17.479Z - error: Invalid HTML in C:\repos\nus-cs2103\cs2103-website-base\schedule\week4\project.md.
Table must have a tbody tag. Please correct this to avoid Vue hydration issues.

2024-08-10T16:40:42.610Z - debug:  
2024-08-10T16:40:59.821Z - debug:  
2024-08-10T16:40:59.943Z - debug:  
2024-08-10T16:41:04.929Z - error: Invalid HTML in C:\repos\nus-cs2103\cs2103-website-base\admin\ip-w4.md.
Table must have a tbody tag. Please correct this to avoid Vue hydration issues.

2024-08-10T16:41:04.929Z - error: Invalid HTML in C:\repos\nus-cs2103\cs2103-website-base\admin\ip-w4.md.
Table must have a tbody tag. Please correct this to avoid Vue hydration issues.

2024-08-10T16:41:09.154Z - info: Pages built
2024-08-10T16:41:10.218Z - info: Site data built
2024-08-10T16:41:10.218Z - info: Website generation complete! Total build time: 201.159s
2024-08-10T16:41:10.218Z - info: Build success!
2024-08-10T16:44:50.263Z - info: The website has been deployed at: https://nus-cs2103-ay2425s1.github.io/website
2024-08-11T04:53:32.964Z - info: Website generation (lazy) started at 12:53:24 pm
2024-08-11T04:53:47.416Z - warn: ENOENT: no such file or directory, open 'C:\repos\nus-cs2103\cs2103-website-base\cache\gh-pages\https!github.com!nus-cs2103-AY2425S1!website.git\book\_markbind\variables.md'
2024-08-11T04:53:47.420Z - warn: ENOENT: no such file or directory, open 'C:\repos\nus-cs2103\cs2103-website-base\cache\gh-pages\https!github.com!nus-cs2103-AY2425S1!website.git\_markbind\variables.md'
2024-08-11T04:53:47.512Z - info: Building assets...
2024-08-11T04:54:43.414Z - info: Assets built
2024-08-11T04:54:43.415Z - info: Generating landing page...
2024-08-11T04:54:46.103Z - info: Landing page built, other pages will be built as you navigate to them!
2024-08-11T04:54:48.086Z - info: Site data built
2024-08-11T04:54:48.087Z - info: Website generation (lazy) complete! Total build time: 83.839s
2024-08-11T04:54:48.574Z - info: Serving "C:\repos\nus-cs2103\cs2103-website-base\_site" at http://127.0.0.1:8080
2024-08-11T04:54:48.575Z - info: Press CTRL+C to stop ...
2024-08-11T04:56:42.186Z - info: [12:56:42 pm] Reload for file change: C:\repos\nus-cs2103\cs2103-website-base\admin\index-tic2002-fragment.md
2024-08-11T04:56:42.187Z - info: Synchronizing opened pages list before reload
2024-08-11T04:56:42.187Z - info: Current opened pages, from most-to-least recent:
2024-08-11T04:56:42.187Z - info: 1. index
2024-08-11T04:56:42.219Z - info: [12:56:42 pm] Reload for file change: C:\repos\nus-cs2103\cs2103-website-base\_markbind\variables.md
2024-08-11T04:56:42.219Z - info: Synchronizing opened pages list before reload
2024-08-11T04:56:42.219Z - info: Current opened pages, from most-to-least recent:
2024-08-11T04:56:42.220Z - info: 1. index
2024-08-11T04:56:43.221Z - warn: ENOENT: no such file or directory, open 'C:\repos\nus-cs2103\cs2103-website-base\cache\gh-pages\https!github.com!nus-cs2103-AY2425S1!website.git\book\_markbind\variables.md'
2024-08-11T04:56:43.222Z - warn: ENOENT: no such file or directory, open 'C:\repos\nus-cs2103\cs2103-website-base\cache\gh-pages\https!github.com!nus-cs2103-AY2425S1!website.git\_markbind\variables.md'
2024-08-11T04:56:43.281Z - warn: Rebuilding all pages as variables file was changed, or the --force-reload flag was set
2024-08-11T04:56:43.286Z - info: Rebuilding 1 pages
2024-08-11T04:56:45.119Z - info: Site data built
2024-08-11T04:56:45.120Z - info: Pages rebuilt
2024-08-11T04:56:45.120Z - info: Website regeneration complete! Total build time: 1.918s
2024-08-11T04:57:28.653Z - info: [12:57:28 pm] Reload for file change: C:\repos\nus-cs2103\cs2103-website-base\admin\index-tic2002-fragment.md
2024-08-11T04:57:28.654Z - info: Synchronizing opened pages list before reload
2024-08-11T04:57:28.655Z - info: Current opened pages, from most-to-least recent:
2024-08-11T04:57:28.656Z - info: 1. index
2024-08-11T04:57:29.667Z - info: Rebuilding 1 pages
2024-08-11T04:57:31.370Z - info: Site data built
2024-08-11T04:57:31.370Z - info: Pages rebuilt
2024-08-11T04:57:31.371Z - info: Website regeneration complete! Total build time: 1.704s
2024-08-11T04:58:56.412Z - info: [12:58:56 pm] Reload for file change: C:\repos\nus-cs2103\cs2103-website-base\admin\index-tic2002-fragment.md
2024-08-11T04:58:56.413Z - info: Synchronizing opened pages list before reload
2024-08-11T04:58:56.415Z - info: Current opened pages, from most-to-least recent:
2024-08-11T04:58:56.415Z - info: 1. index
2024-08-11T04:58:57.429Z - info: Rebuilding 1 pages
2024-08-11T04:58:59.111Z - info: Site data built
2024-08-11T04:58:59.111Z - info: Pages rebuilt
2024-08-11T04:58:59.111Z - info: Website regeneration complete! Total build time: 1.683s
2024-08-11T05:00:54.043Z - info: [1:00:54 pm] Reload for file change: C:\repos\nus-cs2103\cs2103-website-base\admin\index-tic2002-fragment.md
2024-08-11T05:00:54.043Z - info: Synchronizing opened pages list before reload
2024-08-11T05:00:54.044Z - info: Current opened pages, from most-to-least recent:
2024-08-11T05:00:54.044Z - info: 1. index
2024-08-11T05:00:55.051Z - info: Rebuilding 1 pages
2024-08-11T05:00:56.841Z - info: Site data built
2024-08-11T05:00:56.841Z - info: Pages rebuilt
2024-08-11T05:00:56.841Z - info: Website regeneration complete! Total build time: 1.791s
2024-08-11T05:01:11.279Z - info: [1:01:11 pm] Reload for file change: C:\repos\nus-cs2103\cs2103-website-base\admin\index-tic2002-fragment.md
2024-08-11T05:01:11.280Z - info: Synchronizing opened pages list before reload
2024-08-11T05:01:11.280Z - info: Current opened pages, from most-to-least recent:
2024-08-11T05:01:11.281Z - info: 1. index
2024-08-11T05:01:12.297Z - info: Rebuilding 1 pages
2024-08-11T05:01:13.692Z - info: Site data built
2024-08-11T05:01:13.692Z - info: Pages rebuilt
2024-08-11T05:01:13.693Z - info: Website regeneration complete! Total build time: 1.397s
2024-08-11T05:02:07.277Z - info: [1:02:07 pm] Reload for file change: C:\repos\nus-cs2103\cs2103-website-base\admin\index-tic2002-fragment.md
2024-08-11T05:02:07.278Z - info: Synchronizing opened pages list before reload
2024-08-11T05:02:07.279Z - info: Current opened pages, from most-to-least recent:
2024-08-11T05:02:07.279Z - info: 1. index
2024-08-11T05:02:08.285Z - info: Rebuilding 1 pages
2024-08-11T05:02:10.053Z - info: Site data built
2024-08-11T05:02:10.054Z - info: Pages rebuilt
2024-08-11T05:02:10.054Z - info: Website regeneration complete! Total build time: 1.769s
2024-08-11T05:02:31.049Z - info: [1:02:31 pm] Reload for file change: C:\repos\nus-cs2103\cs2103-website-base\admin\index-tic2002-fragment.md
2024-08-11T05:02:31.049Z - info: Synchronizing opened pages list before reload
2024-08-11T05:02:31.050Z - info: Current opened pages, from most-to-least recent:
2024-08-11T05:02:31.050Z - info: 1. index
2024-08-11T05:02:32.055Z - info: Rebuilding 1 pages
2024-08-11T05:02:33.583Z - info: Site data built
2024-08-11T05:02:33.583Z - info: Pages rebuilt
2024-08-11T05:02:33.583Z - info: Website regeneration complete! Total build time: 1.529s
2024-08-11T05:02:43.929Z - info: [1:02:43 pm] Reload for file change: C:\repos\nus-cs2103\cs2103-website-base\admin\index-tic2002-fragment.md
2024-08-11T05:02:43.931Z - info: Synchronizing opened pages list before reload
2024-08-11T05:02:43.931Z - info: Current opened pages, from most-to-least recent:
2024-08-11T05:02:43.932Z - info: 1. index
2024-08-11T05:02:44.946Z - info: Rebuilding 1 pages
2024-08-11T05:02:46.327Z - info: Site data built
2024-08-11T05:02:46.328Z - info: Pages rebuilt
2024-08-11T05:02:46.328Z - info: Website regeneration complete! Total build time: 1.383s
2024-08-11T05:03:17.966Z - info: [1:03:17 pm] Reload for file change: C:\repos\nus-cs2103\cs2103-website-base\admin\index-tic2002-fragment.md
2024-08-11T05:03:17.966Z - info: Synchronizing opened pages list before reload
2024-08-11T05:03:17.967Z - info: Current opened pages, from most-to-least recent:
2024-08-11T05:03:17.967Z - info: 1. index
2024-08-11T05:03:18.990Z - info: Rebuilding 1 pages
2024-08-11T05:03:20.575Z - info: Site data built
2024-08-11T05:03:20.575Z - info: Pages rebuilt
2024-08-11T05:03:20.576Z - info: Website regeneration complete! Total build time: 1.588s
2024-08-11T05:04:08.461Z - info: Website generation started at 1:03:51 pm
2024-08-11T05:04:16.571Z - info: Building assets...
