2024-10-28T10:02:54.741Z - info: Website generation (lazy) started at 18:02:53
2024-10-28T10:02:55.012Z - warn: ENOENT: no such file or directory, open '/Users/damithch/Repos/nus-cs2103/cs2103-website-base/node_modules/.cache/gh-pages/https!github.com!nus-cs2103-AY2425S1!website.git/book/_markbind/variables.md'
2024-10-28T10:02:55.012Z - warn: ENOENT: no such file or directory, open '/Users/damithch/Repos/nus-cs2103/cs2103-website-base/node_modules/.cache/gh-pages/https!github.com!nus-cs2103-AY2425S1!website.git/_markbind/variables.md'
2024-10-28T10:02:55.031Z - info: Building assets...
2024-10-28T10:02:56.345Z - info: Assets built
2024-10-28T10:02:56.345Z - info: Generating landing page...
2024-10-28T10:02:56.787Z - info: Landing page built, other pages will be built as you navigate to them!
2024-10-28T10:02:56.861Z - info: Site data built
2024-10-28T10:02:56.861Z - info: Website generation (lazy) complete! Total build time: 3.047s
2024-10-28T10:02:56.870Z - info: Serving "/Users/damithch/Repos/nus-cs2103/cs2103-website-base/_site" at http://127.0.0.1:8080
2024-10-28T10:02:56.870Z - info: Press CTRL+C to stop ...
2024-10-28T10:03:38.455Z - info: Building /Users/damithch/Repos/nus-cs2103/cs2103-website-base/schedule/week11/tutorial as some of its dependencies were changed since the last visit
2024-10-28T10:03:38.603Z - info: Site data built
2024-10-28T10:03:38.604Z - info: Lazy website regeneration complete! Total build time: 0.15s
2024-10-28T10:04:48.911Z - info: [18:04:48] Reload for file change: /Users/damithch/Repos/nus-cs2103/cs2103-website-base/schedule/week11/tutorial-cs2103-fragment.md
2024-10-28T10:04:48.912Z - info: Synchronizing opened pages list before reload
2024-10-28T10:04:48.913Z - info: Current opened pages, from most-to-least recent:
2024-10-28T10:04:48.913Z - info: 1. schedule/week11/tutorial
2024-10-28T10:04:49.923Z - info: Rebuilding 1 pages
2024-10-28T10:04:50.024Z - info: Site data built
2024-10-28T10:04:50.024Z - info: Pages rebuilt
2024-10-28T10:04:50.024Z - info: Website regeneration complete! Total build time: 0.102s
2024-10-28T10:06:34.368Z - info: [18:06:34] Reload for file change: /Users/damithch/Repos/nus-cs2103/cs2103-website-base/schedule/week11/tutorial-cs2103-fragment.md
2024-10-28T10:06:34.368Z - info: Synchronizing opened pages list before reload
2024-10-28T10:06:34.368Z - info: Current opened pages, from most-to-least recent:
2024-10-28T10:06:34.369Z - info: 1. schedule/week11/tutorial
2024-10-28T10:06:35.380Z - info: Rebuilding 1 pages
2024-10-28T10:06:35.457Z - error:  Template render error: (/Users/damithch/Repos/nus-cs2103/cs2103-website-base/schedule/week11/tutorial-cs2103-fragment.md)
  Template render error: (/Users/damithch/Repos/nus-cs2103/cs2103-website-base/schedule/week11/tutorial-cs2103-fragment.md)
  Template render error: (/Users/damithch/Repos/nus-cs2103/cs2103-website-base/schedule/week11/tutorial-cs2103-fragment.md)
  Template render error: (/Users/damithch/Repos/nus-cs2103/cs2103-website-base/schedule/week11/tutorial-cs2103-fragment.md)
  Template render error: (/Users/damithch/Repos/nus-cs2103/cs2103-website-base/schedule/week11/tutorial-cs2103-fragment.md)
  Error: cannot import 'panopto'
    at Object._prettifyError (/opt/homebrew/lib/node_modules/markbind-cli/node_modules/nunjucks/src/lib.js:32:11)
    at /opt/homebrew/lib/node_modules/markbind-cli/node_modules/@markbind/core/src/patches/nunjucks/context-overrides-frame.js:383:17
    at Template.root [as rootRenderFunc] (eval at _compile (/opt/homebrew/lib/node_modules/markbind-cli/node_modules/nunjucks/src/environment.js:527:18), <anonymous>:61:3)
    at Template.render (/opt/homebrew/lib/node_modules/markbind-cli/node_modules/@markbind/core/src/patches/nunjucks/context-overrides-frame.js:372:8)
    at /opt/homebrew/lib/node_modules/markbind-cli/node_modules/@markbind/core/src/patches/nunjucks/context-overrides-frame.js:54:25
    at createTemplate (/opt/homebrew/lib/node_modules/markbind-cli/node_modules/@markbind/core/src/patches/nunjucks/load-event.js:121:7)
    at handle (/opt/homebrew/lib/node_modules/markbind-cli/node_modules/@markbind/core/src/patches/nunjucks/load-event.js:133:9)
    at /opt/homebrew/lib/node_modules/markbind-cli/node_modules/@markbind/core/src/patches/nunjucks/load-event.js:145:7
    at next (/opt/homebrew/lib/node_modules/markbind-cli/node_modules/nunjucks/src/lib.js:258:7)
    at Object.asyncIter (/opt/homebrew/lib/node_modules/markbind-cli/node_modules/nunjucks/src/lib.js:263:3)
    at Environment.getTemplate (/opt/homebrew/lib/node_modules/markbind-cli/node_modules/@markbind/core/src/patches/nunjucks/load-event.js:127:7)
    at Environment.render (/opt/homebrew/lib/node_modules/markbind-cli/node_modules/@markbind/core/src/patches/nunjucks/context-overrides-frame.js:48:8)
    at VariableRenderer.renderFile (/opt/homebrew/lib/node_modules/markbind-cli/node_modules/@markbind/core/src/variables/VariableRenderer.js:73:24)
    at VariableProcessor.renderWithSiteVariables (/opt/homebrew/lib/node_modules/markbind-cli/node_modules/@markbind/core/src/variables/VariableProcessor.js:154:57)
    at VariableProcessor.renderIncludeFile (/opt/homebrew/lib/node_modules/markbind-cli/node_modules/@markbind/core/src/variables/VariableProcessor.js:231:38)
    at processInclude (/opt/homebrew/lib/node_modules/markbind-cli/node_modules/@markbind/core/src/html/includePanelProcessor.js:198:68)
2024-10-28T10:06:35.482Z - info: Site data built
2024-10-28T10:06:35.482Z - info: Pages rebuilt
2024-10-28T10:06:35.482Z - info: Website regeneration complete! Total build time: 0.103s
2024-10-28T10:07:23.307Z - info: [18:07:23] Reload for file change: /Users/damithch/Repos/nus-cs2103/cs2103-website-base/schedule/week11/tutorial-cs2103-fragment.md
2024-10-28T10:07:23.307Z - info: Synchronizing opened pages list before reload
2024-10-28T10:07:23.307Z - info: Current opened pages, from most-to-least recent:
2024-10-28T10:07:23.307Z - info: 1. schedule/week11/tutorial
2024-10-28T10:07:24.310Z - info: Rebuilding 1 pages
2024-10-28T10:07:24.379Z - error:  Template render error: (/Users/damithch/Repos/nus-cs2103/cs2103-website-base/schedule/week11/tutorial-cs2103-fragment.md)
  Template render error: (/Users/damithch/Repos/nus-cs2103/cs2103-website-base/schedule/week11/tutorial-cs2103-fragment.md)
  Template render error: (/Users/damithch/Repos/nus-cs2103/cs2103-website-base/schedule/week11/tutorial-cs2103-fragment.md)
  Template render error: (/Users/damithch/Repos/nus-cs2103/cs2103-website-base/schedule/week11/tutorial-cs2103-fragment.md)
  Template render error: (/Users/damithch/Repos/nus-cs2103/cs2103-website-base/schedule/week11/tutorial-cs2103-fragment.md)
  Error: cannot import 'panopto'
    at Object._prettifyError (/opt/homebrew/lib/node_modules/markbind-cli/node_modules/nunjucks/src/lib.js:32:11)
    at /opt/homebrew/lib/node_modules/markbind-cli/node_modules/@markbind/core/src/patches/nunjucks/context-overrides-frame.js:383:17
    at Template.root [as rootRenderFunc] (eval at _compile (/opt/homebrew/lib/node_modules/markbind-cli/node_modules/nunjucks/src/environment.js:527:18), <anonymous>:72:3)
    at Template.render (/opt/homebrew/lib/node_modules/markbind-cli/node_modules/@markbind/core/src/patches/nunjucks/context-overrides-frame.js:372:8)
    at /opt/homebrew/lib/node_modules/markbind-cli/node_modules/@markbind/core/src/patches/nunjucks/context-overrides-frame.js:54:25
    at createTemplate (/opt/homebrew/lib/node_modules/markbind-cli/node_modules/@markbind/core/src/patches/nunjucks/load-event.js:121:7)
    at handle (/opt/homebrew/lib/node_modules/markbind-cli/node_modules/@markbind/core/src/patches/nunjucks/load-event.js:133:9)
    at /opt/homebrew/lib/node_modules/markbind-cli/node_modules/@markbind/core/src/patches/nunjucks/load-event.js:145:7
    at next (/opt/homebrew/lib/node_modules/markbind-cli/node_modules/nunjucks/src/lib.js:258:7)
    at Object.asyncIter (/opt/homebrew/lib/node_modules/markbind-cli/node_modules/nunjucks/src/lib.js:263:3)
    at Environment.getTemplate (/opt/homebrew/lib/node_modules/markbind-cli/node_modules/@markbind/core/src/patches/nunjucks/load-event.js:127:7)
    at Environment.render (/opt/homebrew/lib/node_modules/markbind-cli/node_modules/@markbind/core/src/patches/nunjucks/context-overrides-frame.js:48:8)
    at VariableRenderer.renderFile (/opt/homebrew/lib/node_modules/markbind-cli/node_modules/@markbind/core/src/variables/VariableRenderer.js:73:24)
    at VariableProcessor.renderWithSiteVariables (/opt/homebrew/lib/node_modules/markbind-cli/node_modules/@markbind/core/src/variables/VariableProcessor.js:154:57)
    at VariableProcessor.renderIncludeFile (/opt/homebrew/lib/node_modules/markbind-cli/node_modules/@markbind/core/src/variables/VariableProcessor.js:231:38)
    at processInclude (/opt/homebrew/lib/node_modules/markbind-cli/node_modules/@markbind/core/src/html/includePanelProcessor.js:198:68)
2024-10-28T10:07:24.399Z - info: Site data built
2024-10-28T10:07:24.399Z - info: Pages rebuilt
2024-10-28T10:07:24.399Z - info: Website regeneration complete! Total build time: 0.091s
2024-10-28T10:07:39.817Z - info: [18:07:39] Reload for file change: /Users/damithch/Repos/nus-cs2103/cs2103-website-base/schedule/week11/tutorial-cs2103-fragment.md
2024-10-28T10:07:39.817Z - info: Synchronizing opened pages list before reload
2024-10-28T10:07:39.817Z - info: Current opened pages, from most-to-least recent:
2024-10-28T10:07:39.818Z - info: 1. schedule/week11/tutorial
2024-10-28T10:07:40.836Z - info: Rebuilding 1 pages
2024-10-28T10:07:40.941Z - info: Site data built
2024-10-28T10:07:40.941Z - info: Pages rebuilt
2024-10-28T10:07:40.941Z - info: Website regeneration complete! Total build time: 0.107s
2024-10-28T10:08:22.911Z - info: [18:08:22] Reload for file change: /Users/damithch/Repos/nus-cs2103/cs2103-website-base/schedule/week11/tutorial-cs2103-fragment.md
2024-10-28T10:08:22.911Z - info: Synchronizing opened pages list before reload
2024-10-28T10:08:22.912Z - info: Current opened pages, from most-to-least recent:
2024-10-28T10:08:22.912Z - info: 1. schedule/week11/tutorial
2024-10-28T10:08:23.918Z - info: Rebuilding 1 pages
2024-10-28T10:08:24.032Z - info: Site data built
2024-10-28T10:08:24.032Z - info: Pages rebuilt
2024-10-28T10:08:24.032Z - info: Website regeneration complete! Total build time: 0.117s
2024-10-28T10:09:08.198Z - info: [18:09:08] Reload for file change: /Users/damithch/Repos/nus-cs2103/cs2103-website-base/schedule/week11/tutorial-cs2103-fragment.md
2024-10-28T10:09:08.198Z - info: Synchronizing opened pages list before reload
2024-10-28T10:09:08.198Z - info: Current opened pages, from most-to-least recent:
2024-10-28T10:09:08.199Z - info: 1. schedule/week11/tutorial
2024-10-28T10:09:09.217Z - info: Rebuilding 1 pages
2024-10-28T10:09:09.348Z - info: Site data built
2024-10-28T10:09:09.348Z - info: Pages rebuilt
2024-10-28T10:09:09.348Z - info: Website regeneration complete! Total build time: 0.133s
2024-10-28T10:17:58.179Z - info: [18:17:58] Reload for file change: /Users/damithch/Repos/nus-cs2103/cs2103-website-base/schedule/week11/tutorial-cs2103-fragment.md
2024-10-28T10:17:58.180Z - info: Synchronizing opened pages list before reload
2024-10-28T10:17:58.180Z - info: Current opened pages, from most-to-least recent:
2024-10-28T10:17:58.181Z - info: 1. schedule/week11/tutorial
2024-10-28T10:17:59.192Z - info: Rebuilding 1 pages
2024-10-28T10:17:59.313Z - info: Site data built
2024-10-28T10:17:59.313Z - info: Pages rebuilt
2024-10-28T10:17:59.313Z - info: Website regeneration complete! Total build time: 0.124s
2024-10-28T10:21:10.867Z - info: [18:21:10] Reload for file change: /Users/damithch/Repos/nus-cs2103/cs2103-website-base/schedule/week11/tutorial-cs2103-fragment.md
2024-10-28T10:21:10.868Z - info: Synchronizing opened pages list before reload
2024-10-28T10:21:10.868Z - info: Current opened pages, from most-to-least recent:
2024-10-28T10:21:10.868Z - info: 1. schedule/week11/tutorial
2024-10-28T10:21:11.878Z - info: Rebuilding 1 pages
2024-10-28T10:21:12.010Z - info: Site data built
2024-10-28T10:21:12.010Z - info: Pages rebuilt
2024-10-28T10:21:12.010Z - info: Website regeneration complete! Total build time: 0.134s
2024-10-28T10:21:26.536Z - info: [18:21:26] Reload for file change: /Users/damithch/Repos/nus-cs2103/cs2103-website-base/schedule/week11/tutorial-cs2103-fragment.md
2024-10-28T10:21:26.537Z - info: Synchronizing opened pages list before reload
2024-10-28T10:21:26.537Z - info: Current opened pages, from most-to-least recent:
2024-10-28T10:21:26.537Z - info: 1. schedule/week11/tutorial
2024-10-28T10:21:27.554Z - info: Rebuilding 1 pages
2024-10-28T10:21:27.662Z - info: Site data built
2024-10-28T10:21:27.663Z - info: Pages rebuilt
2024-10-28T10:21:27.663Z - info: Website regeneration complete! Total build time: 0.111s
2024-10-28T10:23:15.512Z - info: [18:23:15] Reload for file change: /Users/damithch/Repos/nus-cs2103/cs2103-website-base/schedule/week11/tutorial-cs2103-fragment.md
2024-10-28T10:23:15.514Z - info: Synchronizing opened pages list before reload
2024-10-28T10:23:15.514Z - info: Current opened pages, from most-to-least recent:
2024-10-28T10:23:15.514Z - info: 1. schedule/week11/tutorial
2024-10-28T10:23:16.529Z - info: Rebuilding 1 pages
2024-10-28T10:23:16.659Z - info: Site data built
2024-10-28T10:23:16.659Z - info: Pages rebuilt
2024-10-28T10:23:16.659Z - info: Website regeneration complete! Total build time: 0.131s
2024-10-28T10:24:18.807Z - info: [18:24:18] Reload for file change: /Users/damithch/Repos/nus-cs2103/cs2103-website-base/schedule/week11/tutorial-cs2103-fragment.md
2024-10-28T10:24:18.807Z - info: Synchronizing opened pages list before reload
2024-10-28T10:24:18.807Z - info: Current opened pages, from most-to-least recent:
2024-10-28T10:24:18.807Z - info: 1. schedule/week11/tutorial
2024-10-28T10:24:19.813Z - info: Rebuilding 1 pages
2024-10-28T10:24:19.923Z - info: Site data built
2024-10-28T10:24:19.923Z - info: Pages rebuilt
2024-10-28T10:24:19.923Z - info: Website regeneration complete! Total build time: 0.111s
2024-10-28T10:25:40.845Z - info: [18:25:40] Reload for file change: /Users/damithch/Repos/nus-cs2103/cs2103-website-base/schedule/week11/tutorial-cs2103-fragment.md
2024-10-28T10:25:40.846Z - info: Synchronizing opened pages list before reload
2024-10-28T10:25:40.846Z - info: Current opened pages, from most-to-least recent:
2024-10-28T10:25:40.846Z - info: 1. schedule/week11/tutorial
2024-10-28T10:25:41.848Z - info: Rebuilding 1 pages
2024-10-28T10:25:41.931Z - error:  Template render error: (/Users/damithch/Repos/nus-cs2103/cs2103-website-base/schedule/week11/tutorial-cs2103-fragment.md) [Line 8, Column 144]
  expected variable end
    at Object._prettifyError (/opt/homebrew/lib/node_modules/markbind-cli/node_modules/nunjucks/src/lib.js:32:11)
    at Template.render (/opt/homebrew/lib/node_modules/markbind-cli/node_modules/@markbind/core/src/patches/nunjucks/context-overrides-frame.js:358:19)
    at /opt/homebrew/lib/node_modules/markbind-cli/node_modules/@markbind/core/src/patches/nunjucks/context-overrides-frame.js:54:25
    at createTemplate (/opt/homebrew/lib/node_modules/markbind-cli/node_modules/@markbind/core/src/patches/nunjucks/load-event.js:121:7)
    at handle (/opt/homebrew/lib/node_modules/markbind-cli/node_modules/@markbind/core/src/patches/nunjucks/load-event.js:133:9)
    at /opt/homebrew/lib/node_modules/markbind-cli/node_modules/@markbind/core/src/patches/nunjucks/load-event.js:145:7
    at next (/opt/homebrew/lib/node_modules/markbind-cli/node_modules/nunjucks/src/lib.js:258:7)
    at Object.asyncIter (/opt/homebrew/lib/node_modules/markbind-cli/node_modules/nunjucks/src/lib.js:263:3)
    at Environment.getTemplate (/opt/homebrew/lib/node_modules/markbind-cli/node_modules/@markbind/core/src/patches/nunjucks/load-event.js:127:7)
    at Environment.render (/opt/homebrew/lib/node_modules/markbind-cli/node_modules/@markbind/core/src/patches/nunjucks/context-overrides-frame.js:48:8)
    at VariableRenderer.renderFile (/opt/homebrew/lib/node_modules/markbind-cli/node_modules/@markbind/core/src/variables/VariableRenderer.js:73:24)
    at VariableProcessor.renderWithSiteVariables (/opt/homebrew/lib/node_modules/markbind-cli/node_modules/@markbind/core/src/variables/VariableProcessor.js:154:57)
    at VariableProcessor.renderIncludeFile (/opt/homebrew/lib/node_modules/markbind-cli/node_modules/@markbind/core/src/variables/VariableProcessor.js:231:38)
    at processInclude (/opt/homebrew/lib/node_modules/markbind-cli/node_modules/@markbind/core/src/html/includePanelProcessor.js:198:68)
    at NodeProcessor.processNode (/opt/homebrew/lib/node_modules/markbind-cli/node_modules/@markbind/core/src/html/NodeProcessor.js:173:71)
    at NodeProcessor.traverse (/opt/homebrew/lib/node_modules/markbind-cli/node_modules/@markbind/core/src/html/NodeProcessor.js:342:24)
2024-10-28T10:25:41.949Z - info: Site data built
2024-10-28T10:25:41.949Z - info: Pages rebuilt
2024-10-28T10:25:41.949Z - info: Website regeneration complete! Total build time: 0.103s
2024-10-28T10:26:04.548Z - info: [18:26:04] Reload for file change: /Users/damithch/Repos/nus-cs2103/cs2103-website-base/schedule/week11/tutorial-cs2103-fragment.md
2024-10-28T10:26:04.548Z - info: Synchronizing opened pages list before reload
2024-10-28T10:26:04.548Z - info: Current opened pages, from most-to-least recent:
2024-10-28T10:26:04.548Z - info: 1. schedule/week11/tutorial
2024-10-28T10:26:05.551Z - info: Rebuilding 1 pages
2024-10-28T10:26:05.682Z - info: Site data built
2024-10-28T10:26:05.682Z - info: Pages rebuilt
2024-10-28T10:26:05.682Z - info: Website regeneration complete! Total build time: 0.133s
2024-10-28T10:26:48.865Z - info: [18:26:48] Reload for file change: /Users/damithch/Repos/nus-cs2103/cs2103-website-base/schedule/week11/tutorial-cs2103-fragment.md
2024-10-28T10:26:48.866Z - info: Synchronizing opened pages list before reload
2024-10-28T10:26:48.866Z - info: Current opened pages, from most-to-least recent:
2024-10-28T10:26:48.866Z - info: 1. schedule/week11/tutorial
2024-10-28T10:26:49.882Z - info: Rebuilding 1 pages
2024-10-28T10:26:49.991Z - info: Site data built
2024-10-28T10:26:49.991Z - info: Pages rebuilt
2024-10-28T10:26:49.991Z - info: Website regeneration complete! Total build time: 0.111s
2024-10-28T10:31:02.804Z - info: [18:31:02] Reload for file change: /Users/damithch/Repos/nus-cs2103/cs2103-website-base/schedule/week11/tutorial-cs2103-fragment.md
2024-10-28T10:31:02.805Z - info: Synchronizing opened pages list before reload
2024-10-28T10:31:02.805Z - info: Current opened pages, from most-to-least recent:
2024-10-28T10:31:02.805Z - info: 1. schedule/week11/tutorial
2024-10-28T10:31:03.818Z - info: Rebuilding 1 pages
2024-10-28T10:31:03.949Z - info: Site data built
2024-10-28T10:31:03.949Z - info: Pages rebuilt
2024-10-28T10:31:03.949Z - info: Website regeneration complete! Total build time: 0.133s
2024-10-28T10:31:27.519Z - info: [18:31:27] Reload for file change: /Users/damithch/Repos/nus-cs2103/cs2103-website-base/schedule/week11/tutorial-cs2103-fragment.md
2024-10-28T10:31:27.519Z - info: Synchronizing opened pages list before reload
2024-10-28T10:31:27.519Z - info: Current opened pages, from most-to-least recent:
2024-10-28T10:31:27.519Z - info: 1. schedule/week11/tutorial
2024-10-28T10:31:28.526Z - info: Rebuilding 1 pages
2024-10-28T10:31:28.648Z - info: Site data built
2024-10-28T10:31:28.648Z - info: Pages rebuilt
2024-10-28T10:31:28.648Z - info: Website regeneration complete! Total build time: 0.124s
2024-10-28T10:32:07.873Z - info: [18:32:07] Reload for file change: /Users/damithch/Repos/nus-cs2103/cs2103-website-base/schedule/week11/tutorial-cs2103-fragment.md
2024-10-28T10:32:07.873Z - info: Synchronizing opened pages list before reload
2024-10-28T10:32:07.873Z - info: Current opened pages, from most-to-least recent:
2024-10-28T10:32:07.873Z - info: 1. schedule/week11/tutorial
2024-10-28T10:32:08.881Z - info: Rebuilding 1 pages
2024-10-28T10:32:09.022Z - info: Site data built
2024-10-28T10:32:09.022Z - info: Pages rebuilt
2024-10-28T10:32:09.022Z - info: Website regeneration complete! Total build time: 0.144s
2024-10-28T10:32:15.747Z - info: [18:32:15] Reload for file change: /Users/damithch/Repos/nus-cs2103/cs2103-website-base/schedule/week11/tutorial-cs2103-fragment.md
2024-10-28T10:32:15.747Z - info: Synchronizing opened pages list before reload
2024-10-28T10:32:15.747Z - info: Current opened pages, from most-to-least recent:
2024-10-28T10:32:15.747Z - info: 1. schedule/week11/tutorial
2024-10-28T10:32:16.754Z - info: Rebuilding 1 pages
2024-10-28T10:32:16.863Z - info: Site data built
2024-10-28T10:32:16.863Z - info: Pages rebuilt
2024-10-28T10:32:16.863Z - info: Website regeneration complete! Total build time: 0.111s
2024-10-28T10:32:29.987Z - info: [18:32:29] Reload for file change: /Users/damithch/Repos/nus-cs2103/cs2103-website-base/schedule/week11/tutorial-cs2103-fragment.md
2024-10-28T10:32:29.987Z - info: Synchronizing opened pages list before reload
2024-10-28T10:32:29.987Z - info: Current opened pages, from most-to-least recent:
2024-10-28T10:32:29.987Z - info: 1. schedule/week11/tutorial
2024-10-28T10:32:30.991Z - info: Rebuilding 1 pages
2024-10-28T10:32:31.083Z - info: Site data built
2024-10-28T10:32:31.083Z - info: Pages rebuilt
2024-10-28T10:32:31.083Z - info: Website regeneration complete! Total build time: 0.094s
2024-10-28T10:32:51.467Z - info: [18:32:51] Reload for file change: /Users/damithch/Repos/nus-cs2103/cs2103-website-base/schedule/week11/tutorial-cs2103-fragment.md
2024-10-28T10:32:51.468Z - info: Synchronizing opened pages list before reload
2024-10-28T10:32:51.468Z - info: Current opened pages, from most-to-least recent:
2024-10-28T10:32:51.468Z - info: 1. schedule/week11/tutorial
2024-10-28T10:32:52.471Z - info: Rebuilding 1 pages
2024-10-28T10:32:52.581Z - info: Site data built
2024-10-28T10:32:52.581Z - info: Pages rebuilt
2024-10-28T10:32:52.581Z - info: Website regeneration complete! Total build time: 0.112s
2024-10-28T10:33:04.583Z - info: [18:33:04] Reload for file change: /Users/damithch/Repos/nus-cs2103/cs2103-website-base/schedule/week11/tutorial-cs2103-fragment.md
2024-10-28T10:33:04.585Z - info: Synchronizing opened pages list before reload
2024-10-28T10:33:04.585Z - info: Current opened pages, from most-to-least recent:
2024-10-28T10:33:04.585Z - info: 1. schedule/week11/tutorial
2024-10-28T10:33:05.600Z - info: Rebuilding 1 pages
2024-10-28T10:33:05.720Z - info: Site data built
2024-10-28T10:33:05.720Z - info: Pages rebuilt
2024-10-28T10:33:05.720Z - info: Website regeneration complete! Total build time: 0.122s
2024-10-28T10:33:41.544Z - info: [18:33:41] Reload for file change: /Users/damithch/Repos/nus-cs2103/cs2103-website-base/schedule/week11/tutorial-cs2103-fragment.md
2024-10-28T10:33:41.544Z - info: Synchronizing opened pages list before reload
2024-10-28T10:33:41.544Z - info: Current opened pages, from most-to-least recent:
2024-10-28T10:33:41.544Z - info: 1. schedule/week11/tutorial
2024-10-28T10:33:41.646Z - info: [18:33:41] Reload for file change: /Users/damithch/Repos/nus-cs2103/cs2103-website-base/schedule/week11/tutorial-cs2103-fragment.md
2024-10-28T10:33:41.646Z - info: Synchronizing opened pages list before reload
2024-10-28T10:33:41.646Z - info: Current opened pages, from most-to-least recent:
2024-10-28T10:33:41.646Z - info: 1. schedule/week11/tutorial
2024-10-28T10:33:42.551Z - info: Rebuilding 1 pages
2024-10-28T10:33:42.673Z - info: Site data built
2024-10-28T10:33:42.673Z - info: Pages rebuilt
2024-10-28T10:33:42.673Z - info: Website regeneration complete! Total build time: 0.124s
2024-10-28T10:34:33.402Z - info: [18:34:33] Reload for file change: /Users/damithch/Repos/nus-cs2103/cs2103-website-base/schedule/week11/tutorial-cs2103-fragment.md
2024-10-28T10:34:33.402Z - info: Synchronizing opened pages list before reload
2024-10-28T10:34:33.403Z - info: Current opened pages, from most-to-least recent:
2024-10-28T10:34:33.403Z - info: 1. schedule/week11/tutorial
2024-10-28T10:34:34.409Z - info: Rebuilding 1 pages
2024-10-28T10:34:34.525Z - info: Site data built
2024-10-28T10:34:34.526Z - info: Pages rebuilt
2024-10-28T10:34:34.526Z - info: Website regeneration complete! Total build time: 0.118s
2024-10-28T10:35:06.915Z - info: [18:35:06] Reload for file change: /Users/damithch/Repos/nus-cs2103/cs2103-website-base/schedule/week11/tutorial-cs2103-fragment.md
2024-10-28T10:35:06.915Z - info: Synchronizing opened pages list before reload
2024-10-28T10:35:06.915Z - info: Current opened pages, from most-to-least recent:
2024-10-28T10:35:06.915Z - info: 1. schedule/week11/tutorial
2024-10-28T10:35:07.924Z - info: Rebuilding 1 pages
2024-10-28T10:35:08.035Z - info: Site data built
2024-10-28T10:35:08.035Z - info: Pages rebuilt
2024-10-28T10:35:08.035Z - info: Website regeneration complete! Total build time: 0.112s
2024-10-28T10:35:47.181Z - info: Building /Users/damithch/Repos/nus-cs2103/cs2103-website-base/schedule/week11/index as some of its dependencies were changed since the last visit
2024-10-28T10:35:47.594Z - info: Site data built
2024-10-28T10:35:47.594Z - info: Lazy website regeneration complete! Total build time: 0.414s
2024-10-28T10:36:10.784Z - info: [18:36:10] Reload for file change: /Users/damithch/Repos/nus-cs2103/cs2103-website-base/schedule/week11/tutorial-cs2103-fragment.md
2024-10-28T10:36:10.785Z - info: Synchronizing opened pages list before reload
2024-10-28T10:36:10.785Z - info: Current opened pages, from most-to-least recent:
2024-10-28T10:36:10.785Z - info: 1. schedule/week11/index
2024-10-28T10:36:11.798Z - info: No pages needed to be rebuilt
2024-10-28T10:36:17.161Z - info: Building /Users/damithch/Repos/nus-cs2103/cs2103-website-base/schedule/week11/tutorial as some of its dependencies were changed since the last visit
2024-10-28T10:36:17.306Z - info: Site data built
2024-10-28T10:36:17.306Z - info: Lazy website regeneration complete! Total build time: 0.145s
2024-10-28T10:36:20.697Z - info: Building /Users/damithch/Repos/nus-cs2103/cs2103-website-base/schedule/week11/topics as some of its dependencies were changed since the last visit
2024-10-28T10:36:21.293Z - info: Site data built
2024-10-28T10:36:21.293Z - info: Lazy website regeneration complete! Total build time: 0.597s
2024-10-28T10:38:02.116Z - info: [18:38:02] Reload for file change: /Users/damithch/Repos/nus-cs2103/cs2103-website-base/schedule/week11/tutorial-cs2103-fragment.md
2024-10-28T10:38:02.117Z - info: Synchronizing opened pages list before reload
2024-10-28T10:38:02.117Z - info: Current opened pages, from most-to-least recent:
2024-10-28T10:38:02.117Z - info: 1. schedule/week11/tutorial
2024-10-28T10:38:03.118Z - info: Rebuilding 1 pages
2024-10-28T10:38:03.256Z - info: Site data built
2024-10-28T10:38:03.256Z - info: Pages rebuilt
2024-10-28T10:38:03.256Z - info: Website regeneration complete! Total build time: 0.139s
2024-10-28T10:38:36.541Z - info: [18:38:36] Reload for file change: /Users/damithch/Repos/nus-cs2103/cs2103-website-base/schedule/week11/tutorial-cs2103-fragment.md
2024-10-28T10:38:36.541Z - info: Synchronizing opened pages list before reload
2024-10-28T10:38:36.541Z - info: No pages are currently opened
2024-10-28T10:38:37.548Z - info: No pages needed to be rebuilt
2024-10-28T10:38:50.627Z - info: Building /Users/damithch/Repos/nus-cs2103/cs2103-website-base/schedule/week11/tutorial as some of its dependencies were changed since the last visit
2024-10-28T10:38:50.762Z - info: Site data built
2024-10-28T10:38:50.762Z - info: Lazy website regeneration complete! Total build time: 0.135s
2024-10-28T10:40:14.409Z - info: Website generation started at 18:40:13
2024-10-28T10:40:14.666Z - warn: ENOENT: no such file or directory, open '/Users/damithch/Repos/nus-cs2103/cs2103-website-base/node_modules/.cache/gh-pages/https!github.com!nus-cs2103-AY2425S1!website.git/book/_markbind/variables.md'
2024-10-28T10:40:14.666Z - warn: ENOENT: no such file or directory, open '/Users/damithch/Repos/nus-cs2103/cs2103-website-base/node_modules/.cache/gh-pages/https!github.com!nus-cs2103-AY2425S1!website.git/_markbind/variables.md'
2024-10-28T10:40:14.686Z - info: Building assets...
2024-10-28T10:40:15.982Z - info: Assets built
2024-10-28T10:40:15.983Z - info: Generating pages...
2024-10-28T10:40:21.337Z - debug:  
2024-10-28T10:40:21.338Z - debug: 2024-10-28 18:40:17.712 java[60373:7524632] +[IMKClient subclass]: chose IMKClient_Legacy
2024-10-28 18:40:17.712 java[60373:7524632] +[IMKInputSession subclass]: chose IMKInputSession_Legacy

2024-10-28T10:40:21.338Z - debug:  
2024-10-28T10:40:21.338Z - debug:  
2024-10-28T10:40:21.338Z - debug:  
2024-10-28T10:40:21.338Z - debug:  
2024-10-28T10:40:21.338Z - debug:  
2024-10-28T10:40:21.338Z - debug:  
2024-10-28T10:40:21.338Z - debug:  
2024-10-28T10:40:21.338Z - debug:  
2024-10-28T10:40:21.338Z - debug:  
2024-10-28T10:40:21.338Z - debug:  
2024-10-28T10:40:21.338Z - debug:  
2024-10-28T10:40:21.338Z - debug: 2024-10-28 18:40:18.860 java[60406:7524934] +[IMKClient subclass]: chose IMKClient_Legacy
2024-10-28 18:40:18.860 java[60406:7524934] +[IMKInputSession subclass]: chose IMKInputSession_Legacy

2024-10-28T10:40:21.402Z - debug:  
2024-10-28T10:40:21.402Z - debug:  
2024-10-28T10:40:22.008Z - debug: 2024-10-28 18:40:21.635 java[60432:7525598] +[IMKClient subclass]: chose IMKClient_Legacy
2024-10-28 18:40:21.635 java[60432:7525598] +[IMKInputSession subclass]: chose IMKInputSession_Legacy

2024-10-28T10:40:29.262Z - debug: 2024-10-28 18:40:28.888 java[60451:7525882] +[IMKClient subclass]: chose IMKClient_Legacy
2024-10-28 18:40:28.888 java[60451:7525882] +[IMKInputSession subclass]: chose IMKInputSession_Legacy

2024-10-28T10:41:08.104Z - debug: 2024-10-28 18:41:06.007 java[60479:7526753] +[IMKClient subclass]: chose IMKClient_Legacy
2024-10-28 18:41:06.007 java[60479:7526753] +[IMKInputSession subclass]: chose IMKInputSession_Legacy

2024-10-28T10:41:16.973Z - debug: 2024-10-28 18:41:16.291 java[60490:7527026] +[IMKClient subclass]: chose IMKClient_Legacy
2024-10-28 18:41:16.291 java[60490:7527026] +[IMKInputSession subclass]: chose IMKInputSession_Legacy

2024-10-28T10:41:17.054Z - debug:  
2024-10-28T10:41:22.645Z - info: Pages built
2024-10-28T10:41:22.710Z - info: Site data built
2024-10-28T10:41:22.710Z - info: Website generation complete! Total build time: 69.121s
2024-10-28T10:41:22.710Z - info: Build success!
2024-10-28T10:41:44.743Z - info: The website has been deployed at: https://nus-cs2103-ay2425s1.github.io/website
2024-10-28T11:27:15.475Z - info: Website generation (lazy) started at 19:27:14
2024-10-28T11:27:15.767Z - warn: ENOENT: no such file or directory, open '/Users/damithch/Repos/nus-cs2103/cs2103-website-base/node_modules/.cache/gh-pages/https!github.com!nus-cs2103-AY2425S1!website.git/book/_markbind/variables.md'
2024-10-28T11:27:15.767Z - warn: ENOENT: no such file or directory, open '/Users/damithch/Repos/nus-cs2103/cs2103-website-base/node_modules/.cache/gh-pages/https!github.com!nus-cs2103-AY2425S1!website.git/_markbind/variables.md'
2024-10-28T11:27:15.786Z - info: Building assets...
2024-10-28T11:27:17.129Z - info: Assets built
2024-10-28T11:27:17.129Z - info: Generating landing page...
2024-10-28T11:27:17.562Z - info: Landing page built, other pages will be built as you navigate to them!
2024-10-28T11:27:17.626Z - info: Site data built
2024-10-28T11:27:17.627Z - info: Website generation (lazy) complete! Total build time: 3.084s
2024-10-28T11:27:17.636Z - info: Serving "/Users/damithch/Repos/nus-cs2103/cs2103-website-base/_site" at http://127.0.0.1:8080
2024-10-28T11:27:17.636Z - info: Press CTRL+C to stop ...
2024-10-28T11:27:27.181Z - info: Building /Users/damithch/Repos/nus-cs2103/cs2103-website-base/schedule/week11/tutorial as some of its dependencies were changed since the last visit
2024-10-28T11:27:27.337Z - info: Site data built
2024-10-28T11:27:27.337Z - info: Lazy website regeneration complete! Total build time: 0.156s
2024-10-28T11:27:30.282Z - info: Building /Users/damithch/Repos/nus-cs2103/cs2103-website-base/admin/index as some of its dependencies were changed since the last visit
2024-10-28T11:27:30.421Z - info: Site data built
2024-10-28T11:27:30.422Z - info: Lazy website regeneration complete! Total build time: 0.141s
2024-10-28T11:27:42.389Z - info: Building /Users/damithch/Repos/nus-cs2103/cs2103-website-base/admin/tp-deliverables as some of its dependencies were changed since the last visit
2024-10-28T11:27:42.624Z - info: Site data built
2024-10-28T11:27:42.624Z - info: Lazy website regeneration complete! Total build time: 0.235s
2024-10-28T11:29:41.345Z - info: [19:29:41] Reload for file change: /Users/damithch/Repos/nus-cs2103/cs2103-website-base/admin/tp-deliverables-dg-fragment.md
2024-10-28T11:29:41.346Z - info: Synchronizing opened pages list before reload
2024-10-28T11:29:41.347Z - info: Current opened pages, from most-to-least recent:
2024-10-28T11:29:41.347Z - info: 1. admin/tp-deliverables
2024-10-28T11:29:42.358Z - info: Rebuilding 1 pages
2024-10-28T11:29:42.604Z - info: Site data built
2024-10-28T11:29:42.605Z - info: Pages rebuilt
2024-10-28T11:29:42.605Z - info: Website regeneration complete! Total build time: 0.249s
2024-10-28T11:33:05.823Z - info: [19:33:05] Reload for file change: /Users/damithch/Repos/nus-cs2103/cs2103-website-base/admin/tp-deliverables-dg-fragment.md
2024-10-28T11:33:05.824Z - info: Synchronizing opened pages list before reload
2024-10-28T11:33:05.824Z - info: Current opened pages, from most-to-least recent:
2024-10-28T11:33:05.824Z - info: 1. admin/tp-deliverables
2024-10-28T11:33:06.837Z - info: Rebuilding 1 pages
2024-10-28T11:33:07.095Z - info: Site data built
2024-10-28T11:33:07.095Z - info: Pages rebuilt
2024-10-28T11:33:07.095Z - info: Website regeneration complete! Total build time: 0.26s
2024-10-28T11:33:15.360Z - info: [19:33:15] Reload for file change: /Users/damithch/Repos/nus-cs2103/cs2103-website-base/admin/tp-deliverables-dg-fragment.md
2024-10-28T11:33:15.361Z - info: Synchronizing opened pages list before reload
2024-10-28T11:33:15.361Z - info: Current opened pages, from most-to-least recent:
2024-10-28T11:33:15.361Z - info: 1. admin/tp-deliverables
2024-10-28T11:33:16.365Z - info: Rebuilding 1 pages
2024-10-28T11:33:16.617Z - info: Site data built
2024-10-28T11:33:16.617Z - info: Pages rebuilt
2024-10-28T11:33:16.617Z - info: Website regeneration complete! Total build time: 0.254s
2024-10-28T11:34:08.129Z - info: [19:34:08] Reload for file change: /Users/damithch/Repos/nus-cs2103/cs2103-website-base/admin/tp-deliverables-dg-fragment.md
2024-10-28T11:34:08.130Z - info: Synchronizing opened pages list before reload
2024-10-28T11:34:08.130Z - info: Current opened pages, from most-to-least recent:
2024-10-28T11:34:08.130Z - info: 1. admin/tp-deliverables
2024-10-28T11:34:09.139Z - info: Rebuilding 1 pages
2024-10-28T11:34:09.376Z - info: Site data built
2024-10-28T11:34:09.376Z - info: Pages rebuilt
2024-10-28T11:34:09.376Z - info: Website regeneration complete! Total build time: 0.24s
2024-10-28T11:34:27.122Z - info: [19:34:27] Reload for file change: /Users/damithch/Repos/nus-cs2103/cs2103-website-base/admin/tp-deliverables-dg-fragment.md
2024-10-28T11:34:27.122Z - info: Synchronizing opened pages list before reload
2024-10-28T11:34:27.122Z - info: Current opened pages, from most-to-least recent:
2024-10-28T11:34:27.122Z - info: 1. admin/tp-deliverables
2024-10-28T11:34:28.135Z - info: Rebuilding 1 pages
2024-10-28T11:34:28.377Z - info: Site data built
2024-10-28T11:34:28.377Z - info: Pages rebuilt
2024-10-28T11:34:28.377Z - info: Website regeneration complete! Total build time: 0.244s
2024-10-28T11:35:00.564Z - info: [19:35:00] Reload for file change: /Users/damithch/Repos/nus-cs2103/cs2103-website-base/admin/tp-deliverables-dg-fragment.md
2024-10-28T11:35:00.564Z - info: Synchronizing opened pages list before reload
2024-10-28T11:35:00.564Z - info: Current opened pages, from most-to-least recent:
2024-10-28T11:35:00.564Z - info: 1. admin/tp-deliverables
2024-10-28T11:35:01.579Z - info: Rebuilding 1 pages
2024-10-28T11:35:01.819Z - info: Site data built
2024-10-28T11:35:01.819Z - info: Pages rebuilt
2024-10-28T11:35:01.819Z - info: Website regeneration complete! Total build time: 0.241s
2024-10-28T12:10:45.646Z - info: [20:10:45] Reload for file change: /Users/damithch/Repos/nus-cs2103/cs2103-website-base/admin/faq-fragment.md
2024-10-28T12:10:45.647Z - info: Synchronizing opened pages list before reload
2024-10-28T12:10:45.648Z - info: Current opened pages, from most-to-least recent:
2024-10-28T12:10:45.648Z - info: 1. admin/tp-deliverables
2024-10-28T12:10:46.667Z - info: Rebuilding 1 pages
2024-10-28T12:10:46.908Z - info: Site data built
2024-10-28T12:10:46.908Z - info: Pages rebuilt
2024-10-28T12:10:46.908Z - info: Website regeneration complete! Total build time: 0.245s
2024-10-28T12:31:34.758Z - info: [20:31:34] Reload for file change: /Users/damithch/Repos/nus-cs2103/cs2103-website-base/admin/tp-deliverables-dg-fragment.md
2024-10-28T12:31:34.760Z - info: Synchronizing opened pages list before reload
2024-10-28T12:31:34.760Z - info: Current opened pages, from most-to-least recent:
2024-10-28T12:31:34.760Z - info: 1. admin/tp-deliverables
2024-10-28T12:31:35.779Z - info: Rebuilding 1 pages
2024-10-28T12:31:35.904Z - error:  Error: No such segment '#faq--Q' in file: /Users/damithch/Repos/nus-cs2103/cs2103-website-base/admin/faq-fragment.md
Missing reference in /Users/damithch/Repos/nus-cs2103/cs2103-website-base/admin/tp-deliverables-dg-fragment.md
    at processInclude (/opt/homebrew/lib/node_modules/markbind-cli/node_modules/@markbind/core/src/html/includePanelProcessor.js:238:27)
    at NodeProcessor.processNode (/opt/homebrew/lib/node_modules/markbind-cli/node_modules/@markbind/core/src/html/NodeProcessor.js:173:71)
    at NodeProcessor.traverse (/opt/homebrew/lib/node_modules/markbind-cli/node_modules/@markbind/core/src/html/NodeProcessor.js:342:24)
    at /opt/homebrew/lib/node_modules/markbind-cli/node_modules/@markbind/core/src/html/NodeProcessor.js:346:22
    at Array.forEach (<anonymous>)
    at NodeProcessor.traverse (/opt/homebrew/lib/node_modules/markbind-cli/node_modules/@markbind/core/src/html/NodeProcessor.js:345:27)
    at /opt/homebrew/lib/node_modules/markbind-cli/node_modules/@markbind/core/src/html/NodeProcessor.js:346:22
    at Array.forEach (<anonymous>)
    at NodeProcessor.traverse (/opt/homebrew/lib/node_modules/markbind-cli/node_modules/@markbind/core/src/html/NodeProcessor.js:345:27)
    at /opt/homebrew/lib/node_modules/markbind-cli/node_modules/@markbind/core/src/html/NodeProcessor.js:346:22
    at Array.forEach (<anonymous>)
    at NodeProcessor.traverse (/opt/homebrew/lib/node_modules/markbind-cli/node_modules/@markbind/core/src/html/NodeProcessor.js:345:27)
    at /opt/homebrew/lib/node_modules/markbind-cli/node_modules/@markbind/core/src/html/NodeProcessor.js:346:22
    at Array.forEach (<anonymous>)
    at NodeProcessor.traverse (/opt/homebrew/lib/node_modules/markbind-cli/node_modules/@markbind/core/src/html/NodeProcessor.js:345:27)
    at /opt/homebrew/lib/node_modules/markbind-cli/node_modules/@markbind/core/src/html/NodeProcessor.js:346:22
2024-10-28T12:31:35.910Z - error:  Error: No such segment '#faq--A' in file: /Users/damithch/Repos/nus-cs2103/cs2103-website-base/admin/faq-fragment.md
Missing reference in /Users/damithch/Repos/nus-cs2103/cs2103-website-base/admin/tp-deliverables-dg-fragment.md
    at processInclude (/opt/homebrew/lib/node_modules/markbind-cli/node_modules/@markbind/core/src/html/includePanelProcessor.js:238:27)
    at NodeProcessor.processNode (/opt/homebrew/lib/node_modules/markbind-cli/node_modules/@markbind/core/src/html/NodeProcessor.js:173:71)
    at NodeProcessor.traverse (/opt/homebrew/lib/node_modules/markbind-cli/node_modules/@markbind/core/src/html/NodeProcessor.js:342:24)
    at /opt/homebrew/lib/node_modules/markbind-cli/node_modules/@markbind/core/src/html/NodeProcessor.js:346:22
    at Array.forEach (<anonymous>)
    at NodeProcessor.traverse (/opt/homebrew/lib/node_modules/markbind-cli/node_modules/@markbind/core/src/html/NodeProcessor.js:345:27)
    at /opt/homebrew/lib/node_modules/markbind-cli/node_modules/@markbind/core/src/html/NodeProcessor.js:346:22
    at Array.forEach (<anonymous>)
    at NodeProcessor.traverse (/opt/homebrew/lib/node_modules/markbind-cli/node_modules/@markbind/core/src/html/NodeProcessor.js:345:27)
    at /opt/homebrew/lib/node_modules/markbind-cli/node_modules/@markbind/core/src/html/NodeProcessor.js:346:22
    at Array.forEach (<anonymous>)
    at NodeProcessor.traverse (/opt/homebrew/lib/node_modules/markbind-cli/node_modules/@markbind/core/src/html/NodeProcessor.js:345:27)
    at /opt/homebrew/lib/node_modules/markbind-cli/node_modules/@markbind/core/src/html/NodeProcessor.js:346:22
    at Array.forEach (<anonymous>)
    at NodeProcessor.traverse (/opt/homebrew/lib/node_modules/markbind-cli/node_modules/@markbind/core/src/html/NodeProcessor.js:345:27)
    at /opt/homebrew/lib/node_modules/markbind-cli/node_modules/@markbind/core/src/html/NodeProcessor.js:346:22
2024-10-28T12:31:36.037Z - info: Site data built
2024-10-28T12:31:36.037Z - info: Pages rebuilt
2024-10-28T12:31:36.037Z - info: Website regeneration complete! Total build time: 0.261s
2024-10-28T12:31:47.416Z - info: [20:31:47] Reload for file change: /Users/damithch/Repos/nus-cs2103/cs2103-website-base/admin/tp-deliverables-dg-fragment.md
2024-10-28T12:31:47.416Z - info: Synchronizing opened pages list before reload
2024-10-28T12:31:47.416Z - info: Current opened pages, from most-to-least recent:
2024-10-28T12:31:47.416Z - info: 1. admin/tp-deliverables
2024-10-28T12:31:48.428Z - info: Rebuilding 1 pages
2024-10-28T12:31:48.642Z - info: Site data built
2024-10-28T12:31:48.642Z - info: Pages rebuilt
2024-10-28T12:31:48.642Z - info: Website regeneration complete! Total build time: 0.215s
2024-10-28T12:32:42.727Z - info: [20:32:42] Reload for file change: /Users/damithch/Repos/nus-cs2103/cs2103-website-base/admin/appendixC-faq.md
2024-10-28T12:32:42.727Z - info: Synchronizing opened pages list before reload
2024-10-28T12:32:42.727Z - info: Current opened pages, from most-to-least recent:
2024-10-28T12:32:42.727Z - info: 1. admin/tp-deliverables
2024-10-28T12:32:42.728Z - info: [20:32:42] Reload for file change: /Users/damithch/Repos/nus-cs2103/cs2103-website-base/admin/faq-fragment.md
2024-10-28T12:32:42.728Z - info: Synchronizing opened pages list before reload
2024-10-28T12:32:42.729Z - info: Current opened pages, from most-to-least recent:
2024-10-28T12:32:42.729Z - info: 1. admin/tp-deliverables
2024-10-28T12:32:43.747Z - info: Rebuilding 1 pages
2024-10-28T12:32:44.006Z - info: Site data built
2024-10-28T12:32:44.006Z - info: Pages rebuilt
2024-10-28T12:32:44.006Z - info: Website regeneration complete! Total build time: 0.26s
2024-10-28T12:33:24.280Z - info: Website generation started at 20:33:23
2024-10-28T12:33:24.542Z - warn: ENOENT: no such file or directory, open '/Users/damithch/Repos/nus-cs2103/cs2103-website-base/node_modules/.cache/gh-pages/https!github.com!nus-cs2103-AY2425S1!website.git/book/_markbind/variables.md'
2024-10-28T12:33:24.542Z - warn: ENOENT: no such file or directory, open '/Users/damithch/Repos/nus-cs2103/cs2103-website-base/node_modules/.cache/gh-pages/https!github.com!nus-cs2103-AY2425S1!website.git/_markbind/variables.md'
2024-10-28T12:33:24.561Z - info: Building assets...
2024-10-28T12:33:25.861Z - info: Assets built
2024-10-28T12:33:25.861Z - info: Generating pages...
2024-10-28T12:33:32.107Z - debug:  
2024-10-28T12:33:32.107Z - debug: 2024-10-28 20:33:27.906 java[62358:7632459] +[IMKClient subclass]: chose IMKClient_Legacy
2024-10-28 20:33:27.906 java[62358:7632459] +[IMKInputSession subclass]: chose IMKInputSession_Legacy

2024-10-28T12:33:32.107Z - debug:  
2024-10-28T12:33:32.107Z - debug:  
2024-10-28T12:33:32.107Z - debug:  
2024-10-28T12:33:32.373Z - debug:  
2024-10-28T12:33:32.373Z - debug:  
2024-10-28T12:33:32.373Z - debug:  
2024-10-28T12:33:32.373Z - debug:  
2024-10-28T12:33:32.373Z - debug:  
2024-10-28T12:33:32.373Z - debug:  
2024-10-28T12:33:32.373Z - debug:  
2024-10-28T12:33:32.373Z - debug: 2024-10-28 20:33:29.793 java[62397:7632764] +[IMKClient subclass]: chose IMKClient_Legacy
2024-10-28 20:33:29.793 java[62397:7632764] +[IMKInputSession subclass]: chose IMKInputSession_Legacy

2024-10-28T12:33:32.373Z - debug:  
2024-10-28T12:33:32.373Z - debug:  
2024-10-28T12:33:32.373Z - debug:  
2024-10-28T12:33:32.901Z - debug: 2024-10-28 20:33:32.438 java[62426:7633438] +[IMKClient subclass]: chose IMKClient_Legacy
2024-10-28 20:33:32.438 java[62426:7633438] +[IMKInputSession subclass]: chose IMKInputSession_Legacy

2024-10-28T12:33:40.126Z - debug: 2024-10-28 20:33:39.766 java[62441:7633694] +[IMKClient subclass]: chose IMKClient_Legacy
2024-10-28 20:33:39.766 java[62441:7633694] +[IMKInputSession subclass]: chose IMKInputSession_Legacy

2024-10-28T12:34:17.234Z - debug: 2024-10-28 20:34:16.873 java[62470:7634451] +[IMKClient subclass]: chose IMKClient_Legacy
2024-10-28 20:34:16.873 java[62470:7634451] +[IMKInputSession subclass]: chose IMKInputSession_Legacy

2024-10-28T12:34:28.167Z - debug: 2024-10-28 20:34:27.767 java[62485:7635041] +[IMKClient subclass]: chose IMKClient_Legacy
2024-10-28 20:34:27.767 java[62485:7635041] +[IMKInputSession subclass]: chose IMKInputSession_Legacy

2024-10-28T12:34:28.590Z - debug:  
2024-10-28T12:34:34.136Z - info: Pages built
2024-10-28T12:34:34.204Z - info: Site data built
2024-10-28T12:34:34.204Z - info: Website generation complete! Total build time: 70.696s
2024-10-28T12:34:34.204Z - info: Build success!
2024-10-28T12:34:55.363Z - info: The website has been deployed at: https://nus-cs2103-ay2425s1.github.io/website
2024-10-28T14:54:31.668Z - info: Website generation (lazy) started at 22:54:30
2024-10-28T14:54:32.004Z - warn: ENOENT: no such file or directory, open '/Users/damithch/Repos/nus-cs2103/cs2103-website-base/node_modules/.cache/gh-pages/https!github.com!nus-cs2103-AY2425S1!website.git/book/_markbind/variables.md'
2024-10-28T14:54:32.005Z - warn: ENOENT: no such file or directory, open '/Users/damithch/Repos/nus-cs2103/cs2103-website-base/node_modules/.cache/gh-pages/https!github.com!nus-cs2103-AY2425S1!website.git/_markbind/variables.md'
2024-10-28T14:54:32.023Z - info: Building assets...
2024-10-28T14:54:33.333Z - info: Assets built
2024-10-28T14:54:33.333Z - info: Generating landing page...
2024-10-28T14:54:33.771Z - info: Landing page built, other pages will be built as you navigate to them!
2024-10-28T14:54:33.834Z - info: Site data built
2024-10-28T14:54:33.834Z - info: Website generation (lazy) complete! Total build time: 3.097s
2024-10-28T14:54:33.844Z - info: Serving "/Users/damithch/Repos/nus-cs2103/cs2103-website-base/_site" at http://127.0.0.1:8080
2024-10-28T14:54:33.844Z - info: Press CTRL+C to stop ...
2024-10-28T14:54:37.537Z - info: Building /Users/damithch/Repos/nus-cs2103/cs2103-website-base/schedule/week11/project as some of its dependencies were changed since the last visit
2024-10-28T14:54:38.503Z - info: Site data built
2024-10-28T14:54:38.503Z - info: Lazy website regeneration complete! Total build time: 0.967s
2024-10-28T14:57:57.163Z - info: [22:57:57] Reload for file change: /Users/damithch/Repos/nus-cs2103/cs2103-website-base/admin/tp-tasks-fragment.md
2024-10-28T14:57:57.164Z - info: Synchronizing opened pages list before reload
2024-10-28T14:57:57.164Z - info: Current opened pages, from most-to-least recent:
2024-10-28T14:57:57.164Z - info: 1. schedule/week11/project
2024-10-28T14:57:58.172Z - info: Rebuilding 1 pages
2024-10-28T14:57:59.216Z - info: Site data built
2024-10-28T14:57:59.216Z - info: Pages rebuilt
2024-10-28T14:57:59.216Z - info: Website regeneration complete! Total build time: 1.048s
2024-10-28T14:58:31.091Z - info: [22:58:31] Reload for file change: /Users/damithch/Repos/nus-cs2103/cs2103-website-base/admin/tp-tasks-fragment.md
2024-10-28T14:58:31.092Z - info: Synchronizing opened pages list before reload
2024-10-28T14:58:31.092Z - info: Current opened pages, from most-to-least recent:
2024-10-28T14:58:31.092Z - info: 1. schedule/week11/project
2024-10-28T14:58:32.096Z - info: Rebuilding 1 pages
2024-10-28T14:58:33.145Z - info: Site data built
2024-10-28T14:58:33.145Z - info: Pages rebuilt
2024-10-28T14:58:33.145Z - info: Website regeneration complete! Total build time: 1.051s
2024-10-28T15:03:41.958Z - info: [23:03:41] Reload for file change: /Users/damithch/Repos/nus-cs2103/cs2103-website-base/admin/tp-tasks-fragment.md
2024-10-28T15:03:41.958Z - info: Synchronizing opened pages list before reload
2024-10-28T15:03:41.959Z - info: Current opened pages, from most-to-least recent:
2024-10-28T15:03:41.959Z - info: 1. schedule/week11/project
2024-10-28T15:03:42.976Z - info: Rebuilding 1 pages
2024-10-28T15:03:44.000Z - info: Site data built
2024-10-28T15:03:44.000Z - info: Pages rebuilt
2024-10-28T15:03:44.000Z - info: Website regeneration complete! Total build time: 1.026s
2024-10-28T15:04:05.885Z - info: [23:04:05] Reload for file change: /Users/damithch/Repos/nus-cs2103/cs2103-website-base/admin/tp-tasks-fragment.md
2024-10-28T15:04:05.885Z - info: Synchronizing opened pages list before reload
2024-10-28T15:04:05.886Z - info: Current opened pages, from most-to-least recent:
2024-10-28T15:04:05.886Z - info: 1. schedule/week11/project
2024-10-28T15:04:06.901Z - info: Rebuilding 1 pages
2024-10-28T15:04:07.914Z - info: Site data built
2024-10-28T15:04:07.915Z - info: Pages rebuilt
2024-10-28T15:04:07.915Z - info: Website regeneration complete! Total build time: 1.016s
2024-10-28T15:05:13.904Z - info: [23:05:13] Reload for file change: /Users/damithch/Repos/nus-cs2103/cs2103-website-base/admin/tp-tasks-fragment.md
2024-10-28T15:05:13.904Z - info: Synchronizing opened pages list before reload
2024-10-28T15:05:13.905Z - info: Current opened pages, from most-to-least recent:
2024-10-28T15:05:13.905Z - info: 1. schedule/week11/project
2024-10-28T15:05:14.922Z - info: Rebuilding 1 pages
2024-10-28T15:05:15.925Z - info: Site data built
2024-10-28T15:05:15.925Z - info: Pages rebuilt
2024-10-28T15:05:15.926Z - info: Website regeneration complete! Total build time: 1.006s
2024-10-28T15:05:52.535Z - info: Website generation started at 23:05:51
2024-10-28T15:05:52.730Z - warn: ENOENT: no such file or directory, open '/Users/damithch/Repos/nus-cs2103/cs2103-website-base/node_modules/.cache/gh-pages/https!github.com!nus-cs2103-AY2425S1!website.git/book/_markbind/variables.md'
2024-10-28T15:05:52.730Z - warn: ENOENT: no such file or directory, open '/Users/damithch/Repos/nus-cs2103/cs2103-website-base/node_modules/.cache/gh-pages/https!github.com!nus-cs2103-AY2425S1!website.git/_markbind/variables.md'
2024-10-28T15:05:52.749Z - info: Building assets...
2024-10-28T15:05:54.044Z - info: Assets built
2024-10-28T15:05:54.045Z - info: Generating pages...
2024-10-28T15:05:59.703Z - debug:  
2024-10-28T15:05:59.703Z - debug: 2024-10-28 23:05:55.746 java[70049:7773303] +[IMKClient subclass]: chose IMKClient_Legacy
2024-10-28 23:05:55.746 java[70049:7773303] +[IMKInputSession subclass]: chose IMKInputSession_Legacy

2024-10-28T15:05:59.704Z - debug:  
2024-10-28T15:05:59.704Z - debug:  
2024-10-28T15:05:59.704Z - debug:  
2024-10-28T15:05:59.704Z - debug:  
2024-10-28T15:05:59.704Z - debug:  
2024-10-28T15:05:59.704Z - debug:  
2024-10-28T15:05:59.704Z - debug:  
2024-10-28T15:05:59.704Z - debug:  
2024-10-28T15:05:59.704Z - debug:  
2024-10-28T15:05:59.704Z - debug:  
2024-10-28T15:05:59.704Z - debug:  
2024-10-28T15:05:59.704Z - debug:  
2024-10-28T15:05:59.704Z - debug:  
2024-10-28T15:05:59.704Z - debug: 2024-10-28 23:05:56.640 java[70088:7773618] +[IMKClient subclass]: chose IMKClient_Legacy
2024-10-28 23:05:56.640 java[70088:7773618] +[IMKInputSession subclass]: chose IMKInputSession_Legacy

2024-10-28T15:06:01.067Z - debug: 2024-10-28 23:06:00.356 java[70113:7774330] +[IMKClient subclass]: chose IMKClient_Legacy
2024-10-28 23:06:00.356 java[70113:7774330] +[IMKInputSession subclass]: chose IMKInputSession_Legacy

2024-10-28T15:06:08.261Z - debug: 2024-10-28 23:06:07.899 java[70127:7774546] +[IMKClient subclass]: chose IMKClient_Legacy
2024-10-28 23:06:07.899 java[70127:7774546] +[IMKInputSession subclass]: chose IMKInputSession_Legacy

2024-10-28T15:06:46.845Z - debug: 2024-10-28 23:06:44.676 java[70149:7775063] +[IMKClient subclass]: chose IMKClient_Legacy
2024-10-28 23:06:44.676 java[70149:7775063] +[IMKInputSession subclass]: chose IMKInputSession_Legacy

2024-10-28T15:06:55.358Z - debug: 2024-10-28 23:06:54.990 java[70157:7775275] +[IMKClient subclass]: chose IMKClient_Legacy
2024-10-28 23:06:54.990 java[70157:7775275] +[IMKInputSession subclass]: chose IMKInputSession_Legacy

2024-10-28T15:06:55.781Z - debug:  
2024-10-28T15:07:01.359Z - info: Pages built
2024-10-28T15:07:01.427Z - info: Site data built
2024-10-28T15:07:01.427Z - info: Website generation complete! Total build time: 69.541s
2024-10-28T15:07:01.427Z - info: Build success!
2024-10-28T15:07:23.897Z - info: The website has been deployed at: https://nus-cs2103-ay2425s1.github.io/website
