2024-08-16T05:17:37.913Z - info: Website generation (lazy) started at 1:17:29 pm
2024-08-16T05:17:53.610Z - warn: ENOENT: no such file or directory, open 'C:\repos\nus-cs2103\cs2103-website-base\cache\gh-pages\https!github.com!nus-cs2103-AY2425S1!website.git\book\_markbind\variables.md'
2024-08-16T05:17:53.612Z - warn: ENOENT: no such file or directory, open 'C:\repos\nus-cs2103\cs2103-website-base\cache\gh-pages\https!github.com!nus-cs2103-AY2425S1!website.git\_markbind\variables.md'
2024-08-16T05:17:53.689Z - info: Building assets...
2024-08-16T05:18:52.267Z - info: Assets built
2024-08-16T05:18:52.271Z - info: Generating landing page...
2024-08-16T05:18:53.245Z - info: Landing page built, other pages will be built as you navigate to them!
2024-08-16T05:18:55.064Z - info: Site data built
2024-08-16T05:18:55.064Z - info: Website generation (lazy) complete! Total build time: 85.884s
2024-08-16T05:18:55.591Z - info: Serving "C:\repos\nus-cs2103\cs2103-website-base\_site" at http://127.0.0.1:8080
2024-08-16T05:18:55.592Z - info: Press CTRL+C to stop ...
2024-08-16T05:24:24.704Z - info: Building C:\repos\nus-cs2103\cs2103-website-base\schedule\week1\topics-py as some of its dependencies were changed since the last visit
2024-08-16T05:24:25.857Z - info: Site data built
2024-08-16T05:24:25.858Z - info: Lazy website regeneration complete! Total build time: 1.156s
2024-08-16T05:25:43.878Z - info: [1:25:43 pm] Reload for file change: C:\repos\nus-cs2103\cs2103-website-base\programming\usingFunctions\e-lengthOfName.md
2024-08-16T05:25:43.879Z - info: Synchronizing opened pages list before reload
2024-08-16T05:25:43.880Z - info: Current opened pages, from most-to-least recent:
2024-08-16T05:25:43.880Z - info: 1. schedule/week1/topics-py
2024-08-16T05:25:44.889Z - info: Rebuilding 1 pages
2024-08-16T05:25:45.476Z - info: Site data built
2024-08-16T05:25:45.476Z - info: Pages rebuilt
2024-08-16T05:25:45.477Z - info: Website regeneration complete! Total build time: 0.588s
2024-08-16T05:26:08.805Z - info: [1:26:08 pm] Reload for file change: C:\repos\nus-cs2103\cs2103-website-base\programming\usingFunctions\e-lengthOfName.md
2024-08-16T05:26:08.806Z - info: Synchronizing opened pages list before reload
2024-08-16T05:26:08.806Z - info: Current opened pages, from most-to-least recent:
2024-08-16T05:26:08.806Z - info: 1. schedule/week1/topics-py
2024-08-16T05:26:09.818Z - info: Rebuilding 1 pages
2024-08-16T05:26:10.470Z - info: Site data built
2024-08-16T05:26:10.471Z - info: Pages rebuilt
2024-08-16T05:26:10.471Z - info: Website regeneration complete! Total build time: 0.654s
2024-08-16T05:26:25.591Z - info: [1:26:25 pm] Reload for file change: C:\repos\nus-cs2103\cs2103-website-base\programming\usingFunctions\e-lengthOfName.md
2024-08-16T05:26:25.592Z - info: Synchronizing opened pages list before reload
2024-08-16T05:26:25.592Z - info: Current opened pages, from most-to-least recent:
2024-08-16T05:26:25.593Z - info: 1. schedule/week1/topics-py
2024-08-16T05:26:26.595Z - info: Rebuilding 1 pages
2024-08-16T05:26:27.052Z - info: Site data built
2024-08-16T05:26:27.052Z - info: Pages rebuilt
2024-08-16T05:26:27.052Z - info: Website regeneration complete! Total build time: 0.458s
2024-08-16T05:28:09.727Z - info: [1:28:09 pm] Reload for file change: C:\repos\nus-cs2103\cs2103-website-base\programming\usingFunctions\e-lengthOfName.md
2024-08-16T05:28:09.728Z - info: Synchronizing opened pages list before reload
2024-08-16T05:28:09.728Z - info: Current opened pages, from most-to-least recent:
2024-08-16T05:28:09.729Z - info: 1. schedule/week1/topics-py
2024-08-16T05:28:10.739Z - info: Rebuilding 1 pages
2024-08-16T05:28:11.330Z - info: Site data built
2024-08-16T05:28:11.331Z - info: Pages rebuilt
2024-08-16T05:28:11.331Z - info: Website regeneration complete! Total build time: 0.593s
2024-08-16T05:28:28.476Z - info: [1:28:28 pm] Reload for file change: C:\repos\nus-cs2103\cs2103-website-base\programming\usingFunctions\e-lengthOfName.md
2024-08-16T05:28:28.476Z - info: Synchronizing opened pages list before reload
2024-08-16T05:28:28.477Z - info: Current opened pages, from most-to-least recent:
2024-08-16T05:28:28.477Z - info: 1. schedule/week1/topics-py
2024-08-16T05:28:29.491Z - info: Rebuilding 1 pages
2024-08-16T05:28:29.996Z - info: Site data built
2024-08-16T05:28:29.997Z - info: Pages rebuilt
2024-08-16T05:28:29.997Z - info: Website regeneration complete! Total build time: 0.508s
2024-08-16T05:30:27.891Z - info: [1:30:27 pm] Reload for file change: C:\repos\nus-cs2103\cs2103-website-base\programming\usingFunctions\e-lengthOfName.md
2024-08-16T05:30:27.892Z - info: Synchronizing opened pages list before reload
2024-08-16T05:30:27.892Z - info: Current opened pages, from most-to-least recent:
2024-08-16T05:30:27.893Z - info: 1. schedule/week1/topics-py
2024-08-16T05:30:28.895Z - info: Rebuilding 1 pages
2024-08-16T05:30:29.550Z - info: Site data built
2024-08-16T05:30:29.551Z - info: Pages rebuilt
2024-08-16T05:30:29.551Z - info: Website regeneration complete! Total build time: 0.658s
2024-08-16T05:31:04.007Z - info: [1:31:04 pm] Reload for file change: C:\repos\nus-cs2103\cs2103-website-base\programming\usingFunctions\e-lengthOfName.md
2024-08-16T05:31:04.007Z - info: Synchronizing opened pages list before reload
2024-08-16T05:31:04.008Z - info: Current opened pages, from most-to-least recent:
2024-08-16T05:31:04.008Z - info: 1. schedule/week1/topics-py
2024-08-16T05:31:05.013Z - info: Rebuilding 1 pages
2024-08-16T05:31:05.477Z - info: Site data built
2024-08-16T05:31:05.478Z - info: Pages rebuilt
2024-08-16T05:31:05.478Z - info: Website regeneration complete! Total build time: 0.466s
2024-08-16T05:31:29.174Z - info: [1:31:29 pm] Reload for file change: C:\repos\nus-cs2103\cs2103-website-base\programming\usingFunctions\e-lengthOfName.md
2024-08-16T05:31:29.174Z - info: Synchronizing opened pages list before reload
2024-08-16T05:31:29.175Z - info: Current opened pages, from most-to-least recent:
2024-08-16T05:31:29.175Z - info: 1. schedule/week1/topics-py
2024-08-16T05:31:30.184Z - info: Rebuilding 1 pages
2024-08-16T05:31:30.786Z - info: Site data built
2024-08-16T05:31:30.786Z - info: Pages rebuilt
2024-08-16T05:31:30.786Z - info: Website regeneration complete! Total build time: 0.603s
2024-08-16T05:33:18.939Z - info: Website generation started at 1:33:01 pm
2024-08-16T05:33:27.961Z - info: Building assets...
2024-08-16T05:33:36.614Z - info: Assets built
2024-08-16T05:33:36.616Z - info: Generating pages...
2024-08-16T05:33:52.383Z - debug:  
2024-08-16T05:33:52.457Z - debug:  
2024-08-16T05:33:52.515Z - debug:  
2024-08-16T05:33:52.549Z - debug:  
2024-08-16T05:33:52.594Z - debug:  
2024-08-16T05:33:52.883Z - debug:  
2024-08-16T05:33:52.909Z - debug:  
2024-08-16T05:33:52.939Z - debug:  
2024-08-16T05:33:52.975Z - debug:  
2024-08-16T05:33:53.003Z - debug:  
2024-08-16T05:33:53.036Z - debug:  
2024-08-16T05:33:53.068Z - debug:  
2024-08-16T05:34:01.783Z - debug:  
2024-08-16T05:34:01.800Z - debug:  
2024-08-16T05:34:05.187Z - debug:  
2024-08-16T05:34:24.339Z - debug:  
2024-08-16T05:34:45.959Z - debug:  
2024-08-16T05:35:35.535Z - info: Pages built
2024-08-16T05:35:36.707Z - info: Site data built
2024-08-16T05:35:36.707Z - info: Website generation complete! Total build time: 154.838s
2024-08-16T05:35:36.708Z - info: Build success!
2024-08-16T05:37:56.835Z - info: The website has been deployed at: https://nus-tee3201.github.io/2024
2024-08-16T13:15:38.419Z - info: Website generation started at 9:15:32 pm
2024-08-16T13:15:48.924Z - info: Building assets...
2024-08-16T13:15:54.883Z - info: Assets built
2024-08-16T13:15:54.884Z - info: Generating pages...
2024-08-16T13:16:15.962Z - debug:  
2024-08-16T13:16:16.781Z - debug:  
2024-08-16T13:16:16.782Z - debug:  
2024-08-16T13:16:16.783Z - debug:  
2024-08-16T13:16:16.784Z - debug:  
2024-08-16T13:16:16.785Z - debug:  
2024-08-16T13:16:16.785Z - debug:  
2024-08-16T13:16:16.786Z - debug:  
2024-08-16T13:16:16.786Z - debug:  
2024-08-16T13:16:16.787Z - debug:  
2024-08-16T13:16:16.787Z - debug:  
2024-08-16T13:16:16.787Z - debug:  
2024-08-16T13:16:16.788Z - debug:  
2024-08-16T13:16:16.790Z - debug:  
2024-08-16T13:16:16.800Z - debug:  
2024-08-16T13:16:19.925Z - debug:  
2024-08-16T13:16:19.925Z - debug:  
2024-08-16T13:17:47.702Z - error: Invalid HTML in C:\repos\nus-cs2103\cs2103-website-base\schedule\week5\tutorial.md.
Table must have a tbody tag. Please correct this to avoid Vue hydration issues.

2024-08-16T13:18:16.068Z - error: Invalid HTML in C:\repos\nus-cs2103\cs2103-website-base\schedule\week4\project.md.
Table must have a tbody tag. Please correct this to avoid Vue hydration issues.

2024-08-16T13:18:16.069Z - error: Invalid HTML in C:\repos\nus-cs2103\cs2103-website-base\schedule\week4\project.md.
Table must have a tbody tag. Please correct this to avoid Vue hydration issues.

2024-08-16T13:18:43.853Z - debug:  
2024-08-16T13:19:01.652Z - debug:  
2024-08-16T13:19:01.675Z - debug:  
2024-08-16T13:19:06.821Z - error: Invalid HTML in C:\repos\nus-cs2103\cs2103-website-base\admin\ip-w4.md.
Table must have a tbody tag. Please correct this to avoid Vue hydration issues.

2024-08-16T13:19:06.822Z - error: Invalid HTML in C:\repos\nus-cs2103\cs2103-website-base\admin\ip-w4.md.
Table must have a tbody tag. Please correct this to avoid Vue hydration issues.

2024-08-16T13:19:10.985Z - info: Pages built
2024-08-16T13:19:13.067Z - info: Site data built
2024-08-16T13:19:13.068Z - info: Website generation complete! Total build time: 220.94s
2024-08-16T13:19:13.068Z - info: Build success!
2024-08-16T13:21:41.610Z - info: The website has been deployed at: https://nus-cs2103-ay2425s1.github.io/website
