2024-08-30T16:52:53.002Z - info: Website generation (lazy) started at 12:52:45 am
2024-08-30T16:53:04.113Z - warn: ENOENT: no such file or directory, open 'C:\repos\nus-cs2103\cs2103-website-base\cache\gh-pages\https!github.com!nus-cs2103-AY2425S1!website.git\book\_markbind\variables.md'
2024-08-30T16:53:04.114Z - warn: ENOENT: no such file or directory, open 'C:\repos\nus-cs2103\cs2103-website-base\cache\gh-pages\https!github.com!nus-cs2103-AY2425S1!website.git\_markbind\variables.md'
2024-08-30T16:53:04.198Z - info: Building assets...
2024-08-30T16:53:59.502Z - info: Assets built
2024-08-30T16:53:59.503Z - info: Generating landing page...
2024-08-30T16:54:01.059Z - info: Landing page built, other pages will be built as you navigate to them!
2024-08-30T16:54:02.345Z - info: Site data built
2024-08-30T16:54:02.345Z - info: Website generation (lazy) complete! Total build time: 76.578s
2024-08-30T16:54:02.404Z - info: Serving "C:\repos\nus-cs2103\cs2103-website-base\_site" at http://127.0.0.1:8080
2024-08-30T16:54:02.404Z - info: Press CTRL+C to stop ...
2024-08-30T17:10:03.350Z - info: Building C:\repos\nus-cs2103\cs2103-website-base\admin\index as some of its dependencies were changed since the last visit
2024-08-30T17:10:03.880Z - info: Site data built
2024-08-30T17:10:03.880Z - info: Lazy website regeneration complete! Total build time: 0.531s
2024-08-30T17:10:10.420Z - info: Building C:\repos\nus-cs2103\cs2103-website-base\admin\programmingLanguages as some of its dependencies were changed since the last visit
2024-08-30T17:10:10.644Z - info: Site data built
2024-08-30T17:10:10.645Z - info: Lazy website regeneration complete! Total build time: 0.225s
2024-08-30T17:10:31.108Z - info: [1:10:31 am] Reload for file change: C:\repos\nus-cs2103\cs2103-website-base\admin\programmingLanguages.md
2024-08-30T17:10:31.108Z - info: Synchronizing opened pages list before reload
2024-08-30T17:10:31.109Z - info: Current opened pages, from most-to-least recent:
2024-08-30T17:10:31.109Z - info: 1. admin/programmingLanguages
2024-08-30T17:10:32.118Z - info: Rebuilding 1 pages
2024-08-30T17:10:32.296Z - info: Site data built
2024-08-30T17:10:32.296Z - info: Pages rebuilt
2024-08-30T17:10:32.296Z - info: Website regeneration complete! Total build time: 0.18s
2024-08-30T17:11:58.248Z - info: Website generation started at 1:11:44 am
2024-08-30T17:12:06.137Z - info: Building assets...
2024-08-30T17:12:11.650Z - info: Assets built
2024-08-30T17:12:11.651Z - info: Generating pages...
2024-08-30T17:12:35.512Z - debug:  
2024-08-30T17:12:35.513Z - debug:  
2024-08-30T17:12:35.513Z - debug:  
2024-08-30T17:12:35.514Z - debug:  
2024-08-30T17:12:35.515Z - debug:  
2024-08-30T17:12:36.454Z - debug:  
2024-08-30T17:12:36.455Z - debug:  
2024-08-30T17:12:36.455Z - debug:  
2024-08-30T17:12:36.455Z - debug:  
2024-08-30T17:12:36.456Z - debug:  
2024-08-30T17:12:36.457Z - debug:  
2024-08-30T17:12:36.458Z - debug:  
2024-08-30T17:12:36.460Z - debug:  
2024-08-30T17:12:36.462Z - debug:  
2024-08-30T17:12:36.462Z - debug:  
2024-08-30T17:12:42.230Z - debug:  
2024-08-30T17:12:42.230Z - debug:  
2024-08-30T17:14:03.632Z - error: Invalid HTML in C:\repos\nus-cs2103\cs2103-website-base\schedule\week5\tutorial.md.
Table must have a tbody tag. Please correct this to avoid Vue hydration issues.

2024-08-30T17:14:29.732Z - error: Invalid HTML in C:\repos\nus-cs2103\cs2103-website-base\schedule\week4\project.md.
Table must have a tbody tag. Please correct this to avoid Vue hydration issues.

2024-08-30T17:14:29.733Z - error: Invalid HTML in C:\repos\nus-cs2103\cs2103-website-base\schedule\week4\project.md.
Table must have a tbody tag. Please correct this to avoid Vue hydration issues.

2024-08-30T17:15:01.866Z - debug:  
2024-08-30T17:15:22.182Z - debug:  
2024-08-30T17:15:22.237Z - debug:  
2024-08-30T17:15:27.358Z - error: Invalid HTML in C:\repos\nus-cs2103\cs2103-website-base\admin\ip-w4.md.
Table must have a tbody tag. Please correct this to avoid Vue hydration issues.

2024-08-30T17:15:27.358Z - error: Invalid HTML in C:\repos\nus-cs2103\cs2103-website-base\admin\ip-w4.md.
Table must have a tbody tag. Please correct this to avoid Vue hydration issues.

2024-08-30T17:15:38.121Z - info: Pages built
2024-08-30T17:15:39.685Z - info: Site data built
2024-08-30T17:15:39.685Z - info: Website generation complete! Total build time: 235.404s
2024-08-30T17:15:39.686Z - info: Build success!
2024-08-30T17:19:52.608Z - info: The website has been deployed at: https://nus-cs2103-ay2425s1.github.io/website
2024-08-30T17:30:11.520Z - info: Website generation (lazy) started at 1:30:05 am
2024-08-30T17:30:20.665Z - warn: ENOENT: no such file or directory, open 'C:\repos\nus-cs2103\cs2103-website-base\cache\gh-pages\https!github.com!nus-cs2103-AY2425S1!website.git\book\_markbind\variables.md'
2024-08-30T17:30:20.666Z - warn: ENOENT: no such file or directory, open 'C:\repos\nus-cs2103\cs2103-website-base\cache\gh-pages\https!github.com!nus-cs2103-AY2425S1!website.git\_markbind\variables.md'
2024-08-30T17:30:20.729Z - info: Building assets...
2024-08-30T17:31:07.031Z - info: Assets built
2024-08-30T17:31:07.032Z - info: Generating landing page...
2024-08-30T17:31:08.479Z - info: Landing page built, other pages will be built as you navigate to them!
2024-08-30T17:31:09.593Z - info: Site data built
2024-08-30T17:31:09.594Z - info: Website generation (lazy) complete! Total build time: 64.221s
2024-08-30T17:31:09.650Z - info: Serving "C:\repos\nus-cs2103\cs2103-website-base\_site" at http://127.0.0.1:8080
2024-08-30T17:31:09.650Z - info: Press CTRL+C to stop ...
2024-08-30T17:34:59.784Z - info: Building C:\repos\nus-cs2103\cs2103-website-base\admin\ip-showcase as some of its dependencies were changed since the last visit
2024-08-30T17:35:02.001Z - info: Site data built
2024-08-30T17:35:02.002Z - info: Lazy website regeneration complete! Total build time: 2.219s
2024-08-31T04:46:05.813Z - info: Website generation (lazy) started at 12:45:46 pm
2024-08-31T04:46:17.999Z - warn: ENOENT: no such file or directory, open 'C:\repos\nus-cs2103\cs2103-website-base\cache\gh-pages\https!github.com!nus-cs2103-AY2425S1!website.git\book\_markbind\variables.md'
2024-08-31T04:46:18.001Z - warn: ENOENT: no such file or directory, open 'C:\repos\nus-cs2103\cs2103-website-base\cache\gh-pages\https!github.com!nus-cs2103-AY2425S1!website.git\_markbind\variables.md'
2024-08-31T04:46:18.155Z - info: Building assets...
2024-08-31T04:47:24.088Z - info: Assets built
2024-08-31T04:47:24.089Z - info: Generating landing page...
2024-08-31T04:47:25.736Z - info: Landing page built, other pages will be built as you navigate to them!
2024-08-31T04:47:26.961Z - info: Site data built
2024-08-31T04:47:26.961Z - info: Website generation (lazy) complete! Total build time: 100.081s
2024-08-31T04:47:27.444Z - info: Serving "C:\repos\nus-cs2103\cs2103-website-base\_site" at http://127.0.0.1:8080
2024-08-31T04:47:27.444Z - info: Press CTRL+C to stop ...
2024-08-31T04:53:43.069Z - info: [12:53:43 pm] Reload for file add: C:\repos\nus-cs2103\cs2103-website-base\book\diagrams\modelling\modellingStructures\classDiagramsIntermediate\~$a-classDiagramForItemEtc.pptx
2024-08-31T04:53:43.071Z - info: Synchronizing opened pages list before reload
2024-08-31T04:53:43.072Z - info: Current opened pages, from most-to-least recent:
2024-08-31T04:53:43.072Z - info: 1. index
2024-08-31T04:53:49.010Z - info: Assets built
2024-08-31T04:53:49.658Z - info: [12:53:49 pm] Reload for file deletion: C:\repos\nus-cs2103\cs2103-website-base\book\diagrams\modelling\modellingStructures\classDiagramsIntermediate\~$a-classDiagramForItemEtc.pptx
2024-08-31T04:53:49.658Z - info: Synchronizing opened pages list before reload
2024-08-31T04:53:49.659Z - info: Current opened pages, from most-to-least recent:
2024-08-31T04:53:49.659Z - info: 1. index
2024-08-31T04:53:53.662Z - debug: Assets removed
2024-08-31T04:54:23.392Z - info: [12:54:23 pm] Reload for file add: C:\repos\nus-cs2103\cs2103-website-base\book\diagrams\modelling\modellingStructures\objectOrientedDomainModels\~$snakesAndLadders.pptx
2024-08-31T04:54:23.393Z - info: Synchronizing opened pages list before reload
2024-08-31T04:54:23.393Z - info: Current opened pages, from most-to-least recent:
2024-08-31T04:54:23.394Z - info: 1. index
2024-08-31T04:54:27.842Z - info: Assets built
2024-08-31T04:54:37.104Z - info: [12:54:37 pm] Reload for file deletion: C:\repos\nus-cs2103\cs2103-website-base\book\diagrams\modelling\modellingStructures\objectOrientedDomainModels\~$snakesAndLadders.pptx
2024-08-31T04:54:37.105Z - info: Synchronizing opened pages list before reload
2024-08-31T04:54:37.105Z - info: Current opened pages, from most-to-least recent:
2024-08-31T04:54:37.106Z - info: 1. index
2024-08-31T04:54:40.930Z - debug: Assets removed
2024-08-31T04:55:52.304Z - info: [12:55:52 pm] Reload for file add: C:\repos\nus-cs2103\cs2103-website-base\book\diagrams\uml\activityDiagrams\basicNotations\rakes\~$snakesAndLadders.pptx
2024-08-31T04:55:52.304Z - info: Synchronizing opened pages list before reload
2024-08-31T04:55:52.304Z - info: Current opened pages, from most-to-least recent:
2024-08-31T04:55:52.304Z - info: 1. index
2024-08-31T04:55:57.258Z - info: Assets built
2024-08-31T04:57:50.354Z - info: [12:57:50 pm] Reload for file deletion: C:\repos\nus-cs2103\cs2103-website-base\book\diagrams\uml\activityDiagrams\basicNotations\rakes\~$snakesAndLadders.pptx
2024-08-31T04:57:50.355Z - info: Synchronizing opened pages list before reload
2024-08-31T04:57:50.355Z - info: Current opened pages, from most-to-least recent:
2024-08-31T04:57:50.356Z - info: 1. index
2024-08-31T04:57:54.184Z - debug: Assets removed
2024-08-31T05:03:43.590Z - info: [1:03:43 pm] Reload for file add: C:\repos\nus-cs2103\cs2103-website-base\book\modeling\modelingStructures\classDiagramsIntermediate\images\snakes-and-ladders-simple-class-diagram.puml
2024-08-31T05:03:43.591Z - info: Synchronizing opened pages list before reload
2024-08-31T05:03:43.592Z - info: Current opened pages, from most-to-least recent:
2024-08-31T05:03:43.592Z - info: 1. index
2024-08-31T05:03:47.662Z - info: Assets built
2024-08-31T05:04:30.331Z - info: [1:04:30 pm] Reload for file change: C:\repos\nus-cs2103\cs2103-website-base\book\modeling\modelingStructures\classDiagramsIntermediate\images\snakes-and-ladders-simple-class-diagram.puml
2024-08-31T05:04:30.332Z - info: Synchronizing opened pages list before reload
2024-08-31T05:04:30.332Z - info: Current opened pages, from most-to-least recent:
2024-08-31T05:04:30.333Z - info: 1. index
2024-08-31T05:04:31.348Z - info: Assets built
2024-08-31T05:07:22.445Z - info: [1:07:22 pm] Reload for file change: C:\repos\nus-cs2103\cs2103-website-base\book\modeling\modelingStructures\classDiagramsIntermediate\images\snakes-and-ladders-simple-class-diagram.puml
2024-08-31T05:07:22.446Z - info: Synchronizing opened pages list before reload
2024-08-31T05:07:22.446Z - info: Current opened pages, from most-to-least recent:
2024-08-31T05:07:22.447Z - info: 1. index
2024-08-31T05:07:23.469Z - info: Assets built
2024-08-31T05:10:17.882Z - info: [1:10:17 pm] Reload for file change: C:\repos\nus-cs2103\cs2103-website-base\book\modeling\modelingStructures\classDiagramsIntermediate\images\snakes-and-ladders-simple-class-diagram.puml
2024-08-31T05:10:17.882Z - info: Synchronizing opened pages list before reload
2024-08-31T05:10:17.883Z - info: Current opened pages, from most-to-least recent:
2024-08-31T05:10:17.883Z - info: 1. index
2024-08-31T05:10:18.902Z - info: Assets built
2024-08-31T06:09:02.160Z - info: [2:09:02 pm] Reload for file change: C:\repos\nus-cs2103\cs2103-website-base\book\modeling\modelingStructures\classDiagramsIntermediate\images\snakes-and-ladders-simple-class-diagram.puml
2024-08-31T06:09:02.164Z - info: Synchronizing opened pages list before reload
2024-08-31T06:09:02.165Z - info: Current opened pages, from most-to-least recent:
2024-08-31T06:09:02.166Z - info: 1. index
2024-08-31T06:09:03.208Z - info: Assets built
2024-08-31T06:10:11.758Z - info: [2:10:11 pm] Reload for file change: C:\repos\nus-cs2103\cs2103-website-base\book\modeling\modelingStructures\classDiagramsIntermediate\images\snakes-and-ladders-simple-class-diagram.puml
2024-08-31T06:10:11.759Z - info: Synchronizing opened pages list before reload
2024-08-31T06:10:11.759Z - info: Current opened pages, from most-to-least recent:
2024-08-31T06:10:11.759Z - info: 1. index
2024-08-31T06:10:12.774Z - info: Assets built
2024-08-31T06:10:32.378Z - info: [2:10:32 pm] Reload for file change: C:\repos\nus-cs2103\cs2103-website-base\book\modeling\modelingStructures\classDiagramsIntermediate\images\snakes-and-ladders-simple-class-diagram.puml
2024-08-31T06:10:32.378Z - info: Synchronizing opened pages list before reload
2024-08-31T06:10:32.379Z - info: Current opened pages, from most-to-least recent:
2024-08-31T06:10:32.379Z - info: 1. index
2024-08-31T06:10:33.417Z - info: Assets built
2024-08-31T06:17:27.938Z - info: [2:17:27 pm] Reload for file change: C:\repos\nus-cs2103\cs2103-website-base\book\modeling\modelingStructures\classDiagramsIntermediate\images\snakes-and-ladders-simple-class-diagram.puml
2024-08-31T06:17:27.938Z - info: Synchronizing opened pages list before reload
2024-08-31T06:17:27.938Z - info: Current opened pages, from most-to-least recent:
2024-08-31T06:17:27.939Z - info: 1. index
2024-08-31T06:17:28.969Z - info: Assets built
2024-08-31T06:17:57.473Z - info: [2:17:57 pm] Reload for file add: C:\repos\nus-cs2103\cs2103-website-base\book\modeling\modelingStructures\classDiagramsIntermediate\images\snakes-board-piece.puml
2024-08-31T06:17:57.473Z - info: Synchronizing opened pages list before reload
2024-08-31T06:17:57.474Z - info: Current opened pages, from most-to-least recent:
2024-08-31T06:17:57.474Z - info: 1. index
2024-08-31T06:18:00.798Z - info: [2:18:00 pm] Reload for file deletion: C:\repos\nus-cs2103\cs2103-website-base\book\modeling\modelingStructures\classDiagramsIntermediate\images\snakes-and-ladders-simple-class-diagram.puml
2024-08-31T06:18:00.798Z - info: Synchronizing opened pages list before reload
2024-08-31T06:18:00.798Z - info: Current opened pages, from most-to-least recent:
2024-08-31T06:18:00.798Z - info: 1. index
2024-08-31T06:18:05.694Z - debug: Assets removed
2024-08-31T06:18:05.859Z - info: Assets built
2024-08-31T06:18:07.300Z - info: [2:18:07 pm] Reload for file change: C:\repos\nus-cs2103\cs2103-website-base\book\modeling\modelingStructures\classDiagramsIntermediate\q-tick-statementMismatch.md
2024-08-31T06:18:07.300Z - info: Synchronizing opened pages list before reload
2024-08-31T06:18:07.301Z - info: Current opened pages, from most-to-least recent:
2024-08-31T06:18:07.301Z - info: 1. index
2024-08-31T06:18:08.312Z - info: Assets built
2024-08-31T06:18:12.368Z - info: Building C:\repos\nus-cs2103\cs2103-website-base\schedule\week4\topics as some of its dependencies were changed since the last visit
2024-08-31T06:18:29.404Z - debug:  
2024-08-31T06:18:29.482Z - debug:  
2024-08-31T06:18:29.594Z - debug:  
2024-08-31T06:18:29.674Z - debug:  
2024-08-31T06:18:29.743Z - debug:  
2024-08-31T06:18:29.771Z - debug:  
2024-08-31T06:18:29.848Z - debug:  
2024-08-31T06:18:29.851Z - debug:  
2024-08-31T06:18:29.905Z - debug:  
2024-08-31T06:18:29.965Z - debug:  
2024-08-31T06:18:30.007Z - debug:  
2024-08-31T06:18:30.178Z - debug:  
2024-08-31T06:18:30.516Z - debug:  
2024-08-31T06:18:31.270Z - info: Site data built
2024-08-31T06:18:31.271Z - info: Lazy website regeneration complete! Total build time: 18.902s
2024-08-31T06:23:31.634Z - info: [2:23:31 pm] Reload for file change: C:\repos\nus-cs2103\cs2103-website-base\book\modeling\modelingStructures\classDiagramsIntermediate\images\snakes-board-piece.puml
2024-08-31T06:23:31.634Z - info: Synchronizing opened pages list before reload
2024-08-31T06:23:31.634Z - info: Current opened pages, from most-to-least recent:
2024-08-31T06:23:31.635Z - info: 1. schedule/week4/topics
2024-08-31T06:23:32.643Z - info: Rebuilding 1 pages
2024-08-31T06:23:36.161Z - debug:  
2024-08-31T06:23:36.385Z - info: Site data built
2024-08-31T06:23:36.385Z - info: Pages rebuilt
2024-08-31T06:23:36.386Z - info: Website regeneration complete! Total build time: 3.745s
2024-08-31T06:23:39.236Z - info: [2:23:39 pm] Reload for file change: C:\repos\nus-cs2103\cs2103-website-base\book\modeling\modelingStructures\classDiagramsIntermediate\q-tick-statementMismatch.md
2024-08-31T06:23:39.236Z - info: Synchronizing opened pages list before reload
2024-08-31T06:23:39.237Z - info: Current opened pages, from most-to-least recent:
2024-08-31T06:23:39.237Z - info: 1. schedule/week4/topics
2024-08-31T06:23:40.243Z - info: Rebuilding 1 pages
2024-08-31T06:23:42.365Z - info: Site data built
2024-08-31T06:23:42.366Z - info: Pages rebuilt
2024-08-31T06:23:42.366Z - info: Website regeneration complete! Total build time: 2.124s
2024-08-31T06:24:43.814Z - info: [2:24:43 pm] Reload for file change: C:\repos\nus-cs2103\cs2103-website-base\book\modeling\modelingStructures\classDiagramsIntermediate\images\snakes-board-piece.puml
2024-08-31T06:24:43.815Z - info: Synchronizing opened pages list before reload
2024-08-31T06:24:43.815Z - info: Current opened pages, from most-to-least recent:
2024-08-31T06:24:43.815Z - info: 1. schedule/week4/topics
2024-08-31T06:24:44.829Z - info: Rebuilding 1 pages
2024-08-31T06:24:48.210Z - debug:  
2024-08-31T06:24:48.389Z - info: Site data built
2024-08-31T06:24:48.389Z - info: Pages rebuilt
2024-08-31T06:24:48.389Z - info: Website regeneration complete! Total build time: 3.561s
2024-08-31T06:25:01.467Z - info: [2:25:01 pm] Reload for file change: C:\repos\nus-cs2103\cs2103-website-base\book\modeling\modelingStructures\classDiagramsIntermediate\images\snakes-board-piece.puml
2024-08-31T06:25:01.467Z - info: Synchronizing opened pages list before reload
2024-08-31T06:25:01.467Z - info: Current opened pages, from most-to-least recent:
2024-08-31T06:25:01.467Z - info: 1. schedule/week4/topics
2024-08-31T06:25:02.470Z - info: Rebuilding 1 pages
2024-08-31T06:25:06.416Z - debug:  
2024-08-31T06:25:06.689Z - info: Site data built
2024-08-31T06:25:06.690Z - info: Pages rebuilt
2024-08-31T06:25:06.690Z - info: Website regeneration complete! Total build time: 4.221s
2024-08-31T06:32:23.495Z - info: [2:32:23 pm] Reload for file change: C:\repos\nus-cs2103\cs2103-website-base\book\modeling\modelingStructures\classDiagramsIntermediate\images\snakes-board-piece.puml
2024-08-31T06:32:23.496Z - info: Synchronizing opened pages list before reload
2024-08-31T06:32:23.496Z - info: Current opened pages, from most-to-least recent:
2024-08-31T06:32:23.497Z - info: 1. schedule/week4/topics
2024-08-31T06:32:24.504Z - info: Rebuilding 1 pages
2024-08-31T06:32:26.104Z - info: [2:32:26 pm] Reload for file change: C:\repos\nus-cs2103\cs2103-website-base\book\modeling\modelingStructures\classDiagramsIntermediate\q-tick-statementMismatch.md
2024-08-31T06:32:26.105Z - info: Synchronizing opened pages list before reload
2024-08-31T06:32:26.105Z - info: Current opened pages, from most-to-least recent:
2024-08-31T06:32:26.106Z - info: 1. schedule/week4/topics
2024-08-31T06:32:28.097Z - debug:  
2024-08-31T06:32:28.296Z - info: Site data built
2024-08-31T06:32:28.296Z - info: Pages rebuilt
2024-08-31T06:32:28.296Z - info: Website regeneration complete! Total build time: 3.793s
2024-08-31T06:32:28.298Z - info: Rebuilding 1 pages
2024-08-31T06:32:30.066Z - info: Site data built
2024-08-31T06:32:30.067Z - info: Pages rebuilt
2024-08-31T06:32:30.067Z - info: Website regeneration complete! Total build time: 1.77s
2024-08-31T06:33:21.560Z - info: [2:33:21 pm] Reload for file change: C:\repos\nus-cs2103\cs2103-website-base\book\modeling\modelingStructures\classDiagramsIntermediate\q-tick-statementMismatch.md
2024-08-31T06:33:21.561Z - info: Synchronizing opened pages list before reload
2024-08-31T06:33:21.561Z - info: Current opened pages, from most-to-least recent:
2024-08-31T06:33:21.561Z - info: 1. schedule/week4/topics
2024-08-31T06:33:22.572Z - info: Rebuilding 1 pages
2024-08-31T06:33:24.628Z - info: Site data built
2024-08-31T06:33:24.629Z - info: Pages rebuilt
2024-08-31T06:33:24.629Z - info: Website regeneration complete! Total build time: 2.058s
2024-08-31T06:34:25.265Z - info: [2:34:25 pm] Reload for file change: C:\repos\nus-cs2103\cs2103-website-base\book\modeling\modelingStructures\classDiagramsIntermediate\q-tick-statementMismatch.md
2024-08-31T06:34:25.265Z - info: Synchronizing opened pages list before reload
2024-08-31T06:34:25.266Z - info: Current opened pages, from most-to-least recent:
2024-08-31T06:34:25.266Z - info: 1. schedule/week4/topics
2024-08-31T06:34:26.277Z - info: Rebuilding 1 pages
2024-08-31T06:34:28.316Z - info: Site data built
2024-08-31T06:34:28.316Z - info: Pages rebuilt
2024-08-31T06:34:28.317Z - info: Website regeneration complete! Total build time: 2.042s
2024-08-31T06:39:48.387Z - info: [2:39:48 pm] Reload for file change: C:\repos\nus-cs2103\cs2103-website-base\book\modeling\modelingStructures\classDiagramsIntermediate\q-tick-statementMismatch.md
2024-08-31T06:39:48.388Z - info: Synchronizing opened pages list before reload
2024-08-31T06:39:48.388Z - info: Current opened pages, from most-to-least recent:
2024-08-31T06:39:48.388Z - info: 1. schedule/week4/topics
2024-08-31T06:39:49.402Z - info: Rebuilding 1 pages
2024-08-31T06:39:51.747Z - info: Site data built
2024-08-31T06:39:51.747Z - info: Pages rebuilt
2024-08-31T06:39:51.747Z - info: Website regeneration complete! Total build time: 2.346s
2024-08-31T06:40:42.622Z - info: [2:40:42 pm] Reload for file change: C:\repos\nus-cs2103\cs2103-website-base\book\modeling\modelingStructures\classDiagramsIntermediate\q-tick-statementMismatch.md
2024-08-31T06:40:42.623Z - info: Synchronizing opened pages list before reload
2024-08-31T06:40:42.623Z - info: Current opened pages, from most-to-least recent:
2024-08-31T06:40:42.624Z - info: 1. schedule/week4/topics
2024-08-31T06:40:43.634Z - info: Rebuilding 1 pages
2024-08-31T06:40:45.721Z - info: Site data built
2024-08-31T06:40:45.722Z - info: Pages rebuilt
2024-08-31T06:40:45.722Z - info: Website regeneration complete! Total build time: 2.089s
2024-08-31T06:42:01.507Z - info: Website generation started at 2:41:44 pm
2024-08-31T06:42:10.747Z - info: Building assets...
2024-08-31T06:42:17.484Z - info: Assets built
2024-08-31T06:42:17.485Z - info: Generating pages...
2024-08-31T06:42:38.353Z - debug:  
2024-08-31T06:42:38.354Z - debug:  
2024-08-31T06:42:38.355Z - debug:  
2024-08-31T06:42:38.355Z - debug:  
2024-08-31T06:42:39.074Z - debug:  
2024-08-31T06:42:39.075Z - debug:  
2024-08-31T06:42:39.075Z - debug:  
2024-08-31T06:42:39.076Z - debug:  
2024-08-31T06:42:39.076Z - debug:  
2024-08-31T06:42:39.076Z - debug:  
2024-08-31T06:42:39.077Z - debug:  
2024-08-31T06:42:39.077Z - debug:  
2024-08-31T06:42:39.077Z - debug:  
2024-08-31T06:42:39.078Z - debug:  
2024-08-31T06:42:39.078Z - debug:  
2024-08-31T06:42:42.480Z - debug:  
2024-08-31T06:42:42.480Z - debug:  
2024-08-31T06:43:10.118Z - debug:  
2024-08-31T06:44:06.816Z - error: Invalid HTML in C:\repos\nus-cs2103\cs2103-website-base\schedule\week5\tutorial.md.
Table must have a tbody tag. Please correct this to avoid Vue hydration issues.

2024-08-31T06:44:38.369Z - error: Invalid HTML in C:\repos\nus-cs2103\cs2103-website-base\schedule\week4\project.md.
Table must have a tbody tag. Please correct this to avoid Vue hydration issues.

2024-08-31T06:44:38.370Z - error: Invalid HTML in C:\repos\nus-cs2103\cs2103-website-base\schedule\week4\project.md.
Table must have a tbody tag. Please correct this to avoid Vue hydration issues.

2024-08-31T06:45:01.577Z - debug:  
2024-08-31T06:45:26.778Z - debug:  
2024-08-31T06:45:26.836Z - debug:  
2024-08-31T06:45:32.583Z - error: Invalid HTML in C:\repos\nus-cs2103\cs2103-website-base\admin\ip-w4.md.
Table must have a tbody tag. Please correct this to avoid Vue hydration issues.

2024-08-31T06:45:32.583Z - error: Invalid HTML in C:\repos\nus-cs2103\cs2103-website-base\admin\ip-w4.md.
Table must have a tbody tag. Please correct this to avoid Vue hydration issues.

2024-08-31T06:45:38.192Z - info: Pages built
2024-08-31T06:45:39.322Z - info: Site data built
2024-08-31T06:45:39.322Z - info: Website generation complete! Total build time: 234.413s
2024-08-31T06:45:39.322Z - info: Build success!
2024-08-31T06:49:27.078Z - info: The website has been deployed at: https://nus-cs2103-ay2425s1.github.io/website
2024-08-31T11:55:06.697Z - info: Website generation (lazy) started at 7:54:58 pm
2024-08-31T11:55:18.824Z - warn: ENOENT: no such file or directory, open 'C:\repos\nus-cs2103\cs2103-website-base\cache\gh-pages\https!github.com!nus-cs2103-AY2425S1!website.git\book\_markbind\variables.md'
2024-08-31T11:55:18.826Z - warn: ENOENT: no such file or directory, open 'C:\repos\nus-cs2103\cs2103-website-base\cache\gh-pages\https!github.com!nus-cs2103-AY2425S1!website.git\_markbind\variables.md'
2024-08-31T11:55:18.906Z - info: Building assets...
2024-08-31T11:56:24.942Z - info: Assets built
2024-08-31T11:56:24.943Z - info: Generating landing page...
2024-08-31T11:56:26.588Z - info: Landing page built, other pages will be built as you navigate to them!
2024-08-31T11:56:27.816Z - info: Site data built
2024-08-31T11:56:27.816Z - info: Website generation (lazy) complete! Total build time: 89.469s
2024-08-31T11:56:27.868Z - info: Serving "C:\repos\nus-cs2103\cs2103-website-base\_site" at http://127.0.0.1:8080
2024-08-31T11:56:27.869Z - info: Press CTRL+C to stop ...
2024-08-31T12:00:44.907Z - info: Building C:\repos\nus-cs2103\cs2103-website-base\schedule\week4\project as some of its dependencies were changed since the last visit
2024-08-31T12:00:48.830Z - error: Invalid HTML in C:\repos\nus-cs2103\cs2103-website-base\schedule\week4\project.md.
Table must have a tbody tag. Please correct this to avoid Vue hydration issues.

2024-08-31T12:00:48.831Z - error: Invalid HTML in C:\repos\nus-cs2103\cs2103-website-base\schedule\week4\project.md.
Table must have a tbody tag. Please correct this to avoid Vue hydration issues.

2024-08-31T12:00:49.209Z - info: Site data built
2024-08-31T12:00:49.210Z - info: Lazy website regeneration complete! Total build time: 4.304s
2024-08-31T12:01:03.182Z - info: [8:01:03 pm] Reload for file change: C:\repos\nus-cs2103\cs2103-website-base\admin\ip-tasks-fragment.md
2024-08-31T12:01:03.183Z - info: Synchronizing opened pages list before reload
2024-08-31T12:01:03.184Z - info: Current opened pages, from most-to-least recent:
2024-08-31T12:01:03.184Z - info: 1. schedule/week4/project
2024-08-31T12:01:04.209Z - info: Rebuilding 1 pages
2024-08-31T12:01:06.925Z - error: Invalid HTML in C:\repos\nus-cs2103\cs2103-website-base\schedule\week4\project.md.
Table must have a tbody tag. Please correct this to avoid Vue hydration issues.

2024-08-31T12:01:06.926Z - error: Invalid HTML in C:\repos\nus-cs2103\cs2103-website-base\schedule\week4\project.md.
Table must have a tbody tag. Please correct this to avoid Vue hydration issues.

2024-08-31T12:01:07.174Z - info: Site data built
2024-08-31T12:01:07.175Z - info: Pages rebuilt
2024-08-31T12:01:07.176Z - info: Website regeneration complete! Total build time: 2.971s
2024-08-31T12:02:58.122Z - info: Website generation started at 8:02:33 pm
2024-08-31T12:03:17.521Z - info: Building assets...
2024-08-31T12:03:29.643Z - info: Assets built
2024-08-31T12:03:29.645Z - info: Generating pages...
2024-08-31T12:03:57.536Z - debug:  
2024-08-31T12:03:57.538Z - debug:  
2024-08-31T12:03:57.539Z - debug:  
2024-08-31T12:03:57.539Z - debug:  
2024-08-31T12:03:57.540Z - debug:  
2024-08-31T12:03:57.541Z - debug:  
2024-08-31T12:03:57.541Z - debug:  
2024-08-31T12:03:57.542Z - debug:  
2024-08-31T12:03:57.542Z - debug:  
2024-08-31T12:03:58.143Z - debug:  
2024-08-31T12:03:58.148Z - debug:  
2024-08-31T12:03:58.148Z - debug:  
2024-08-31T12:03:58.149Z - debug:  
2024-08-31T12:03:58.152Z - debug:  
2024-08-31T12:03:58.156Z - debug:  
2024-08-31T12:04:03.557Z - debug:  
2024-08-31T12:04:03.558Z - debug:  
2024-08-31T12:04:47.460Z - debug:  
2024-08-31T12:06:22.238Z - error: Invalid HTML in C:\repos\nus-cs2103\cs2103-website-base\schedule\week5\tutorial.md.
Table must have a tbody tag. Please correct this to avoid Vue hydration issues.

2024-08-31T12:07:11.398Z - error: Invalid HTML in C:\repos\nus-cs2103\cs2103-website-base\schedule\week4\project.md.
Table must have a tbody tag. Please correct this to avoid Vue hydration issues.

2024-08-31T12:07:11.400Z - error: Invalid HTML in C:\repos\nus-cs2103\cs2103-website-base\schedule\week4\project.md.
Table must have a tbody tag. Please correct this to avoid Vue hydration issues.

2024-08-31T12:07:57.668Z - debug:  
2024-08-31T12:08:20.733Z - debug:  
2024-08-31T12:08:20.969Z - debug:  
2024-08-31T12:08:31.023Z - error: Invalid HTML in C:\repos\nus-cs2103\cs2103-website-base\admin\ip-w4.md.
Table must have a tbody tag. Please correct this to avoid Vue hydration issues.

2024-08-31T12:08:31.024Z - error: Invalid HTML in C:\repos\nus-cs2103\cs2103-website-base\admin\ip-w4.md.
Table must have a tbody tag. Please correct this to avoid Vue hydration issues.

2024-08-31T12:08:36.205Z - info: Pages built
2024-08-31T12:08:38.344Z - info: Site data built
2024-08-31T12:08:38.345Z - info: Website generation complete! Total build time: 364.491s
2024-08-31T12:08:38.345Z - info: Build success!
2024-08-31T12:13:18.864Z - info: The website has been deployed at: https://nus-cs2103-ay2425s1.github.io/website
2024-08-31T13:43:10.578Z - info: Website generation (lazy) started at 9:42:57 pm
2024-08-31T13:43:25.872Z - warn: ENOENT: no such file or directory, open 'C:\repos\nus-cs2103\cs2103-website-base\cache\gh-pages\https!github.com!nus-cs2103-AY2425S1!website.git\book\_markbind\variables.md'
2024-08-31T13:43:25.875Z - warn: ENOENT: no such file or directory, open 'C:\repos\nus-cs2103\cs2103-website-base\cache\gh-pages\https!github.com!nus-cs2103-AY2425S1!website.git\_markbind\variables.md'
2024-08-31T13:43:25.950Z - info: Building assets...
2024-08-31T13:44:26.778Z - info: Assets built
2024-08-31T13:44:26.780Z - info: Generating landing page...
2024-08-31T13:44:28.521Z - info: Landing page built, other pages will be built as you navigate to them!
2024-08-31T13:44:29.856Z - info: Site data built
2024-08-31T13:44:29.856Z - info: Website generation (lazy) complete! Total build time: 91.985s
2024-08-31T13:44:29.929Z - info: Serving "C:\repos\nus-cs2103\cs2103-website-base\_site" at http://127.0.0.1:8080
2024-08-31T13:44:29.929Z - info: Press CTRL+C to stop ...
2024-08-31T13:44:55.524Z - info: Building C:\repos\nus-cs2103\cs2103-website-base\schedule\week4\project as some of its dependencies were changed since the last visit
2024-08-31T13:44:58.976Z - info: Site data built
2024-08-31T13:44:58.976Z - info: Lazy website regeneration complete! Total build time: 3.453s
2024-08-31T13:52:20.862Z - info: Website generation started at 9:52:05 pm
2024-08-31T13:52:29.376Z - info: Building assets...
2024-08-31T13:52:35.883Z - info: Assets built
2024-08-31T13:52:35.884Z - info: Generating pages...
2024-08-31T13:52:59.030Z - debug:  
2024-08-31T13:52:59.037Z - debug:  
2024-08-31T13:52:59.040Z - debug:  
2024-08-31T13:52:59.045Z - debug:  
2024-08-31T13:52:59.046Z - debug:  
2024-08-31T13:52:59.047Z - debug:  
2024-08-31T13:52:59.048Z - debug:  
2024-08-31T13:52:59.050Z - debug:  
2024-08-31T13:52:59.051Z - debug:  
2024-08-31T13:52:59.052Z - debug:  
2024-08-31T13:52:59.053Z - debug:  
2024-08-31T13:52:59.053Z - debug:  
2024-08-31T13:52:59.058Z - debug:  
2024-08-31T13:52:59.060Z - debug:  
2024-08-31T13:52:59.060Z - debug:  
2024-08-31T13:53:02.662Z - debug:  
2024-08-31T13:53:02.662Z - debug:  
2024-08-31T13:53:29.611Z - debug:  
2024-08-31T13:55:21.910Z - debug:  
2024-08-31T13:55:40.487Z - debug:  
2024-08-31T13:55:40.612Z - debug:  
2024-08-31T13:55:53.509Z - info: Pages built
2024-08-31T13:55:54.875Z - info: Site data built
2024-08-31T13:55:54.875Z - info: Website generation complete! Total build time: 229.76s
2024-08-31T13:55:54.876Z - info: Build success!
2024-08-31T13:59:40.642Z - info: The website has been deployed at: https://nus-cs2103-ay2425s1.github.io/website
