2024-10-05T15:13:00.955Z - info: Website generation (lazy) started at 11:12:34 pm
2024-10-05T15:13:15.577Z - warn: ENOENT: no such file or directory, open 'C:\repos\nus-cs2103\cs2103-website-base\cache\gh-pages\https!github.com!nus-cs2103-AY2425S1!website.git\book\_markbind\variables.md'
2024-10-05T15:13:15.579Z - warn: ENOENT: no such file or directory, open 'C:\repos\nus-cs2103\cs2103-website-base\cache\gh-pages\https!github.com!nus-cs2103-AY2425S1!website.git\_markbind\variables.md'
2024-10-05T15:13:15.580Z - warn: ENOENT: no such file or directory, open 'C:\repos\nus-cs2103\cs2103-website-base\node_modules\.cache\gh-pages\https!github.com!nus-cs2103-AY2425S1!website.git\book\_markbind\variables.md'
2024-10-05T15:13:15.581Z - warn: ENOENT: no such file or directory, open 'C:\repos\nus-cs2103\cs2103-website-base\node_modules\.cache\gh-pages\https!github.com!nus-cs2103-AY2425S1!website.git\cache\gh-pages\https!github.com!nus-cs2103-AY2425S1!website.git\book\_markbind\variables.md'
2024-10-05T15:13:15.582Z - warn: ENOENT: no such file or directory, open 'C:\repos\nus-cs2103\cs2103-website-base\node_modules\.cache\gh-pages\https!github.com!nus-cs2103-AY2425S1!website.git\cache\gh-pages\https!github.com!nus-cs2103-AY2425S1!website.git\_markbind\variables.md'
2024-10-05T15:13:15.583Z - warn: ENOENT: no such file or directory, open 'C:\repos\nus-cs2103\cs2103-website-base\node_modules\.cache\gh-pages\https!github.com!nus-cs2103-AY2425S1!website.git\_markbind\variables.md'
2024-10-05T15:13:15.840Z - info: Building assets...
2024-10-05T15:15:21.395Z - info: Assets built
2024-10-05T15:15:21.398Z - info: Generating landing page...
2024-10-05T15:15:23.783Z - info: Landing page built, other pages will be built as you navigate to them!
2024-10-05T15:15:25.297Z - info: Site data built
2024-10-05T15:15:25.298Z - info: Website generation (lazy) complete! Total build time: 170.96s
2024-10-05T15:15:25.831Z - info: Serving "C:\repos\nus-cs2103\cs2103-website-base\_site" at http://127.0.0.1:8080
2024-10-05T15:15:25.832Z - info: Press CTRL+C to stop ...
2024-10-05T15:16:33.671Z - info: Building C:\repos\nus-cs2103\cs2103-website-base\schedule\week8\project as some of its dependencies were changed since the last visit
2024-10-05T15:16:35.913Z - info: Site data built
2024-10-05T15:16:35.914Z - info: Lazy website regeneration complete! Total build time: 2.245s
2024-10-05T15:18:41.445Z - info: [11:18:41 pm] Reload for file change: C:\repos\nus-cs2103\cs2103-website-base\admin\tp-tasks-fragment.md
2024-10-05T15:18:41.446Z - info: Synchronizing opened pages list before reload
2024-10-05T15:18:41.449Z - info: Current opened pages, from most-to-least recent:
2024-10-05T15:18:41.450Z - info: 1. schedule/week8/project
2024-10-05T15:18:42.462Z - info: Rebuilding 1 pages
2024-10-05T15:18:44.510Z - info: Site data built
2024-10-05T15:18:44.510Z - info: Pages rebuilt
2024-10-05T15:18:44.511Z - info: Website regeneration complete! Total build time: 2.049s
2024-10-05T15:25:29.981Z - info: [11:25:29 pm] Reload for file change: C:\repos\nus-cs2103\cs2103-website-base\admin\tp-expectations.md
2024-10-05T15:25:29.983Z - info: Synchronizing opened pages list before reload
2024-10-05T15:25:29.984Z - info: Current opened pages, from most-to-least recent:
2024-10-05T15:25:29.984Z - info: 1. schedule/week8/project
2024-10-05T15:25:31.005Z - info: Rebuilding 1 pages
2024-10-05T15:25:32.924Z - info: Site data built
2024-10-05T15:25:32.925Z - info: Pages rebuilt
2024-10-05T15:25:32.925Z - info: Website regeneration complete! Total build time: 1.922s
2024-10-05T15:27:31.673Z - info: [11:27:31 pm] Reload for file change: C:\repos\nus-cs2103\cs2103-website-base\admin\tp-expectations.md
2024-10-05T15:27:31.674Z - info: Synchronizing opened pages list before reload
2024-10-05T15:27:31.674Z - info: Current opened pages, from most-to-least recent:
2024-10-05T15:27:31.674Z - info: 1. schedule/week8/project
2024-10-05T15:27:32.692Z - info: Rebuilding 1 pages
2024-10-05T15:27:34.733Z - info: Site data built
2024-10-05T15:27:34.734Z - info: Pages rebuilt
2024-10-05T15:27:34.734Z - info: Website regeneration complete! Total build time: 2.043s
2024-10-05T15:28:14.029Z - info: [11:28:14 pm] Reload for file change: C:\repos\nus-cs2103\cs2103-website-base\admin\tp-expectations.md
2024-10-05T15:28:14.030Z - info: Synchronizing opened pages list before reload
2024-10-05T15:28:14.030Z - info: Current opened pages, from most-to-least recent:
2024-10-05T15:28:14.031Z - info: 1. schedule/week8/project
2024-10-05T15:28:15.038Z - info: Rebuilding 1 pages
2024-10-05T15:28:16.901Z - info: Site data built
2024-10-05T15:28:16.902Z - info: Pages rebuilt
2024-10-05T15:28:16.902Z - info: Website regeneration complete! Total build time: 1.866s
2024-10-05T15:31:27.431Z - info: Website generation started at 11:30:51 pm
2024-10-05T15:31:40.327Z - warn: ENOENT: no such file or directory, open 'C:\repos\nus-cs2103\cs2103-website-base\node_modules\.cache\gh-pages\https!github.com!nus-cs2103-AY2425S1!website.git\book\_markbind\variables.md'
2024-10-05T15:31:40.328Z - warn: ENOENT: no such file or directory, open 'C:\repos\nus-cs2103\cs2103-website-base\node_modules\.cache\gh-pages\https!github.com!nus-cs2103-AY2425S1!website.git\cache\gh-pages\https!github.com!nus-cs2103-AY2425S1!website.git\book\_markbind\variables.md'
2024-10-05T15:31:40.330Z - warn: ENOENT: no such file or directory, open 'C:\repos\nus-cs2103\cs2103-website-base\node_modules\.cache\gh-pages\https!github.com!nus-cs2103-AY2425S1!website.git\cache\gh-pages\https!github.com!nus-cs2103-AY2425S1!website.git\_markbind\variables.md'
2024-10-05T15:31:40.331Z - warn: ENOENT: no such file or directory, open 'C:\repos\nus-cs2103\cs2103-website-base\node_modules\.cache\gh-pages\https!github.com!nus-cs2103-AY2425S1!website.git\_markbind\variables.md'
2024-10-05T15:31:40.403Z - info: Building assets...
2024-10-05T15:33:08.249Z - info: Assets built
2024-10-05T15:33:08.251Z - info: Generating pages...
2024-10-05T15:33:42.555Z - debug:  
2024-10-05T15:33:42.558Z - debug:  
2024-10-05T15:33:42.559Z - debug:  
2024-10-05T15:33:42.560Z - debug:  
2024-10-05T15:33:42.561Z - debug:  
2024-10-05T15:33:42.562Z - debug:  
2024-10-05T15:33:42.563Z - debug:  
2024-10-05T15:33:42.563Z - debug:  
2024-10-05T15:33:42.564Z - debug:  
2024-10-05T15:33:42.565Z - debug:  
2024-10-05T15:33:42.566Z - debug:  
2024-10-05T15:33:42.566Z - debug:  
2024-10-05T15:33:43.337Z - debug:  
2024-10-05T15:33:43.338Z - debug:  
2024-10-05T15:33:43.339Z - debug:  
2024-10-05T15:33:48.346Z - debug:  
2024-10-05T15:33:48.346Z - debug:  
2024-10-05T15:34:20.618Z - debug:  
2024-10-05T15:36:41.350Z - debug:  
2024-10-05T15:37:08.642Z - debug:  
2024-10-05T15:37:08.801Z - debug:  
2024-10-05T15:37:29.381Z - info: Pages built
2024-10-05T15:37:30.918Z - info: Site data built
2024-10-05T15:37:30.918Z - info: Website generation complete! Total build time: 399.779s
2024-10-05T15:37:30.919Z - info: Build success!
2024-10-05T15:42:19.466Z - info: The website has been deployed at: https://nus-cs2103-ay2425s1.github.io/website
