2024-09-29T16:07:37.222Z - info: Website generation started at 12:07:04 am
2024-09-29T16:07:53.448Z - warn: ENOENT: no such file or directory, open 'C:\repos\nus-cs2103\cs2103-website-base\node_modules\.cache\gh-pages\https!github.com!nus-cs2103-AY2425S1!website.git\book\_markbind\variables.md'
2024-09-29T16:07:53.451Z - warn: ENOENT: no such file or directory, open 'C:\repos\nus-cs2103\cs2103-website-base\node_modules\.cache\gh-pages\https!github.com!nus-cs2103-AY2425S1!website.git\cache\gh-pages\https!github.com!nus-cs2103-AY2425S1!website.git\book\_markbind\variables.md'
2024-09-29T16:07:53.453Z - warn: ENOENT: no such file or directory, open 'C:\repos\nus-cs2103\cs2103-website-base\node_modules\.cache\gh-pages\https!github.com!nus-cs2103-AY2425S1!website.git\cache\gh-pages\https!github.com!nus-cs2103-AY2425S1!website.git\_markbind\variables.md'
2024-09-29T16:07:53.455Z - warn: ENOENT: no such file or directory, open 'C:\repos\nus-cs2103\cs2103-website-base\node_modules\.cache\gh-pages\https!github.com!nus-cs2103-AY2425S1!website.git\_markbind\variables.md'
2024-09-29T16:07:53.590Z - info: Building assets...
2024-09-29T16:09:13.244Z - info: Assets built
2024-09-29T16:09:13.246Z - info: Generating pages...
2024-09-29T16:09:36.270Z - debug:  
2024-09-29T16:09:36.272Z - debug:  
2024-09-29T16:09:36.315Z - debug:  
2024-09-29T16:09:36.322Z - debug:  
2024-09-29T16:09:36.325Z - debug:  
2024-09-29T16:09:36.409Z - debug:  
2024-09-29T16:09:36.409Z - debug:  
2024-09-29T16:09:36.428Z - debug:  
2024-09-29T16:09:36.428Z - debug:  
2024-09-29T16:09:36.444Z - debug:  
2024-09-29T16:09:36.482Z - debug:  
2024-09-29T16:09:36.512Z - debug:  
2024-09-29T16:09:36.573Z - debug:  
2024-09-29T16:09:36.573Z - debug:  
2024-09-29T16:09:36.594Z - debug:  
2024-09-29T16:09:38.853Z - debug:  
2024-09-29T16:09:38.854Z - debug:  
2024-09-29T16:10:10.534Z - debug:  
2024-09-29T16:12:29.256Z - debug:  
2024-09-29T16:12:52.836Z - debug:  
2024-09-29T16:12:52.929Z - debug:  
2024-09-29T16:13:09.510Z - info: Pages built
2024-09-29T16:13:11.119Z - info: Site data built
2024-09-29T16:13:11.120Z - info: Website generation complete! Total build time: 366.655s
2024-09-29T16:13:11.120Z - info: Build success!
2024-09-29T16:17:29.803Z - info: The website has been deployed at: https://nus-cs2103-ay2425s1.github.io/website
2024-09-30T04:33:05.556Z - info: Website generation (lazy) started at 12:32:40 pm
2024-09-30T04:33:23.179Z - warn: ENOENT: no such file or directory, open 'C:\repos\nus-cs2103\cs2103-website-base\cache\gh-pages\https!github.com!nus-cs2103-AY2425S1!website.git\book\_markbind\variables.md'
2024-09-30T04:33:23.182Z - warn: ENOENT: no such file or directory, open 'C:\repos\nus-cs2103\cs2103-website-base\cache\gh-pages\https!github.com!nus-cs2103-AY2425S1!website.git\_markbind\variables.md'
2024-09-30T04:33:23.185Z - warn: ENOENT: no such file or directory, open 'C:\repos\nus-cs2103\cs2103-website-base\node_modules\.cache\gh-pages\https!github.com!nus-cs2103-AY2425S1!website.git\book\_markbind\variables.md'
2024-09-30T04:33:23.188Z - warn: ENOENT: no such file or directory, open 'C:\repos\nus-cs2103\cs2103-website-base\node_modules\.cache\gh-pages\https!github.com!nus-cs2103-AY2425S1!website.git\cache\gh-pages\https!github.com!nus-cs2103-AY2425S1!website.git\book\_markbind\variables.md'
2024-09-30T04:33:23.190Z - warn: ENOENT: no such file or directory, open 'C:\repos\nus-cs2103\cs2103-website-base\node_modules\.cache\gh-pages\https!github.com!nus-cs2103-AY2425S1!website.git\cache\gh-pages\https!github.com!nus-cs2103-AY2425S1!website.git\_markbind\variables.md'
2024-09-30T04:33:23.193Z - warn: ENOENT: no such file or directory, open 'C:\repos\nus-cs2103\cs2103-website-base\node_modules\.cache\gh-pages\https!github.com!nus-cs2103-AY2425S1!website.git\_markbind\variables.md'
2024-09-30T04:33:23.330Z - info: Building assets...
2024-09-30T04:36:27.994Z - info: Assets built
2024-09-30T04:36:27.997Z - info: Generating landing page...
2024-09-30T04:36:30.361Z - info: Landing page built, other pages will be built as you navigate to them!
2024-09-30T04:36:32.063Z - info: Site data built
2024-09-30T04:36:32.063Z - info: Website generation (lazy) complete! Total build time: 231.222s
2024-09-30T04:36:33.283Z - info: Serving "C:\repos\nus-cs2103\cs2103-website-base\_site" at http://127.0.0.1:8080
2024-09-30T04:36:33.283Z - info: Press CTRL+C to stop ...
2024-09-30T04:36:35.589Z - info: [12:36:35 pm] Reload for file change: C:\repos\nus-cs2103\cs2103-website-base\_course-CS2103\mid-semester-survey-results.md
2024-09-30T04:36:35.590Z - info: Synchronizing opened pages list before reload
2024-09-30T04:36:35.591Z - info: No pages are currently opened
2024-09-30T04:36:36.797Z - info: Assets built
2024-09-30T04:38:15.813Z - info: Building C:\repos\nus-cs2103\cs2103-website-base\admin\mid-semester-survey-results as some of its dependencies were changed since the last visit
2024-09-30T04:38:16.590Z - info: Site data built
2024-09-30T04:38:16.591Z - info: Lazy website regeneration complete! Total build time: 0.778s
2024-09-30T04:40:15.146Z - info: [12:40:15 pm] Reload for file change: C:\repos\nus-cs2103\cs2103-website-base\_course-CS2103\mid-semester-survey-results.md
2024-09-30T04:40:15.147Z - info: Synchronizing opened pages list before reload
2024-09-30T04:40:15.148Z - info: Current opened pages, from most-to-least recent:
2024-09-30T04:40:15.148Z - info: 1. admin/mid-semester-survey-results
2024-09-30T04:40:16.152Z - info: Rebuilding 1 pages
2024-09-30T04:40:16.812Z - info: Site data built
2024-09-30T04:40:16.812Z - info: Pages rebuilt
2024-09-30T04:40:16.813Z - info: Website regeneration complete! Total build time: 0.664s
2024-09-30T04:44:47.410Z - info: [12:44:47 pm] Reload for file change: C:\repos\nus-cs2103\cs2103-website-base\_course-CS2103\mid-semester-survey-results.md
2024-09-30T04:44:47.411Z - info: Synchronizing opened pages list before reload
2024-09-30T04:44:47.411Z - info: Current opened pages, from most-to-least recent:
2024-09-30T04:44:47.412Z - info: 1. admin/mid-semester-survey-results
2024-09-30T04:44:48.424Z - info: Rebuilding 1 pages
2024-09-30T04:44:49.020Z - info: Site data built
2024-09-30T04:44:49.021Z - info: Pages rebuilt
2024-09-30T04:44:49.021Z - info: Website regeneration complete! Total build time: 0.599s
2024-09-30T04:45:20.123Z - info: [12:45:20 pm] Reload for file change: C:\repos\nus-cs2103\cs2103-website-base\_course-CS2103\mid-semester-survey-results.md
2024-09-30T04:45:20.124Z - info: Synchronizing opened pages list before reload
2024-09-30T04:45:20.124Z - info: Current opened pages, from most-to-least recent:
2024-09-30T04:45:20.124Z - info: 1. admin/mid-semester-survey-results
2024-09-30T04:45:21.132Z - info: Rebuilding 1 pages
2024-09-30T04:45:21.790Z - info: Site data built
2024-09-30T04:45:21.790Z - info: Pages rebuilt
2024-09-30T04:45:21.791Z - info: Website regeneration complete! Total build time: 0.659s
2024-09-30T04:46:12.380Z - info: [12:46:12 pm] Reload for file change: C:\repos\nus-cs2103\cs2103-website-base\_course-CS2103\mid-semester-survey-results.md
2024-09-30T04:46:12.380Z - info: Synchronizing opened pages list before reload
2024-09-30T04:46:12.381Z - info: Current opened pages, from most-to-least recent:
2024-09-30T04:46:12.381Z - info: 1. admin/mid-semester-survey-results
2024-09-30T04:46:13.393Z - info: Rebuilding 1 pages
2024-09-30T04:46:13.999Z - info: Site data built
2024-09-30T04:46:13.999Z - info: Pages rebuilt
2024-09-30T04:46:13.999Z - info: Website regeneration complete! Total build time: 0.607s
2024-09-30T04:47:29.116Z - info: [12:47:29 pm] Reload for file change: C:\repos\nus-cs2103\cs2103-website-base\_course-CS2103\mid-semester-survey-results.md
2024-09-30T04:47:29.116Z - info: Synchronizing opened pages list before reload
2024-09-30T04:47:29.117Z - info: Current opened pages, from most-to-least recent:
2024-09-30T04:47:29.118Z - info: 1. admin/mid-semester-survey-results
2024-09-30T04:47:30.162Z - info: Rebuilding 1 pages
2024-09-30T04:47:30.901Z - info: Site data built
2024-09-30T04:47:30.901Z - info: Pages rebuilt
2024-09-30T04:47:30.902Z - info: Website regeneration complete! Total build time: 0.755s
2024-09-30T04:48:02.305Z - info: [12:48:02 pm] Reload for file change: C:\repos\nus-cs2103\cs2103-website-base\_course-CS2103\mid-semester-survey-results.md
2024-09-30T04:48:02.306Z - info: Synchronizing opened pages list before reload
2024-09-30T04:48:02.306Z - info: Current opened pages, from most-to-least recent:
2024-09-30T04:48:02.306Z - info: 1. admin/mid-semester-survey-results
2024-09-30T04:48:03.311Z - info: Rebuilding 1 pages
2024-09-30T04:48:03.951Z - info: Site data built
2024-09-30T04:48:03.951Z - info: Pages rebuilt
2024-09-30T04:48:03.952Z - info: Website regeneration complete! Total build time: 0.641s
2024-09-30T04:48:32.785Z - info: [12:48:32 pm] Reload for file change: C:\repos\nus-cs2103\cs2103-website-base\_course-CS2103\mid-semester-survey-results.md
2024-09-30T04:48:32.785Z - info: Synchronizing opened pages list before reload
2024-09-30T04:48:32.785Z - info: Current opened pages, from most-to-least recent:
2024-09-30T04:48:32.786Z - info: 1. admin/mid-semester-survey-results
2024-09-30T04:48:33.859Z - info: Rebuilding 1 pages
2024-09-30T04:48:34.907Z - info: Site data built
2024-09-30T04:48:34.908Z - info: Pages rebuilt
2024-09-30T04:48:34.908Z - info: Website regeneration complete! Total build time: 1.056s
2024-09-30T04:48:51.559Z - info: [12:48:51 pm] Reload for file change: C:\repos\nus-cs2103\cs2103-website-base\_course-CS2103\mid-semester-survey-results.md
2024-09-30T04:48:51.560Z - info: Synchronizing opened pages list before reload
2024-09-30T04:48:51.560Z - info: Current opened pages, from most-to-least recent:
2024-09-30T04:48:51.560Z - info: 1. admin/mid-semester-survey-results
2024-09-30T04:48:52.574Z - info: Rebuilding 1 pages
2024-09-30T04:48:53.117Z - info: Site data built
2024-09-30T04:48:53.117Z - info: Pages rebuilt
2024-09-30T04:48:53.118Z - info: Website regeneration complete! Total build time: 0.545s
2024-09-30T04:49:28.668Z - info: [12:49:28 pm] Reload for file change: C:\repos\nus-cs2103\cs2103-website-base\_course-CS2103\mid-semester-survey-results.md
2024-09-30T04:49:28.669Z - info: Synchronizing opened pages list before reload
2024-09-30T04:49:28.669Z - info: Current opened pages, from most-to-least recent:
2024-09-30T04:49:28.670Z - info: 1. admin/mid-semester-survey-results
2024-09-30T04:49:29.679Z - info: Rebuilding 1 pages
2024-09-30T04:49:30.139Z - info: Site data built
2024-09-30T04:49:30.140Z - info: Pages rebuilt
2024-09-30T04:49:30.140Z - info: Website regeneration complete! Total build time: 0.462s
2024-09-30T04:50:15.495Z - info: [12:50:15 pm] Reload for file change: C:\repos\nus-cs2103\cs2103-website-base\_course-CS2103\mid-semester-survey-results.md
2024-09-30T04:50:15.496Z - info: Synchronizing opened pages list before reload
2024-09-30T04:50:15.496Z - info: Current opened pages, from most-to-least recent:
2024-09-30T04:50:15.496Z - info: 1. admin/mid-semester-survey-results
2024-09-30T04:50:16.506Z - info: Rebuilding 1 pages
2024-09-30T04:50:16.984Z - info: Site data built
2024-09-30T04:50:16.984Z - info: Pages rebuilt
2024-09-30T04:50:16.984Z - info: Website regeneration complete! Total build time: 0.479s
2024-09-30T04:52:12.428Z - info: [12:52:12 pm] Reload for file change: C:\repos\nus-cs2103\cs2103-website-base\_course-CS2103\mid-semester-survey-results.md
2024-09-30T04:52:12.428Z - info: Synchronizing opened pages list before reload
2024-09-30T04:52:12.428Z - info: Current opened pages, from most-to-least recent:
2024-09-30T04:52:12.429Z - info: 1. admin/mid-semester-survey-results
2024-09-30T04:52:13.432Z - info: Rebuilding 1 pages
2024-09-30T04:52:13.924Z - info: Site data built
2024-09-30T04:52:13.925Z - info: Pages rebuilt
2024-09-30T04:52:13.925Z - info: Website regeneration complete! Total build time: 0.494s
2024-09-30T04:57:21.891Z - info: Website generation started at 12:56:47 pm
2024-09-30T04:57:34.550Z - warn: ENOENT: no such file or directory, open 'C:\repos\nus-cs2103\cs2103-website-base\node_modules\.cache\gh-pages\https!github.com!nus-cs2103-AY2425S1!website.git\book\_markbind\variables.md'
2024-09-30T04:57:34.551Z - warn: ENOENT: no such file or directory, open 'C:\repos\nus-cs2103\cs2103-website-base\node_modules\.cache\gh-pages\https!github.com!nus-cs2103-AY2425S1!website.git\cache\gh-pages\https!github.com!nus-cs2103-AY2425S1!website.git\book\_markbind\variables.md'
2024-09-30T04:57:34.552Z - warn: ENOENT: no such file or directory, open 'C:\repos\nus-cs2103\cs2103-website-base\node_modules\.cache\gh-pages\https!github.com!nus-cs2103-AY2425S1!website.git\cache\gh-pages\https!github.com!nus-cs2103-AY2425S1!website.git\_markbind\variables.md'
2024-09-30T04:57:34.554Z - warn: ENOENT: no such file or directory, open 'C:\repos\nus-cs2103\cs2103-website-base\node_modules\.cache\gh-pages\https!github.com!nus-cs2103-AY2425S1!website.git\_markbind\variables.md'
2024-09-30T04:57:34.653Z - info: Building assets...
2024-09-30T04:58:37.877Z - info: Assets built
2024-09-30T04:58:37.878Z - info: Generating pages...
2024-09-30T04:58:58.382Z - debug:  
2024-09-30T04:58:58.386Z - debug:  
2024-09-30T04:58:58.388Z - debug:  
2024-09-30T04:58:58.389Z - debug:  
2024-09-30T04:58:58.389Z - debug:  
2024-09-30T04:58:58.390Z - debug:  
2024-09-30T04:58:58.390Z - debug:  
2024-09-30T04:58:58.391Z - debug:  
2024-09-30T04:58:58.391Z - debug:  
2024-09-30T04:58:58.392Z - debug:  
2024-09-30T04:58:58.392Z - debug:  
2024-09-30T04:58:58.392Z - debug:  
2024-09-30T04:58:58.393Z - debug:  
2024-09-30T04:58:58.393Z - debug:  
2024-09-30T04:58:58.394Z - debug:  
2024-09-30T04:59:00.824Z - debug:  
2024-09-30T04:59:00.824Z - debug:  
2024-09-30T04:59:26.629Z - debug:  
2024-09-30T05:01:29.705Z - debug:  
2024-09-30T05:01:49.096Z - debug:  
2024-09-30T05:01:49.234Z - debug:  
2024-09-30T05:02:04.343Z - info: Pages built
2024-09-30T05:02:05.202Z - info: Site data built
2024-09-30T05:02:05.202Z - info: Website generation complete! Total build time: 317.434s
2024-09-30T05:02:05.203Z - info: Build success!
2024-09-30T05:05:00.887Z - info: The website has been deployed at: https://nus-cs2103-ay2425s1.github.io/website
2024-09-30T08:25:15.082Z - info: Website generation (lazy) started at 4:24:46 pm
2024-09-30T08:25:32.894Z - warn: ENOENT: no such file or directory, open 'C:\repos\nus-cs2103\cs2103-website-base\cache\gh-pages\https!github.com!nus-cs2103-AY2425S1!website.git\book\_markbind\variables.md'
2024-09-30T08:25:32.896Z - warn: ENOENT: no such file or directory, open 'C:\repos\nus-cs2103\cs2103-website-base\cache\gh-pages\https!github.com!nus-cs2103-AY2425S1!website.git\_markbind\variables.md'
2024-09-30T08:25:32.899Z - warn: ENOENT: no such file or directory, open 'C:\repos\nus-cs2103\cs2103-website-base\node_modules\.cache\gh-pages\https!github.com!nus-cs2103-AY2425S1!website.git\book\_markbind\variables.md'
2024-09-30T08:25:32.900Z - warn: ENOENT: no such file or directory, open 'C:\repos\nus-cs2103\cs2103-website-base\node_modules\.cache\gh-pages\https!github.com!nus-cs2103-AY2425S1!website.git\cache\gh-pages\https!github.com!nus-cs2103-AY2425S1!website.git\book\_markbind\variables.md'
2024-09-30T08:25:32.902Z - warn: ENOENT: no such file or directory, open 'C:\repos\nus-cs2103\cs2103-website-base\node_modules\.cache\gh-pages\https!github.com!nus-cs2103-AY2425S1!website.git\cache\gh-pages\https!github.com!nus-cs2103-AY2425S1!website.git\_markbind\variables.md'
2024-09-30T08:25:32.904Z - warn: ENOENT: no such file or directory, open 'C:\repos\nus-cs2103\cs2103-website-base\node_modules\.cache\gh-pages\https!github.com!nus-cs2103-AY2425S1!website.git\_markbind\variables.md'
2024-09-30T08:25:32.974Z - info: Building assets...
2024-09-30T08:27:46.585Z - info: Assets built
2024-09-30T08:27:46.587Z - info: Generating landing page...
2024-09-30T08:27:48.460Z - info: Landing page built, other pages will be built as you navigate to them!
2024-09-30T08:27:49.763Z - info: Site data built
2024-09-30T08:27:49.763Z - info: Website generation (lazy) complete! Total build time: 183.705s
2024-09-30T08:27:50.216Z - info: Serving "C:\repos\nus-cs2103\cs2103-website-base\_site" at http://127.0.0.1:8080
2024-09-30T08:27:50.216Z - info: Press CTRL+C to stop ...
2024-09-30T08:27:57.763Z - info: Building C:\repos\nus-cs2103\cs2103-website-base\admin\mid-semester-survey-results as some of its dependencies were changed since the last visit
2024-09-30T08:28:03.985Z - info: Site data built
2024-09-30T08:28:03.986Z - info: Lazy website regeneration complete! Total build time: 6.223s
2024-09-30T08:31:21.066Z - info: [4:31:21 pm] Reload for file change: C:\repos\nus-cs2103\cs2103-website-base\_course-CS2103\mid-semester-survey-results.md
2024-09-30T08:31:21.067Z - info: Synchronizing opened pages list before reload
2024-09-30T08:31:21.067Z - info: Current opened pages, from most-to-least recent:
2024-09-30T08:31:21.067Z - info: 1. admin/mid-semester-survey-results
2024-09-30T08:31:22.077Z - info: Rebuilding 1 pages
2024-09-30T08:31:22.397Z - info: Site data built
2024-09-30T08:31:22.397Z - info: Pages rebuilt
2024-09-30T08:31:22.398Z - info: Website regeneration complete! Total build time: 0.322s
2024-09-30T08:32:30.235Z - info: [4:32:30 pm] Reload for file change: C:\repos\nus-cs2103\cs2103-website-base\_course-CS2103\mid-semester-survey-results.md
2024-09-30T08:32:30.236Z - info: Synchronizing opened pages list before reload
2024-09-30T08:32:30.236Z - info: Current opened pages, from most-to-least recent:
2024-09-30T08:32:30.236Z - info: 1. admin/mid-semester-survey-results
2024-09-30T08:32:31.249Z - info: Rebuilding 1 pages
2024-09-30T08:32:31.631Z - info: Site data built
2024-09-30T08:32:31.632Z - info: Pages rebuilt
2024-09-30T08:32:31.632Z - info: Website regeneration complete! Total build time: 0.384s
2024-09-30T08:35:36.741Z - info: [4:35:36 pm] Reload for file change: C:\repos\nus-cs2103\cs2103-website-base\_course-CS2103\mid-semester-survey-results.md
2024-09-30T08:35:36.741Z - info: Synchronizing opened pages list before reload
2024-09-30T08:35:36.742Z - info: Current opened pages, from most-to-least recent:
2024-09-30T08:35:36.742Z - info: 1. admin/mid-semester-survey-results
2024-09-30T08:35:37.743Z - info: Rebuilding 1 pages
2024-09-30T08:35:38.080Z - info: Site data built
2024-09-30T08:35:38.080Z - info: Pages rebuilt
2024-09-30T08:35:38.080Z - info: Website regeneration complete! Total build time: 0.337s
2024-09-30T08:36:28.701Z - info: [4:36:28 pm] Reload for file change: C:\repos\nus-cs2103\cs2103-website-base\_course-CS2103\mid-semester-survey-results.md
2024-09-30T08:36:28.701Z - info: Synchronizing opened pages list before reload
2024-09-30T08:36:28.702Z - info: Current opened pages, from most-to-least recent:
2024-09-30T08:36:28.702Z - info: 1. admin/mid-semester-survey-results
2024-09-30T08:36:29.706Z - info: Rebuilding 1 pages
2024-09-30T08:36:30.107Z - info: Site data built
2024-09-30T08:36:30.108Z - info: Pages rebuilt
2024-09-30T08:36:30.108Z - info: Website regeneration complete! Total build time: 0.404s
2024-09-30T08:40:57.173Z - info: [4:40:57 pm] Reload for file change: C:\repos\nus-cs2103\cs2103-website-base\_course-CS2103\mid-semester-survey-results.md
2024-09-30T08:40:57.173Z - info: Synchronizing opened pages list before reload
2024-09-30T08:40:57.173Z - info: Current opened pages, from most-to-least recent:
2024-09-30T08:40:57.173Z - info: 1. admin/mid-semester-survey-results
2024-09-30T08:40:58.182Z - info: Rebuilding 1 pages
2024-09-30T08:40:58.513Z - info: Site data built
2024-09-30T08:40:58.513Z - info: Pages rebuilt
2024-09-30T08:40:58.514Z - info: Website regeneration complete! Total build time: 0.333s
2024-09-30T08:41:11.909Z - info: [4:41:11 pm] Reload for file change: C:\repos\nus-cs2103\cs2103-website-base\_course-CS2103\mid-semester-survey-results.md
2024-09-30T08:41:11.910Z - info: Synchronizing opened pages list before reload
2024-09-30T08:41:11.910Z - info: Current opened pages, from most-to-least recent:
2024-09-30T08:41:11.910Z - info: 1. admin/mid-semester-survey-results
2024-09-30T08:41:12.920Z - info: Rebuilding 1 pages
2024-09-30T08:41:13.196Z - info: Site data built
2024-09-30T08:41:13.197Z - info: Pages rebuilt
2024-09-30T08:41:13.197Z - info: Website regeneration complete! Total build time: 0.278s
2024-09-30T08:48:42.444Z - info: [4:48:42 pm] Reload for file change: C:\repos\nus-cs2103\cs2103-website-base\_course-CS2103\mid-semester-survey-results.md
2024-09-30T08:48:42.445Z - info: Synchronizing opened pages list before reload
2024-09-30T08:48:42.445Z - info: Current opened pages, from most-to-least recent:
2024-09-30T08:48:42.445Z - info: 1. admin/mid-semester-survey-results
2024-09-30T08:48:43.452Z - info: Rebuilding 1 pages
2024-09-30T08:48:43.770Z - info: Site data built
2024-09-30T08:48:43.770Z - info: Pages rebuilt
2024-09-30T08:48:43.770Z - info: Website regeneration complete! Total build time: 0.319s
2024-09-30T08:50:24.550Z - info: [4:50:24 pm] Reload for file change: C:\repos\nus-cs2103\cs2103-website-base\_course-CS2103\mid-semester-survey-results.md
2024-09-30T08:50:24.550Z - info: Synchronizing opened pages list before reload
2024-09-30T08:50:24.550Z - info: Current opened pages, from most-to-least recent:
2024-09-30T08:50:24.550Z - info: 1. admin/mid-semester-survey-results
2024-09-30T08:50:25.564Z - info: Rebuilding 1 pages
2024-09-30T08:50:25.923Z - info: Site data built
2024-09-30T08:50:25.923Z - info: Pages rebuilt
2024-09-30T08:50:25.923Z - info: Website regeneration complete! Total build time: 0.359s
2024-09-30T08:52:53.970Z - info: [4:52:53 pm] Reload for file change: C:\repos\nus-cs2103\cs2103-website-base\_course-CS2103\mid-semester-survey-results.md
2024-09-30T08:52:53.970Z - info: Synchronizing opened pages list before reload
2024-09-30T08:52:53.970Z - info: Current opened pages, from most-to-least recent:
2024-09-30T08:52:53.970Z - info: 1. admin/mid-semester-survey-results
2024-09-30T08:52:54.976Z - info: Rebuilding 1 pages
2024-09-30T08:52:55.281Z - info: Site data built
2024-09-30T08:52:55.281Z - info: Pages rebuilt
2024-09-30T08:52:55.281Z - info: Website regeneration complete! Total build time: 0.307s
2024-09-30T08:54:02.774Z - info: [4:54:02 pm] Reload for file change: C:\repos\nus-cs2103\cs2103-website-base\_course-CS2103\mid-semester-survey-results.md
2024-09-30T08:54:02.774Z - info: Synchronizing opened pages list before reload
2024-09-30T08:54:02.775Z - info: Current opened pages, from most-to-least recent:
2024-09-30T08:54:02.775Z - info: 1. admin/mid-semester-survey-results
2024-09-30T08:54:03.779Z - info: Rebuilding 1 pages
2024-09-30T08:54:04.149Z - info: Site data built
2024-09-30T08:54:04.149Z - info: Pages rebuilt
2024-09-30T08:54:04.150Z - info: Website regeneration complete! Total build time: 0.371s
2024-09-30T08:58:01.136Z - info: [4:58:01 pm] Reload for file change: C:\repos\nus-cs2103\cs2103-website-base\_course-CS2103\mid-semester-survey-results.md
2024-09-30T08:58:01.137Z - info: Synchronizing opened pages list before reload
2024-09-30T08:58:01.137Z - info: Current opened pages, from most-to-least recent:
2024-09-30T08:58:01.137Z - info: 1. admin/mid-semester-survey-results
2024-09-30T08:58:02.153Z - info: Rebuilding 1 pages
2024-09-30T08:58:02.454Z - info: Site data built
2024-09-30T08:58:02.455Z - info: Pages rebuilt
2024-09-30T08:58:02.455Z - info: Website regeneration complete! Total build time: 0.303s
2024-09-30T08:59:06.199Z - info: [4:59:06 pm] Reload for file change: C:\repos\nus-cs2103\cs2103-website-base\_course-CS2103\mid-semester-survey-results.md
2024-09-30T08:59:06.199Z - info: Synchronizing opened pages list before reload
2024-09-30T08:59:06.200Z - info: Current opened pages, from most-to-least recent:
2024-09-30T08:59:06.200Z - info: 1. admin/mid-semester-survey-results
2024-09-30T08:59:07.211Z - info: Rebuilding 1 pages
2024-09-30T08:59:07.509Z - info: Site data built
2024-09-30T08:59:07.509Z - info: Pages rebuilt
2024-09-30T08:59:07.509Z - info: Website regeneration complete! Total build time: 0.299s
2024-09-30T08:59:32.666Z - info: [4:59:32 pm] Reload for file change: C:\repos\nus-cs2103\cs2103-website-base\_course-CS2103\mid-semester-survey-results.md
2024-09-30T08:59:32.666Z - info: Synchronizing opened pages list before reload
2024-09-30T08:59:32.666Z - info: Current opened pages, from most-to-least recent:
2024-09-30T08:59:32.666Z - info: 1. admin/mid-semester-survey-results
2024-09-30T08:59:33.674Z - info: Rebuilding 1 pages
2024-09-30T08:59:33.997Z - info: Site data built
2024-09-30T08:59:33.997Z - info: Pages rebuilt
2024-09-30T08:59:33.997Z - info: Website regeneration complete! Total build time: 0.325s
2024-09-30T08:59:57.982Z - info: [4:59:57 pm] Reload for file change: C:\repos\nus-cs2103\cs2103-website-base\_course-CS2103\mid-semester-survey-results.md
2024-09-30T08:59:57.982Z - info: Synchronizing opened pages list before reload
2024-09-30T08:59:57.982Z - info: Current opened pages, from most-to-least recent:
2024-09-30T08:59:57.983Z - info: 1. admin/mid-semester-survey-results
2024-09-30T08:59:58.996Z - info: Rebuilding 1 pages
2024-09-30T08:59:59.351Z - info: Site data built
2024-09-30T08:59:59.351Z - info: Pages rebuilt
2024-09-30T08:59:59.351Z - info: Website regeneration complete! Total build time: 0.356s
2024-09-30T09:01:39.258Z - info: [5:01:39 pm] Reload for file change: C:\repos\nus-cs2103\cs2103-website-base\_course-CS2103\mid-semester-survey-results.md
2024-09-30T09:01:39.259Z - info: Synchronizing opened pages list before reload
2024-09-30T09:01:39.259Z - info: Current opened pages, from most-to-least recent:
2024-09-30T09:01:39.259Z - info: 1. admin/mid-semester-survey-results
2024-09-30T09:01:40.268Z - info: Rebuilding 1 pages
2024-09-30T09:01:40.662Z - info: Site data built
2024-09-30T09:01:40.662Z - info: Pages rebuilt
2024-09-30T09:01:40.662Z - info: Website regeneration complete! Total build time: 0.395s
2024-09-30T09:02:46.899Z - info: Website generation started at 5:02:14 pm
2024-09-30T09:02:58.946Z - warn: ENOENT: no such file or directory, open 'C:\repos\nus-cs2103\cs2103-website-base\node_modules\.cache\gh-pages\https!github.com!nus-cs2103-AY2425S1!website.git\book\_markbind\variables.md'
2024-09-30T09:02:58.948Z - warn: ENOENT: no such file or directory, open 'C:\repos\nus-cs2103\cs2103-website-base\node_modules\.cache\gh-pages\https!github.com!nus-cs2103-AY2425S1!website.git\cache\gh-pages\https!github.com!nus-cs2103-AY2425S1!website.git\book\_markbind\variables.md'
2024-09-30T09:02:58.949Z - warn: ENOENT: no such file or directory, open 'C:\repos\nus-cs2103\cs2103-website-base\node_modules\.cache\gh-pages\https!github.com!nus-cs2103-AY2425S1!website.git\cache\gh-pages\https!github.com!nus-cs2103-AY2425S1!website.git\_markbind\variables.md'
2024-09-30T09:02:58.951Z - warn: ENOENT: no such file or directory, open 'C:\repos\nus-cs2103\cs2103-website-base\node_modules\.cache\gh-pages\https!github.com!nus-cs2103-AY2425S1!website.git\_markbind\variables.md'
2024-09-30T09:02:59.019Z - info: Building assets...
2024-09-30T09:04:00.789Z - info: Assets built
2024-09-30T09:04:00.790Z - info: Generating pages...
2024-09-30T09:04:18.779Z - debug:  
2024-09-30T09:04:18.781Z - debug:  
2024-09-30T09:04:18.786Z - debug:  
2024-09-30T09:04:18.850Z - debug:  
2024-09-30T09:04:18.864Z - debug:  
2024-09-30T09:04:18.898Z - debug:  
2024-09-30T09:04:18.925Z - debug:  
2024-09-30T09:04:18.935Z - debug:  
2024-09-30T09:04:18.988Z - debug:  
2024-09-30T09:04:18.988Z - debug:  
2024-09-30T09:04:19.021Z - debug:  
2024-09-30T09:04:19.033Z - debug:  
2024-09-30T09:04:19.054Z - debug:  
2024-09-30T09:04:20.939Z - debug:  
2024-09-30T09:04:20.939Z - debug:  
2024-09-30T09:04:20.939Z - debug:  
2024-09-30T09:04:20.939Z - debug:  
2024-09-30T09:04:45.279Z - debug:  
2024-09-30T09:06:33.945Z - debug:  
2024-09-30T09:06:50.456Z - debug:  
2024-09-30T09:06:50.580Z - debug:  
2024-09-30T09:07:04.194Z - info: Pages built
2024-09-30T09:07:05.279Z - info: Site data built
2024-09-30T09:07:05.279Z - info: Website generation complete! Total build time: 290.776s
2024-09-30T09:07:05.279Z - info: Build success!
2024-09-30T09:09:26.176Z - info: The website has been deployed at: https://nus-cs2103-ay2425s1.github.io/website
