2024-07-31T12:07:10.542Z - info: Website generation (lazy) started at 8:07:03 pm
2024-07-31T12:07:22.769Z - warn: ENOENT: no such file or directory, open 'C:\repos\nus-cs2103\cs2103-website-base\cache\gh-pages\https!github.com!nus-cs2113-AY2425S1!website.git\book\_markbind\variables.md'
2024-07-31T12:07:22.770Z - warn: ENOENT: no such file or directory, open 'C:\repos\nus-cs2103\cs2103-website-base\cache\gh-pages\https!github.com!nus-cs2113-AY2425S1!website.git\_markbind\variables.md'
2024-07-31T12:07:22.841Z - info: Building assets...
2024-07-31T12:08:12.036Z - info: Assets built
2024-07-31T12:08:12.038Z - info: Generating landing page...
2024-07-31T12:08:12.818Z - info: Landing page built, other pages will be built as you navigate to them!
2024-07-31T12:08:14.035Z - info: Site data built
2024-07-31T12:08:14.035Z - info: Website generation (lazy) complete! Total build time: 70.398s
2024-07-31T12:08:15.112Z - info: Serving "C:\repos\nus-cs2103\cs2103-website-base\_site" at http://127.0.0.1:54314
2024-07-31T12:08:15.113Z - info: Press CTRL+C to stop ...
2024-07-31T12:08:37.245Z - info: Building C:\repos\nus-cs2103\cs2103-website-base\admin\tutorials as some of its dependencies were changed since the last visit
2024-07-31T12:08:39.739Z - info: Site data built
2024-07-31T12:08:39.739Z - info: Lazy website regeneration complete! Total build time: 2.495s
2024-07-31T12:11:50.230Z - info: [8:11:50 pm] Reload for file change: C:\repos\nus-cs2103\cs2103-website-base\_course-CS2113\timetables-fragment.md
2024-07-31T12:11:50.232Z - info: Synchronizing opened pages list before reload
2024-07-31T12:11:50.232Z - info: Current opened pages, from most-to-least recent:
2024-07-31T12:11:50.233Z - info: 1. admin/tutorials
2024-07-31T12:11:51.243Z - info: Rebuilding 1 pages
2024-07-31T12:11:51.690Z - info: Site data built
2024-07-31T12:11:51.691Z - info: Pages rebuilt
2024-07-31T12:11:51.692Z - info: Website regeneration complete! Total build time: 0.449s
2024-07-31T12:13:34.679Z - info: [8:13:34 pm] Reload for file change: C:\repos\nus-cs2103\cs2103-website-base\admin\tutorials.md
2024-07-31T12:13:34.680Z - info: Synchronizing opened pages list before reload
2024-07-31T12:13:34.681Z - info: Current opened pages, from most-to-least recent:
2024-07-31T12:13:34.681Z - info: 1. admin/tutorials
2024-07-31T12:13:35.692Z - info: Rebuilding 1 pages
2024-07-31T12:13:36.051Z - info: Site data built
2024-07-31T12:13:36.052Z - info: Pages rebuilt
2024-07-31T12:13:36.052Z - info: Website regeneration complete! Total build time: 0.363s
2024-07-31T12:14:48.514Z - info: Website generation (lazy) started at 8:14:33 pm
2024-07-31T12:15:01.381Z - warn: ENOENT: no such file or directory, open 'C:\repos\nus-cs2103\cs2103-website-base\cache\gh-pages\https!github.com!nus-cs2113-AY2425S1!website.git\book\_markbind\variables.md'
2024-07-31T12:15:01.383Z - warn: ENOENT: no such file or directory, open 'C:\repos\nus-cs2103\cs2103-website-base\cache\gh-pages\https!github.com!nus-cs2113-AY2425S1!website.git\_markbind\variables.md'
2024-07-31T12:15:01.447Z - info: Building assets...
2024-07-31T12:15:49.283Z - info: Assets built
2024-07-31T12:15:49.284Z - info: Generating landing page...
2024-07-31T12:15:50.163Z - info: Landing page built, other pages will be built as you navigate to them!
2024-07-31T12:15:51.448Z - info: Site data built
2024-07-31T12:15:51.449Z - info: Website generation (lazy) complete! Total build time: 77.9s
2024-07-31T12:15:51.493Z - info: Serving "C:\repos\nus-cs2103\cs2103-website-base\_site" at http://127.0.0.1:8080
2024-07-31T12:15:51.493Z - info: Press CTRL+C to stop ...
2024-07-31T12:16:15.867Z - info: Building C:\repos\nus-cs2103\cs2103-website-base\admin\tutorials as some of its dependencies were changed since the last visit
2024-07-31T12:16:18.429Z - info: Site data built
2024-07-31T12:16:18.430Z - info: Lazy website regeneration complete! Total build time: 2.563s
2024-07-31T12:18:34.626Z - info: Website generation started at 8:18:21 pm
2024-07-31T12:18:42.972Z - info: Building assets...
2024-07-31T12:18:48.987Z - info: Assets built
2024-07-31T12:18:48.988Z - info: Generating pages...
2024-07-31T12:19:12.611Z - debug:  
2024-07-31T12:19:12.614Z - debug:  
2024-07-31T12:19:12.615Z - debug:  
2024-07-31T12:19:12.616Z - debug:  
2024-07-31T12:19:12.617Z - debug:  
2024-07-31T12:19:12.619Z - debug:  
2024-07-31T12:19:12.620Z - debug:  
2024-07-31T12:19:12.620Z - debug:  
2024-07-31T12:19:12.621Z - debug:  
2024-07-31T12:19:13.303Z - debug:  
2024-07-31T12:19:13.303Z - debug:  
2024-07-31T12:19:13.304Z - debug:  
2024-07-31T12:19:13.463Z - debug:  
2024-07-31T12:19:13.557Z - debug:  
2024-07-31T12:19:13.756Z - debug:  
2024-07-31T12:19:17.754Z - debug:  
2024-07-31T12:19:17.755Z - debug:  
2024-07-31T12:20:40.372Z - error: Invalid HTML in C:\repos\nus-cs2103\cs2103-website-base\schedule\week5\tutorial.md.
Table must have a tbody tag. Please correct this to avoid Vue hydration issues.

2024-07-31T12:21:07.098Z - error: Invalid HTML in C:\repos\nus-cs2103\cs2103-website-base\schedule\week4\project.md.
Table must have a tbody tag. Please correct this to avoid Vue hydration issues.

2024-07-31T12:21:07.099Z - error: Invalid HTML in C:\repos\nus-cs2103\cs2103-website-base\schedule\week4\project.md.
Table must have a tbody tag. Please correct this to avoid Vue hydration issues.

2024-07-31T12:21:33.768Z - debug:  
2024-07-31T12:21:52.758Z - debug:  
2024-07-31T12:21:52.932Z - debug:  
2024-07-31T12:21:58.151Z - error: Invalid HTML in C:\repos\nus-cs2103\cs2103-website-base\admin\ip-w4.md.
Table must have a tbody tag. Please correct this to avoid Vue hydration issues.

2024-07-31T12:21:58.152Z - error: Invalid HTML in C:\repos\nus-cs2103\cs2103-website-base\admin\ip-w4.md.
Table must have a tbody tag. Please correct this to avoid Vue hydration issues.

2024-07-31T12:22:02.785Z - info: Pages built
2024-07-31T12:22:04.040Z - info: Site data built
2024-07-31T12:22:04.041Z - info: Website generation complete! Total build time: 222.151s
2024-07-31T12:22:04.041Z - info: Build success!
2024-07-31T12:24:25.615Z - info: The website has been deployed at: https://nus-cs2103-ay2425s1.github.io/website
2024-07-31T15:54:35.797Z - info: Website generation started at 11:54:29 pm
2024-07-31T15:54:48.996Z - info: Building assets...
2024-07-31T15:54:54.533Z - info: Assets built
2024-07-31T15:54:54.534Z - info: Generating pages...
2024-07-31T15:55:16.080Z - debug:  
2024-07-31T15:55:16.081Z - debug:  
2024-07-31T15:55:16.082Z - debug:  
2024-07-31T15:55:16.082Z - debug:  
2024-07-31T15:55:16.083Z - debug:  
2024-07-31T15:55:16.084Z - debug:  
2024-07-31T15:55:16.084Z - debug:  
2024-07-31T15:55:16.084Z - debug:  
2024-07-31T15:55:16.518Z - debug:  
2024-07-31T15:55:16.519Z - debug:  
2024-07-31T15:55:16.520Z - debug:  
2024-07-31T15:55:17.026Z - debug:  
2024-07-31T15:55:17.108Z - debug:  
2024-07-31T15:55:20.127Z - debug:  
2024-07-31T15:55:20.127Z - debug:  
2024-07-31T15:55:20.127Z - debug:  
2024-07-31T15:55:20.128Z - debug:  
2024-07-31T15:56:42.350Z - error: Invalid HTML in C:\repos\nus-cs2103\cs2103-website-base\schedule\week5\tutorial.md.
Table must have a tbody tag. Please correct this to avoid Vue hydration issues.

2024-07-31T15:57:08.567Z - error: Invalid HTML in C:\repos\nus-cs2103\cs2103-website-base\schedule\week4\project.md.
Table must have a tbody tag. Please correct this to avoid Vue hydration issues.

2024-07-31T15:57:08.568Z - error: Invalid HTML in C:\repos\nus-cs2103\cs2103-website-base\schedule\week4\project.md.
Table must have a tbody tag. Please correct this to avoid Vue hydration issues.

2024-07-31T15:57:34.266Z - debug:  
2024-07-31T15:57:52.981Z - debug:  
2024-07-31T15:57:53.119Z - debug:  
2024-07-31T15:57:58.172Z - error: Invalid HTML in C:\repos\nus-cs2103\cs2103-website-base\admin\ip-w4.md.
Table must have a tbody tag. Please correct this to avoid Vue hydration issues.

2024-07-31T15:57:58.173Z - error: Invalid HTML in C:\repos\nus-cs2103\cs2103-website-base\admin\ip-w4.md.
Table must have a tbody tag. Please correct this to avoid Vue hydration issues.

2024-07-31T15:58:01.940Z - info: Pages built
2024-07-31T15:58:02.851Z - info: Site data built
2024-07-31T15:58:02.852Z - info: Website generation complete! Total build time: 213.521s
2024-07-31T15:58:02.852Z - info: Build success!
