2024-08-05T10:11:15.805Z - info: Website generation (lazy) started at 6:11:10 pm
2024-08-05T10:11:27.609Z - warn: ENOENT: no such file or directory, open 'C:\repos\nus-cs2103\cs2103-website-base\cache\gh-pages\https!github.com!nus-cs2103-AY2425S1!website.git\book\_markbind\variables.md'
2024-08-05T10:11:27.611Z - warn: ENOENT: no such file or directory, open 'C:\repos\nus-cs2103\cs2103-website-base\cache\gh-pages\https!github.com!nus-cs2103-AY2425S1!website.git\_markbind\variables.md'
2024-08-05T10:11:27.685Z - info: Building assets...
2024-08-05T10:12:18.281Z - info: Assets built
2024-08-05T10:12:18.283Z - info: Generating landing page...
2024-08-05T10:12:19.114Z - info: Landing page built, other pages will be built as you navigate to them!
2024-08-05T10:12:20.321Z - info: Site data built
2024-08-05T10:12:20.322Z - info: Website generation (lazy) complete! Total build time: 70.15s
2024-08-05T10:12:20.779Z - info: Serving "C:\repos\nus-cs2103\cs2103-website-base\_site" at http://127.0.0.1:8080
2024-08-05T10:12:20.779Z - info: Press CTRL+C to stop ...
2024-08-05T10:21:47.050Z - info: Building C:\repos\nus-cs2103\cs2103-website-base\schedule\week1\index as some of its dependencies were changed since the last visit
2024-08-05T10:21:47.960Z - info: Site data built
2024-08-05T10:21:47.961Z - info: Lazy website regeneration complete! Total build time: 0.913s
2024-08-05T10:25:32.032Z - info: [6:25:32 pm] Reload for file change: C:\repos\nus-cs2103\cs2103-website-base\admin\courseBriefings.md
2024-08-05T10:25:32.035Z - info: Synchronizing opened pages list before reload
2024-08-05T10:25:32.036Z - info: Current opened pages, from most-to-least recent:
2024-08-05T10:25:32.036Z - info: 1. schedule/week1/index
2024-08-05T10:25:33.046Z - info: Rebuilding 1 pages
2024-08-05T10:25:33.561Z - info: Site data built
2024-08-05T10:25:33.561Z - info: Pages rebuilt
2024-08-05T10:25:33.562Z - info: Website regeneration complete! Total build time: 0.519s
2024-08-05T10:26:24.887Z - info: [6:26:24 pm] Reload for file change: C:\repos\nus-cs2103\cs2103-website-base\admin\courseBriefings.md
2024-08-05T10:26:24.888Z - info: Synchronizing opened pages list before reload
2024-08-05T10:26:24.888Z - info: Current opened pages, from most-to-least recent:
2024-08-05T10:26:24.888Z - info: 1. schedule/week1/index
2024-08-05T10:26:25.902Z - info: Rebuilding 1 pages
2024-08-05T10:26:26.397Z - info: Site data built
2024-08-05T10:26:26.397Z - info: Pages rebuilt
2024-08-05T10:26:26.397Z - info: Website regeneration complete! Total build time: 0.496s
2024-08-05T10:29:50.627Z - info: [6:29:50 pm] Reload for file change: C:\repos\nus-cs2103\cs2103-website-base\admin\common-notices-fragment.md
2024-08-05T10:29:50.628Z - info: Synchronizing opened pages list before reload
2024-08-05T10:29:50.628Z - info: Current opened pages, from most-to-least recent:
2024-08-05T10:29:50.628Z - info: 1. schedule/week1/index
2024-08-05T10:29:51.635Z - info: Rebuilding 1 pages
2024-08-05T10:29:52.136Z - info: Site data built
2024-08-05T10:29:52.136Z - info: Pages rebuilt
2024-08-05T10:29:52.137Z - info: Website regeneration complete! Total build time: 0.504s
2024-08-05T10:30:16.371Z - info: Building C:\repos\nus-cs2103\cs2103-website-base\schedule\week1\admin as some of its dependencies were changed since the last visit
2024-08-05T10:30:22.250Z - debug:  
2024-08-05T10:30:22.342Z - info: Site data built
2024-08-05T10:30:22.343Z - info: Lazy website regeneration complete! Total build time: 5.971s
2024-08-05T10:31:34.415Z - info: [6:31:34 pm] Reload for file change: C:\repos\nus-cs2103\cs2103-website-base\schedule\index.md
2024-08-05T10:31:34.416Z - info: Synchronizing opened pages list before reload
2024-08-05T10:31:34.416Z - info: Current opened pages, from most-to-least recent:
2024-08-05T10:31:34.416Z - info: 1. schedule/week1/admin
2024-08-05T10:31:35.425Z - info: Rebuilding 1 pages
2024-08-05T10:31:36.971Z - info: Site data built
2024-08-05T10:31:36.971Z - info: Pages rebuilt
2024-08-05T10:31:36.971Z - info: Website regeneration complete! Total build time: 1.547s
2024-08-05T10:33:13.875Z - info: [6:33:13 pm] Reload for file change: C:\repos\nus-cs2103\cs2103-website-base\_markbind\variables.md
2024-08-05T10:33:13.875Z - info: Synchronizing opened pages list before reload
2024-08-05T10:33:13.875Z - info: Current opened pages, from most-to-least recent:
2024-08-05T10:33:13.875Z - info: 1. schedule/week1/admin
2024-08-05T10:33:14.900Z - warn: ENOENT: no such file or directory, open 'C:\repos\nus-cs2103\cs2103-website-base\cache\gh-pages\https!github.com!nus-cs2103-AY2425S1!website.git\book\_markbind\variables.md'
2024-08-05T10:33:14.901Z - warn: ENOENT: no such file or directory, open 'C:\repos\nus-cs2103\cs2103-website-base\cache\gh-pages\https!github.com!nus-cs2103-AY2425S1!website.git\_markbind\variables.md'
2024-08-05T10:33:14.951Z - warn: Rebuilding all pages as variables file was changed, or the --force-reload flag was set
2024-08-05T10:33:14.954Z - info: Rebuilding 1 pages
2024-08-05T10:33:16.192Z - info: Site data built
2024-08-05T10:33:16.192Z - info: Pages rebuilt
2024-08-05T10:33:16.192Z - info: Website regeneration complete! Total build time: 1.31s
2024-08-05T10:35:06.291Z - info: [6:35:06 pm] Reload for file change: C:\repos\nus-cs2103\cs2103-website-base\admin\admin-tasks-fragment.md
2024-08-05T10:35:06.292Z - info: Synchronizing opened pages list before reload
2024-08-05T10:35:06.292Z - info: Current opened pages, from most-to-least recent:
2024-08-05T10:35:06.292Z - info: 1. schedule/week1/admin
2024-08-05T10:35:07.304Z - info: Rebuilding 1 pages
2024-08-05T10:35:08.533Z - info: Site data built
2024-08-05T10:35:08.533Z - info: Pages rebuilt
2024-08-05T10:35:08.533Z - info: Website regeneration complete! Total build time: 1.23s
2024-08-05T10:35:55.646Z - info: [6:35:55 pm] Reload for file change: C:\repos\nus-cs2103\cs2103-website-base\admin\admin-tasks-fragment.md
2024-08-05T10:35:55.646Z - info: Synchronizing opened pages list before reload
2024-08-05T10:35:55.646Z - info: Current opened pages, from most-to-least recent:
2024-08-05T10:35:55.646Z - info: 1. schedule/week1/admin
2024-08-05T10:35:56.658Z - info: Rebuilding 1 pages
2024-08-05T10:35:57.961Z - info: Site data built
2024-08-05T10:35:57.961Z - info: Pages rebuilt
2024-08-05T10:35:57.961Z - info: Website regeneration complete! Total build time: 1.304s
2024-08-05T10:36:07.880Z - info: [6:36:07 pm] Reload for file change: C:\repos\nus-cs2103\cs2103-website-base\admin\admin-tasks-fragment.md
2024-08-05T10:36:07.880Z - info: Synchronizing opened pages list before reload
2024-08-05T10:36:07.881Z - info: Current opened pages, from most-to-least recent:
2024-08-05T10:36:07.881Z - info: 1. schedule/week1/admin
2024-08-05T10:36:08.887Z - info: Rebuilding 1 pages
2024-08-05T10:36:09.892Z - info: Site data built
2024-08-05T10:36:09.892Z - info: Pages rebuilt
2024-08-05T10:36:09.892Z - info: Website regeneration complete! Total build time: 1.006s
2024-08-05T10:36:35.854Z - info: [6:36:35 pm] Reload for file change: C:\repos\nus-cs2103\cs2103-website-base\admin\admin-tasks-fragment.md
2024-08-05T10:36:35.855Z - info: Synchronizing opened pages list before reload
2024-08-05T10:36:35.855Z - info: Current opened pages, from most-to-least recent:
2024-08-05T10:36:35.855Z - info: 1. schedule/week1/admin
2024-08-05T10:36:36.861Z - info: Rebuilding 1 pages
2024-08-05T10:36:38.049Z - info: Site data built
2024-08-05T10:36:38.049Z - info: Pages rebuilt
2024-08-05T10:36:38.049Z - info: Website regeneration complete! Total build time: 1.189s
2024-08-05T10:36:51.957Z - info: [6:36:51 pm] Reload for file change: C:\repos\nus-cs2103\cs2103-website-base\admin\admin-tasks-fragment.md
2024-08-05T10:36:51.958Z - info: Synchronizing opened pages list before reload
2024-08-05T10:36:51.958Z - info: Current opened pages, from most-to-least recent:
2024-08-05T10:36:51.958Z - info: 1. schedule/week1/admin
2024-08-05T10:36:52.967Z - info: Rebuilding 1 pages
2024-08-05T10:36:53.983Z - info: Site data built
2024-08-05T10:36:53.983Z - info: Pages rebuilt
2024-08-05T10:36:53.983Z - info: Website regeneration complete! Total build time: 1.017s
2024-08-05T10:36:59.151Z - info: [6:36:59 pm] Reload for file change: C:\repos\nus-cs2103\cs2103-website-base\admin\admin-tasks-fragment.md
2024-08-05T10:36:59.151Z - info: Synchronizing opened pages list before reload
2024-08-05T10:36:59.151Z - info: Current opened pages, from most-to-least recent:
2024-08-05T10:36:59.151Z - info: 1. schedule/week1/admin
2024-08-05T10:37:00.163Z - info: Rebuilding 1 pages
2024-08-05T10:37:01.415Z - info: Site data built
2024-08-05T10:37:01.415Z - info: Pages rebuilt
2024-08-05T10:37:01.415Z - info: Website regeneration complete! Total build time: 1.253s
2024-08-05T10:37:32.925Z - info: Building C:\repos\nus-cs2103\cs2103-website-base\schedule\index as some of its dependencies were changed since the last visit
2024-08-05T10:37:33.570Z - info: Site data built
2024-08-05T10:37:33.570Z - info: Lazy website regeneration complete! Total build time: 0.646s
2024-08-05T10:38:45.223Z - info: [6:38:45 pm] Reload for file change: C:\repos\nus-cs2103\cs2103-website-base\admin\usingThisWebsite.md
2024-08-05T10:38:45.225Z - info: Synchronizing opened pages list before reload
2024-08-05T10:38:45.226Z - info: Current opened pages, from most-to-least recent:
2024-08-05T10:38:45.226Z - info: 1. schedule/week1/admin
2024-08-05T10:38:46.237Z - info: Rebuilding 1 pages
2024-08-05T10:38:47.436Z - info: Site data built
2024-08-05T10:38:47.436Z - info: Pages rebuilt
2024-08-05T10:38:47.437Z - info: Website regeneration complete! Total build time: 1.201s
2024-08-05T10:39:25.864Z - info: [6:39:25 pm] Reload for file change: C:\repos\nus-cs2103\cs2103-website-base\admin\usingThisWebsite.md
2024-08-05T10:39:25.865Z - info: Synchronizing opened pages list before reload
2024-08-05T10:39:25.865Z - info: Current opened pages, from most-to-least recent:
2024-08-05T10:39:25.865Z - info: 1. schedule/week1/admin
2024-08-05T10:39:26.880Z - info: Rebuilding 1 pages
2024-08-05T10:39:28.071Z - info: Site data built
2024-08-05T10:39:28.071Z - info: Pages rebuilt
2024-08-05T10:39:28.072Z - info: Website regeneration complete! Total build time: 1.192s
2024-08-05T10:54:18.747Z - info: [6:54:18 pm] Reload for file change: C:\repos\nus-cs2103\cs2103-website-base\book\about\usage.md
2024-08-05T10:54:18.748Z - info: Synchronizing opened pages list before reload
2024-08-05T10:54:18.748Z - info: Current opened pages, from most-to-least recent:
2024-08-05T10:54:18.748Z - info: 1. schedule/week1/admin
2024-08-05T10:54:19.755Z - info: Rebuilding 1 pages
2024-08-05T10:54:20.952Z - info: Site data built
2024-08-05T10:54:20.953Z - info: Pages rebuilt
2024-08-05T10:54:20.953Z - info: Website regeneration complete! Total build time: 1.199s
2024-08-05T10:55:29.854Z - info: [6:55:29 pm] Reload for file change: C:\repos\nus-cs2103\cs2103-website-base\book\about\usage.md
2024-08-05T10:55:29.855Z - info: Synchronizing opened pages list before reload
2024-08-05T10:55:29.855Z - info: Current opened pages, from most-to-least recent:
2024-08-05T10:55:29.855Z - info: 1. schedule/week1/admin
2024-08-05T10:55:30.870Z - info: Rebuilding 1 pages
2024-08-05T10:55:31.997Z - info: Site data built
2024-08-05T10:55:31.997Z - info: Pages rebuilt
2024-08-05T10:55:31.997Z - info: Website regeneration complete! Total build time: 1.13s
2024-08-05T10:55:53.052Z - info: [6:55:53 pm] Reload for file change: C:\repos\nus-cs2103\cs2103-website-base\book\about\usage.md
2024-08-05T10:55:53.055Z - info: Synchronizing opened pages list before reload
2024-08-05T10:55:53.056Z - info: Current opened pages, from most-to-least recent:
2024-08-05T10:55:53.057Z - info: 1. schedule/week1/admin
2024-08-05T10:55:54.076Z - info: Rebuilding 1 pages
2024-08-05T10:55:55.169Z - info: Site data built
2024-08-05T10:55:55.169Z - info: Pages rebuilt
2024-08-05T10:55:55.170Z - info: Website regeneration complete! Total build time: 1.095s
2024-08-05T10:57:18.885Z - info: [6:57:18 pm] Reload for file change: C:\repos\nus-cs2103\cs2103-website-base\book\about\usage.md
2024-08-05T10:57:18.885Z - info: Synchronizing opened pages list before reload
2024-08-05T10:57:18.885Z - info: Current opened pages, from most-to-least recent:
2024-08-05T10:57:18.885Z - info: 1. schedule/week1/admin
2024-08-05T10:57:19.896Z - info: Rebuilding 1 pages
2024-08-05T10:57:21.742Z - info: Site data built
2024-08-05T10:57:21.742Z - info: Pages rebuilt
2024-08-05T10:57:21.743Z - info: Website regeneration complete! Total build time: 1.848s
2024-08-05T10:58:04.123Z - info: [6:58:04 pm] Reload for file change: C:\repos\nus-cs2103\cs2103-website-base\book\about\usage.md
2024-08-05T10:58:04.123Z - info: Synchronizing opened pages list before reload
2024-08-05T10:58:04.123Z - info: Current opened pages, from most-to-least recent:
2024-08-05T10:58:04.124Z - info: 1. schedule/week1/admin
2024-08-05T10:58:05.138Z - info: Rebuilding 1 pages
2024-08-05T10:58:06.811Z - info: Site data built
2024-08-05T10:58:06.812Z - info: Pages rebuilt
2024-08-05T10:58:06.812Z - info: Website regeneration complete! Total build time: 1.675s
2024-08-05T10:58:40.425Z - info: [6:58:40 pm] Reload for file change: C:\repos\nus-cs2103\cs2103-website-base\book\about\usage.md
2024-08-05T10:58:40.425Z - info: Synchronizing opened pages list before reload
2024-08-05T10:58:40.426Z - info: Current opened pages, from most-to-least recent:
2024-08-05T10:58:40.426Z - info: 1. schedule/week1/admin
2024-08-05T10:58:41.434Z - info: Rebuilding 1 pages
2024-08-05T10:58:43.269Z - info: Site data built
2024-08-05T10:58:43.269Z - info: Pages rebuilt
2024-08-05T10:58:43.269Z - info: Website regeneration complete! Total build time: 1.836s
2024-08-05T11:00:05.442Z - info: [7:00:05 pm] Reload for file change: C:\repos\nus-cs2103\cs2103-website-base\book\about\usage.md
2024-08-05T11:00:05.442Z - info: Synchronizing opened pages list before reload
2024-08-05T11:00:05.443Z - info: Current opened pages, from most-to-least recent:
2024-08-05T11:00:05.443Z - info: 1. schedule/week1/admin
2024-08-05T11:00:06.447Z - info: Rebuilding 1 pages
2024-08-05T11:00:07.638Z - info: Site data built
2024-08-05T11:00:07.638Z - info: Pages rebuilt
2024-08-05T11:00:07.638Z - info: Website regeneration complete! Total build time: 1.193s
2024-08-05T11:00:51.040Z - info: [7:00:51 pm] Reload for file change: C:\repos\nus-cs2103\cs2103-website-base\book\about\usage.md
2024-08-05T11:00:51.041Z - info: Synchronizing opened pages list before reload
2024-08-05T11:00:51.041Z - info: Current opened pages, from most-to-least recent:
2024-08-05T11:00:51.041Z - info: 1. schedule/week1/admin
2024-08-05T11:00:52.056Z - info: Rebuilding 1 pages
2024-08-05T11:00:53.301Z - info: Site data built
2024-08-05T11:00:53.302Z - info: Pages rebuilt
2024-08-05T11:00:53.302Z - info: Website regeneration complete! Total build time: 1.247s
2024-08-05T11:02:42.807Z - info: [7:02:42 pm] Reload for file change: C:\repos\nus-cs2103\cs2103-website-base\book\about\usage.md
2024-08-05T11:02:42.808Z - info: Synchronizing opened pages list before reload
2024-08-05T11:02:42.808Z - info: Current opened pages, from most-to-least recent:
2024-08-05T11:02:42.808Z - info: 1. schedule/week1/admin
2024-08-05T11:02:43.816Z - info: Rebuilding 1 pages
2024-08-05T11:02:44.992Z - info: Site data built
2024-08-05T11:02:44.993Z - info: Pages rebuilt
2024-08-05T11:02:44.993Z - info: Website regeneration complete! Total build time: 1.178s
2024-08-05T11:04:32.393Z - info: [7:04:32 pm] Reload for file change: C:\repos\nus-cs2103\cs2103-website-base\admin\usingThisWebsite.md
2024-08-05T11:04:32.393Z - info: Synchronizing opened pages list before reload
2024-08-05T11:04:32.394Z - info: Current opened pages, from most-to-least recent:
2024-08-05T11:04:32.394Z - info: 1. schedule/week1/admin
2024-08-05T11:04:33.403Z - info: Rebuilding 1 pages
2024-08-05T11:04:34.620Z - info: Site data built
2024-08-05T11:04:34.620Z - info: Pages rebuilt
2024-08-05T11:04:34.621Z - info: Website regeneration complete! Total build time: 1.22s
2024-08-05T11:05:15.297Z - info: Building C:\repos\nus-cs2103\cs2103-website-base\admin\index as some of its dependencies were changed since the last visit
2024-08-05T11:05:15.549Z - info: Site data built
2024-08-05T11:05:15.550Z - info: Lazy website regeneration complete! Total build time: 0.254s
2024-08-05T11:05:22.773Z - info: Building C:\repos\nus-cs2103\cs2103-website-base\admin\usingThisWebsite as some of its dependencies were changed since the last visit
2024-08-05T11:05:23.168Z - info: Site data built
2024-08-05T11:05:23.169Z - info: Lazy website regeneration complete! Total build time: 0.396s
2024-08-05T11:08:09.860Z - info: [7:08:09 pm] Reload for file change: C:\repos\nus-cs2103\cs2103-website-base\admin\usingThisWebsite.md
2024-08-05T11:08:09.860Z - info: Synchronizing opened pages list before reload
2024-08-05T11:08:09.860Z - info: Current opened pages, from most-to-least recent:
2024-08-05T11:08:09.861Z - info: 1. admin/usingThisWebsite
2024-08-05T11:08:10.874Z - info: Rebuilding 1 pages
2024-08-05T11:08:11.183Z - info: Site data built
2024-08-05T11:08:11.183Z - info: Pages rebuilt
2024-08-05T11:08:11.183Z - info: Website regeneration complete! Total build time: 0.31s
2024-08-05T11:09:52.417Z - info: [7:09:52 pm] Reload for file change: C:\repos\nus-cs2103\cs2103-website-base\admin\usingThisWebsite.md
2024-08-05T11:09:52.418Z - info: Synchronizing opened pages list before reload
2024-08-05T11:09:52.418Z - info: Current opened pages, from most-to-least recent:
2024-08-05T11:09:52.418Z - info: 1. admin/usingThisWebsite
2024-08-05T11:09:53.423Z - info: Rebuilding 1 pages
2024-08-05T11:09:53.717Z - info: Site data built
2024-08-05T11:09:53.717Z - info: Pages rebuilt
2024-08-05T11:09:53.718Z - info: Website regeneration complete! Total build time: 0.295s
2024-08-05T11:10:31.545Z - info: [7:10:31 pm] Reload for file change: C:\repos\nus-cs2103\cs2103-website-base\admin\usingThisWebsite.md
2024-08-05T11:10:31.545Z - info: Synchronizing opened pages list before reload
2024-08-05T11:10:31.545Z - info: Current opened pages, from most-to-least recent:
2024-08-05T11:10:31.545Z - info: 1. admin/usingThisWebsite
2024-08-05T11:10:32.554Z - info: Rebuilding 1 pages
2024-08-05T11:10:32.894Z - info: Site data built
2024-08-05T11:10:32.894Z - info: Pages rebuilt
2024-08-05T11:10:32.894Z - info: Website regeneration complete! Total build time: 0.34s
2024-08-05T11:11:54.952Z - info: [7:11:54 pm] Reload for file change: C:\repos\nus-cs2103\cs2103-website-base\book\about\usage.md
2024-08-05T11:11:54.952Z - info: Synchronizing opened pages list before reload
2024-08-05T11:11:54.952Z - info: Current opened pages, from most-to-least recent:
2024-08-05T11:11:54.953Z - info: 1. admin/usingThisWebsite
2024-08-05T11:11:55.957Z - info: Rebuilding 1 pages
2024-08-05T11:11:56.271Z - info: Site data built
2024-08-05T11:11:56.272Z - info: Pages rebuilt
2024-08-05T11:11:56.272Z - info: Website regeneration complete! Total build time: 0.317s
2024-08-05T11:13:16.220Z - info: Building C:\repos\nus-cs2103\cs2103-website-base\admin\weeklySchedule as some of its dependencies were changed since the last visit
2024-08-05T11:13:16.430Z - info: Site data built
2024-08-05T11:13:16.430Z - info: Lazy website regeneration complete! Total build time: 0.21s
2024-08-05T11:13:29.057Z - info: Building C:\repos\nus-cs2103\cs2103-website-base\admin\tp-expectations as some of its dependencies were changed since the last visit
2024-08-05T11:13:29.435Z - info: Site data built
2024-08-05T11:13:29.435Z - info: Lazy website regeneration complete! Total build time: 0.378s
2024-08-05T11:14:44.006Z - info: [7:14:44 pm] Reload for file change: C:\repos\nus-cs2103\cs2103-website-base\book\about\usage.md
2024-08-05T11:14:44.007Z - info: Synchronizing opened pages list before reload
2024-08-05T11:14:44.007Z - info: Current opened pages, from most-to-least recent:
2024-08-05T11:14:44.007Z - info: 1. admin/tp-expectations
2024-08-05T11:14:45.010Z - info: No pages needed to be rebuilt
2024-08-05T11:14:49.511Z - info: Building C:\repos\nus-cs2103\cs2103-website-base\admin\usingThisWebsite as some of its dependencies were changed since the last visit
2024-08-05T11:14:49.920Z - info: Site data built
2024-08-05T11:14:49.920Z - info: Lazy website regeneration complete! Total build time: 0.409s
2024-08-05T11:15:07.166Z - info: [7:15:07 pm] Reload for file change: C:\repos\nus-cs2103\cs2103-website-base\book\about\usage.md
2024-08-05T11:15:07.166Z - info: Synchronizing opened pages list before reload
2024-08-05T11:15:07.167Z - info: Current opened pages, from most-to-least recent:
2024-08-05T11:15:07.167Z - info: 1. admin/usingThisWebsite
2024-08-05T11:15:08.182Z - info: Rebuilding 1 pages
2024-08-05T11:15:08.455Z - info: Site data built
2024-08-05T11:15:08.455Z - info: Pages rebuilt
2024-08-05T11:15:08.455Z - info: Website regeneration complete! Total build time: 0.274s
2024-08-05T11:15:23.219Z - info: [7:15:23 pm] Reload for file change: C:\repos\nus-cs2103\cs2103-website-base\book\about\usage.md
2024-08-05T11:15:23.219Z - info: Synchronizing opened pages list before reload
2024-08-05T11:15:23.219Z - info: Current opened pages, from most-to-least recent:
2024-08-05T11:15:23.219Z - info: 1. admin/usingThisWebsite
2024-08-05T11:15:24.225Z - info: Rebuilding 1 pages
2024-08-05T11:15:24.515Z - info: Site data built
2024-08-05T11:15:24.515Z - info: Pages rebuilt
2024-08-05T11:15:24.515Z - info: Website regeneration complete! Total build time: 0.291s
2024-08-05T11:15:33.270Z - info: [7:15:33 pm] Reload for file change: C:\repos\nus-cs2103\cs2103-website-base\book\about\usage.md
2024-08-05T11:15:33.270Z - info: Synchronizing opened pages list before reload
2024-08-05T11:15:33.271Z - info: Current opened pages, from most-to-least recent:
2024-08-05T11:15:33.271Z - info: 1. admin/usingThisWebsite
2024-08-05T11:15:34.281Z - info: Rebuilding 1 pages
2024-08-05T11:15:34.628Z - info: Site data built
2024-08-05T11:15:34.628Z - info: Pages rebuilt
2024-08-05T11:15:34.628Z - info: Website regeneration complete! Total build time: 0.348s
2024-08-05T11:16:28.911Z - info: [7:16:28 pm] Reload for file change: C:\repos\nus-cs2103\cs2103-website-base\book\about\usage.md
2024-08-05T11:16:28.912Z - info: Synchronizing opened pages list before reload
2024-08-05T11:16:28.912Z - info: Current opened pages, from most-to-least recent:
2024-08-05T11:16:28.912Z - info: 1. admin/usingThisWebsite
2024-08-05T11:16:29.913Z - info: Rebuilding 1 pages
2024-08-05T11:16:30.159Z - info: Site data built
2024-08-05T11:16:30.160Z - info: Pages rebuilt
2024-08-05T11:16:30.160Z - info: Website regeneration complete! Total build time: 0.248s
2024-08-05T11:16:40.099Z - info: [7:16:40 pm] Reload for file change: C:\repos\nus-cs2103\cs2103-website-base\book\about\usage.md
2024-08-05T11:16:40.100Z - info: Synchronizing opened pages list before reload
2024-08-05T11:16:40.100Z - info: Current opened pages, from most-to-least recent:
2024-08-05T11:16:40.100Z - info: 1. admin/usingThisWebsite
2024-08-05T11:16:41.109Z - info: Rebuilding 1 pages
2024-08-05T11:16:41.404Z - info: Site data built
2024-08-05T11:16:41.405Z - info: Pages rebuilt
2024-08-05T11:16:41.405Z - info: Website regeneration complete! Total build time: 0.297s
2024-08-05T11:17:23.344Z - info: [7:17:23 pm] Reload for file change: C:\repos\nus-cs2103\cs2103-website-base\book\about\usage.md
2024-08-05T11:17:23.344Z - info: Synchronizing opened pages list before reload
2024-08-05T11:17:23.344Z - info: Current opened pages, from most-to-least recent:
2024-08-05T11:17:23.345Z - info: 1. admin/usingThisWebsite
2024-08-05T11:17:24.362Z - info: Rebuilding 1 pages
2024-08-05T11:17:24.707Z - info: Site data built
2024-08-05T11:17:24.707Z - info: Pages rebuilt
2024-08-05T11:17:24.707Z - info: Website regeneration complete! Total build time: 0.347s
2024-08-05T11:18:40.142Z - info: [7:18:40 pm] Reload for file change: C:\repos\nus-cs2103\cs2103-website-base\book\about\usage.md
2024-08-05T11:18:40.143Z - info: Synchronizing opened pages list before reload
2024-08-05T11:18:40.143Z - info: Current opened pages, from most-to-least recent:
2024-08-05T11:18:40.143Z - info: 1. admin/usingThisWebsite
2024-08-05T11:18:41.154Z - info: Rebuilding 1 pages
2024-08-05T11:18:41.395Z - info: Site data built
2024-08-05T11:18:41.395Z - info: Pages rebuilt
2024-08-05T11:18:41.395Z - info: Website regeneration complete! Total build time: 0.242s
2024-08-05T11:19:46.298Z - info: [7:19:46 pm] Reload for file change: C:\repos\nus-cs2103\cs2103-website-base\book\about\usage.md
2024-08-05T11:19:46.298Z - info: Synchronizing opened pages list before reload
2024-08-05T11:19:46.299Z - info: Current opened pages, from most-to-least recent:
2024-08-05T11:19:46.299Z - info: 1. admin/usingThisWebsite
2024-08-05T11:19:46.319Z - info: [7:19:46 pm] Reload for file change: C:\repos\nus-cs2103\cs2103-website-base\admin\usingThisWebsite.md
2024-08-05T11:19:46.319Z - info: Synchronizing opened pages list before reload
2024-08-05T11:19:46.319Z - info: Current opened pages, from most-to-least recent:
2024-08-05T11:19:46.320Z - info: 1. admin/usingThisWebsite
2024-08-05T11:19:47.307Z - info: Rebuilding 1 pages
2024-08-05T11:19:47.627Z - info: Site data built
2024-08-05T11:19:47.627Z - info: Pages rebuilt
2024-08-05T11:19:47.627Z - info: Website regeneration complete! Total build time: 0.322s
2024-08-05T11:21:56.660Z - info: [7:21:56 pm] Reload for file change: C:\repos\nus-cs2103\cs2103-website-base\admin\usingThisWebsite.md
2024-08-05T11:21:56.661Z - info: Synchronizing opened pages list before reload
2024-08-05T11:21:56.661Z - info: Current opened pages, from most-to-least recent:
2024-08-05T11:21:56.661Z - info: 1. admin/usingThisWebsite
2024-08-05T11:21:57.671Z - info: Rebuilding 1 pages
2024-08-05T11:21:58.019Z - info: Site data built
2024-08-05T11:21:58.019Z - info: Pages rebuilt
2024-08-05T11:21:58.019Z - info: Website regeneration complete! Total build time: 0.349s
2024-08-05T11:22:24.671Z - info: Building C:\repos\nus-cs2103\cs2103-website-base\schedule\week1\index as some of its dependencies were changed since the last visit
2024-08-05T11:22:25.309Z - info: Site data built
2024-08-05T11:22:25.310Z - info: Lazy website regeneration complete! Total build time: 0.64s
2024-08-05T11:22:35.959Z - info: Building C:\repos\nus-cs2103\cs2103-website-base\schedule\week1\admin as some of its dependencies were changed since the last visit
2024-08-05T11:22:37.131Z - info: Site data built
2024-08-05T11:22:37.132Z - info: Lazy website regeneration complete! Total build time: 1.172s
2024-08-05T11:24:15.220Z - info: [7:24:15 pm] Reload for file change: C:\repos\nus-cs2103\cs2103-website-base\admin\courseExpectations.md
2024-08-05T11:24:15.220Z - info: Synchronizing opened pages list before reload
2024-08-05T11:24:15.221Z - info: Current opened pages, from most-to-least recent:
2024-08-05T11:24:15.221Z - info: 1. schedule/week1/admin
2024-08-05T11:24:16.230Z - info: Rebuilding 1 pages
2024-08-05T11:24:17.488Z - info: Site data built
2024-08-05T11:24:17.488Z - info: Pages rebuilt
2024-08-05T11:24:17.488Z - info: Website regeneration complete! Total build time: 1.261s
2024-08-05T11:25:19.060Z - info: [7:25:19 pm] Reload for file change: C:\repos\nus-cs2103\cs2103-website-base\admin\courseExpectations.md
2024-08-05T11:25:19.061Z - info: Synchronizing opened pages list before reload
2024-08-05T11:25:19.061Z - info: Current opened pages, from most-to-least recent:
2024-08-05T11:25:19.061Z - info: 1. schedule/week1/admin
2024-08-05T11:25:20.074Z - info: Rebuilding 1 pages
2024-08-05T11:25:21.264Z - info: Site data built
2024-08-05T11:25:21.265Z - info: Pages rebuilt
2024-08-05T11:25:21.265Z - info: Website regeneration complete! Total build time: 1.192s
2024-08-05T11:40:55.964Z - info: [7:40:55 pm] Reload for file change: C:\repos\nus-cs2103\cs2103-website-base\admin\admin-tasks-fragment.md
2024-08-05T11:40:55.965Z - info: Synchronizing opened pages list before reload
2024-08-05T11:40:55.965Z - info: Current opened pages, from most-to-least recent:
2024-08-05T11:40:55.965Z - info: 1. schedule/week1/admin
2024-08-05T11:40:56.976Z - info: Rebuilding 1 pages
2024-08-05T11:40:58.387Z - info: Site data built
2024-08-05T11:40:58.387Z - info: Pages rebuilt
2024-08-05T11:40:58.387Z - info: Website regeneration complete! Total build time: 1.413s
2024-08-05T11:43:31.484Z - info: Building C:\repos\nus-cs2103\cs2103-website-base\admin\appendixC-faq as some of its dependencies were changed since the last visit
2024-08-05T11:43:32.180Z - info: Site data built
2024-08-05T11:43:32.181Z - info: Lazy website regeneration complete! Total build time: 0.697s
2024-08-05T11:46:21.021Z - info: [7:46:21 pm] Reload for file change: C:\repos\nus-cs2103\cs2103-website-base\admin\faq-fragment.md
2024-08-05T11:46:21.021Z - info: Synchronizing opened pages list before reload
2024-08-05T11:46:21.022Z - info: Current opened pages, from most-to-least recent:
2024-08-05T11:46:21.022Z - info: 1. admin/appendixC-faq
2024-08-05T11:46:21.044Z - info: [7:46:21 pm] Reload for file change: C:\repos\nus-cs2103\cs2103-website-base\admin\appendixC-faq.md
2024-08-05T11:46:21.045Z - info: Synchronizing opened pages list before reload
2024-08-05T11:46:21.045Z - info: Current opened pages, from most-to-least recent:
2024-08-05T11:46:21.045Z - info: 1. admin/appendixC-faq
2024-08-05T11:46:22.033Z - info: Rebuilding 1 pages
2024-08-05T11:46:22.685Z - info: Site data built
2024-08-05T11:46:22.686Z - info: Pages rebuilt
2024-08-05T11:46:22.686Z - info: Website regeneration complete! Total build time: 0.654s
2024-08-05T11:46:52.972Z - info: [7:46:52 pm] Reload for file change: C:\repos\nus-cs2103\cs2103-website-base\admin\faq-fragment.md
2024-08-05T11:46:52.972Z - info: Synchronizing opened pages list before reload
2024-08-05T11:46:52.973Z - info: Current opened pages, from most-to-least recent:
2024-08-05T11:46:52.973Z - info: 1. admin/appendixC-faq
2024-08-05T11:46:53.989Z - info: Rebuilding 1 pages
2024-08-05T11:46:54.622Z - info: Site data built
2024-08-05T11:46:54.622Z - info: Pages rebuilt
2024-08-05T11:46:54.623Z - info: Website regeneration complete! Total build time: 0.634s
2024-08-05T11:48:18.282Z - info: [7:48:18 pm] Reload for file change: C:\repos\nus-cs2103\cs2103-website-base\admin\programmingLanguages.md
2024-08-05T11:48:18.282Z - info: Synchronizing opened pages list before reload
2024-08-05T11:48:18.282Z - info: Current opened pages, from most-to-least recent:
2024-08-05T11:48:18.282Z - info: 1. admin/appendixC-faq
2024-08-05T11:48:19.292Z - info: No pages needed to be rebuilt
2024-08-05T11:48:22.327Z - info: Building C:\repos\nus-cs2103\cs2103-website-base\admin\programmingLanguages as some of its dependencies were changed since the last visit
2024-08-05T11:48:22.521Z - info: Site data built
2024-08-05T11:48:22.521Z - info: Lazy website regeneration complete! Total build time: 0.194s
2024-08-05T11:49:00.229Z - info: [7:49:00 pm] Reload for file change: C:\repos\nus-cs2103\cs2103-website-base\admin\programmingLanguages.md
2024-08-05T11:49:00.229Z - info: Synchronizing opened pages list before reload
2024-08-05T11:49:00.229Z - info: Current opened pages, from most-to-least recent:
2024-08-05T11:49:00.230Z - info: 1. admin/programmingLanguages
2024-08-05T11:49:01.241Z - info: Rebuilding 1 pages
2024-08-05T11:49:01.378Z - info: Site data built
2024-08-05T11:49:01.379Z - info: Pages rebuilt
2024-08-05T11:49:01.379Z - info: Website regeneration complete! Total build time: 0.139s
2024-08-05T11:49:29.587Z - info: Building C:\repos\nus-cs2103\cs2103-website-base\schedule\week1\index as some of its dependencies were changed since the last visit
2024-08-05T11:49:30.189Z - info: Site data built
2024-08-05T11:49:30.189Z - info: Lazy website regeneration complete! Total build time: 0.603s
2024-08-05T11:50:08.106Z - info: Building C:\repos\nus-cs2103\cs2103-website-base\schedule\week1\admin as some of its dependencies were changed since the last visit
2024-08-05T11:50:09.440Z - info: Site data built
2024-08-05T11:50:09.441Z - info: Lazy website regeneration complete! Total build time: 1.334s
2024-08-05T11:52:05.366Z - info: Building C:\repos\nus-cs2103\cs2103-website-base\git-trail\index as some of its dependencies were changed since the last visit
2024-08-05T11:52:07.625Z - info: Site data built
2024-08-05T11:52:07.626Z - info: Lazy website regeneration complete! Total build time: 2.259s
2024-08-05T11:54:53.792Z - info: [7:54:53 pm] Reload for file change: C:\repos\nus-cs2103\cs2103-website-base\admin\tools.md
2024-08-05T11:54:53.793Z - info: Synchronizing opened pages list before reload
2024-08-05T11:54:53.793Z - info: Current opened pages, from most-to-least recent:
2024-08-05T11:54:53.794Z - info: 1. git-trail/index
2024-08-05T11:54:53.794Z - info: 2. schedule/week1/admin
2024-08-05T11:54:54.803Z - info: Rebuilding 1 pages
2024-08-05T11:54:56.121Z - info: Site data built
2024-08-05T11:54:56.121Z - info: Pages rebuilt
2024-08-05T11:54:56.121Z - info: Website regeneration complete! Total build time: 1.32s
2024-08-05T11:57:01.493Z - info: [7:57:01 pm] Reload for file change: C:\repos\nus-cs2103\cs2103-website-base\admin\tools.md
2024-08-05T11:57:01.493Z - info: Synchronizing opened pages list before reload
2024-08-05T11:57:01.493Z - info: Current opened pages, from most-to-least recent:
2024-08-05T11:57:01.494Z - info: 1. git-trail/index
2024-08-05T11:57:01.494Z - info: 2. schedule/week1/admin
2024-08-05T11:57:02.512Z - info: Rebuilding 1 pages
2024-08-05T11:57:03.754Z - info: Site data built
2024-08-05T11:57:03.754Z - info: Pages rebuilt
2024-08-05T11:57:03.754Z - info: Website regeneration complete! Total build time: 1.244s
2024-08-05T11:58:00.028Z - info: [7:58:00 pm] Reload for file change: C:\repos\nus-cs2103\cs2103-website-base\admin\tools.md
2024-08-05T11:58:00.029Z - info: Synchronizing opened pages list before reload
2024-08-05T11:58:00.029Z - info: Current opened pages, from most-to-least recent:
2024-08-05T11:58:00.030Z - info: 1. git-trail/index
2024-08-05T11:58:00.030Z - info: 2. schedule/week1/admin
2024-08-05T11:58:01.038Z - info: Rebuilding 1 pages
2024-08-05T11:58:02.270Z - info: Site data built
2024-08-05T11:58:02.271Z - info: Pages rebuilt
2024-08-05T11:58:02.271Z - info: Website regeneration complete! Total build time: 1.234s
2024-08-05T11:59:12.122Z - info: [7:59:12 pm] Reload for file change: C:\repos\nus-cs2103\cs2103-website-base\admin\tools.md
2024-08-05T11:59:12.123Z - info: Synchronizing opened pages list before reload
2024-08-05T11:59:12.124Z - info: Current opened pages, from most-to-least recent:
2024-08-05T11:59:12.124Z - info: 1. git-trail/index
2024-08-05T11:59:12.125Z - info: 2. schedule/week1/admin
2024-08-05T11:59:13.136Z - info: Rebuilding 1 pages
2024-08-05T11:59:14.331Z - info: Site data built
2024-08-05T11:59:14.331Z - info: Pages rebuilt
2024-08-05T11:59:14.331Z - info: Website regeneration complete! Total build time: 1.195s
2024-08-05T12:05:49.882Z - info: [8:05:49 pm] Reload for file change: C:\repos\nus-cs2103\cs2103-website-base\admin\tools.md
2024-08-05T12:05:49.883Z - info: Synchronizing opened pages list before reload
2024-08-05T12:05:49.883Z - info: Current opened pages, from most-to-least recent:
2024-08-05T12:05:49.883Z - info: 1. git-trail/index
2024-08-05T12:05:49.883Z - info: 2. schedule/week1/admin
2024-08-05T12:05:50.898Z - info: Rebuilding 1 pages
2024-08-05T12:05:52.117Z - info: Site data built
2024-08-05T12:05:52.117Z - info: Pages rebuilt
2024-08-05T12:05:52.117Z - info: Website regeneration complete! Total build time: 1.223s
2024-08-05T12:06:51.921Z - info: [8:06:51 pm] Reload for file change: C:\repos\nus-cs2103\cs2103-website-base\admin\tools.md
2024-08-05T12:06:51.921Z - info: Synchronizing opened pages list before reload
2024-08-05T12:06:51.921Z - info: Current opened pages, from most-to-least recent:
2024-08-05T12:06:51.922Z - info: 1. git-trail/index
2024-08-05T12:06:51.922Z - info: 2. schedule/week1/admin
2024-08-05T12:06:52.930Z - info: Rebuilding 1 pages
2024-08-05T12:06:54.148Z - info: Site data built
2024-08-05T12:06:54.148Z - info: Pages rebuilt
2024-08-05T12:06:54.148Z - info: Website regeneration complete! Total build time: 1.219s
2024-08-05T12:07:12.642Z - info: [8:07:12 pm] Reload for file change: C:\repos\nus-cs2103\cs2103-website-base\admin\tools.md
2024-08-05T12:07:12.642Z - info: Synchronizing opened pages list before reload
2024-08-05T12:07:12.643Z - info: Current opened pages, from most-to-least recent:
2024-08-05T12:07:12.643Z - info: 1. git-trail/index
2024-08-05T12:07:12.643Z - info: 2. schedule/week1/admin
2024-08-05T12:07:13.650Z - info: Rebuilding 1 pages
2024-08-05T12:07:14.847Z - info: Site data built
2024-08-05T12:07:14.847Z - info: Pages rebuilt
2024-08-05T12:07:14.847Z - info: Website regeneration complete! Total build time: 1.198s
2024-08-05T12:09:27.313Z - info: [8:09:27 pm] Reload for file change: C:\repos\nus-cs2103\cs2103-website-base\_markbind\variables.md
2024-08-05T12:09:27.313Z - info: Synchronizing opened pages list before reload
2024-08-05T12:09:27.314Z - info: Current opened pages, from most-to-least recent:
2024-08-05T12:09:27.315Z - info: 1. git-trail/index
2024-08-05T12:09:27.315Z - info: 2. schedule/week1/admin
2024-08-05T12:09:28.365Z - warn: ENOENT: no such file or directory, open 'C:\repos\nus-cs2103\cs2103-website-base\cache\gh-pages\https!github.com!nus-cs2103-AY2425S1!website.git\book\_markbind\variables.md'
2024-08-05T12:09:28.365Z - warn: ENOENT: no such file or directory, open 'C:\repos\nus-cs2103\cs2103-website-base\cache\gh-pages\https!github.com!nus-cs2103-AY2425S1!website.git\_markbind\variables.md'
2024-08-05T12:09:28.411Z - warn: Rebuilding all pages as variables file was changed, or the --force-reload flag was set
2024-08-05T12:09:28.414Z - info: Rebuilding 2 pages
2024-08-05T12:09:30.493Z - info: Site data built
2024-08-05T12:09:30.494Z - info: Pages rebuilt
2024-08-05T12:09:30.494Z - info: Website regeneration complete! Total build time: 2.164s
2024-08-05T12:10:11.240Z - info: [8:10:11 pm] Reload for file change: C:\repos\nus-cs2103\cs2103-website-base\admin\faq-fragment.md
2024-08-05T12:10:11.242Z - info: Synchronizing opened pages list before reload
2024-08-05T12:10:11.243Z - info: Current opened pages, from most-to-least recent:
2024-08-05T12:10:11.244Z - info: 1. git-trail/index
2024-08-05T12:10:11.244Z - info: 2. schedule/week1/admin
2024-08-05T12:10:12.257Z - info: Rebuilding 1 pages
2024-08-05T12:10:13.482Z - info: Site data built
2024-08-05T12:10:13.483Z - info: Pages rebuilt
2024-08-05T12:10:13.483Z - info: Website regeneration complete! Total build time: 1.226s
2024-08-05T12:11:56.255Z - info: [8:11:56 pm] Reload for file change: C:\repos\nus-cs2103\cs2103-website-base\admin\faq-fragment.md
2024-08-05T12:11:56.255Z - info: Synchronizing opened pages list before reload
2024-08-05T12:11:56.256Z - info: Current opened pages, from most-to-least recent:
2024-08-05T12:11:56.256Z - info: 1. git-trail/index
2024-08-05T12:11:56.256Z - info: 2. schedule/week1/admin
2024-08-05T12:11:57.269Z - info: Rebuilding 1 pages
2024-08-05T12:11:58.507Z - info: Site data built
2024-08-05T12:11:58.507Z - info: Pages rebuilt
2024-08-05T12:11:58.507Z - info: Website regeneration complete! Total build time: 1.239s
2024-08-05T12:14:19.868Z - info: Building C:\repos\nus-cs2103\cs2103-website-base\schedule\week1\topics as some of its dependencies were changed since the last visit
2024-08-05T12:14:24.886Z - debug:  
2024-08-05T12:14:25.162Z - info: Site data built
2024-08-05T12:14:25.162Z - info: Lazy website regeneration complete! Total build time: 5.294s
2024-08-05T12:25:04.083Z - info: [8:25:04 pm] Reload for file change: C:\repos\nus-cs2103\cs2103-website-base\schedule\week1\commentary-cs2103-fragment.md
2024-08-05T12:25:04.084Z - info: Synchronizing opened pages list before reload
2024-08-05T12:25:04.084Z - info: Current opened pages, from most-to-least recent:
2024-08-05T12:25:04.084Z - info: 1. schedule/week1/topics
2024-08-05T12:25:04.085Z - info: 2. git-trail/index
2024-08-05T12:25:05.100Z - info: Rebuilding 1 pages
2024-08-05T12:25:07.274Z - info: Site data built
2024-08-05T12:25:07.275Z - info: Pages rebuilt
2024-08-05T12:25:07.275Z - info: Website regeneration complete! Total build time: 2.177s
2024-08-05T12:26:43.495Z - info: Building C:\repos\nus-cs2103\cs2103-website-base\schedule\week1\project as some of its dependencies were changed since the last visit
2024-08-05T12:26:43.728Z - info: Site data built
2024-08-05T12:26:43.728Z - info: Lazy website regeneration complete! Total build time: 0.233s
2024-08-05T12:27:04.692Z - info: Building C:\repos\nus-cs2103\cs2103-website-base\schedule\week1\tutorial as some of its dependencies were changed since the last visit
2024-08-05T12:27:04.897Z - info: Site data built
2024-08-05T12:27:04.898Z - info: Lazy website regeneration complete! Total build time: 0.207s
2024-08-05T12:31:00.296Z - info: Building C:\repos\nus-cs2103\cs2103-website-base\schedule\week2\index as some of its dependencies were changed since the last visit
2024-08-05T12:31:00.934Z - info: Site data built
2024-08-05T12:31:00.935Z - info: Lazy website regeneration complete! Total build time: 0.639s
2024-08-05T12:34:33.761Z - info: [8:34:33 pm] Reload for file change: C:\repos\nus-cs2103\cs2103-website-base\schedule\week2\notices-cs2103-fragment.md
2024-08-05T12:34:33.761Z - info: Synchronizing opened pages list before reload
2024-08-05T12:34:33.762Z - info: Current opened pages, from most-to-least recent:
2024-08-05T12:34:33.762Z - info: 1. schedule/week2/index
2024-08-05T12:34:33.762Z - info: 2. git-trail/index
2024-08-05T12:34:34.777Z - info: Rebuilding 1 pages
2024-08-05T12:34:35.219Z - info: Site data built
2024-08-05T12:34:35.219Z - info: Pages rebuilt
2024-08-05T12:34:35.219Z - info: Website regeneration complete! Total build time: 0.443s
2024-08-05T12:35:25.045Z - info: [8:35:25 pm] Reload for file change: C:\repos\nus-cs2103\cs2103-website-base\schedule\week2\notices-cs2103-fragment.md
2024-08-05T12:35:25.045Z - info: Synchronizing opened pages list before reload
2024-08-05T12:35:25.045Z - info: Current opened pages, from most-to-least recent:
2024-08-05T12:35:25.046Z - info: 1. schedule/week2/index
2024-08-05T12:35:25.046Z - info: 2. git-trail/index
2024-08-05T12:35:26.061Z - info: Rebuilding 1 pages
2024-08-05T12:35:26.465Z - info: Site data built
2024-08-05T12:35:26.465Z - info: Pages rebuilt
2024-08-05T12:35:26.465Z - info: Website regeneration complete! Total build time: 0.406s
2024-08-05T12:38:26.729Z - info: Building C:\repos\nus-cs2103\cs2103-website-base\schedule\week2\admin as some of its dependencies were changed since the last visit
2024-08-05T12:38:27.490Z - info: Site data built
2024-08-05T12:38:27.490Z - info: Lazy website regeneration complete! Total build time: 0.761s
2024-08-05T12:40:03.314Z - info: Building C:\repos\nus-cs2103\cs2103-website-base\schedule\week2\topics as some of its dependencies were changed since the last visit
2024-08-05T12:40:05.078Z - info: Site data built
2024-08-05T12:40:05.078Z - info: Lazy website regeneration complete! Total build time: 1.764s
2024-08-05T12:40:15.685Z - info: Building C:\repos\nus-cs2103\cs2103-website-base\schedule\week2\project as some of its dependencies were changed since the last visit
2024-08-05T12:40:17.639Z - info: Site data built
2024-08-05T12:40:17.640Z - info: Lazy website regeneration complete! Total build time: 1.955s
2024-08-05T12:41:06.818Z - info: [8:41:06 pm] Reload for file change: C:\repos\nus-cs2103\cs2103-website-base\admin\ip-tasks-fragment.md
2024-08-05T12:41:06.818Z - info: Synchronizing opened pages list before reload
2024-08-05T12:41:06.818Z - info: Current opened pages, from most-to-least recent:
2024-08-05T12:41:06.819Z - info: 1. schedule/week2/project
2024-08-05T12:41:06.821Z - info: 2. git-trail/index
2024-08-05T12:41:07.833Z - info: Rebuilding 1 pages
2024-08-05T12:41:09.208Z - info: Site data built
2024-08-05T12:41:09.208Z - info: Pages rebuilt
2024-08-05T12:41:09.208Z - info: Website regeneration complete! Total build time: 1.376s
2024-08-05T12:42:10.669Z - info: [8:42:10 pm] Reload for file change: C:\repos\nus-cs2103\cs2103-website-base\admin\ip-tasks-fragment.md
2024-08-05T12:42:10.669Z - info: Synchronizing opened pages list before reload
2024-08-05T12:42:10.670Z - info: Current opened pages, from most-to-least recent:
2024-08-05T12:42:10.670Z - info: 1. schedule/week2/project
2024-08-05T12:42:10.670Z - info: 2. git-trail/index
2024-08-05T12:42:11.686Z - info: Rebuilding 1 pages
2024-08-05T12:42:13.056Z - info: Site data built
2024-08-05T12:42:13.057Z - info: Pages rebuilt
2024-08-05T12:42:13.057Z - info: Website regeneration complete! Total build time: 1.373s
2024-08-05T12:42:51.311Z - info: Building C:\repos\nus-cs2103\cs2103-website-base\schedule\week2\tutorial as some of its dependencies were changed since the last visit
2024-08-05T12:42:51.481Z - info: Site data built
2024-08-05T12:42:51.481Z - info: Lazy website regeneration complete! Total build time: 0.171s
2024-08-05T12:43:53.331Z - info: Website generation started at 8:43:38 pm
2024-08-05T12:44:02.140Z - info: Building assets...
2024-08-05T12:44:08.503Z - info: Assets built
2024-08-05T12:44:08.504Z - info: Generating pages...
2024-08-05T12:44:29.946Z - debug:  
2024-08-05T12:44:29.950Z - debug:  
2024-08-05T12:44:29.952Z - debug:  
2024-08-05T12:44:29.953Z - debug:  
2024-08-05T12:44:29.954Z - debug:  
2024-08-05T12:44:30.398Z - debug:  
2024-08-05T12:44:30.399Z - debug:  
2024-08-05T12:44:30.402Z - debug:  
2024-08-05T12:44:30.403Z - debug:  
2024-08-05T12:44:30.404Z - debug:  
2024-08-05T12:44:30.404Z - debug:  
2024-08-05T12:44:30.408Z - debug:  
2024-08-05T12:44:30.575Z - debug:  
2024-08-05T12:44:33.662Z - debug:  
2024-08-05T12:44:33.662Z - debug:  
2024-08-05T12:44:33.663Z - debug:  
2024-08-05T12:44:33.663Z - debug:  
2024-08-05T12:45:46.585Z - error: Invalid HTML in C:\repos\nus-cs2103\cs2103-website-base\schedule\week5\tutorial.md.
Table must have a tbody tag. Please correct this to avoid Vue hydration issues.

2024-08-05T12:46:09.747Z - error: Invalid HTML in C:\repos\nus-cs2103\cs2103-website-base\schedule\week4\project.md.
Table must have a tbody tag. Please correct this to avoid Vue hydration issues.

2024-08-05T12:46:09.748Z - error: Invalid HTML in C:\repos\nus-cs2103\cs2103-website-base\schedule\week4\project.md.
Table must have a tbody tag. Please correct this to avoid Vue hydration issues.

2024-08-05T12:46:32.987Z - debug:  
2024-08-05T12:46:49.367Z - debug:  
2024-08-05T12:46:49.420Z - debug:  
2024-08-05T12:46:54.030Z - error: Invalid HTML in C:\repos\nus-cs2103\cs2103-website-base\admin\ip-w4.md.
Table must have a tbody tag. Please correct this to avoid Vue hydration issues.

2024-08-05T12:46:54.030Z - error: Invalid HTML in C:\repos\nus-cs2103\cs2103-website-base\admin\ip-w4.md.
Table must have a tbody tag. Please correct this to avoid Vue hydration issues.

2024-08-05T12:46:57.686Z - info: Pages built
2024-08-05T12:46:58.764Z - info: Site data built
2024-08-05T12:46:58.764Z - info: Website generation complete! Total build time: 200.149s
2024-08-05T12:46:58.765Z - info: Build success!
2024-08-05T12:49:00.072Z - info: The website has been deployed at: https://nus-cs2103-ay2425s1.github.io/website
