2024-11-04T15:57:25.337Z - info: Website generation started at 23:57:24
2024-11-04T15:57:25.612Z - warn: ENOENT: no such file or directory, open '/Users/damithch/Repos/nus-cs2103/cs2103-website-base/node_modules/.cache/gh-pages/https!github.com!nus-cs2103-AY2425S1!website.git/book/_markbind/variables.md'
2024-11-04T15:57:25.613Z - warn: ENOENT: no such file or directory, open '/Users/damithch/Repos/nus-cs2103/cs2103-website-base/node_modules/.cache/gh-pages/https!github.com!nus-cs2103-AY2425S1!website.git/_markbind/variables.md'
2024-11-04T15:57:25.631Z - info: Building assets...
2024-11-04T15:57:27.215Z - info: Assets built
2024-11-04T15:57:27.215Z - info: Generating pages...
2024-11-04T15:57:32.312Z - debug:  
2024-11-04T15:57:32.312Z - debug: 2024-11-04 23:57:29.058 java[9004:2936833] +[IMKClient subclass]: chose IMKClient_Modern
2024-11-04 23:57:29.058 java[9004:2936833] +[IMKInputSession subclass]: chose IMKInputSession_Modern

2024-11-04T15:57:32.312Z - debug:  
2024-11-04T15:57:32.312Z - debug:  
2024-11-04T15:57:32.312Z - debug:  
2024-11-04T15:57:32.312Z - debug:  
2024-11-04T15:57:32.312Z - debug:  
2024-11-04T15:57:32.312Z - debug:  
2024-11-04T15:57:32.312Z - debug:  
2024-11-04T15:57:32.312Z - debug: 2024-11-04 23:57:30.054 java[9026:2937056] +[IMKClient subclass]: chose IMKClient_Modern
2024-11-04 23:57:30.054 java[9026:2937056] +[IMKInputSession subclass]: chose IMKInputSession_Modern

2024-11-04T15:57:32.312Z - debug:  
2024-11-04T15:57:32.313Z - debug:  
2024-11-04T15:57:32.313Z - debug:  
2024-11-04T15:57:32.313Z - debug:  
2024-11-04T15:57:32.830Z - debug:  
2024-11-04T15:57:32.830Z - debug:  
2024-11-04T15:57:33.003Z - debug: 2024-11-04 23:57:32.631 java[9080:2937875] +[IMKClient subclass]: chose IMKClient_Modern
2024-11-04 23:57:32.631 java[9080:2937875] +[IMKInputSession subclass]: chose IMKInputSession_Modern

2024-11-04T15:57:40.621Z - debug: 2024-11-04 23:57:40.246 java[9093:2938067] +[IMKClient subclass]: chose IMKClient_Modern
2024-11-04 23:57:40.246 java[9093:2938067] +[IMKInputSession subclass]: chose IMKInputSession_Modern

2024-11-04T15:58:20.124Z - debug: 2024-11-04 23:58:17.864 java[9125:2938663] +[IMKClient subclass]: chose IMKClient_Modern
2024-11-04 23:58:17.864 java[9125:2938663] +[IMKInputSession subclass]: chose IMKInputSession_Modern

2024-11-04T15:58:29.115Z - debug: 2024-11-04 23:58:28.662 java[9158:2939150] +[IMKClient subclass]: chose IMKClient_Modern
2024-11-04 23:58:28.662 java[9158:2939150] +[IMKInputSession subclass]: chose IMKInputSession_Modern

2024-11-04T15:58:29.457Z - debug:  
2024-11-04T15:58:35.130Z - info: Pages built
2024-11-04T15:58:35.204Z - info: Site data built
2024-11-04T15:58:35.204Z - info: Website generation complete! Total build time: 70.804s
2024-11-04T15:58:35.204Z - info: Build success!
2024-11-04T15:58:56.258Z - info: The website has been deployed at: https://nus-cs2103-ay2425s1.github.io/website
