2024-07-21T16:33:37.013Z - info: Website generation (lazy) started at 12:33:23 am
2024-07-21T16:33:46.240Z - warn: ENOENT: no such file or directory, open 'C:\repos\nus-cs2103\cs2103-website-base\cache\gh-pages\https!github.com!nus-tic2002-AY2425S1!website.git\book\_markbind\variables.md'
2024-07-21T16:33:46.241Z - warn: ENOENT: no such file or directory, open 'C:\repos\nus-cs2103\cs2103-website-base\cache\gh-pages\https!github.com!nus-tic2002-AY2425S1!website.git\_markbind\variables.md'
2024-07-21T16:33:46.298Z - info: Building assets...
2024-07-21T16:34:30.850Z - info: Assets built
2024-07-21T16:34:30.851Z - info: Generating landing page...
2024-07-21T16:34:31.652Z - info: Landing page built, other pages will be built as you navigate to them!
2024-07-21T16:34:32.819Z - info: Site data built
2024-07-21T16:34:32.820Z - info: Website generation (lazy) complete! Total build time: 69.086s
2024-07-21T16:34:32.878Z - info: Serving "C:\repos\nus-cs2103\cs2103-website-base\_site" at http://127.0.0.1:8080
2024-07-21T16:34:32.879Z - info: Press CTRL+C to stop ...
2024-07-21T16:39:36.319Z - info: [12:39:36 am] Reload for file change: C:\repos\nus-cs2103\cs2103-website-base\admin\programmingLanguages.md
2024-07-21T16:39:36.321Z - info: Synchronizing opened pages list before reload
2024-07-21T16:39:36.322Z - info: Current opened pages, from most-to-least recent:
2024-07-21T16:39:36.323Z - info: 1. index
2024-07-21T16:39:37.342Z - info: No pages needed to be rebuilt
2024-07-21T16:39:40.063Z - info: Building C:\repos\nus-cs2103\cs2103-website-base\admin\programmingLanguages as some of its dependencies were changed since the last visit
2024-07-21T16:39:40.314Z - info: Site data built
2024-07-21T16:39:40.314Z - info: Lazy website regeneration complete! Total build time: 0.251s
2024-07-21T16:40:08.479Z - info: [12:40:08 am] Reload for file change: C:\repos\nus-cs2103\cs2103-website-base\admin\programmingLanguages.md
2024-07-21T16:40:08.479Z - info: Synchronizing opened pages list before reload
2024-07-21T16:40:08.480Z - info: Current opened pages, from most-to-least recent:
2024-07-21T16:40:08.480Z - info: 1. admin/programmingLanguages
2024-07-21T16:40:09.488Z - info: Rebuilding 1 pages
2024-07-21T16:40:09.665Z - info: Site data built
2024-07-21T16:40:09.665Z - info: Pages rebuilt
2024-07-21T16:40:09.665Z - info: Website regeneration complete! Total build time: 0.178s
2024-07-21T16:41:44.172Z - info: [12:41:44 am] Reload for file change: C:\repos\nus-cs2103\cs2103-website-base\admin\programmingLanguages.md
2024-07-21T16:41:44.172Z - info: Synchronizing opened pages list before reload
2024-07-21T16:41:44.172Z - info: Current opened pages, from most-to-least recent:
2024-07-21T16:41:44.173Z - info: 1. admin/programmingLanguages
2024-07-21T16:41:45.187Z - info: Rebuilding 1 pages
2024-07-21T16:41:45.304Z - info: Site data built
2024-07-21T16:41:45.304Z - info: Pages rebuilt
2024-07-21T16:41:45.304Z - info: Website regeneration complete! Total build time: 0.119s
2024-07-21T16:43:01.702Z - info: [12:43:01 am] Reload for file change: C:\repos\nus-cs2103\cs2103-website-base\admin\programmingLanguages.md
2024-07-21T16:43:01.703Z - info: Synchronizing opened pages list before reload
2024-07-21T16:43:01.703Z - info: Current opened pages, from most-to-least recent:
2024-07-21T16:43:01.703Z - info: 1. admin/programmingLanguages
2024-07-21T16:43:02.710Z - info: Rebuilding 1 pages
2024-07-21T16:43:02.851Z - info: Site data built
2024-07-21T16:43:02.851Z - info: Pages rebuilt
2024-07-21T16:43:02.851Z - info: Website regeneration complete! Total build time: 0.143s
2024-07-21T16:44:12.755Z - info: [12:44:12 am] Reload for file change: C:\repos\nus-cs2103\cs2103-website-base\admin\programmingLanguages.md
2024-07-21T16:44:12.756Z - info: Synchronizing opened pages list before reload
2024-07-21T16:44:12.756Z - info: Current opened pages, from most-to-least recent:
2024-07-21T16:44:12.756Z - info: 1. admin/programmingLanguages
2024-07-21T16:44:13.767Z - info: Rebuilding 1 pages
2024-07-21T16:44:13.888Z - info: Site data built
2024-07-21T16:44:13.888Z - info: Pages rebuilt
2024-07-21T16:44:13.888Z - info: Website regeneration complete! Total build time: 0.122s
2024-07-21T16:51:16.391Z - info: Website generation started at 12:51:00 am
2024-07-21T16:51:24.732Z - info: Building assets...
2024-07-21T16:51:30.574Z - info: Assets built
2024-07-21T16:51:30.575Z - info: Generating pages...
2024-07-21T16:51:51.245Z - debug:  
2024-07-21T16:51:51.247Z - debug:  
2024-07-21T16:51:51.248Z - debug:  
2024-07-21T16:51:51.248Z - debug:  
2024-07-21T16:51:51.249Z - debug:  
2024-07-21T16:51:51.250Z - debug:  
2024-07-21T16:51:51.250Z - debug:  
2024-07-21T16:51:51.250Z - debug:  
2024-07-21T16:51:51.251Z - debug:  
2024-07-21T16:51:51.687Z - debug:  
2024-07-21T16:51:51.688Z - debug:  
2024-07-21T16:51:51.689Z - debug:  
2024-07-21T16:51:51.690Z - debug:  
2024-07-21T16:51:51.691Z - debug:  
2024-07-21T16:51:51.849Z - debug:  
2024-07-21T16:51:56.108Z - debug:  
2024-07-21T16:51:56.109Z - debug:  
2024-07-21T16:53:14.019Z - error: Invalid HTML in C:\repos\nus-cs2103\cs2103-website-base\schedule\week5\tutorial.md.
Table must have a tbody tag. Please correct this to avoid Vue hydration issues.

2024-07-21T16:53:39.265Z - error: Invalid HTML in C:\repos\nus-cs2103\cs2103-website-base\schedule\week4\project.md.
Table must have a tbody tag. Please correct this to avoid Vue hydration issues.

2024-07-21T16:53:39.266Z - error: Invalid HTML in C:\repos\nus-cs2103\cs2103-website-base\schedule\week4\project.md.
Table must have a tbody tag. Please correct this to avoid Vue hydration issues.

2024-07-21T16:54:04.867Z - debug:  
2024-07-21T16:54:28.550Z - debug:  
2024-07-21T16:54:28.575Z - debug:  
2024-07-21T16:54:34.215Z - error: Invalid HTML in C:\repos\nus-cs2103\cs2103-website-base\admin\ip-w4.md.
Table must have a tbody tag. Please correct this to avoid Vue hydration issues.

2024-07-21T16:54:34.216Z - error: Invalid HTML in C:\repos\nus-cs2103\cs2103-website-base\admin\ip-w4.md.
Table must have a tbody tag. Please correct this to avoid Vue hydration issues.

2024-07-21T16:54:38.264Z - info: Pages built
2024-07-21T16:54:39.349Z - info: Site data built
2024-07-21T16:54:39.350Z - info: Website generation complete! Total build time: 218.768s
2024-07-21T16:54:39.350Z - info: Build success!
2024-07-21T16:57:48.005Z - info: The website has been deployed at: https://nus-cs2103-ay2425s1.github.io/website
