2024-10-18T11:19:53.048Z - info: Website generation started at 19:19:52
2024-10-18T11:19:53.231Z - info: Building assets...
2024-10-18T11:19:53.474Z - info: Assets built
2024-10-18T11:19:53.475Z - info: Generating pages...
2024-10-18T11:19:58.776Z - debug: java.io.IOException: Cannot run program "/opt/local/bin/dot": error=2, No such file or directory
	at java.base/java.lang.ProcessBuilder.start(ProcessBuilder.java:1143)
	at java.base/java.lang.ProcessBuilder.start(ProcessBuilder.java:1073)
	at java.base/java.lang.Runtime.exec(Runtime.java:594)
	at net.sourceforge.plantuml.dot.ProcessRunner$MainThread.startThreads(ProcessRunner.java:165)
	at net.sourceforge.plantuml.dot.ProcessRunner$MainThread.runJob(ProcessRunner.java:125)
	at net.sourceforge.plantuml.api.TimeoutExecutor$MyThread.run(TimeoutExecutor.java:81)
Caused by: java.io.IOException: error=2, No such file or directory
	at java.base/java.lang.ProcessImpl.forkAndExec(Native Method)
	at java.base/java.lang.ProcessImpl.<init>(ProcessImpl.java:314)
	at java.base/java.lang.ProcessImpl.start(ProcessImpl.java:244)
	at java.base/java.lang.ProcessBuilder.start(ProcessBuilder.java:1110)
	... 5 more
java.io.IOException: Cannot run program "/opt/local/bin/dot": error=2, No such file or directory
	at java.base/java.lang.ProcessBuilder.start(ProcessBuilder.java:1143)
	at java.base/java.lang.ProcessBuilder.start(ProcessBuilder.java:1073)
	at java.base/java.lang.Runtime.exec(Runtime.java:594)
	at net.sourceforge.plantuml.dot.ProcessRunner$MainThread.startThreads(ProcessRunner.java:165)
	at net.sourceforge.plantuml.dot.ProcessRunner$MainThread.runJob(ProcessRunner.java:125)
	at net.sourceforge.plantuml.api.TimeoutExecutor$MyThread.run(TimeoutExecutor.java:81)
Caused by: java.io.IOException: error=2, No such file or directory
	at java.base/java.lang.ProcessImpl.forkAndExec(Native Method)
	at java.base/java.lang.ProcessImpl.<init>(ProcessImpl.java:314)
	at java.base/java.lang.ProcessImpl.start(ProcessImpl.java:244)
	at java.base/java.lang.ProcessBuilder.start(ProcessBuilder.java:1110)
	... 5 more

2024-10-18T11:19:58.776Z - debug:  
2024-10-18T11:19:58.776Z - debug:  
2024-10-18T11:19:58.776Z - debug:  
2024-10-18T11:19:58.776Z - debug:  
2024-10-18T11:19:58.776Z - debug: java.io.IOException: Cannot run program "/opt/local/bin/dot": error=2, No such file or directory
	at java.base/java.lang.ProcessBuilder.start(ProcessBuilder.java:1143)
	at java.base/java.lang.ProcessBuilder.start(ProcessBuilder.java:1073)
	at java.base/java.lang.Runtime.exec(Runtime.java:594)
	at net.sourceforge.plantuml.dot.ProcessRunner$MainThread.startThreads(ProcessRunner.java:165)
	at net.sourceforge.plantuml.dot.ProcessRunner$MainThread.runJob(ProcessRunner.java:125)
	at net.sourceforge.plantuml.api.TimeoutExecutor$MyThread.run(TimeoutExecutor.java:81)
Caused by: java.io.IOException: error=2, No such file or directory
	at java.base/java.lang.ProcessImpl.forkAndExec(Native Method)
	at java.base/java.lang.ProcessImpl.<init>(ProcessImpl.java:314)
	at java.base/java.lang.ProcessImpl.start(ProcessImpl.java:244)
	at java.base/java.lang.ProcessBuilder.start(ProcessBuilder.java:1110)
	... 5 more
java.io.IOException: Cannot run program "/opt/local/bin/dot": error=2, No such file or directory
	at java.base/java.lang.ProcessBuilder.start(ProcessBuilder.java:1143)
	at java.base/java.lang.ProcessBuilder.start(ProcessBuilder.java:1073)
	at java.base/java.lang.Runtime.exec(Runtime.java:594)
	at net.sourceforge.plantuml.dot.ProcessRunner$MainThread.startThreads(ProcessRunner.java:165)
	at net.sourceforge.plantuml.dot.ProcessRunner$MainThread.runJob(ProcessRunner.java:125)
	at net.sourceforge.plantuml.api.TimeoutExecutor$MyThread.run(TimeoutExecutor.java:81)
Caused by: java.io.IOException: error=2, No such file or directory
	at java.base/java.lang.ProcessImpl.forkAndExec(Native Method)
	at java.base/java.lang.ProcessImpl.<init>(ProcessImpl.java:314)
	at java.base/java.lang.ProcessImpl.start(ProcessImpl.java:244)
	at java.base/java.lang.ProcessBuilder.start(ProcessBuilder.java:1110)
	... 5 more

2024-10-18T11:19:58.776Z - debug:  
2024-10-18T11:19:58.776Z - debug:  
2024-10-18T11:19:58.776Z - debug: java.io.IOException: Cannot run program "/opt/local/bin/dot": error=2, No such file or directory
	at java.base/java.lang.ProcessBuilder.start(ProcessBuilder.java:1143)
	at java.base/java.lang.ProcessBuilder.start(ProcessBuilder.java:1073)
	at java.base/java.lang.Runtime.exec(Runtime.java:594)
	at net.sourceforge.plantuml.dot.ProcessRunner$MainThread.startThreads(ProcessRunner.java:165)
	at net.sourceforge.plantuml.dot.ProcessRunner$MainThread.runJob(ProcessRunner.java:125)
	at net.sourceforge.plantuml.api.TimeoutExecutor$MyThread.run(TimeoutExecutor.java:81)
Caused by: java.io.IOException: error=2, No such file or directory
	at java.base/java.lang.ProcessImpl.forkAndExec(Native Method)
	at java.base/java.lang.ProcessImpl.<init>(ProcessImpl.java:314)
	at java.base/java.lang.ProcessImpl.start(ProcessImpl.java:244)
	at java.base/java.lang.ProcessBuilder.start(ProcessBuilder.java:1110)
	... 5 more
java.io.IOException: Cannot run program "/opt/local/bin/dot": error=2, No such file or directory
	at java.base/java.lang.ProcessBuilder.start(ProcessBuilder.java:1143)
	at java.base/java.lang.ProcessBuilder.start(ProcessBuilder.java:1073)
	at java.base/java.lang.Runtime.exec(Runtime.java:594)
	at net.sourceforge.plantuml.dot.ProcessRunner$MainThread.startThreads(ProcessRunner.java:165)
	at net.sourceforge.plantuml.dot.ProcessRunner$MainThread.runJob(ProcessRunner.java:125)
	at net.sourceforge.plantuml.api.TimeoutExecutor$MyThread.run(TimeoutExecutor.java:81)
Caused by: java.io.IOException: error=2, No such file or directory
	at java.base/java.lang.ProcessImpl.forkAndExec(Native Method)
	at java.base/java.lang.ProcessImpl.<init>(ProcessImpl.java:314)
	at java.base/java.lang.ProcessImpl.start(ProcessImpl.java:244)
	at java.base/java.lang.ProcessBuilder.start(ProcessBuilder.java:1110)
	... 5 more

2024-10-18T11:19:59.037Z - debug: java.io.IOException: Cannot run program "/opt/local/bin/dot": error=2, No such file or directory
	at java.base/java.lang.ProcessBuilder.start(ProcessBuilder.java:1143)
	at java.base/java.lang.ProcessBuilder.start(ProcessBuilder.java:1073)
	at java.base/java.lang.Runtime.exec(Runtime.java:594)
	at net.sourceforge.plantuml.dot.ProcessRunner$MainThread.startThreads(ProcessRunner.java:165)
	at net.sourceforge.plantuml.dot.ProcessRunner$MainThread.runJob(ProcessRunner.java:125)
	at net.sourceforge.plantuml.api.TimeoutExecutor$MyThread.run(TimeoutExecutor.java:81)
Caused by: java.io.IOException: error=2, No such file or directory
	at java.base/java.lang.ProcessImpl.forkAndExec(Native Method)
	at java.base/java.lang.ProcessImpl.<init>(ProcessImpl.java:314)
	at java.base/java.lang.ProcessImpl.start(ProcessImpl.java:244)
	at java.base/java.lang.ProcessBuilder.start(ProcessBuilder.java:1110)
	... 5 more
java.io.IOException: Cannot run program "/opt/local/bin/dot": error=2, No such file or directory
	at java.base/java.lang.ProcessBuilder.start(ProcessBuilder.java:1143)
	at java.base/java.lang.ProcessBuilder.start(ProcessBuilder.java:1073)
	at java.base/java.lang.Runtime.exec(Runtime.java:594)
	at net.sourceforge.plantuml.dot.ProcessRunner$MainThread.startThreads(ProcessRunner.java:165)
	at net.sourceforge.plantuml.dot.ProcessRunner$MainThread.runJob(ProcessRunner.java:125)
	at net.sourceforge.plantuml.api.TimeoutExecutor$MyThread.run(TimeoutExecutor.java:81)
Caused by: java.io.IOException: error=2, No such file or directory
	at java.base/java.lang.ProcessImpl.forkAndExec(Native Method)
	at java.base/java.lang.ProcessImpl.<init>(ProcessImpl.java:314)
	at java.base/java.lang.ProcessImpl.start(ProcessImpl.java:244)
	at java.base/java.lang.ProcessBuilder.start(ProcessBuilder.java:1110)
	... 5 more

2024-10-18T11:19:59.037Z - debug: java.io.IOException: Cannot run program "/opt/local/bin/dot": error=2, No such file or directory
	at java.base/java.lang.ProcessBuilder.start(ProcessBuilder.java:1143)
	at java.base/java.lang.ProcessBuilder.start(ProcessBuilder.java:1073)
	at java.base/java.lang.Runtime.exec(Runtime.java:594)
	at net.sourceforge.plantuml.dot.ProcessRunner$MainThread.startThreads(ProcessRunner.java:165)
	at net.sourceforge.plantuml.dot.ProcessRunner$MainThread.runJob(ProcessRunner.java:125)
	at net.sourceforge.plantuml.api.TimeoutExecutor$MyThread.run(TimeoutExecutor.java:81)
Caused by: java.io.IOException: error=2, No such file or directory
	at java.base/java.lang.ProcessImpl.forkAndExec(Native Method)
	at java.base/java.lang.ProcessImpl.<init>(ProcessImpl.java:314)
	at java.base/java.lang.ProcessImpl.start(ProcessImpl.java:244)
	at java.base/java.lang.ProcessBuilder.start(ProcessBuilder.java:1110)
	... 5 more
java.io.IOException: Cannot run program "/opt/local/bin/dot": error=2, No such file or directory
	at java.base/java.lang.ProcessBuilder.start(ProcessBuilder.java:1143)
	at java.base/java.lang.ProcessBuilder.start(ProcessBuilder.java:1073)
	at java.base/java.lang.Runtime.exec(Runtime.java:594)
	at net.sourceforge.plantuml.dot.ProcessRunner$MainThread.startThreads(ProcessRunner.java:165)
	at net.sourceforge.plantuml.dot.ProcessRunner$MainThread.runJob(ProcessRunner.java:125)
	at net.sourceforge.plantuml.api.TimeoutExecutor$MyThread.run(TimeoutExecutor.java:81)
Caused by: java.io.IOException: error=2, No such file or directory
	at java.base/java.lang.ProcessImpl.forkAndExec(Native Method)
	at java.base/java.lang.ProcessImpl.<init>(ProcessImpl.java:314)
	at java.base/java.lang.ProcessImpl.start(ProcessImpl.java:244)
	at java.base/java.lang.ProcessBuilder.start(ProcessBuilder.java:1110)
	... 5 more

2024-10-18T11:19:59.037Z - debug: java.io.IOException: Cannot run program "/opt/local/bin/dot": error=2, No such file or directory
	at java.base/java.lang.ProcessBuilder.start(ProcessBuilder.java:1143)
	at java.base/java.lang.ProcessBuilder.start(ProcessBuilder.java:1073)
	at java.base/java.lang.Runtime.exec(Runtime.java:594)
	at net.sourceforge.plantuml.dot.ProcessRunner$MainThread.startThreads(ProcessRunner.java:165)
	at net.sourceforge.plantuml.dot.ProcessRunner$MainThread.runJob(ProcessRunner.java:125)
	at net.sourceforge.plantuml.api.TimeoutExecutor$MyThread.run(TimeoutExecutor.java:81)
Caused by: java.io.IOException: error=2, No such file or directory
	at java.base/java.lang.ProcessImpl.forkAndExec(Native Method)
	at java.base/java.lang.ProcessImpl.<init>(ProcessImpl.java:314)
	at java.base/java.lang.ProcessImpl.start(ProcessImpl.java:244)
	at java.base/java.lang.ProcessBuilder.start(ProcessBuilder.java:1110)
	... 5 more
java.io.IOException: Cannot run program "/opt/local/bin/dot": error=2, No such file or directory
	at java.base/java.lang.ProcessBuilder.start(ProcessBuilder.java:1143)
	at java.base/java.lang.ProcessBuilder.start(ProcessBuilder.java:1073)
	at java.base/java.lang.Runtime.exec(Runtime.java:594)
	at net.sourceforge.plantuml.dot.ProcessRunner$MainThread.startThreads(ProcessRunner.java:165)
	at net.sourceforge.plantuml.dot.ProcessRunner$MainThread.runJob(ProcessRunner.java:125)
	at net.sourceforge.plantuml.api.TimeoutExecutor$MyThread.run(TimeoutExecutor.java:81)
Caused by: java.io.IOException: error=2, No such file or directory
	at java.base/java.lang.ProcessImpl.forkAndExec(Native Method)
	at java.base/java.lang.ProcessImpl.<init>(ProcessImpl.java:314)
	at java.base/java.lang.ProcessImpl.start(ProcessImpl.java:244)
	at java.base/java.lang.ProcessBuilder.start(ProcessBuilder.java:1110)
	... 5 more

2024-10-18T11:19:59.037Z - debug:  
2024-10-18T11:19:59.037Z - debug: java.io.IOException: Cannot run program "/opt/local/bin/dot": error=2, No such file or directory
	at java.base/java.lang.ProcessBuilder.start(ProcessBuilder.java:1143)
	at java.base/java.lang.ProcessBuilder.start(ProcessBuilder.java:1073)
	at java.base/java.lang.Runtime.exec(Runtime.java:594)
	at net.sourceforge.plantuml.dot.ProcessRunner$MainThread.startThreads(ProcessRunner.java:165)
	at net.sourceforge.plantuml.dot.ProcessRunner$MainThread.runJob(ProcessRunner.java:125)
	at net.sourceforge.plantuml.api.TimeoutExecutor$MyThread.run(TimeoutExecutor.java:81)
Caused by: java.io.IOException: error=2, No such file or directory
	at java.base/java.lang.ProcessImpl.forkAndExec(Native Method)
	at java.base/java.lang.ProcessImpl.<init>(ProcessImpl.java:314)
	at java.base/java.lang.ProcessImpl.start(ProcessImpl.java:244)
	at java.base/java.lang.ProcessBuilder.start(ProcessBuilder.java:1110)
	... 5 more
java.io.IOException: Cannot run program "/opt/local/bin/dot": error=2, No such file or directory
	at java.base/java.lang.ProcessBuilder.start(ProcessBuilder.java:1143)
	at java.base/java.lang.ProcessBuilder.start(ProcessBuilder.java:1073)
	at java.base/java.lang.Runtime.exec(Runtime.java:594)
	at net.sourceforge.plantuml.dot.ProcessRunner$MainThread.startThreads(ProcessRunner.java:165)
	at net.sourceforge.plantuml.dot.ProcessRunner$MainThread.runJob(ProcessRunner.java:125)
	at net.sourceforge.plantuml.api.TimeoutExecutor$MyThread.run(TimeoutExecutor.java:81)
Caused by: java.io.IOException: error=2, No such file or directory
	at java.base/java.lang.ProcessImpl.forkAndExec(Native Method)
	at java.base/java.lang.ProcessImpl.<init>(ProcessImpl.java:314)
	at java.base/java.lang.ProcessImpl.start(ProcessImpl.java:244)
	at java.base/java.lang.ProcessBuilder.start(ProcessBuilder.java:1110)
	... 5 more

2024-10-18T11:19:59.037Z - debug: java.io.IOException: Cannot run program "/opt/local/bin/dot": error=2, No such file or directory
	at java.base/java.lang.ProcessBuilder.start(ProcessBuilder.java:1143)
	at java.base/java.lang.ProcessBuilder.start(ProcessBuilder.java:1073)
	at java.base/java.lang.Runtime.exec(Runtime.java:594)
	at net.sourceforge.plantuml.dot.ProcessRunner$MainThread.startThreads(ProcessRunner.java:165)
	at net.sourceforge.plantuml.dot.ProcessRunner$MainThread.runJob(ProcessRunner.java:125)
	at net.sourceforge.plantuml.api.TimeoutExecutor$MyThread.run(TimeoutExecutor.java:81)
Caused by: java.io.IOException: error=2, No such file or directory
	at java.base/java.lang.ProcessImpl.forkAndExec(Native Method)
	at java.base/java.lang.ProcessImpl.<init>(ProcessImpl.java:314)
	at java.base/java.lang.ProcessImpl.start(ProcessImpl.java:244)
	at java.base/java.lang.ProcessBuilder.start(ProcessBuilder.java:1110)
	... 5 more
java.io.IOException: Cannot run program "/opt/local/bin/dot": error=2, No such file or directory
	at java.base/java.lang.ProcessBuilder.start(ProcessBuilder.java:1143)
	at java.base/java.lang.ProcessBuilder.start(ProcessBuilder.java:1073)
	at java.base/java.lang.Runtime.exec(Runtime.java:594)
	at net.sourceforge.plantuml.dot.ProcessRunner$MainThread.startThreads(ProcessRunner.java:165)
	at net.sourceforge.plantuml.dot.ProcessRunner$MainThread.runJob(ProcessRunner.java:125)
	at net.sourceforge.plantuml.api.TimeoutExecutor$MyThread.run(TimeoutExecutor.java:81)
Caused by: java.io.IOException: error=2, No such file or directory
	at java.base/java.lang.ProcessImpl.forkAndExec(Native Method)
	at java.base/java.lang.ProcessImpl.<init>(ProcessImpl.java:314)
	at java.base/java.lang.ProcessImpl.start(ProcessImpl.java:244)
	at java.base/java.lang.ProcessBuilder.start(ProcessBuilder.java:1110)
	... 5 more

2024-10-18T11:19:59.079Z - debug:  
2024-10-18T11:19:59.710Z - debug:  
2024-10-18T11:20:06.720Z - debug: java.io.IOException: Cannot run program "/opt/local/bin/dot": error=2, No such file or directory
	at java.base/java.lang.ProcessBuilder.start(ProcessBuilder.java:1143)
	at java.base/java.lang.ProcessBuilder.start(ProcessBuilder.java:1073)
	at java.base/java.lang.Runtime.exec(Runtime.java:594)
	at net.sourceforge.plantuml.dot.ProcessRunner$MainThread.startThreads(ProcessRunner.java:165)
	at net.sourceforge.plantuml.dot.ProcessRunner$MainThread.runJob(ProcessRunner.java:125)
	at net.sourceforge.plantuml.api.TimeoutExecutor$MyThread.run(TimeoutExecutor.java:81)
Caused by: java.io.IOException: error=2, No such file or directory
	at java.base/java.lang.ProcessImpl.forkAndExec(Native Method)
	at java.base/java.lang.ProcessImpl.<init>(ProcessImpl.java:314)
	at java.base/java.lang.ProcessImpl.start(ProcessImpl.java:244)
	at java.base/java.lang.ProcessBuilder.start(ProcessBuilder.java:1110)
	... 5 more
java.io.IOException: Cannot run program "/opt/local/bin/dot": error=2, No such file or directory
	at java.base/java.lang.ProcessBuilder.start(ProcessBuilder.java:1143)
	at java.base/java.lang.ProcessBuilder.start(ProcessBuilder.java:1073)
	at java.base/java.lang.Runtime.exec(Runtime.java:594)
	at net.sourceforge.plantuml.dot.ProcessRunner$MainThread.startThreads(ProcessRunner.java:165)
	at net.sourceforge.plantuml.dot.ProcessRunner$MainThread.runJob(ProcessRunner.java:125)
	at net.sourceforge.plantuml.api.TimeoutExecutor$MyThread.run(TimeoutExecutor.java:81)
Caused by: java.io.IOException: error=2, No such file or directory
	at java.base/java.lang.ProcessImpl.forkAndExec(Native Method)
	at java.base/java.lang.ProcessImpl.<init>(ProcessImpl.java:314)
	at java.base/java.lang.ProcessImpl.start(ProcessImpl.java:244)
	at java.base/java.lang.ProcessBuilder.start(ProcessBuilder.java:1110)
	... 5 more

2024-10-18T11:20:47.804Z - debug:  
2024-10-18T11:20:59.465Z - debug:  
2024-10-18T11:20:59.598Z - debug:  
2024-10-18T11:21:05.154Z - info: Pages built
2024-10-18T11:21:05.225Z - info: Site data built
2024-10-18T11:21:05.225Z - info: Website generation complete! Total build time: 72.473s
2024-10-18T11:21:05.233Z - info: Serving "/Users/damithch/Repos/nus-cs2103/cs2103-website-base/_site" at http://127.0.0.1:8080
2024-10-18T11:21:05.234Z - info: Press CTRL+C to stop ...
2024-10-18T11:29:13.940Z - info: Website generation started at 19:29:13
2024-10-18T11:29:14.128Z - info: Building assets...
2024-10-18T11:29:14.357Z - info: Assets built
2024-10-18T11:29:14.357Z - info: Generating pages...
2024-10-18T11:29:19.027Z - debug:  
2024-10-18T11:29:19.327Z - debug:  
2024-10-18T11:29:19.327Z - debug:  
2024-10-18T11:29:19.327Z - debug:  
2024-10-18T11:29:19.327Z - debug:  
2024-10-18T11:29:19.327Z - debug:  
2024-10-18T11:29:19.327Z - debug:  
2024-10-18T11:29:19.327Z - debug:  
2024-10-18T11:29:19.376Z - debug:  
2024-10-18T11:29:19.376Z - debug:  
2024-10-18T11:29:19.376Z - debug:  
2024-10-18T11:29:19.376Z - debug:  
2024-10-18T11:29:19.376Z - debug:  
2024-10-18T11:29:19.376Z - debug:  
2024-10-18T11:29:19.376Z - debug:  
2024-10-18T11:29:19.376Z - debug:  
2024-10-18T11:29:20.004Z - debug:  
2024-10-18T11:29:28.668Z - debug:  
2024-10-18T11:30:08.257Z - debug:  
2024-10-18T11:30:19.656Z - debug:  
2024-10-18T11:30:20.083Z - debug:  
2024-10-18T11:30:26.349Z - info: Pages built
2024-10-18T11:30:26.423Z - info: Site data built
2024-10-18T11:30:26.423Z - info: Website generation complete! Total build time: 72.783s
2024-10-18T11:30:26.432Z - info: Serving "/Users/damithch/Repos/nus-cs2103/cs2103-website-base/_site" at http://127.0.0.1:8080
2024-10-18T11:30:26.432Z - info: Press CTRL+C to stop ...
2024-10-18T11:48:23.084Z - info: Website generation started at 19:48:22
2024-10-18T11:48:23.260Z - info: Building assets...
2024-10-18T11:48:23.475Z - info: Assets built
2024-10-18T11:48:23.476Z - info: Generating pages...
2024-10-18T11:48:29.916Z - debug:  
2024-10-18T11:48:29.916Z - debug:  
2024-10-18T11:48:29.916Z - debug:  
2024-10-18T11:48:29.916Z - debug:  
2024-10-18T11:48:29.916Z - debug:  
2024-10-18T11:48:29.916Z - debug:  
2024-10-18T11:48:29.916Z - debug:  
2024-10-18T11:48:29.916Z - debug:  
2024-10-18T11:48:29.916Z - debug:  
2024-10-18T11:48:29.916Z - debug:  
2024-10-18T11:48:29.916Z - debug:  
2024-10-18T11:48:29.916Z - debug:  
2024-10-18T11:48:29.916Z - debug:  
2024-10-18T11:48:29.916Z - debug:  
2024-10-18T11:48:29.916Z - debug:  
2024-10-18T11:48:29.917Z - debug:  
2024-10-18T11:48:30.619Z - debug:  
2024-10-18T11:48:37.738Z - debug:  
2024-10-18T11:49:18.399Z - debug:  
2024-10-18T11:49:30.470Z - debug:  
2024-10-18T11:49:30.604Z - debug:  
2024-10-18T11:49:36.161Z - info: Pages built
2024-10-18T11:49:36.227Z - info: Site data built
2024-10-18T11:49:36.227Z - info: Website generation complete! Total build time: 73.421s
2024-10-18T11:49:36.227Z - info: Build success!
2024-10-18T11:50:03.012Z - info: The website has been deployed at: https://nus-cs2103-ay2425s1.github.io/website
