2024-09-27T16:13:12.775Z - info: [12:13:12 am] Reload for file change: C:\repos\nus-cs2103\cs2103-website-base\_course-CS2103\mid-semester-survey-results.md
2024-09-27T16:13:12.804Z - info: Synchronizing opened pages list before reload
2024-09-27T16:13:12.806Z - info: Current opened pages, from most-to-least recent:
2024-09-27T16:13:12.806Z - info: 1. admin/mid-semester-survey-results
2024-09-27T16:13:13.834Z - info: Rebuilding 1 pages
2024-09-27T16:13:14.303Z - info: Site data built
2024-09-27T16:13:14.304Z - info: Pages rebuilt
2024-09-27T16:13:14.304Z - info: Website regeneration complete! Total build time: 0.476s
2024-09-27T17:22:05.585Z - info: [1:22:05 am] Reload for file change: C:\repos\nus-cs2103\cs2103-website-base\_course-CS2103\mid-semester-survey-results.md
2024-09-27T17:22:05.590Z - info: Synchronizing opened pages list before reload
2024-09-27T17:22:05.593Z - info: Current opened pages, from most-to-least recent:
2024-09-27T17:22:05.594Z - info: 1. admin/mid-semester-survey-results
2024-09-27T17:22:06.623Z - info: Rebuilding 1 pages
2024-09-27T17:22:07.118Z - info: Site data built
2024-09-27T17:22:07.118Z - info: Pages rebuilt
2024-09-27T17:22:07.118Z - info: Website regeneration complete! Total build time: 0.504s
2024-09-27T17:59:10.773Z - info: [1:59:10 am] Reload for file change: C:\repos\nus-cs2103\cs2103-website-base\_course-CS2103\mid-semester-survey-results.md
2024-09-27T17:59:10.778Z - info: Synchronizing opened pages list before reload
2024-09-27T17:59:10.781Z - info: Current opened pages, from most-to-least recent:
2024-09-27T17:59:10.782Z - info: 1. admin/mid-semester-survey-results
2024-09-27T17:59:11.799Z - info: Rebuilding 1 pages
2024-09-27T17:59:12.335Z - info: Site data built
2024-09-27T17:59:12.335Z - info: Pages rebuilt
2024-09-27T17:59:12.336Z - info: Website regeneration complete! Total build time: 0.543s
2024-09-27T18:00:08.152Z - info: [2:00:08 am] Reload for file change: C:\repos\nus-cs2103\cs2103-website-base\_course-CS2103\mid-semester-survey-results.md
2024-09-27T18:00:08.153Z - info: Synchronizing opened pages list before reload
2024-09-27T18:00:08.153Z - info: Current opened pages, from most-to-least recent:
2024-09-27T18:00:08.154Z - info: 1. admin/mid-semester-survey-results
2024-09-27T18:00:09.168Z - info: Rebuilding 1 pages
2024-09-27T18:00:09.488Z - info: Site data built
2024-09-27T18:00:09.489Z - info: Pages rebuilt
2024-09-27T18:00:09.489Z - info: Website regeneration complete! Total build time: 0.322s
2024-09-27T18:00:46.352Z - info: [2:00:46 am] Reload for file change: C:\repos\nus-cs2103\cs2103-website-base\_course-CS2103\mid-semester-survey-results.md
2024-09-27T18:00:46.352Z - info: Synchronizing opened pages list before reload
2024-09-27T18:00:46.353Z - info: Current opened pages, from most-to-least recent:
2024-09-27T18:00:46.353Z - info: 1. admin/mid-semester-survey-results
2024-09-27T18:00:47.360Z - info: Rebuilding 1 pages
2024-09-27T18:00:47.715Z - info: Site data built
2024-09-27T18:00:47.715Z - info: Pages rebuilt
2024-09-27T18:00:47.716Z - info: Website regeneration complete! Total build time: 0.358s
2024-09-27T18:01:40.410Z - info: [2:01:40 am] Reload for file change: C:\repos\nus-cs2103\cs2103-website-base\_course-CS2103\mid-semester-survey-results.md
2024-09-27T18:01:40.410Z - info: Synchronizing opened pages list before reload
2024-09-27T18:01:40.411Z - info: Current opened pages, from most-to-least recent:
2024-09-27T18:01:40.411Z - info: 1. admin/mid-semester-survey-results
2024-09-27T18:01:41.426Z - info: Rebuilding 1 pages
2024-09-27T18:01:41.721Z - info: Site data built
2024-09-27T18:01:41.721Z - info: Pages rebuilt
2024-09-27T18:01:41.721Z - info: Website regeneration complete! Total build time: 0.297s
2024-09-27T18:02:43.469Z - info: [2:02:43 am] Reload for file change: C:\repos\nus-cs2103\cs2103-website-base\_course-CS2103\mid-semester-survey-results.md
2024-09-27T18:02:43.469Z - info: Synchronizing opened pages list before reload
2024-09-27T18:02:43.469Z - info: Current opened pages, from most-to-least recent:
2024-09-27T18:02:43.470Z - info: 1. admin/mid-semester-survey-results
2024-09-27T18:02:44.471Z - info: Rebuilding 1 pages
2024-09-27T18:02:44.819Z - info: Site data built
2024-09-27T18:02:44.819Z - info: Pages rebuilt
2024-09-27T18:02:44.820Z - info: Website regeneration complete! Total build time: 0.348s
2024-09-27T18:27:44.122Z - info: [2:27:44 am] Reload for file change: C:\repos\nus-cs2103\cs2103-website-base\_course-CS2103\mid-semester-survey-results.md
2024-09-27T18:27:44.122Z - info: Synchronizing opened pages list before reload
2024-09-27T18:27:44.123Z - info: Current opened pages, from most-to-least recent:
2024-09-27T18:27:44.123Z - info: 1. admin/mid-semester-survey-results
2024-09-27T18:27:45.133Z - info: Rebuilding 1 pages
2024-09-27T18:27:45.486Z - info: Site data built
2024-09-27T18:27:45.487Z - info: Pages rebuilt
2024-09-27T18:27:45.487Z - info: Website regeneration complete! Total build time: 0.356s
2024-09-28T03:14:43.187Z - info: Website generation (lazy) started at 11:13:47 am
2024-09-28T03:15:07.312Z - warn: ENOENT: no such file or directory, open 'C:\repos\nus-cs2103\cs2103-website-base\cache\gh-pages\https!github.com!nus-cs2103-AY2425S1!website.git\book\_markbind\variables.md'
2024-09-28T03:15:07.314Z - warn: ENOENT: no such file or directory, open 'C:\repos\nus-cs2103\cs2103-website-base\cache\gh-pages\https!github.com!nus-cs2103-AY2425S1!website.git\_markbind\variables.md'
2024-09-28T03:15:07.316Z - warn: ENOENT: no such file or directory, open 'C:\repos\nus-cs2103\cs2103-website-base\node_modules\.cache\gh-pages\https!github.com!nus-cs2103-AY2425S1!website.git\book\_markbind\variables.md'
2024-09-28T03:15:07.317Z - warn: ENOENT: no such file or directory, open 'C:\repos\nus-cs2103\cs2103-website-base\node_modules\.cache\gh-pages\https!github.com!nus-cs2103-AY2425S1!website.git\cache\gh-pages\https!github.com!nus-cs2103-AY2425S1!website.git\book\_markbind\variables.md'
2024-09-28T03:15:07.319Z - warn: ENOENT: no such file or directory, open 'C:\repos\nus-cs2103\cs2103-website-base\node_modules\.cache\gh-pages\https!github.com!nus-cs2103-AY2425S1!website.git\cache\gh-pages\https!github.com!nus-cs2103-AY2425S1!website.git\_markbind\variables.md'
2024-09-28T03:15:07.321Z - warn: ENOENT: no such file or directory, open 'C:\repos\nus-cs2103\cs2103-website-base\node_modules\.cache\gh-pages\https!github.com!nus-cs2103-AY2425S1!website.git\_markbind\variables.md'
2024-09-28T03:15:07.417Z - info: Building assets...
2024-09-28T03:18:49.294Z - info: Assets built
2024-09-28T03:18:49.296Z - info: Generating landing page...
2024-09-28T03:18:51.474Z - info: Landing page built, other pages will be built as you navigate to them!
2024-09-28T03:18:53.330Z - info: Site data built
2024-09-28T03:18:53.331Z - info: Website generation (lazy) complete! Total build time: 305.771s
2024-09-28T03:18:53.972Z - info: Serving "C:\repos\nus-cs2103\cs2103-website-base\_site" at http://127.0.0.1:8080
2024-09-28T03:18:53.973Z - info: Press CTRL+C to stop ...
2024-09-28T03:23:40.758Z - info: Building C:\repos\nus-cs2103\cs2103-website-base\schedule\week8\index as some of its dependencies were changed since the last visit
2024-09-28T03:23:42.538Z - info: Site data built
2024-09-28T03:23:42.539Z - info: Lazy website regeneration complete! Total build time: 1.785s
2024-09-28T03:23:45.475Z - info: Building C:\repos\nus-cs2103\cs2103-website-base\schedule\week7\index as some of its dependencies were changed since the last visit
2024-09-28T03:23:47.263Z - info: Site data built
2024-09-28T03:23:47.263Z - info: Lazy website regeneration complete! Total build time: 1.788s
2024-09-28T03:23:49.985Z - info: Building C:\repos\nus-cs2103\cs2103-website-base\schedule\week7\tutorial as some of its dependencies were changed since the last visit
2024-09-28T03:23:50.439Z - info: Site data built
2024-09-28T03:23:50.440Z - info: Lazy website regeneration complete! Total build time: 0.455s
2024-09-28T03:25:33.556Z - info: [11:25:33 am] Reload for file change: C:\repos\nus-cs2103\cs2103-website-base\schedule\week8\commentary-cs2103-fragment.md
2024-09-28T03:25:33.557Z - info: Synchronizing opened pages list before reload
2024-09-28T03:25:33.558Z - info: Current opened pages, from most-to-least recent:
2024-09-28T03:25:33.559Z - info: 1. schedule/week7/tutorial
2024-09-28T03:25:34.578Z - info: Assets built
2024-09-28T03:25:46.648Z - info: Building C:\repos\nus-cs2103\cs2103-website-base\schedule\week8\topics as some of its dependencies were changed since the last visit
2024-09-28T03:26:02.020Z - debug:  
2024-09-28T03:26:02.023Z - debug:  
2024-09-28T03:26:02.029Z - debug:  
2024-09-28T03:26:02.030Z - debug:  
2024-09-28T03:26:02.049Z - debug:  
2024-09-28T03:26:02.067Z - debug:  
2024-09-28T03:26:02.163Z - debug:  
2024-09-28T03:26:02.240Z - debug:  
2024-09-28T03:26:02.299Z - debug:  
2024-09-28T03:26:02.314Z - debug:  
2024-09-28T03:26:02.460Z - debug:  
2024-09-28T03:26:02.651Z - debug:  
2024-09-28T03:26:02.803Z - debug:  
2024-09-28T03:26:02.955Z - debug:  
2024-09-28T03:26:03.315Z - debug:  
2024-09-28T03:26:03.752Z - info: Site data built
2024-09-28T03:26:03.753Z - info: Lazy website regeneration complete! Total build time: 17.104s
2024-09-28T03:53:32.329Z - info: Building C:\repos\nus-cs2103\cs2103-website-base\schedule\week8\project as some of its dependencies were changed since the last visit
2024-09-28T03:53:36.445Z - info: Site data built
2024-09-28T03:53:36.446Z - info: Lazy website regeneration complete! Total build time: 4.118s
2024-09-28T03:56:32.665Z - info: [11:56:32 am] Reload for file change: C:\repos\nus-cs2103\cs2103-website-base\admin\tp-expectations.md
2024-09-28T03:56:32.666Z - info: Synchronizing opened pages list before reload
2024-09-28T03:56:32.667Z - info: Current opened pages, from most-to-least recent:
2024-09-28T03:56:32.668Z - info: 1. schedule/week8/project
2024-09-28T03:56:33.685Z - info: Rebuilding 1 pages
2024-09-28T03:56:36.645Z - info: Site data built
2024-09-28T03:56:36.646Z - info: Pages rebuilt
2024-09-28T03:56:36.646Z - info: Website regeneration complete! Total build time: 2.963s
2024-09-28T03:58:38.605Z - info: [11:58:38 am] Reload for file change: C:\repos\nus-cs2103\cs2103-website-base\admin\tp-expectations.md
2024-09-28T03:58:38.607Z - info: Synchronizing opened pages list before reload
2024-09-28T03:58:38.607Z - info: Current opened pages, from most-to-least recent:
2024-09-28T03:58:38.608Z - info: 1. schedule/week8/project
2024-09-28T03:58:39.618Z - info: Rebuilding 1 pages
2024-09-28T03:58:42.515Z - info: Site data built
2024-09-28T03:58:42.515Z - info: Pages rebuilt
2024-09-28T03:58:42.515Z - info: Website regeneration complete! Total build time: 2.898s
2024-09-28T04:00:30.178Z - info: [12:00:30 pm] Reload for file change: C:\repos\nus-cs2103\cs2103-website-base\admin\tp-expectations.md
2024-09-28T04:00:30.179Z - info: Synchronizing opened pages list before reload
2024-09-28T04:00:30.179Z - info: Current opened pages, from most-to-least recent:
2024-09-28T04:00:30.180Z - info: 1. schedule/week8/project
2024-09-28T04:00:31.193Z - info: Rebuilding 1 pages
2024-09-28T04:00:34.485Z - info: Site data built
2024-09-28T04:00:34.486Z - info: Pages rebuilt
2024-09-28T04:00:34.486Z - info: Website regeneration complete! Total build time: 3.296s
2024-09-28T04:01:40.013Z - info: [12:01:40 pm] Reload for file change: C:\repos\nus-cs2103\cs2103-website-base\admin\tp-expectations.md
2024-09-28T04:01:40.014Z - info: Synchronizing opened pages list before reload
2024-09-28T04:01:40.014Z - info: Current opened pages, from most-to-least recent:
2024-09-28T04:01:40.015Z - info: 1. schedule/week8/project
2024-09-28T04:01:41.024Z - info: Rebuilding 1 pages
2024-09-28T04:01:44.201Z - info: Site data built
2024-09-28T04:01:44.201Z - info: Pages rebuilt
2024-09-28T04:01:44.202Z - info: Website regeneration complete! Total build time: 3.18s
2024-09-28T04:03:08.045Z - info: [12:03:08 pm] Reload for file change: C:\repos\nus-cs2103\cs2103-website-base\admin\tp-expectations.md
2024-09-28T04:03:08.046Z - info: Synchronizing opened pages list before reload
2024-09-28T04:03:08.046Z - info: Current opened pages, from most-to-least recent:
2024-09-28T04:03:08.046Z - info: 1. schedule/week8/project
2024-09-28T04:03:09.064Z - info: Rebuilding 1 pages
2024-09-28T04:03:14.513Z - info: Site data built
2024-09-28T04:03:14.513Z - info: Pages rebuilt
2024-09-28T04:03:14.513Z - info: Website regeneration complete! Total build time: 5.451s
2024-09-28T04:04:24.504Z - info: [12:04:24 pm] Reload for file change: C:\repos\nus-cs2103\cs2103-website-base\admin\faq-fragment.md
2024-09-28T04:04:24.505Z - info: Synchronizing opened pages list before reload
2024-09-28T04:04:24.507Z - info: Current opened pages, from most-to-least recent:
2024-09-28T04:04:24.508Z - info: 1. schedule/week8/project
2024-09-28T04:04:25.525Z - info: Rebuilding 1 pages
2024-09-28T04:04:29.705Z - info: Site data built
2024-09-28T04:04:29.706Z - info: Pages rebuilt
2024-09-28T04:04:29.706Z - info: Website regeneration complete! Total build time: 4.184s
2024-09-28T04:12:39.434Z - info: [12:12:39 pm] Reload for file change: C:\repos\nus-cs2103\cs2103-website-base\admin\tp-expectations.md
2024-09-28T04:12:39.434Z - info: Synchronizing opened pages list before reload
2024-09-28T04:12:39.435Z - info: Current opened pages, from most-to-least recent:
2024-09-28T04:12:39.435Z - info: 1. schedule/week8/project
2024-09-28T04:12:40.450Z - info: Rebuilding 1 pages
2024-09-28T04:12:42.853Z - info: Site data built
2024-09-28T04:12:42.853Z - info: Pages rebuilt
2024-09-28T04:12:42.854Z - info: Website regeneration complete! Total build time: 2.406s
2024-09-28T04:19:32.036Z - info: [12:19:32 pm] Reload for file change: C:\repos\nus-cs2103\cs2103-website-base\admin\tp-tasks-fragment.md
2024-09-28T04:19:32.036Z - info: Synchronizing opened pages list before reload
2024-09-28T04:19:32.036Z - info: Current opened pages, from most-to-least recent:
2024-09-28T04:19:32.036Z - info: 1. schedule/week8/project
2024-09-28T04:19:33.050Z - info: Rebuilding 1 pages
2024-09-28T04:19:35.659Z - info: Site data built
2024-09-28T04:19:35.659Z - info: Pages rebuilt
2024-09-28T04:19:35.660Z - info: Website regeneration complete! Total build time: 2.611s
2024-09-28T04:20:59.039Z - info: [12:20:59 pm] Reload for file change: C:\repos\nus-cs2103\cs2103-website-base\admin\tp-tasks-fragment.md
2024-09-28T04:20:59.040Z - info: Synchronizing opened pages list before reload
2024-09-28T04:20:59.040Z - info: Current opened pages, from most-to-least recent:
2024-09-28T04:20:59.040Z - info: 1. schedule/week8/project
2024-09-28T04:21:00.045Z - info: Rebuilding 1 pages
2024-09-28T04:21:02.057Z - info: Site data built
2024-09-28T04:21:02.058Z - info: Pages rebuilt
2024-09-28T04:21:02.058Z - info: Website regeneration complete! Total build time: 2.013s
2024-09-28T04:21:32.136Z - info: [12:21:32 pm] Reload for file change: C:\repos\nus-cs2103\cs2103-website-base\admin\tp-tasks-fragment.md
2024-09-28T04:21:32.137Z - info: Synchronizing opened pages list before reload
2024-09-28T04:21:32.137Z - info: Current opened pages, from most-to-least recent:
2024-09-28T04:21:32.137Z - info: 1. schedule/week8/project
2024-09-28T04:21:33.150Z - info: Rebuilding 1 pages
2024-09-28T04:21:35.441Z - info: Site data built
2024-09-28T04:21:35.442Z - info: Pages rebuilt
2024-09-28T04:21:35.442Z - info: Website regeneration complete! Total build time: 2.293s
2024-09-28T04:21:55.265Z - info: [12:21:55 pm] Reload for file change: C:\repos\nus-cs2103\cs2103-website-base\admin\tp-tasks-fragment.md
2024-09-28T04:21:55.265Z - info: Synchronizing opened pages list before reload
2024-09-28T04:21:55.266Z - info: Current opened pages, from most-to-least recent:
2024-09-28T04:21:55.266Z - info: 1. schedule/week8/project
2024-09-28T04:21:56.271Z - info: Rebuilding 1 pages
2024-09-28T04:21:58.591Z - info: Site data built
2024-09-28T04:21:58.591Z - info: Pages rebuilt
2024-09-28T04:21:58.591Z - info: Website regeneration complete! Total build time: 2.322s
2024-09-28T04:26:54.475Z - info: [12:26:54 pm] Reload for file change: C:\repos\nus-cs2103\cs2103-website-base\admin\tp-pe-bug-triaging-guidelines-fragment.md
2024-09-28T04:26:54.475Z - info: Synchronizing opened pages list before reload
2024-09-28T04:26:54.475Z - info: Current opened pages, from most-to-least recent:
2024-09-28T04:26:54.475Z - info: 1. schedule/week8/project
2024-09-28T04:26:55.490Z - info: Rebuilding 1 pages
2024-09-28T04:26:57.523Z - info: Site data built
2024-09-28T04:26:57.523Z - info: Pages rebuilt
2024-09-28T04:26:57.524Z - info: Website regeneration complete! Total build time: 2.035s
2024-09-28T04:34:59.359Z - info: [12:34:59 pm] Reload for file change: C:\repos\nus-cs2103\cs2103-website-base\admin\tp-pe-bug-triaging-guidelines-fragment.md
2024-09-28T04:34:59.360Z - info: Synchronizing opened pages list before reload
2024-09-28T04:34:59.362Z - info: Current opened pages, from most-to-least recent:
2024-09-28T04:34:59.362Z - info: 1. schedule/week8/project
2024-09-28T04:35:00.371Z - info: Rebuilding 1 pages
2024-09-28T04:35:02.173Z - info: Site data built
2024-09-28T04:35:02.174Z - info: Pages rebuilt
2024-09-28T04:35:02.174Z - info: Website regeneration complete! Total build time: 1.804s
2024-09-28T04:37:58.804Z - info: [12:37:58 pm] Reload for file change: C:\repos\nus-cs2103\cs2103-website-base\admin\tp-pe-bug-triaging-guidelines-fragment.md
2024-09-28T04:37:58.804Z - info: Synchronizing opened pages list before reload
2024-09-28T04:37:58.804Z - info: Current opened pages, from most-to-least recent:
2024-09-28T04:37:58.804Z - info: 1. schedule/week8/project
2024-09-28T04:37:59.813Z - info: Rebuilding 1 pages
2024-09-28T04:38:02.026Z - info: Site data built
2024-09-28T04:38:02.026Z - info: Pages rebuilt
2024-09-28T04:38:02.027Z - info: Website regeneration complete! Total build time: 2.215s
2024-09-28T04:38:43.887Z - info: [12:38:43 pm] Reload for file change: C:\repos\nus-cs2103\cs2103-website-base\admin\tp-pe-bug-triaging-guidelines-fragment.md
2024-09-28T04:38:43.888Z - info: Synchronizing opened pages list before reload
2024-09-28T04:38:43.888Z - info: Current opened pages, from most-to-least recent:
2024-09-28T04:38:43.888Z - info: 1. schedule/week8/project
2024-09-28T04:38:44.902Z - info: Rebuilding 1 pages
2024-09-28T04:38:46.841Z - info: Site data built
2024-09-28T04:38:46.841Z - info: Pages rebuilt
2024-09-28T04:38:46.841Z - info: Website regeneration complete! Total build time: 1.94s
2024-09-28T04:41:47.115Z - info: [12:41:47 pm] Reload for file change: C:\repos\nus-cs2103\cs2103-website-base\admin\tp-pe-bug-triaging-guidelines-fragment.md
2024-09-28T04:41:47.115Z - info: Synchronizing opened pages list before reload
2024-09-28T04:41:47.116Z - info: Current opened pages, from most-to-least recent:
2024-09-28T04:41:47.116Z - info: 1. schedule/week8/project
2024-09-28T04:41:48.125Z - info: Rebuilding 1 pages
2024-09-28T04:41:49.844Z - info: Site data built
2024-09-28T04:41:49.844Z - info: Pages rebuilt
2024-09-28T04:41:49.844Z - info: Website regeneration complete! Total build time: 1.72s
2024-09-28T04:43:43.338Z - info: [12:43:43 pm] Reload for file change: C:\repos\nus-cs2103\cs2103-website-base\admin\tp-pe-bug-triaging-guidelines-fragment.md
2024-09-28T04:43:43.338Z - info: Synchronizing opened pages list before reload
2024-09-28T04:43:43.339Z - info: Current opened pages, from most-to-least recent:
2024-09-28T04:43:43.339Z - info: 1. schedule/week8/project
2024-09-28T04:43:44.348Z - info: Rebuilding 1 pages
2024-09-28T04:43:46.741Z - info: Site data built
2024-09-28T04:43:46.741Z - info: Pages rebuilt
2024-09-28T04:43:46.741Z - info: Website regeneration complete! Total build time: 2.394s
2024-09-28T04:44:12.931Z - info: [12:44:12 pm] Reload for file change: C:\repos\nus-cs2103\cs2103-website-base\admin\tp-pe-bug-triaging-guidelines-fragment.md
2024-09-28T04:44:12.931Z - info: Synchronizing opened pages list before reload
2024-09-28T04:44:12.932Z - info: Current opened pages, from most-to-least recent:
2024-09-28T04:44:12.932Z - info: 1. schedule/week8/project
2024-09-28T04:44:13.949Z - info: Rebuilding 1 pages
2024-09-28T04:44:15.592Z - info: Site data built
2024-09-28T04:44:15.592Z - info: Pages rebuilt
2024-09-28T04:44:15.592Z - info: Website regeneration complete! Total build time: 1.646s
2024-09-28T04:44:49.193Z - info: [12:44:49 pm] Reload for file change: C:\repos\nus-cs2103\cs2103-website-base\admin\tp-pe-bug-triaging-guidelines-fragment.md
2024-09-28T04:44:49.194Z - info: Synchronizing opened pages list before reload
2024-09-28T04:44:49.194Z - info: Current opened pages, from most-to-least recent:
2024-09-28T04:44:49.194Z - info: 1. schedule/week8/project
2024-09-28T04:44:50.220Z - info: Rebuilding 1 pages
2024-09-28T04:44:52.397Z - info: Site data built
2024-09-28T04:44:52.398Z - info: Pages rebuilt
2024-09-28T04:44:52.398Z - info: Website regeneration complete! Total build time: 2.19s
2024-09-28T04:48:19.078Z - info: [12:48:19 pm] Reload for file change: C:\repos\nus-cs2103\cs2103-website-base\admin\tp-tasks-fragment.md
2024-09-28T04:48:19.079Z - info: Synchronizing opened pages list before reload
2024-09-28T04:48:19.079Z - info: Current opened pages, from most-to-least recent:
2024-09-28T04:48:19.079Z - info: 1. schedule/week8/project
2024-09-28T04:48:20.095Z - info: Rebuilding 1 pages
2024-09-28T04:48:22.109Z - info: Site data built
2024-09-28T04:48:22.109Z - info: Pages rebuilt
2024-09-28T04:48:22.110Z - info: Website regeneration complete! Total build time: 2.016s
2024-09-28T04:50:48.498Z - info: [12:50:48 pm] Reload for file change: C:\repos\nus-cs2103\cs2103-website-base\admin\tp-tasks-fragment.md
2024-09-28T04:50:48.498Z - info: Synchronizing opened pages list before reload
2024-09-28T04:50:48.498Z - info: Current opened pages, from most-to-least recent:
2024-09-28T04:50:48.499Z - info: 1. schedule/week8/project
2024-09-28T04:50:49.515Z - info: Rebuilding 1 pages
2024-09-28T04:50:50.996Z - info: Site data built
2024-09-28T04:50:50.996Z - info: Pages rebuilt
2024-09-28T04:50:50.996Z - info: Website regeneration complete! Total build time: 1.483s
2024-09-28T04:51:57.466Z - info: [12:51:57 pm] Reload for file change: C:\repos\nus-cs2103\cs2103-website-base\admin\tp-tasks-fragment.md
2024-09-28T04:51:57.466Z - info: Synchronizing opened pages list before reload
2024-09-28T04:51:57.467Z - info: Current opened pages, from most-to-least recent:
2024-09-28T04:51:57.467Z - info: 1. schedule/week8/project
2024-09-28T04:51:58.476Z - info: Rebuilding 1 pages
2024-09-28T04:52:00.157Z - info: Site data built
2024-09-28T04:52:00.157Z - info: Pages rebuilt
2024-09-28T04:52:00.157Z - info: Website regeneration complete! Total build time: 1.683s
2024-09-28T04:53:46.545Z - info: [12:53:46 pm] Reload for file change: C:\repos\nus-cs2103\cs2103-website-base\admin\faq-fragment.md
2024-09-28T04:53:46.546Z - info: Synchronizing opened pages list before reload
2024-09-28T04:53:46.546Z - info: Current opened pages, from most-to-least recent:
2024-09-28T04:53:46.546Z - info: 1. schedule/week8/project
2024-09-28T04:53:47.557Z - info: Rebuilding 1 pages
2024-09-28T04:53:49.064Z - info: Site data built
2024-09-28T04:53:49.064Z - info: Pages rebuilt
2024-09-28T04:53:49.064Z - info: Website regeneration complete! Total build time: 1.507s
2024-09-28T04:55:41.072Z - info: [12:55:41 pm] Reload for file change: C:\repos\nus-cs2103\cs2103-website-base\admin\faq-fragment.md
2024-09-28T04:55:41.072Z - info: Synchronizing opened pages list before reload
2024-09-28T04:55:41.072Z - info: Current opened pages, from most-to-least recent:
2024-09-28T04:55:41.073Z - info: 1. schedule/week8/project
2024-09-28T04:55:42.078Z - info: Rebuilding 1 pages
2024-09-28T04:55:43.537Z - info: Site data built
2024-09-28T04:55:43.537Z - info: Pages rebuilt
2024-09-28T04:55:43.537Z - info: Website regeneration complete! Total build time: 1.46s
2024-09-28T04:58:23.556Z - info: Building C:\repos\nus-cs2103\cs2103-website-base\schedule\week8\tutorial as some of its dependencies were changed since the last visit
2024-09-28T04:58:24.081Z - info: Site data built
2024-09-28T04:58:24.082Z - info: Lazy website regeneration complete! Total build time: 0.527s
2024-09-28T05:02:22.213Z - info: Building C:\repos\nus-cs2103\cs2103-website-base\schedule\week9\index as some of its dependencies were changed since the last visit
2024-09-28T05:02:23.160Z - info: Site data built
2024-09-28T05:02:23.160Z - info: Lazy website regeneration complete! Total build time: 0.948s
2024-09-28T05:02:28.877Z - info: Building C:\repos\nus-cs2103\cs2103-website-base\schedule\week9\project as some of its dependencies were changed since the last visit
2024-09-28T05:02:30.035Z - info: Site data built
2024-09-28T05:02:30.035Z - info: Lazy website regeneration complete! Total build time: 1.158s
2024-09-28T05:02:38.492Z - info: Building C:\repos\nus-cs2103\cs2103-website-base\admin\index as some of its dependencies were changed since the last visit
2024-09-28T05:02:38.758Z - info: Site data built
2024-09-28T05:02:38.759Z - info: Lazy website regeneration complete! Total build time: 0.267s
2024-09-28T05:02:43.036Z - info: Building C:\repos\nus-cs2103\cs2103-website-base\admin\tp-timeline as some of its dependencies were changed since the last visit
2024-09-28T05:02:46.615Z - debug:  
2024-09-28T05:02:46.643Z - debug:  
2024-09-28T05:02:46.774Z - info: Site data built
2024-09-28T05:02:46.774Z - info: Lazy website regeneration complete! Total build time: 3.738s
2024-09-28T05:04:07.812Z - info: [1:04:07 pm] Reload for file change: C:\repos\nus-cs2103\cs2103-website-base\admin\tp-tasks-fragment.md
2024-09-28T05:04:07.812Z - info: Synchronizing opened pages list before reload
2024-09-28T05:04:07.812Z - info: Current opened pages, from most-to-least recent:
2024-09-28T05:04:07.812Z - info: 1. schedule/week9/project
2024-09-28T05:04:08.818Z - info: Rebuilding 1 pages
2024-09-28T05:04:10.084Z - info: Site data built
2024-09-28T05:04:10.085Z - info: Pages rebuilt
2024-09-28T05:04:10.085Z - info: Website regeneration complete! Total build time: 1.268s
2024-09-28T05:22:03.306Z - info: [1:22:03 pm] Reload for file change: C:\repos\nus-cs2103\cs2103-website-base\admin\tp-tasks-fragment.md
2024-09-28T05:22:03.307Z - info: Synchronizing opened pages list before reload
2024-09-28T05:22:03.307Z - info: Current opened pages, from most-to-least recent:
2024-09-28T05:22:03.307Z - info: 1. schedule/week9/project
2024-09-28T05:22:04.318Z - info: Rebuilding 1 pages
2024-09-28T05:22:05.984Z - info: Site data built
2024-09-28T05:22:05.985Z - info: Pages rebuilt
2024-09-28T05:22:05.985Z - info: Website regeneration complete! Total build time: 1.668s
2024-09-28T05:26:51.531Z - info: [1:26:51 pm] Reload for file change: C:\repos\nus-cs2103\cs2103-website-base\admin\tp-tasks-fragment.md
2024-09-28T05:26:51.531Z - info: Synchronizing opened pages list before reload
2024-09-28T05:26:51.531Z - info: Current opened pages, from most-to-least recent:
2024-09-28T05:26:51.531Z - info: 1. schedule/week9/project
2024-09-28T05:26:52.544Z - info: Rebuilding 1 pages
2024-09-28T05:26:53.792Z - info: Site data built
2024-09-28T05:26:53.792Z - info: Pages rebuilt
2024-09-28T05:26:53.792Z - info: Website regeneration complete! Total build time: 1.25s
2024-09-28T05:28:54.598Z - info: [1:28:54 pm] Reload for file change: C:\repos\nus-cs2103\cs2103-website-base\admin\tp-tasks-fragment.md
2024-09-28T05:28:54.599Z - info: Synchronizing opened pages list before reload
2024-09-28T05:28:54.599Z - info: Current opened pages, from most-to-least recent:
2024-09-28T05:28:54.599Z - info: 1. schedule/week9/project
2024-09-28T05:28:55.604Z - info: Rebuilding 1 pages
2024-09-28T05:28:57.181Z - info: Site data built
2024-09-28T05:28:57.181Z - info: Pages rebuilt
2024-09-28T05:28:57.181Z - info: Website regeneration complete! Total build time: 1.578s
2024-09-28T05:34:48.713Z - info: [1:34:48 pm] Reload for file change: C:\repos\nus-cs2103\cs2103-website-base\admin\tp-tasks-fragment.md
2024-09-28T05:34:48.714Z - info: Synchronizing opened pages list before reload
2024-09-28T05:34:48.714Z - info: Current opened pages, from most-to-least recent:
2024-09-28T05:34:48.714Z - info: 1. schedule/week9/project
2024-09-28T05:34:49.720Z - info: Rebuilding 1 pages
2024-09-28T05:34:51.574Z - info: Site data built
2024-09-28T05:34:51.574Z - info: Pages rebuilt
2024-09-28T05:34:51.574Z - info: Website regeneration complete! Total build time: 1.856s
2024-09-28T05:37:21.438Z - info: [1:37:21 pm] Reload for file change: C:\repos\nus-cs2103\cs2103-website-base\admin\tp-tasks-fragment.md
2024-09-28T05:37:21.439Z - info: Synchronizing opened pages list before reload
2024-09-28T05:37:21.439Z - info: Current opened pages, from most-to-least recent:
2024-09-28T05:37:21.439Z - info: 1. schedule/week9/project
2024-09-28T05:37:22.448Z - info: Rebuilding 1 pages
2024-09-28T05:37:24.064Z - info: Site data built
2024-09-28T05:37:24.064Z - info: Pages rebuilt
2024-09-28T05:37:24.064Z - info: Website regeneration complete! Total build time: 1.619s
2024-09-28T05:38:08.169Z - info: [1:38:08 pm] Reload for file change: C:\repos\nus-cs2103\cs2103-website-base\admin\tp-tasks-fragment.md
2024-09-28T05:38:08.169Z - info: Synchronizing opened pages list before reload
2024-09-28T05:38:08.169Z - info: Current opened pages, from most-to-least recent:
2024-09-28T05:38:08.169Z - info: 1. schedule/week9/project
2024-09-28T05:38:09.187Z - info: Rebuilding 1 pages
2024-09-28T05:38:10.332Z - info: Site data built
2024-09-28T05:38:10.333Z - info: Pages rebuilt
2024-09-28T05:38:10.333Z - info: Website regeneration complete! Total build time: 1.147s
2024-09-28T05:38:34.803Z - info: [1:38:34 pm] Reload for file change: C:\repos\nus-cs2103\cs2103-website-base\admin\tp-tasks-fragment.md
2024-09-28T05:38:34.803Z - info: Synchronizing opened pages list before reload
2024-09-28T05:38:34.804Z - info: Current opened pages, from most-to-least recent:
2024-09-28T05:38:34.804Z - info: 1. schedule/week9/project
2024-09-28T05:38:35.820Z - info: Rebuilding 1 pages
2024-09-28T05:38:37.073Z - info: Site data built
2024-09-28T05:38:37.073Z - info: Pages rebuilt
2024-09-28T05:38:37.073Z - info: Website regeneration complete! Total build time: 1.254s
2024-09-28T05:39:56.886Z - info: [1:39:56 pm] Reload for file change: C:\repos\nus-cs2103\cs2103-website-base\admin\tp-tasks-fragment.md
2024-09-28T05:39:56.887Z - info: Synchronizing opened pages list before reload
2024-09-28T05:39:56.887Z - info: Current opened pages, from most-to-least recent:
2024-09-28T05:39:56.887Z - info: 1. schedule/week9/project
2024-09-28T05:39:57.907Z - info: Rebuilding 1 pages
2024-09-28T05:39:59.331Z - info: Site data built
2024-09-28T05:39:59.331Z - info: Pages rebuilt
2024-09-28T05:39:59.331Z - info: Website regeneration complete! Total build time: 1.425s
2024-09-28T05:40:11.310Z - info: [1:40:11 pm] Reload for file change: C:\repos\nus-cs2103\cs2103-website-base\admin\tp-tasks-fragment.md
2024-09-28T05:40:11.311Z - info: Synchronizing opened pages list before reload
2024-09-28T05:40:11.311Z - info: Current opened pages, from most-to-least recent:
2024-09-28T05:40:11.311Z - info: 1. schedule/week9/project
2024-09-28T05:40:12.315Z - info: Rebuilding 1 pages
2024-09-28T05:40:13.354Z - info: Site data built
2024-09-28T05:40:13.355Z - info: Pages rebuilt
2024-09-28T05:40:13.355Z - info: Website regeneration complete! Total build time: 1.041s
2024-09-28T05:41:24.648Z - info: [1:41:24 pm] Reload for file change: C:\repos\nus-cs2103\cs2103-website-base\admin\tp-tasks-fragment.md
2024-09-28T05:41:24.648Z - info: Synchronizing opened pages list before reload
2024-09-28T05:41:24.649Z - info: Current opened pages, from most-to-least recent:
2024-09-28T05:41:24.649Z - info: 1. schedule/week9/project
2024-09-28T05:41:25.655Z - info: Rebuilding 1 pages
2024-09-28T05:41:26.854Z - info: Site data built
2024-09-28T05:41:26.854Z - info: Pages rebuilt
2024-09-28T05:41:26.854Z - info: Website regeneration complete! Total build time: 1.2s
2024-09-28T05:44:05.503Z - info: Building C:\repos\nus-cs2103\cs2103-website-base\schedule\week10\project as some of its dependencies were changed since the last visit
2024-09-28T05:44:07.132Z - info: Site data built
2024-09-28T05:44:07.132Z - info: Lazy website regeneration complete! Total build time: 1.63s
2024-09-28T05:47:38.027Z - info: [1:47:38 pm] Reload for file change: C:\repos\nus-cs2103\cs2103-website-base\admin\tp-tasks-fragment.md
2024-09-28T05:47:38.027Z - info: Synchronizing opened pages list before reload
2024-09-28T05:47:38.027Z - info: Current opened pages, from most-to-least recent:
2024-09-28T05:47:38.027Z - info: 1. schedule/week9/project
2024-09-28T05:47:39.035Z - info: Rebuilding 1 pages
2024-09-28T05:47:40.387Z - info: Site data built
2024-09-28T05:47:40.387Z - info: Pages rebuilt
2024-09-28T05:47:40.387Z - info: Website regeneration complete! Total build time: 1.353s
2024-09-28T05:48:46.012Z - info: [1:48:46 pm] Reload for file change: C:\repos\nus-cs2103\cs2103-website-base\admin\tp-tasks-fragment.md
2024-09-28T05:48:46.013Z - info: Synchronizing opened pages list before reload
2024-09-28T05:48:46.013Z - info: Current opened pages, from most-to-least recent:
2024-09-28T05:48:46.013Z - info: 1. schedule/week9/project
2024-09-28T05:48:47.018Z - info: Rebuilding 1 pages
2024-09-28T05:48:48.220Z - info: Site data built
2024-09-28T05:48:48.221Z - info: Pages rebuilt
2024-09-28T05:48:48.221Z - info: Website regeneration complete! Total build time: 1.205s
2024-09-28T05:49:05.655Z - info: [1:49:05 pm] Reload for file change: C:\repos\nus-cs2103\cs2103-website-base\admin\tp-tasks-fragment.md
2024-09-28T05:49:05.656Z - info: Synchronizing opened pages list before reload
2024-09-28T05:49:05.656Z - info: Current opened pages, from most-to-least recent:
2024-09-28T05:49:05.656Z - info: 1. schedule/week9/project
2024-09-28T05:49:06.669Z - info: Rebuilding 1 pages
2024-09-28T05:49:07.850Z - info: Site data built
2024-09-28T05:49:07.851Z - info: Pages rebuilt
2024-09-28T05:49:07.851Z - info: Website regeneration complete! Total build time: 1.184s
2024-09-28T05:51:02.736Z - info: Website generation started at 1:50:28 pm
2024-09-28T05:51:15.891Z - warn: ENOENT: no such file or directory, open 'C:\repos\nus-cs2103\cs2103-website-base\node_modules\.cache\gh-pages\https!github.com!nus-cs2103-AY2425S1!website.git\book\_markbind\variables.md'
2024-09-28T05:51:15.893Z - warn: ENOENT: no such file or directory, open 'C:\repos\nus-cs2103\cs2103-website-base\node_modules\.cache\gh-pages\https!github.com!nus-cs2103-AY2425S1!website.git\cache\gh-pages\https!github.com!nus-cs2103-AY2425S1!website.git\book\_markbind\variables.md'
2024-09-28T05:51:15.895Z - warn: ENOENT: no such file or directory, open 'C:\repos\nus-cs2103\cs2103-website-base\node_modules\.cache\gh-pages\https!github.com!nus-cs2103-AY2425S1!website.git\cache\gh-pages\https!github.com!nus-cs2103-AY2425S1!website.git\_markbind\variables.md'
2024-09-28T05:51:15.896Z - warn: ENOENT: no such file or directory, open 'C:\repos\nus-cs2103\cs2103-website-base\node_modules\.cache\gh-pages\https!github.com!nus-cs2103-AY2425S1!website.git\_markbind\variables.md'
2024-09-28T05:51:15.963Z - info: Building assets...
2024-09-28T05:52:25.058Z - info: Assets built
2024-09-28T05:52:25.059Z - info: Generating pages...
2024-09-28T05:52:49.538Z - debug:  
2024-09-28T05:52:49.658Z - debug:  
2024-09-28T05:52:49.695Z - debug:  
2024-09-28T05:52:49.747Z - debug:  
2024-09-28T05:52:49.760Z - debug:  
2024-09-28T05:52:49.821Z - debug:  
2024-09-28T05:52:52.204Z - debug:  
2024-09-28T05:52:52.205Z - debug:  
2024-09-28T05:52:52.205Z - debug:  
2024-09-28T05:52:52.205Z - debug:  
2024-09-28T05:52:52.205Z - debug:  
2024-09-28T05:52:52.205Z - debug:  
2024-09-28T05:52:52.206Z - debug:  
2024-09-28T05:52:52.206Z - debug:  
2024-09-28T05:52:52.206Z - debug:  
2024-09-28T05:52:52.206Z - debug:  
2024-09-28T05:52:52.206Z - debug:  
2024-09-28T05:53:18.222Z - debug:  
2024-09-28T05:55:17.457Z - debug:  
2024-09-28T05:55:35.327Z - debug:  
2024-09-28T05:55:35.447Z - debug:  
2024-09-28T05:55:49.587Z - info: Pages built
2024-09-28T05:55:50.741Z - info: Site data built
2024-09-28T05:55:50.742Z - info: Website generation complete! Total build time: 322.492s
2024-09-28T05:55:50.742Z - info: Build success!
2024-09-28T06:03:35.319Z - info: The website has been deployed at: https://nus-cs2103-ay2425s1.github.io/website
2024-09-28T07:21:48.410Z - info: Website generation (lazy) started at 3:21:24 pm
2024-09-28T07:22:04.271Z - warn: ENOENT: no such file or directory, open 'C:\repos\nus-cs2103\cs2103-website-base\cache\gh-pages\https!github.com!nus-cs2103-AY2425S1!website.git\book\_markbind\variables.md'
2024-09-28T07:22:04.273Z - warn: ENOENT: no such file or directory, open 'C:\repos\nus-cs2103\cs2103-website-base\cache\gh-pages\https!github.com!nus-cs2103-AY2425S1!website.git\_markbind\variables.md'
2024-09-28T07:22:04.274Z - warn: ENOENT: no such file or directory, open 'C:\repos\nus-cs2103\cs2103-website-base\node_modules\.cache\gh-pages\https!github.com!nus-cs2103-AY2425S1!website.git\book\_markbind\variables.md'
2024-09-28T07:22:04.275Z - warn: ENOENT: no such file or directory, open 'C:\repos\nus-cs2103\cs2103-website-base\node_modules\.cache\gh-pages\https!github.com!nus-cs2103-AY2425S1!website.git\cache\gh-pages\https!github.com!nus-cs2103-AY2425S1!website.git\book\_markbind\variables.md'
2024-09-28T07:22:04.277Z - warn: ENOENT: no such file or directory, open 'C:\repos\nus-cs2103\cs2103-website-base\node_modules\.cache\gh-pages\https!github.com!nus-cs2103-AY2425S1!website.git\cache\gh-pages\https!github.com!nus-cs2103-AY2425S1!website.git\_markbind\variables.md'
2024-09-28T07:22:04.279Z - warn: ENOENT: no such file or directory, open 'C:\repos\nus-cs2103\cs2103-website-base\node_modules\.cache\gh-pages\https!github.com!nus-cs2103-AY2425S1!website.git\_markbind\variables.md'
2024-09-28T07:22:04.355Z - info: Building assets...
2024-09-28T07:24:15.120Z - info: Assets built
2024-09-28T07:24:15.132Z - info: Generating landing page...
2024-09-28T07:24:16.869Z - info: Landing page built, other pages will be built as you navigate to them!
2024-09-28T07:24:18.108Z - info: Site data built
2024-09-28T07:24:18.108Z - info: Website generation (lazy) complete! Total build time: 173.642s
2024-09-28T07:24:18.163Z - info: Serving "C:\repos\nus-cs2103\cs2103-website-base\_site" at http://127.0.0.1:8080
2024-09-28T07:24:18.163Z - info: Press CTRL+C to stop ...
2024-09-28T07:24:55.355Z - info: [3:24:55 pm] Reload for file change: C:\repos\nus-cs2103\cs2103-website-base\book\projectDuke\text.md
2024-09-28T07:24:55.355Z - info: Synchronizing opened pages list before reload
2024-09-28T07:24:55.356Z - info: Current opened pages, from most-to-least recent:
2024-09-28T07:24:55.357Z - info: 1. index
2024-09-28T07:24:56.373Z - info: Assets built
2024-09-28T07:25:03.535Z - info: Building C:\repos\nus-cs2103\cs2103-website-base\schedule\week4\index as some of its dependencies were changed since the last visit
2024-09-28T07:25:05.269Z - info: Site data built
2024-09-28T07:25:05.269Z - info: Lazy website regeneration complete! Total build time: 1.735s
2024-09-28T07:25:13.544Z - info: Building C:\repos\nus-cs2103\cs2103-website-base\schedule\week4\topics as some of its dependencies were changed since the last visit
2024-09-28T07:25:29.526Z - debug:  
2024-09-28T07:25:29.561Z - debug:  
2024-09-28T07:25:30.049Z - debug:  
2024-09-28T07:25:30.222Z - debug:  
2024-09-28T07:25:30.305Z - debug:  
2024-09-28T07:25:30.720Z - debug:  
2024-09-28T07:25:30.767Z - debug:  
2024-09-28T07:25:30.831Z - debug:  
2024-09-28T07:25:30.831Z - debug:  
2024-09-28T07:25:30.846Z - debug:  
2024-09-28T07:25:31.582Z - debug:  
2024-09-28T07:25:32.000Z - debug:  
2024-09-28T07:25:32.542Z - debug:  
2024-09-28T07:25:33.257Z - info: Site data built
2024-09-28T07:25:33.259Z - info: Lazy website regeneration complete! Total build time: 19.715s
2024-09-28T07:25:33.263Z - info: Building C:\repos\nus-cs2103\cs2103-website-base\schedule\week4\project as some of its dependencies were changed since the last visit
2024-09-28T07:25:39.397Z - info: Site data built
2024-09-28T07:25:39.397Z - info: Lazy website regeneration complete! Total build time: 6.135s
2024-09-28T07:25:58.283Z - info: [3:25:58 pm] Reload for file change: C:\repos\nus-cs2103\cs2103-website-base\book\projectDuke\text.md
2024-09-28T07:25:58.283Z - info: Synchronizing opened pages list before reload
2024-09-28T07:25:58.283Z - info: Current opened pages, from most-to-least recent:
2024-09-28T07:25:58.283Z - info: 1. schedule/week4/project
2024-09-28T07:25:59.289Z - info: Rebuilding 1 pages
2024-09-28T07:26:02.164Z - info: Site data built
2024-09-28T07:26:02.165Z - info: Pages rebuilt
2024-09-28T07:26:02.165Z - info: Website regeneration complete! Total build time: 2.877s
2024-09-28T07:26:23.887Z - info: [3:26:23 pm] Reload for file change: C:\repos\nus-cs2103\cs2103-website-base\book\projectDuke\text.md
2024-09-28T07:26:23.887Z - info: Synchronizing opened pages list before reload
2024-09-28T07:26:23.888Z - info: Current opened pages, from most-to-least recent:
2024-09-28T07:26:23.888Z - info: 1. schedule/week4/project
2024-09-28T07:26:24.891Z - info: Rebuilding 1 pages
2024-09-28T07:26:28.097Z - info: Site data built
2024-09-28T07:26:28.098Z - info: Pages rebuilt
2024-09-28T07:26:28.098Z - info: Website regeneration complete! Total build time: 3.208s
2024-09-28T08:56:01.068Z - info: Website generation started at 4:55:32 pm
2024-09-28T08:56:12.487Z - warn: ENOENT: no such file or directory, open 'C:\repos\nus-cs2103\cs2103-website-base\node_modules\.cache\gh-pages\https!github.com!nus-cs2103-AY2425S1!website.git\book\_markbind\variables.md'
2024-09-28T08:56:12.488Z - warn: ENOENT: no such file or directory, open 'C:\repos\nus-cs2103\cs2103-website-base\node_modules\.cache\gh-pages\https!github.com!nus-cs2103-AY2425S1!website.git\cache\gh-pages\https!github.com!nus-cs2103-AY2425S1!website.git\book\_markbind\variables.md'
2024-09-28T08:56:12.489Z - warn: ENOENT: no such file or directory, open 'C:\repos\nus-cs2103\cs2103-website-base\node_modules\.cache\gh-pages\https!github.com!nus-cs2103-AY2425S1!website.git\cache\gh-pages\https!github.com!nus-cs2103-AY2425S1!website.git\_markbind\variables.md'
2024-09-28T08:56:12.491Z - warn: ENOENT: no such file or directory, open 'C:\repos\nus-cs2103\cs2103-website-base\node_modules\.cache\gh-pages\https!github.com!nus-cs2103-AY2425S1!website.git\_markbind\variables.md'
2024-09-28T08:56:12.558Z - info: Building assets...
2024-09-28T08:57:12.586Z - info: Assets built
2024-09-28T08:57:12.587Z - info: Generating pages...
2024-09-28T08:57:29.890Z - debug:  
2024-09-28T08:57:29.892Z - debug:  
2024-09-28T08:57:29.900Z - debug:  
2024-09-28T08:57:29.969Z - debug:  
2024-09-28T08:57:29.971Z - debug:  
2024-09-28T08:57:30.017Z - debug:  
2024-09-28T08:57:30.041Z - debug:  
2024-09-28T08:57:30.042Z - debug:  
2024-09-28T08:57:30.055Z - debug:  
2024-09-28T08:57:31.948Z - debug:  
2024-09-28T08:57:31.948Z - debug:  
2024-09-28T08:57:31.948Z - debug:  
2024-09-28T08:57:31.948Z - debug:  
2024-09-28T08:57:31.949Z - debug:  
2024-09-28T08:57:31.949Z - debug:  
2024-09-28T08:57:31.949Z - debug:  
2024-09-28T08:57:31.949Z - debug:  
2024-09-28T08:57:55.722Z - debug:  
2024-09-28T08:59:38.704Z - debug:  
2024-09-28T08:59:56.763Z - debug:  
2024-09-28T08:59:56.924Z - debug:  
2024-09-28T09:00:10.224Z - info: Pages built
2024-09-28T09:00:11.302Z - info: Site data built
2024-09-28T09:00:11.303Z - info: Website generation complete! Total build time: 279.133s
2024-09-28T09:00:11.303Z - info: Build success!
2024-09-28T09:03:22.265Z - info: The website has been deployed at: https://nus-cs2103-ay2425s1.github.io/website
2024-09-28T11:33:07.274Z - info: Website generation (lazy) started at 7:32:28 pm
2024-09-28T11:33:28.265Z - warn: ENOENT: no such file or directory, open 'C:\repos\nus-cs2103\cs2103-website-base\cache\gh-pages\https!github.com!nus-cs2103-AY2425S1!website.git\book\_markbind\variables.md'
2024-09-28T11:33:28.267Z - warn: ENOENT: no such file or directory, open 'C:\repos\nus-cs2103\cs2103-website-base\cache\gh-pages\https!github.com!nus-cs2103-AY2425S1!website.git\_markbind\variables.md'
2024-09-28T11:33:28.269Z - warn: ENOENT: no such file or directory, open 'C:\repos\nus-cs2103\cs2103-website-base\node_modules\.cache\gh-pages\https!github.com!nus-cs2103-AY2425S1!website.git\book\_markbind\variables.md'
2024-09-28T11:33:28.270Z - warn: ENOENT: no such file or directory, open 'C:\repos\nus-cs2103\cs2103-website-base\node_modules\.cache\gh-pages\https!github.com!nus-cs2103-AY2425S1!website.git\cache\gh-pages\https!github.com!nus-cs2103-AY2425S1!website.git\book\_markbind\variables.md'
2024-09-28T11:33:28.272Z - warn: ENOENT: no such file or directory, open 'C:\repos\nus-cs2103\cs2103-website-base\node_modules\.cache\gh-pages\https!github.com!nus-cs2103-AY2425S1!website.git\cache\gh-pages\https!github.com!nus-cs2103-AY2425S1!website.git\_markbind\variables.md'
2024-09-28T11:33:28.274Z - warn: ENOENT: no such file or directory, open 'C:\repos\nus-cs2103\cs2103-website-base\node_modules\.cache\gh-pages\https!github.com!nus-cs2103-AY2425S1!website.git\_markbind\variables.md'
2024-09-28T11:33:28.443Z - info: Building assets...
2024-09-28T11:35:51.873Z - info: Assets built
2024-09-28T11:35:51.876Z - info: Generating landing page...
2024-09-28T11:35:54.884Z - info: Landing page built, other pages will be built as you navigate to them!
2024-09-28T11:35:56.828Z - info: Site data built
2024-09-28T11:35:56.829Z - info: Website generation (lazy) complete! Total build time: 208.298s
2024-09-28T11:35:57.490Z - info: Serving "C:\repos\nus-cs2103\cs2103-website-base\_site" at http://127.0.0.1:8080
2024-09-28T11:35:57.490Z - info: Press CTRL+C to stop ...
2024-09-28T11:41:01.333Z - info: [7:41:01 pm] Reload for file change: C:\repos\nus-cs2103\cs2103-website-base\_course-CS2103\mid-semester-survey-results.md
2024-09-28T11:41:01.334Z - info: Synchronizing opened pages list before reload
2024-09-28T11:41:01.334Z - info: Current opened pages, from most-to-least recent:
2024-09-28T11:41:01.335Z - info: 1. index
2024-09-28T11:41:02.340Z - info: Assets built
2024-09-28T11:41:31.838Z - info: Building C:\repos\nus-cs2103\cs2103-website-base\admin\mid-semester-survey-results as some of its dependencies were changed since the last visit
2024-09-28T11:41:32.653Z - info: Site data built
2024-09-28T11:41:32.654Z - info: Lazy website regeneration complete! Total build time: 0.816s
2024-09-28T11:42:40.298Z - info: [7:42:40 pm] Reload for file change: C:\repos\nus-cs2103\cs2103-website-base\_course-CS2103\mid-semester-survey-results.md
2024-09-28T11:42:40.299Z - info: Synchronizing opened pages list before reload
2024-09-28T11:42:40.299Z - info: Current opened pages, from most-to-least recent:
2024-09-28T11:42:40.299Z - info: 1. admin/mid-semester-survey-results
2024-09-28T11:42:41.309Z - info: Rebuilding 1 pages
2024-09-28T11:42:41.773Z - info: Site data built
2024-09-28T11:42:41.773Z - info: Pages rebuilt
2024-09-28T11:42:41.774Z - info: Website regeneration complete! Total build time: 0.467s
2024-09-28T11:49:34.616Z - info: [7:49:34 pm] Reload for file change: C:\repos\nus-cs2103\cs2103-website-base\_course-CS2103\mid-semester-survey-results.md
2024-09-28T11:49:34.616Z - info: Synchronizing opened pages list before reload
2024-09-28T11:49:34.616Z - info: Current opened pages, from most-to-least recent:
2024-09-28T11:49:34.617Z - info: 1. admin/mid-semester-survey-results
2024-09-28T11:49:35.619Z - info: Rebuilding 1 pages
2024-09-28T11:49:36.077Z - info: Site data built
2024-09-28T11:49:36.078Z - info: Pages rebuilt
2024-09-28T11:49:36.078Z - info: Website regeneration complete! Total build time: 0.46s
2024-09-28T12:03:25.015Z - info: [8:03:25 pm] Reload for file change: C:\repos\nus-cs2103\cs2103-website-base\_course-CS2103\mid-semester-survey-results.md
2024-09-28T12:03:25.016Z - info: Synchronizing opened pages list before reload
2024-09-28T12:03:25.016Z - info: Current opened pages, from most-to-least recent:
2024-09-28T12:03:25.016Z - info: 1. admin/mid-semester-survey-results
2024-09-28T12:03:26.026Z - info: Rebuilding 1 pages
2024-09-28T12:03:26.422Z - info: Site data built
2024-09-28T12:03:26.423Z - info: Pages rebuilt
2024-09-28T12:03:26.423Z - info: Website regeneration complete! Total build time: 0.398s
2024-09-28T12:10:15.880Z - info: [8:10:15 pm] Reload for file change: C:\repos\nus-cs2103\cs2103-website-base\_course-CS2103\mid-semester-survey-results.md
2024-09-28T12:10:15.881Z - info: Synchronizing opened pages list before reload
2024-09-28T12:10:15.881Z - info: Current opened pages, from most-to-least recent:
2024-09-28T12:10:15.881Z - info: 1. admin/mid-semester-survey-results
2024-09-28T12:10:16.888Z - info: Rebuilding 1 pages
2024-09-28T12:10:17.300Z - info: Site data built
2024-09-28T12:10:17.300Z - info: Pages rebuilt
2024-09-28T12:10:17.300Z - info: Website regeneration complete! Total build time: 0.413s
2024-09-28T12:14:28.096Z - info: [8:14:28 pm] Reload for file change: C:\repos\nus-cs2103\cs2103-website-base\_course-CS2103\mid-semester-survey-results.md
2024-09-28T12:14:28.096Z - info: Synchronizing opened pages list before reload
2024-09-28T12:14:28.096Z - info: Current opened pages, from most-to-least recent:
2024-09-28T12:14:28.097Z - info: 1. admin/mid-semester-survey-results
2024-09-28T12:14:29.099Z - info: Rebuilding 1 pages
2024-09-28T12:14:29.516Z - info: Site data built
2024-09-28T12:14:29.516Z - info: Pages rebuilt
2024-09-28T12:14:29.516Z - info: Website regeneration complete! Total build time: 0.418s
2024-09-28T12:16:26.038Z - info: [8:16:26 pm] Reload for file change: C:\repos\nus-cs2103\cs2103-website-base\_course-CS2103\mid-semester-survey-results.md
2024-09-28T12:16:26.039Z - info: Synchronizing opened pages list before reload
2024-09-28T12:16:26.039Z - info: Current opened pages, from most-to-least recent:
2024-09-28T12:16:26.039Z - info: 1. admin/mid-semester-survey-results
2024-09-28T12:16:27.051Z - info: Rebuilding 1 pages
2024-09-28T12:16:27.447Z - info: Site data built
2024-09-28T12:16:27.447Z - info: Pages rebuilt
2024-09-28T12:16:27.447Z - info: Website regeneration complete! Total build time: 0.397s
2024-09-28T12:16:46.851Z - info: [8:16:46 pm] Reload for file change: C:\repos\nus-cs2103\cs2103-website-base\_course-CS2103\mid-semester-survey-results.md
2024-09-28T12:16:46.851Z - info: Synchronizing opened pages list before reload
2024-09-28T12:16:46.852Z - info: Current opened pages, from most-to-least recent:
2024-09-28T12:16:46.852Z - info: 1. admin/mid-semester-survey-results
2024-09-28T12:16:47.854Z - info: Rebuilding 1 pages
2024-09-28T12:16:48.360Z - info: Site data built
2024-09-28T12:16:48.360Z - info: Pages rebuilt
2024-09-28T12:16:48.361Z - info: Website regeneration complete! Total build time: 0.507s
2024-09-28T12:18:43.647Z - info: [8:18:43 pm] Reload for file change: C:\repos\nus-cs2103\cs2103-website-base\_course-CS2103\mid-semester-survey-results.md
2024-09-28T12:18:43.647Z - info: Synchronizing opened pages list before reload
2024-09-28T12:18:43.647Z - info: Current opened pages, from most-to-least recent:
2024-09-28T12:18:43.647Z - info: 1. admin/mid-semester-survey-results
2024-09-28T12:18:44.649Z - info: Rebuilding 1 pages
2024-09-28T12:18:45.062Z - info: Site data built
2024-09-28T12:18:45.062Z - info: Pages rebuilt
2024-09-28T12:18:45.063Z - info: Website regeneration complete! Total build time: 0.414s
2024-09-28T12:19:20.859Z - info: [8:19:20 pm] Reload for file change: C:\repos\nus-cs2103\cs2103-website-base\_course-CS2103\mid-semester-survey-results.md
2024-09-28T12:19:20.860Z - info: Synchronizing opened pages list before reload
2024-09-28T12:19:20.860Z - info: Current opened pages, from most-to-least recent:
2024-09-28T12:19:20.860Z - info: 1. admin/mid-semester-survey-results
2024-09-28T12:19:21.863Z - info: Rebuilding 1 pages
2024-09-28T12:19:22.368Z - info: Site data built
2024-09-28T12:19:22.369Z - info: Pages rebuilt
2024-09-28T12:19:22.369Z - info: Website regeneration complete! Total build time: 0.507s
2024-09-28T12:20:31.470Z - info: [8:20:31 pm] Reload for file change: C:\repos\nus-cs2103\cs2103-website-base\_course-CS2103\mid-semester-survey-results.md
2024-09-28T12:20:31.471Z - info: Synchronizing opened pages list before reload
2024-09-28T12:20:31.471Z - info: Current opened pages, from most-to-least recent:
2024-09-28T12:20:31.471Z - info: 1. admin/mid-semester-survey-results
2024-09-28T12:20:32.482Z - info: Rebuilding 1 pages
2024-09-28T12:20:32.836Z - info: Site data built
2024-09-28T12:20:32.836Z - info: Pages rebuilt
2024-09-28T12:20:32.836Z - info: Website regeneration complete! Total build time: 0.355s
2024-09-28T12:22:58.997Z - info: [8:22:58 pm] Reload for file change: C:\repos\nus-cs2103\cs2103-website-base\_course-CS2103\mid-semester-survey-results.md
2024-09-28T12:22:58.997Z - info: Synchronizing opened pages list before reload
2024-09-28T12:22:58.997Z - info: Current opened pages, from most-to-least recent:
2024-09-28T12:22:58.997Z - info: 1. admin/mid-semester-survey-results
2024-09-28T12:23:00.003Z - info: Rebuilding 1 pages
2024-09-28T12:23:00.372Z - info: Site data built
2024-09-28T12:23:00.372Z - info: Pages rebuilt
2024-09-28T12:23:00.373Z - info: Website regeneration complete! Total build time: 0.371s
2024-09-28T12:31:35.744Z - info: [8:31:35 pm] Reload for file change: C:\repos\nus-cs2103\cs2103-website-base\_course-CS2103\mid-semester-survey-results.md
2024-09-28T12:31:35.745Z - info: Synchronizing opened pages list before reload
2024-09-28T12:31:35.745Z - info: Current opened pages, from most-to-least recent:
2024-09-28T12:31:35.745Z - info: 1. admin/mid-semester-survey-results
2024-09-28T12:31:36.758Z - info: Rebuilding 1 pages
2024-09-28T12:31:37.147Z - info: Site data built
2024-09-28T12:31:37.148Z - info: Pages rebuilt
2024-09-28T12:31:37.148Z - info: Website regeneration complete! Total build time: 0.39s
2024-09-28T12:42:58.101Z - info: [8:42:58 pm] Reload for file change: C:\repos\nus-cs2103\cs2103-website-base\_course-CS2103\mid-semester-survey-results.md
2024-09-28T12:42:58.102Z - info: Synchronizing opened pages list before reload
2024-09-28T12:42:58.102Z - info: Current opened pages, from most-to-least recent:
2024-09-28T12:42:58.102Z - info: 1. admin/mid-semester-survey-results
2024-09-28T12:42:59.116Z - info: Rebuilding 1 pages
2024-09-28T12:42:59.576Z - info: Site data built
2024-09-28T12:42:59.577Z - info: Pages rebuilt
2024-09-28T12:42:59.577Z - info: Website regeneration complete! Total build time: 0.462s
2024-09-28T12:43:57.742Z - info: [8:43:57 pm] Reload for file change: C:\repos\nus-cs2103\cs2103-website-base\_course-CS2103\mid-semester-survey-results.md
2024-09-28T12:43:57.743Z - info: Synchronizing opened pages list before reload
2024-09-28T12:43:57.743Z - info: Current opened pages, from most-to-least recent:
2024-09-28T12:43:57.743Z - info: 1. admin/mid-semester-survey-results
2024-09-28T12:43:58.760Z - info: Rebuilding 1 pages
2024-09-28T12:43:59.118Z - info: Site data built
2024-09-28T12:43:59.119Z - info: Pages rebuilt
2024-09-28T12:43:59.119Z - info: Website regeneration complete! Total build time: 0.36s
2024-09-28T12:49:42.836Z - info: [8:49:42 pm] Reload for file change: C:\repos\nus-cs2103\cs2103-website-base\_course-CS2103\mid-semester-survey-results.md
2024-09-28T12:49:42.837Z - info: Synchronizing opened pages list before reload
2024-09-28T12:49:42.837Z - info: Current opened pages, from most-to-least recent:
2024-09-28T12:49:42.837Z - info: 1. admin/mid-semester-survey-results
2024-09-28T12:49:43.845Z - info: Rebuilding 1 pages
2024-09-28T12:49:44.343Z - info: Site data built
2024-09-28T12:49:44.343Z - info: Pages rebuilt
2024-09-28T12:49:44.343Z - info: Website regeneration complete! Total build time: 0.499s
2024-09-28T12:55:46.066Z - info: [8:55:46 pm] Reload for file change: C:\repos\nus-cs2103\cs2103-website-base\_course-CS2103\mid-semester-survey-results.md
2024-09-28T12:55:46.067Z - info: Synchronizing opened pages list before reload
2024-09-28T12:55:46.067Z - info: Current opened pages, from most-to-least recent:
2024-09-28T12:55:46.067Z - info: 1. admin/mid-semester-survey-results
2024-09-28T12:55:47.078Z - info: Rebuilding 1 pages
2024-09-28T12:55:47.605Z - info: Site data built
2024-09-28T12:55:47.606Z - info: Pages rebuilt
2024-09-28T12:55:47.606Z - info: Website regeneration complete! Total build time: 0.529s
2024-09-28T12:57:38.149Z - info: [8:57:38 pm] Reload for file change: C:\repos\nus-cs2103\cs2103-website-base\_course-CS2103\mid-semester-survey-results.md
2024-09-28T12:57:38.149Z - info: Synchronizing opened pages list before reload
2024-09-28T12:57:38.150Z - info: Current opened pages, from most-to-least recent:
2024-09-28T12:57:38.150Z - info: 1. admin/mid-semester-survey-results
2024-09-28T12:57:39.162Z - info: Rebuilding 1 pages
2024-09-28T12:57:39.616Z - info: Site data built
2024-09-28T12:57:39.616Z - info: Pages rebuilt
2024-09-28T12:57:39.617Z - info: Website regeneration complete! Total build time: 0.455s
2024-09-28T12:59:35.633Z - info: [8:59:35 pm] Reload for file change: C:\repos\nus-cs2103\cs2103-website-base\_course-CS2103\mid-semester-survey-results.md
2024-09-28T12:59:35.634Z - info: Synchronizing opened pages list before reload
2024-09-28T12:59:35.634Z - info: Current opened pages, from most-to-least recent:
2024-09-28T12:59:35.634Z - info: 1. admin/mid-semester-survey-results
2024-09-28T12:59:36.648Z - info: Rebuilding 1 pages
2024-09-28T12:59:37.034Z - info: Site data built
2024-09-28T12:59:37.034Z - info: Pages rebuilt
2024-09-28T12:59:37.034Z - info: Website regeneration complete! Total build time: 0.388s
2024-09-28T13:02:42.508Z - info: [9:02:42 pm] Reload for file change: C:\repos\nus-cs2103\cs2103-website-base\_course-CS2103\mid-semester-survey-results.md
2024-09-28T13:02:42.508Z - info: Synchronizing opened pages list before reload
2024-09-28T13:02:42.508Z - info: Current opened pages, from most-to-least recent:
2024-09-28T13:02:42.508Z - info: 1. admin/mid-semester-survey-results
2024-09-28T13:02:43.524Z - info: Rebuilding 1 pages
2024-09-28T13:02:43.933Z - info: Site data built
2024-09-28T13:02:43.934Z - info: Pages rebuilt
2024-09-28T13:02:43.934Z - info: Website regeneration complete! Total build time: 0.411s
2024-09-28T13:12:25.522Z - info: [9:12:25 pm] Reload for file change: C:\repos\nus-cs2103\cs2103-website-base\_course-CS2103\mid-semester-survey-results.md
2024-09-28T13:12:25.523Z - info: Synchronizing opened pages list before reload
2024-09-28T13:12:25.523Z - info: Current opened pages, from most-to-least recent:
2024-09-28T13:12:25.523Z - info: 1. admin/mid-semester-survey-results
2024-09-28T13:12:26.531Z - info: Rebuilding 1 pages
2024-09-28T13:12:26.943Z - info: Site data built
2024-09-28T13:12:26.943Z - info: Pages rebuilt
2024-09-28T13:12:26.943Z - info: Website regeneration complete! Total build time: 0.413s
2024-09-28T13:16:16.091Z - info: [9:16:16 pm] Reload for file change: C:\repos\nus-cs2103\cs2103-website-base\_course-CS2103\mid-semester-survey-results.md
2024-09-28T13:16:16.091Z - info: Synchronizing opened pages list before reload
2024-09-28T13:16:16.092Z - info: Current opened pages, from most-to-least recent:
2024-09-28T13:16:16.092Z - info: 1. admin/mid-semester-survey-results
2024-09-28T13:16:17.108Z - info: Rebuilding 1 pages
2024-09-28T13:16:17.542Z - info: Site data built
2024-09-28T13:16:17.542Z - info: Pages rebuilt
2024-09-28T13:16:17.542Z - info: Website regeneration complete! Total build time: 0.436s
2024-09-28T13:17:07.343Z - info: [9:17:07 pm] Reload for file change: C:\repos\nus-cs2103\cs2103-website-base\_course-CS2103\mid-semester-survey-results.md
2024-09-28T13:17:07.343Z - info: Synchronizing opened pages list before reload
2024-09-28T13:17:07.343Z - info: Current opened pages, from most-to-least recent:
2024-09-28T13:17:07.344Z - info: 1. admin/mid-semester-survey-results
2024-09-28T13:17:08.359Z - info: Rebuilding 1 pages
2024-09-28T13:17:08.804Z - info: Site data built
2024-09-28T13:17:08.804Z - info: Pages rebuilt
2024-09-28T13:17:08.804Z - info: Website regeneration complete! Total build time: 0.446s
2024-09-28T13:19:07.684Z - info: [9:19:07 pm] Reload for file change: C:\repos\nus-cs2103\cs2103-website-base\_course-CS2103\mid-semester-survey-results.md
2024-09-28T13:19:07.685Z - info: Synchronizing opened pages list before reload
2024-09-28T13:19:07.685Z - info: Current opened pages, from most-to-least recent:
2024-09-28T13:19:07.685Z - info: 1. admin/mid-semester-survey-results
2024-09-28T13:19:08.687Z - info: Rebuilding 1 pages
2024-09-28T13:19:09.081Z - info: Site data built
2024-09-28T13:19:09.081Z - info: Pages rebuilt
2024-09-28T13:19:09.081Z - info: Website regeneration complete! Total build time: 0.395s
2024-09-28T13:35:15.263Z - info: [9:35:15 pm] Reload for file change: C:\repos\nus-cs2103\cs2103-website-base\_course-CS2103\mid-semester-survey-results.md
2024-09-28T13:35:15.264Z - info: Synchronizing opened pages list before reload
2024-09-28T13:35:15.264Z - info: Current opened pages, from most-to-least recent:
2024-09-28T13:35:15.264Z - info: 1. admin/mid-semester-survey-results
2024-09-28T13:35:16.277Z - info: Rebuilding 1 pages
2024-09-28T13:35:16.710Z - info: Site data built
2024-09-28T13:35:16.710Z - info: Pages rebuilt
2024-09-28T13:35:16.710Z - info: Website regeneration complete! Total build time: 0.434s
2024-09-28T13:39:55.926Z - info: [9:39:55 pm] Reload for file change: C:\repos\nus-cs2103\cs2103-website-base\_course-CS2103\mid-semester-survey-results.md
2024-09-28T13:39:55.927Z - info: Synchronizing opened pages list before reload
2024-09-28T13:39:55.927Z - info: Current opened pages, from most-to-least recent:
2024-09-28T13:39:55.927Z - info: 1. admin/mid-semester-survey-results
2024-09-28T13:39:56.943Z - info: Rebuilding 1 pages
2024-09-28T13:39:57.352Z - info: Site data built
2024-09-28T13:39:57.353Z - info: Pages rebuilt
2024-09-28T13:39:57.353Z - info: Website regeneration complete! Total build time: 0.411s
2024-09-28T13:42:15.740Z - info: [9:42:15 pm] Reload for file change: C:\repos\nus-cs2103\cs2103-website-base\_course-CS2103\mid-semester-survey-results.md
2024-09-28T13:42:15.741Z - info: Synchronizing opened pages list before reload
2024-09-28T13:42:15.741Z - info: Current opened pages, from most-to-least recent:
2024-09-28T13:42:15.741Z - info: 1. admin/mid-semester-survey-results
2024-09-28T13:42:16.751Z - info: Rebuilding 1 pages
2024-09-28T13:42:17.162Z - info: Site data built
2024-09-28T13:42:17.162Z - info: Pages rebuilt
2024-09-28T13:42:17.162Z - info: Website regeneration complete! Total build time: 0.411s
2024-09-28T13:42:31.144Z - info: [9:42:31 pm] Reload for file change: C:\repos\nus-cs2103\cs2103-website-base\_course-CS2103\mid-semester-survey-results.md
2024-09-28T13:42:31.145Z - info: Synchronizing opened pages list before reload
2024-09-28T13:42:31.145Z - info: Current opened pages, from most-to-least recent:
2024-09-28T13:42:31.145Z - info: 1. admin/mid-semester-survey-results
2024-09-28T13:42:32.161Z - info: Rebuilding 1 pages
2024-09-28T13:42:32.529Z - info: Site data built
2024-09-28T13:42:32.529Z - info: Pages rebuilt
2024-09-28T13:42:32.529Z - info: Website regeneration complete! Total build time: 0.369s
2024-09-28T13:43:29.085Z - info: [9:43:29 pm] Reload for file change: C:\repos\nus-cs2103\cs2103-website-base\_course-CS2103\mid-semester-survey-results.md
2024-09-28T13:43:29.085Z - info: Synchronizing opened pages list before reload
2024-09-28T13:43:29.085Z - info: Current opened pages, from most-to-least recent:
2024-09-28T13:43:29.085Z - info: 1. admin/mid-semester-survey-results
2024-09-28T13:43:30.087Z - info: Rebuilding 1 pages
2024-09-28T13:43:30.477Z - info: Site data built
2024-09-28T13:43:30.477Z - info: Pages rebuilt
2024-09-28T13:43:30.477Z - info: Website regeneration complete! Total build time: 0.391s
2024-09-28T13:44:13.203Z - info: [9:44:13 pm] Reload for file change: C:\repos\nus-cs2103\cs2103-website-base\_course-CS2103\mid-semester-survey-results.md
2024-09-28T13:44:13.203Z - info: Synchronizing opened pages list before reload
2024-09-28T13:44:13.203Z - info: Current opened pages, from most-to-least recent:
2024-09-28T13:44:13.203Z - info: 1. admin/mid-semester-survey-results
2024-09-28T13:44:14.215Z - info: Rebuilding 1 pages
2024-09-28T13:44:14.601Z - info: Site data built
2024-09-28T13:44:14.601Z - info: Pages rebuilt
2024-09-28T13:44:14.601Z - info: Website regeneration complete! Total build time: 0.387s
2024-09-28T13:46:17.867Z - info: [9:46:17 pm] Reload for file change: C:\repos\nus-cs2103\cs2103-website-base\_course-CS2103\mid-semester-survey-results.md
2024-09-28T13:46:17.868Z - info: Synchronizing opened pages list before reload
2024-09-28T13:46:17.868Z - info: Current opened pages, from most-to-least recent:
2024-09-28T13:46:17.868Z - info: 1. admin/mid-semester-survey-results
2024-09-28T13:46:18.874Z - info: Rebuilding 1 pages
2024-09-28T13:46:19.258Z - info: Site data built
2024-09-28T13:46:19.258Z - info: Pages rebuilt
2024-09-28T13:46:19.258Z - info: Website regeneration complete! Total build time: 0.385s
2024-09-28T13:47:12.883Z - info: [9:47:12 pm] Reload for file change: C:\repos\nus-cs2103\cs2103-website-base\_course-CS2103\mid-semester-survey-results.md
2024-09-28T13:47:12.883Z - info: Synchronizing opened pages list before reload
2024-09-28T13:47:12.883Z - info: Current opened pages, from most-to-least recent:
2024-09-28T13:47:12.883Z - info: 1. admin/mid-semester-survey-results
2024-09-28T13:47:13.890Z - info: Rebuilding 1 pages
2024-09-28T13:47:14.244Z - info: Site data built
2024-09-28T13:47:14.244Z - info: Pages rebuilt
2024-09-28T13:47:14.244Z - info: Website regeneration complete! Total build time: 0.356s
2024-09-28T13:48:03.524Z - info: [9:48:03 pm] Reload for file change: C:\repos\nus-cs2103\cs2103-website-base\_course-CS2103\mid-semester-survey-results.md
2024-09-28T13:48:03.524Z - info: Synchronizing opened pages list before reload
2024-09-28T13:48:03.524Z - info: Current opened pages, from most-to-least recent:
2024-09-28T13:48:03.524Z - info: 1. admin/mid-semester-survey-results
2024-09-28T13:48:04.528Z - info: Rebuilding 1 pages
2024-09-28T13:48:04.904Z - info: Site data built
2024-09-28T13:48:04.904Z - info: Pages rebuilt
2024-09-28T13:48:04.904Z - info: Website regeneration complete! Total build time: 0.377s
2024-09-28T14:58:24.237Z - info: [10:58:24 pm] Reload for file change: C:\repos\nus-cs2103\cs2103-website-base\_course-CS2103\mid-semester-survey-results.md
2024-09-28T14:58:24.238Z - info: Synchronizing opened pages list before reload
2024-09-28T14:58:24.238Z - info: Current opened pages, from most-to-least recent:
2024-09-28T14:58:24.238Z - info: 1. admin/mid-semester-survey-results
2024-09-28T14:58:25.264Z - info: Rebuilding 1 pages
2024-09-28T14:58:25.943Z - info: Site data built
2024-09-28T14:58:25.943Z - info: Pages rebuilt
2024-09-28T14:58:25.943Z - info: Website regeneration complete! Total build time: 0.683s
2024-09-28T15:00:42.440Z - info: [11:00:42 pm] Reload for file change: C:\repos\nus-cs2103\cs2103-website-base\_course-CS2103\mid-semester-survey-results.md
2024-09-28T15:00:42.440Z - info: Synchronizing opened pages list before reload
2024-09-28T15:00:42.440Z - info: Current opened pages, from most-to-least recent:
2024-09-28T15:00:42.440Z - info: 1. admin/mid-semester-survey-results
2024-09-28T15:00:43.456Z - info: Rebuilding 1 pages
2024-09-28T15:00:43.825Z - info: Site data built
2024-09-28T15:00:43.825Z - info: Pages rebuilt
2024-09-28T15:00:43.825Z - info: Website regeneration complete! Total build time: 0.37s
2024-09-28T15:04:05.994Z - info: [11:04:05 pm] Reload for file change: C:\repos\nus-cs2103\cs2103-website-base\_course-CS2103\mid-semester-survey-results.md
2024-09-28T15:04:05.994Z - info: Synchronizing opened pages list before reload
2024-09-28T15:04:05.995Z - info: Current opened pages, from most-to-least recent:
2024-09-28T15:04:05.995Z - info: 1. admin/mid-semester-survey-results
2024-09-28T15:04:07.004Z - info: Rebuilding 1 pages
2024-09-28T15:04:07.368Z - info: Site data built
2024-09-28T15:04:07.369Z - info: Pages rebuilt
2024-09-28T15:04:07.369Z - info: Website regeneration complete! Total build time: 0.369s
2024-09-28T15:04:50.500Z - info: [11:04:50 pm] Reload for file change: C:\repos\nus-cs2103\cs2103-website-base\_course-CS2103\mid-semester-survey-results.md
2024-09-28T15:04:50.500Z - info: Synchronizing opened pages list before reload
2024-09-28T15:04:50.500Z - info: Current opened pages, from most-to-least recent:
2024-09-28T15:04:50.501Z - info: 1. admin/mid-semester-survey-results
2024-09-28T15:04:51.514Z - info: Rebuilding 1 pages
2024-09-28T15:04:51.868Z - info: Site data built
2024-09-28T15:04:51.868Z - info: Pages rebuilt
2024-09-28T15:04:51.868Z - info: Website regeneration complete! Total build time: 0.355s
2024-09-28T15:10:32.233Z - info: [11:10:32 pm] Reload for file change: C:\repos\nus-cs2103\cs2103-website-base\_course-CS2103\mid-semester-survey-results.md
2024-09-28T15:10:32.233Z - info: Synchronizing opened pages list before reload
2024-09-28T15:10:32.234Z - info: Current opened pages, from most-to-least recent:
2024-09-28T15:10:32.234Z - info: 1. admin/mid-semester-survey-results
2024-09-28T15:10:33.238Z - info: Rebuilding 1 pages
2024-09-28T15:10:33.624Z - info: Site data built
2024-09-28T15:10:33.624Z - info: Pages rebuilt
2024-09-28T15:10:33.625Z - info: Website regeneration complete! Total build time: 0.387s
2024-09-28T15:10:54.849Z - info: [11:10:54 pm] Reload for file change: C:\repos\nus-cs2103\cs2103-website-base\_course-CS2103\mid-semester-survey-results.md
2024-09-28T15:10:54.849Z - info: Synchronizing opened pages list before reload
2024-09-28T15:10:54.850Z - info: Current opened pages, from most-to-least recent:
2024-09-28T15:10:54.850Z - info: 1. admin/mid-semester-survey-results
2024-09-28T15:10:55.857Z - info: Rebuilding 1 pages
2024-09-28T15:10:56.233Z - info: Site data built
2024-09-28T15:10:56.234Z - info: Pages rebuilt
2024-09-28T15:10:56.234Z - info: Website regeneration complete! Total build time: 0.378s
2024-09-28T15:12:28.956Z - info: [11:12:28 pm] Reload for file change: C:\repos\nus-cs2103\cs2103-website-base\_course-CS2103\mid-semester-survey-results.md
2024-09-28T15:12:28.956Z - info: Synchronizing opened pages list before reload
2024-09-28T15:12:28.956Z - info: Current opened pages, from most-to-least recent:
2024-09-28T15:12:28.956Z - info: 1. admin/mid-semester-survey-results
2024-09-28T15:12:29.962Z - info: Rebuilding 1 pages
2024-09-28T15:12:30.332Z - info: Site data built
2024-09-28T15:12:30.332Z - info: Pages rebuilt
2024-09-28T15:12:30.332Z - info: Website regeneration complete! Total build time: 0.372s
2024-09-28T15:12:57.396Z - info: [11:12:57 pm] Reload for file change: C:\repos\nus-cs2103\cs2103-website-base\_course-CS2103\mid-semester-survey-results.md
2024-09-28T15:12:57.397Z - info: Synchronizing opened pages list before reload
2024-09-28T15:12:57.397Z - info: Current opened pages, from most-to-least recent:
2024-09-28T15:12:57.397Z - info: 1. admin/mid-semester-survey-results
2024-09-28T15:12:58.408Z - info: Rebuilding 1 pages
2024-09-28T15:12:58.764Z - info: Site data built
2024-09-28T15:12:58.764Z - info: Pages rebuilt
2024-09-28T15:12:58.765Z - info: Website regeneration complete! Total build time: 0.359s
2024-09-28T15:14:05.199Z - info: [11:14:05 pm] Reload for file change: C:\repos\nus-cs2103\cs2103-website-base\_course-CS2103\mid-semester-survey-results.md
2024-09-28T15:14:05.199Z - info: Synchronizing opened pages list before reload
2024-09-28T15:14:05.199Z - info: Current opened pages, from most-to-least recent:
2024-09-28T15:14:05.199Z - info: 1. admin/mid-semester-survey-results
2024-09-28T15:14:06.210Z - info: Rebuilding 1 pages
2024-09-28T15:14:06.574Z - info: Site data built
2024-09-28T15:14:06.574Z - info: Pages rebuilt
2024-09-28T15:14:06.574Z - info: Website regeneration complete! Total build time: 0.365s
2024-09-28T15:15:51.162Z - info: [11:15:51 pm] Reload for file change: C:\repos\nus-cs2103\cs2103-website-base\_course-CS2103\mid-semester-survey-results.md
2024-09-28T15:15:51.163Z - info: Synchronizing opened pages list before reload
2024-09-28T15:15:51.163Z - info: Current opened pages, from most-to-least recent:
2024-09-28T15:15:51.163Z - info: 1. admin/mid-semester-survey-results
2024-09-28T15:15:52.171Z - info: Rebuilding 1 pages
2024-09-28T15:15:52.536Z - info: Site data built
2024-09-28T15:15:52.536Z - info: Pages rebuilt
2024-09-28T15:15:52.536Z - info: Website regeneration complete! Total build time: 0.366s
2024-09-28T15:17:11.736Z - info: [11:17:11 pm] Reload for file change: C:\repos\nus-cs2103\cs2103-website-base\_course-CS2103\mid-semester-survey-results.md
2024-09-28T15:17:11.736Z - info: Synchronizing opened pages list before reload
2024-09-28T15:17:11.736Z - info: Current opened pages, from most-to-least recent:
2024-09-28T15:17:11.737Z - info: 1. admin/mid-semester-survey-results
2024-09-28T15:17:12.742Z - info: Rebuilding 1 pages
2024-09-28T15:17:13.114Z - info: Site data built
2024-09-28T15:17:13.114Z - info: Pages rebuilt
2024-09-28T15:17:13.114Z - info: Website regeneration complete! Total build time: 0.373s
2024-09-28T15:19:26.098Z - info: [11:19:26 pm] Reload for file change: C:\repos\nus-cs2103\cs2103-website-base\_course-CS2103\mid-semester-survey-results.md
2024-09-28T15:19:26.098Z - info: Synchronizing opened pages list before reload
2024-09-28T15:19:26.098Z - info: Current opened pages, from most-to-least recent:
2024-09-28T15:19:26.099Z - info: 1. admin/mid-semester-survey-results
2024-09-28T15:19:27.107Z - info: Rebuilding 1 pages
2024-09-28T15:19:27.472Z - info: Site data built
2024-09-28T15:19:27.473Z - info: Pages rebuilt
2024-09-28T15:19:27.473Z - info: Website regeneration complete! Total build time: 0.366s
2024-09-28T15:24:11.083Z - info: [11:24:11 pm] Reload for file change: C:\repos\nus-cs2103\cs2103-website-base\_course-CS2103\mid-semester-survey-results.md
2024-09-28T15:24:11.083Z - info: Synchronizing opened pages list before reload
2024-09-28T15:24:11.083Z - info: Current opened pages, from most-to-least recent:
2024-09-28T15:24:11.084Z - info: 1. admin/mid-semester-survey-results
2024-09-28T15:24:12.085Z - info: Rebuilding 1 pages
2024-09-28T15:24:12.449Z - info: Site data built
2024-09-28T15:24:12.450Z - info: Pages rebuilt
2024-09-28T15:24:12.450Z - info: Website regeneration complete! Total build time: 0.365s
2024-09-28T15:24:57.793Z - info: [11:24:57 pm] Reload for file change: C:\repos\nus-cs2103\cs2103-website-base\_course-CS2103\mid-semester-survey-results.md
2024-09-28T15:24:57.794Z - info: Synchronizing opened pages list before reload
2024-09-28T15:24:57.794Z - info: Current opened pages, from most-to-least recent:
2024-09-28T15:24:57.794Z - info: 1. admin/mid-semester-survey-results
2024-09-28T15:24:58.799Z - info: Rebuilding 1 pages
2024-09-28T15:24:59.198Z - info: Site data built
2024-09-28T15:24:59.198Z - info: Pages rebuilt
2024-09-28T15:24:59.198Z - info: Website regeneration complete! Total build time: 0.4s
2024-09-28T15:26:03.889Z - info: [11:26:03 pm] Reload for file change: C:\repos\nus-cs2103\cs2103-website-base\_course-CS2103\mid-semester-survey-results.md
2024-09-28T15:26:03.890Z - info: Synchronizing opened pages list before reload
2024-09-28T15:26:03.890Z - info: Current opened pages, from most-to-least recent:
2024-09-28T15:26:03.890Z - info: 1. admin/mid-semester-survey-results
2024-09-28T15:26:04.899Z - info: Rebuilding 1 pages
2024-09-28T15:26:05.264Z - info: Site data built
2024-09-28T15:26:05.264Z - info: Pages rebuilt
2024-09-28T15:26:05.264Z - info: Website regeneration complete! Total build time: 0.365s
2024-09-28T15:29:29.529Z - info: [11:29:29 pm] Reload for file change: C:\repos\nus-cs2103\cs2103-website-base\_course-CS2103\mid-semester-survey-results.md
2024-09-28T15:29:29.529Z - info: Synchronizing opened pages list before reload
2024-09-28T15:29:29.529Z - info: Current opened pages, from most-to-least recent:
2024-09-28T15:29:29.529Z - info: 1. admin/mid-semester-survey-results
2024-09-28T15:29:30.538Z - info: Rebuilding 1 pages
2024-09-28T15:29:30.907Z - info: Site data built
2024-09-28T15:29:30.907Z - info: Pages rebuilt
2024-09-28T15:29:30.907Z - info: Website regeneration complete! Total build time: 0.369s
2024-09-28T15:47:44.352Z - info: [11:47:44 pm] Reload for file change: C:\repos\nus-cs2103\cs2103-website-base\_course-CS2103\mid-semester-survey-results.md
2024-09-28T15:47:44.352Z - info: Synchronizing opened pages list before reload
2024-09-28T15:47:44.352Z - info: Current opened pages, from most-to-least recent:
2024-09-28T15:47:44.353Z - info: 1. admin/mid-semester-survey-results
2024-09-28T15:47:45.370Z - info: Rebuilding 1 pages
2024-09-28T15:47:45.758Z - info: Site data built
2024-09-28T15:47:45.758Z - info: Pages rebuilt
2024-09-28T15:47:45.758Z - info: Website regeneration complete! Total build time: 0.388s
2024-09-28T15:48:56.538Z - info: [11:48:56 pm] Reload for file change: C:\repos\nus-cs2103\cs2103-website-base\_course-CS2103\mid-semester-survey-results.md
2024-09-28T15:48:56.538Z - info: Synchronizing opened pages list before reload
2024-09-28T15:48:56.538Z - info: Current opened pages, from most-to-least recent:
2024-09-28T15:48:56.538Z - info: 1. admin/mid-semester-survey-results
2024-09-28T15:48:57.549Z - info: Rebuilding 1 pages
2024-09-28T15:48:57.921Z - info: Site data built
2024-09-28T15:48:57.922Z - info: Pages rebuilt
2024-09-28T15:48:57.922Z - info: Website regeneration complete! Total build time: 0.374s
2024-09-28T15:50:17.747Z - info: [11:50:17 pm] Reload for file change: C:\repos\nus-cs2103\cs2103-website-base\_course-CS2103\mid-semester-survey-results.md
2024-09-28T15:50:17.748Z - info: Synchronizing opened pages list before reload
2024-09-28T15:50:17.748Z - info: Current opened pages, from most-to-least recent:
2024-09-28T15:50:17.748Z - info: 1. admin/mid-semester-survey-results
2024-09-28T15:50:18.765Z - info: Rebuilding 1 pages
2024-09-28T15:50:19.155Z - info: Site data built
2024-09-28T15:50:19.155Z - info: Pages rebuilt
2024-09-28T15:50:19.155Z - info: Website regeneration complete! Total build time: 0.392s
2024-09-28T15:50:51.989Z - info: [11:50:51 pm] Reload for file change: C:\repos\nus-cs2103\cs2103-website-base\_course-CS2103\mid-semester-survey-results.md
2024-09-28T15:50:51.989Z - info: Synchronizing opened pages list before reload
2024-09-28T15:50:51.989Z - info: Current opened pages, from most-to-least recent:
2024-09-28T15:50:51.989Z - info: 1. admin/mid-semester-survey-results
2024-09-28T15:50:52.997Z - info: Rebuilding 1 pages
2024-09-28T15:50:53.369Z - info: Site data built
2024-09-28T15:50:53.369Z - info: Pages rebuilt
2024-09-28T15:50:53.369Z - info: Website regeneration complete! Total build time: 0.373s
2024-09-28T15:57:05.304Z - info: Website generation started at 11:56:27 pm
2024-09-28T15:57:18.269Z - warn: ENOENT: no such file or directory, open 'C:\repos\nus-cs2103\cs2103-website-base\node_modules\.cache\gh-pages\https!github.com!nus-cs2103-AY2425S1!website.git\book\_markbind\variables.md'
2024-09-28T15:57:18.271Z - warn: ENOENT: no such file or directory, open 'C:\repos\nus-cs2103\cs2103-website-base\node_modules\.cache\gh-pages\https!github.com!nus-cs2103-AY2425S1!website.git\cache\gh-pages\https!github.com!nus-cs2103-AY2425S1!website.git\book\_markbind\variables.md'
2024-09-28T15:57:18.272Z - warn: ENOENT: no such file or directory, open 'C:\repos\nus-cs2103\cs2103-website-base\node_modules\.cache\gh-pages\https!github.com!nus-cs2103-AY2425S1!website.git\cache\gh-pages\https!github.com!nus-cs2103-AY2425S1!website.git\_markbind\variables.md'
2024-09-28T15:57:18.274Z - warn: ENOENT: no such file or directory, open 'C:\repos\nus-cs2103\cs2103-website-base\node_modules\.cache\gh-pages\https!github.com!nus-cs2103-AY2425S1!website.git\_markbind\variables.md'
2024-09-28T15:57:18.353Z - info: Building assets...
2024-09-28T15:58:33.070Z - info: Assets built
2024-09-28T15:58:33.072Z - info: Generating pages...
2024-09-28T15:58:58.966Z - debug:  
2024-09-28T15:58:58.968Z - debug:  
2024-09-28T15:58:58.969Z - debug:  
2024-09-28T15:58:59.399Z - debug:  
2024-09-28T15:58:59.418Z - debug:  
2024-09-28T15:58:59.596Z - debug:  
2024-09-28T15:58:59.597Z - debug:  
2024-09-28T15:58:59.598Z - debug:  
2024-09-28T15:58:59.617Z - debug:  
2024-09-28T15:58:59.697Z - debug:  
2024-09-28T15:58:59.731Z - debug:  
2024-09-28T15:58:59.743Z - debug:  
2024-09-28T15:58:59.762Z - debug:  
2024-09-28T15:58:59.809Z - debug:  
2024-09-28T15:58:59.826Z - debug:  
2024-09-28T15:59:03.204Z - debug:  
2024-09-28T15:59:03.205Z - debug:  
2024-09-28T15:59:35.574Z - debug:  
