2024-10-25T18:39:55.768Z - info: Website generation (lazy) started at 02:39:54
2024-10-25T18:39:56.044Z - warn: ENOENT: no such file or directory, open '/Users/damithch/Repos/nus-cs2103/cs2103-website-base/node_modules/.cache/gh-pages/https!github.com!nus-cs2103-AY2425S1!website.git/book/_markbind/variables.md'
2024-10-25T18:39:56.045Z - warn: ENOENT: no such file or directory, open '/Users/damithch/Repos/nus-cs2103/cs2103-website-base/node_modules/.cache/gh-pages/https!github.com!nus-cs2103-AY2425S1!website.git/_markbind/variables.md'
2024-10-25T18:39:56.063Z - info: Building assets...
2024-10-25T18:39:58.031Z - info: Assets built
2024-10-25T18:39:58.032Z - info: Generating landing page...
2024-10-25T18:39:58.737Z - info: Landing page built, other pages will be built as you navigate to them!
2024-10-25T18:39:58.884Z - info: Site data built
2024-10-25T18:39:58.885Z - info: Website generation (lazy) complete! Total build time: 4.033s
2024-10-25T18:39:58.904Z - info: Serving "/Users/damithch/Repos/nus-cs2103/cs2103-website-base/_site" at http://127.0.0.1:8080
2024-10-25T18:39:58.904Z - info: Press CTRL+C to stop ...
2024-10-25T18:40:15.167Z - info: Building /Users/damithch/Repos/nus-cs2103/cs2103-website-base/schedule/week11/tutorial as some of its dependencies were changed since the last visit
2024-10-25T18:40:15.319Z - info: Site data built
2024-10-25T18:40:15.319Z - info: Lazy website regeneration complete! Total build time: 0.153s
2024-10-26T15:14:26.230Z - info: Website generation (lazy) started at 23:14:25
2024-10-26T15:14:26.532Z - warn: ENOENT: no such file or directory, open '/Users/damithch/Repos/nus-cs2103/cs2103-website-base/node_modules/.cache/gh-pages/https!github.com!nus-cs2103-AY2425S1!website.git/book/_markbind/variables.md'
2024-10-26T15:14:26.532Z - warn: ENOENT: no such file or directory, open '/Users/damithch/Repos/nus-cs2103/cs2103-website-base/node_modules/.cache/gh-pages/https!github.com!nus-cs2103-AY2425S1!website.git/_markbind/variables.md'
2024-10-26T15:14:26.551Z - info: Building assets...
2024-10-26T15:14:27.881Z - info: Assets built
2024-10-26T15:14:27.882Z - info: Generating landing page...
2024-10-26T15:14:28.323Z - info: Landing page built, other pages will be built as you navigate to them!
2024-10-26T15:14:28.393Z - info: Site data built
2024-10-26T15:14:28.393Z - info: Website generation (lazy) complete! Total build time: 2.915s
2024-10-26T15:14:28.403Z - info: Serving "/Users/damithch/Repos/nus-cs2103/cs2103-website-base/_site" at http://127.0.0.1:8080
2024-10-26T15:14:28.403Z - info: Press CTRL+C to stop ...
2024-10-26T15:14:59.155Z - info: Building /Users/damithch/Repos/nus-cs2103/cs2103-website-base/schedule/week11/admin as some of its dependencies were changed since the last visit
2024-10-26T15:14:59.360Z - info: Site data built
2024-10-26T15:14:59.360Z - info: Lazy website regeneration complete! Total build time: 0.206s
2024-10-26T15:15:14.066Z - info: Building /Users/damithch/Repos/nus-cs2103/cs2103-website-base/schedule/week11/topics as some of its dependencies were changed since the last visit
2024-10-26T15:15:14.731Z - info: Site data built
2024-10-26T15:15:14.731Z - info: Lazy website regeneration complete! Total build time: 0.666s
2024-10-26T15:18:45.357Z - info: [23:18:45] Reload for file change: /Users/damithch/Repos/nus-cs2103/cs2103-website-base/admin/common-commentary-fragment.md
2024-10-26T15:18:45.358Z - info: Synchronizing opened pages list before reload
2024-10-26T15:18:45.359Z - info: Current opened pages, from most-to-least recent:
2024-10-26T15:18:45.359Z - info: 1. schedule/week11/topics
2024-10-26T15:18:46.374Z - info: Rebuilding 1 pages
2024-10-26T15:18:46.972Z - info: Site data built
2024-10-26T15:18:46.972Z - info: Pages rebuilt
2024-10-26T15:18:46.972Z - info: Website regeneration complete! Total build time: 0.601s
2024-10-26T15:21:47.805Z - info: [23:21:47] Reload for file change: /Users/damithch/Repos/nus-cs2103/cs2103-website-base/admin/common-commentary-fragment.md
2024-10-26T15:21:47.805Z - info: Synchronizing opened pages list before reload
2024-10-26T15:21:47.805Z - info: Current opened pages, from most-to-least recent:
2024-10-26T15:21:47.805Z - info: 1. schedule/week11/topics
2024-10-26T15:21:48.810Z - info: Rebuilding 1 pages
2024-10-26T15:21:49.393Z - info: Site data built
2024-10-26T15:21:49.393Z - info: Pages rebuilt
2024-10-26T15:21:49.393Z - info: Website regeneration complete! Total build time: 0.585s
2024-10-26T15:24:13.970Z - info: [23:24:13] Reload for file change: /Users/damithch/Repos/nus-cs2103/cs2103-website-base/schedule/week11/commentary-cs2103-fragment.md
2024-10-26T15:24:13.971Z - info: Synchronizing opened pages list before reload
2024-10-26T15:24:13.971Z - info: Current opened pages, from most-to-least recent:
2024-10-26T15:24:13.971Z - info: 1. schedule/week11/topics
2024-10-26T15:24:13.972Z - info: [23:24:13] Reload for file change: /Users/damithch/Repos/nus-cs2103/cs2103-website-base/admin/common-commentary-fragment.md
2024-10-26T15:24:13.972Z - info: Synchronizing opened pages list before reload
2024-10-26T15:24:13.972Z - info: Current opened pages, from most-to-least recent:
2024-10-26T15:24:13.972Z - info: 1. schedule/week11/topics
2024-10-26T15:24:14.989Z - info: Rebuilding 1 pages
2024-10-26T15:24:15.587Z - info: Site data built
2024-10-26T15:24:15.587Z - info: Pages rebuilt
2024-10-26T15:24:15.587Z - info: Website regeneration complete! Total build time: 0.601s
2024-10-26T15:24:50.915Z - info: [23:24:50] Reload for file change: /Users/damithch/Repos/nus-cs2103/cs2103-website-base/schedule/week11/commentary-cs2103-fragment.md
2024-10-26T15:24:50.915Z - info: Synchronizing opened pages list before reload
2024-10-26T15:24:50.916Z - info: Current opened pages, from most-to-least recent:
2024-10-26T15:24:50.916Z - info: 1. schedule/week11/topics
2024-10-26T15:24:50.918Z - info: [23:24:50] Reload for file change: /Users/damithch/Repos/nus-cs2103/cs2103-website-base/admin/common-commentary-fragment.md
2024-10-26T15:24:50.918Z - info: Synchronizing opened pages list before reload
2024-10-26T15:24:50.918Z - info: Current opened pages, from most-to-least recent:
2024-10-26T15:24:50.918Z - info: 1. schedule/week11/topics
2024-10-26T15:24:51.921Z - info: Rebuilding 1 pages
2024-10-26T15:24:52.515Z - info: Site data built
2024-10-26T15:24:52.515Z - info: Pages rebuilt
2024-10-26T15:24:52.515Z - info: Website regeneration complete! Total build time: 0.596s
2024-10-26T15:26:15.657Z - info: [23:26:15] Reload for file change: /Users/damithch/Repos/nus-cs2103/cs2103-website-base/schedule/week11/commentary-cs2103-fragment.md
2024-10-26T15:26:15.658Z - info: Synchronizing opened pages list before reload
2024-10-26T15:26:15.658Z - info: Current opened pages, from most-to-least recent:
2024-10-26T15:26:15.658Z - info: 1. schedule/week11/topics
2024-10-26T15:26:15.658Z - info: [23:26:15] Reload for file change: /Users/damithch/Repos/nus-cs2103/cs2103-website-base/admin/common-commentary-fragment.md
2024-10-26T15:26:15.658Z - info: Synchronizing opened pages list before reload
2024-10-26T15:26:15.658Z - info: Current opened pages, from most-to-least recent:
2024-10-26T15:26:15.658Z - info: 1. schedule/week11/topics
2024-10-26T15:26:16.663Z - info: Rebuilding 1 pages
2024-10-26T15:26:16.997Z - error:  Error: No such segment '#qualityassurance-formalverification-what' in file: /Users/damithch/Repos/nus-cs2103/cs2103-website-base/admin/common-commentary-fragment.md
Missing reference in /Users/damithch/Repos/nus-cs2103/cs2103-website-base/schedule/week11/commentary-box.md
    at processInclude (/opt/homebrew/lib/node_modules/markbind-cli/node_modules/@markbind/core/src/html/includePanelProcessor.js:238:27)
    at NodeProcessor.processNode (/opt/homebrew/lib/node_modules/markbind-cli/node_modules/@markbind/core/src/html/NodeProcessor.js:173:71)
    at NodeProcessor.traverse (/opt/homebrew/lib/node_modules/markbind-cli/node_modules/@markbind/core/src/html/NodeProcessor.js:342:24)
    at /opt/homebrew/lib/node_modules/markbind-cli/node_modules/@markbind/core/src/html/NodeProcessor.js:346:22
    at Array.forEach (<anonymous>)
    at NodeProcessor.traverse (/opt/homebrew/lib/node_modules/markbind-cli/node_modules/@markbind/core/src/html/NodeProcessor.js:345:27)
    at /opt/homebrew/lib/node_modules/markbind-cli/node_modules/@markbind/core/src/html/NodeProcessor.js:346:22
    at Array.forEach (<anonymous>)
    at NodeProcessor.traverse (/opt/homebrew/lib/node_modules/markbind-cli/node_modules/@markbind/core/src/html/NodeProcessor.js:345:27)
    at /opt/homebrew/lib/node_modules/markbind-cli/node_modules/@markbind/core/src/html/NodeProcessor.js:346:22
    at Array.forEach (<anonymous>)
    at NodeProcessor.traverse (/opt/homebrew/lib/node_modules/markbind-cli/node_modules/@markbind/core/src/html/NodeProcessor.js:345:27)
    at /opt/homebrew/lib/node_modules/markbind-cli/node_modules/@markbind/core/src/html/NodeProcessor.js:346:22
    at Array.forEach (<anonymous>)
    at NodeProcessor.traverse (/opt/homebrew/lib/node_modules/markbind-cli/node_modules/@markbind/core/src/html/NodeProcessor.js:345:27)
    at /opt/homebrew/lib/node_modules/markbind-cli/node_modules/@markbind/core/src/html/NodeProcessor.js:346:22
2024-10-26T15:26:17.299Z - info: Site data built
2024-10-26T15:26:17.300Z - info: Pages rebuilt
2024-10-26T15:26:17.300Z - info: Website regeneration complete! Total build time: 0.639s
2024-10-26T15:26:50.763Z - info: [23:26:50] Reload for file change: /Users/damithch/Repos/nus-cs2103/cs2103-website-base/admin/common-commentary-fragment.md
2024-10-26T15:26:50.763Z - info: Synchronizing opened pages list before reload
2024-10-26T15:26:50.763Z - info: Current opened pages, from most-to-least recent:
2024-10-26T15:26:50.763Z - info: 1. schedule/week11/topics
2024-10-26T15:26:51.781Z - info: Rebuilding 1 pages
2024-10-26T15:26:52.103Z - error:  Error: No such segment '#qualityassurance-formalverification-what' in file: /Users/damithch/Repos/nus-cs2103/cs2103-website-base/admin/common-commentary-fragment.md
Missing reference in /Users/damithch/Repos/nus-cs2103/cs2103-website-base/schedule/week11/commentary-box.md
    at processInclude (/opt/homebrew/lib/node_modules/markbind-cli/node_modules/@markbind/core/src/html/includePanelProcessor.js:238:27)
    at NodeProcessor.processNode (/opt/homebrew/lib/node_modules/markbind-cli/node_modules/@markbind/core/src/html/NodeProcessor.js:173:71)
    at NodeProcessor.traverse (/opt/homebrew/lib/node_modules/markbind-cli/node_modules/@markbind/core/src/html/NodeProcessor.js:342:24)
    at /opt/homebrew/lib/node_modules/markbind-cli/node_modules/@markbind/core/src/html/NodeProcessor.js:346:22
    at Array.forEach (<anonymous>)
    at NodeProcessor.traverse (/opt/homebrew/lib/node_modules/markbind-cli/node_modules/@markbind/core/src/html/NodeProcessor.js:345:27)
    at /opt/homebrew/lib/node_modules/markbind-cli/node_modules/@markbind/core/src/html/NodeProcessor.js:346:22
    at Array.forEach (<anonymous>)
    at NodeProcessor.traverse (/opt/homebrew/lib/node_modules/markbind-cli/node_modules/@markbind/core/src/html/NodeProcessor.js:345:27)
    at /opt/homebrew/lib/node_modules/markbind-cli/node_modules/@markbind/core/src/html/NodeProcessor.js:346:22
    at Array.forEach (<anonymous>)
    at NodeProcessor.traverse (/opt/homebrew/lib/node_modules/markbind-cli/node_modules/@markbind/core/src/html/NodeProcessor.js:345:27)
    at /opt/homebrew/lib/node_modules/markbind-cli/node_modules/@markbind/core/src/html/NodeProcessor.js:346:22
    at Array.forEach (<anonymous>)
    at NodeProcessor.traverse (/opt/homebrew/lib/node_modules/markbind-cli/node_modules/@markbind/core/src/html/NodeProcessor.js:345:27)
    at /opt/homebrew/lib/node_modules/markbind-cli/node_modules/@markbind/core/src/html/NodeProcessor.js:346:22
2024-10-26T15:26:52.368Z - info: Site data built
2024-10-26T15:26:52.368Z - info: Pages rebuilt
2024-10-26T15:26:52.368Z - info: Website regeneration complete! Total build time: 0.588s
2024-10-26T15:28:00.977Z - info: [23:28:00] Reload for file change: /Users/damithch/Repos/nus-cs2103/cs2103-website-base/admin/common-commentary-fragment.md
2024-10-26T15:28:00.978Z - info: Synchronizing opened pages list before reload
2024-10-26T15:28:00.978Z - info: Current opened pages, from most-to-least recent:
2024-10-26T15:28:00.978Z - info: 1. schedule/week11/topics
2024-10-26T15:28:01.994Z - info: Rebuilding 1 pages
2024-10-26T15:28:02.620Z - info: Site data built
2024-10-26T15:28:02.620Z - info: Pages rebuilt
2024-10-26T15:28:02.620Z - info: Website regeneration complete! Total build time: 0.628s
2024-10-26T15:31:19.222Z - info: [23:31:19] Reload for file change: /Users/damithch/Repos/nus-cs2103/cs2103-website-base/admin/common-commentary-fragment.md
2024-10-26T15:31:19.223Z - info: Synchronizing opened pages list before reload
2024-10-26T15:31:19.223Z - info: Current opened pages, from most-to-least recent:
2024-10-26T15:31:19.223Z - info: 1. schedule/week11/topics
2024-10-26T15:31:20.236Z - info: Rebuilding 1 pages
2024-10-26T15:31:20.865Z - info: Site data built
2024-10-26T15:31:20.865Z - info: Pages rebuilt
2024-10-26T15:31:20.865Z - info: Website regeneration complete! Total build time: 0.63s
2024-10-26T15:33:10.856Z - info: [23:33:10] Reload for file change: /Users/damithch/Repos/nus-cs2103/cs2103-website-base/admin/common-commentary-fragment.md
2024-10-26T15:33:10.857Z - info: Synchronizing opened pages list before reload
2024-10-26T15:33:10.857Z - info: Current opened pages, from most-to-least recent:
2024-10-26T15:33:10.858Z - info: 1. schedule/week11/topics
2024-10-26T15:33:11.876Z - info: Rebuilding 1 pages
2024-10-26T15:33:12.510Z - info: Site data built
2024-10-26T15:33:12.510Z - info: Pages rebuilt
2024-10-26T15:33:12.510Z - info: Website regeneration complete! Total build time: 0.637s
2024-10-26T15:34:00.320Z - info: [23:34:00] Reload for file change: /Users/damithch/Repos/nus-cs2103/cs2103-website-base/admin/common-commentary-fragment.md
2024-10-26T15:34:00.321Z - info: Synchronizing opened pages list before reload
2024-10-26T15:34:00.321Z - info: Current opened pages, from most-to-least recent:
2024-10-26T15:34:00.321Z - info: 1. schedule/week11/topics
2024-10-26T15:34:01.340Z - info: Rebuilding 1 pages
2024-10-26T15:34:01.968Z - info: Site data built
2024-10-26T15:34:01.968Z - info: Pages rebuilt
2024-10-26T15:34:01.968Z - info: Website regeneration complete! Total build time: 0.63s
2024-10-26T15:35:06.400Z - info: [23:35:06] Reload for file change: /Users/damithch/Repos/nus-cs2103/cs2103-website-base/admin/common-commentary-fragment.md
2024-10-26T15:35:06.401Z - info: Synchronizing opened pages list before reload
2024-10-26T15:35:06.401Z - info: Current opened pages, from most-to-least recent:
2024-10-26T15:35:06.401Z - info: 1. schedule/week11/topics
2024-10-26T15:35:07.421Z - info: Rebuilding 1 pages
2024-10-26T15:35:08.043Z - info: Site data built
2024-10-26T15:35:08.043Z - info: Pages rebuilt
2024-10-26T15:35:08.043Z - info: Website regeneration complete! Total build time: 0.624s
2024-10-26T15:35:47.169Z - info: [23:35:47] Reload for file change: /Users/damithch/Repos/nus-cs2103/cs2103-website-base/admin/common-commentary-fragment.md
2024-10-26T15:35:47.169Z - info: Synchronizing opened pages list before reload
2024-10-26T15:35:47.169Z - info: Current opened pages, from most-to-least recent:
2024-10-26T15:35:47.169Z - info: 1. schedule/week11/topics
2024-10-26T15:35:48.187Z - info: Rebuilding 1 pages
2024-10-26T15:35:48.813Z - info: Site data built
2024-10-26T15:35:48.813Z - info: Pages rebuilt
2024-10-26T15:35:48.813Z - info: Website regeneration complete! Total build time: 0.628s
2024-10-26T15:36:26.423Z - info: [23:36:26] Reload for file change: /Users/damithch/Repos/nus-cs2103/cs2103-website-base/admin/common-commentary-fragment.md
2024-10-26T15:36:26.423Z - info: Synchronizing opened pages list before reload
2024-10-26T15:36:26.423Z - info: Current opened pages, from most-to-least recent:
2024-10-26T15:36:26.423Z - info: 1. schedule/week11/topics
2024-10-26T15:36:27.439Z - info: Rebuilding 1 pages
2024-10-26T15:36:28.067Z - info: Site data built
2024-10-26T15:36:28.068Z - info: Pages rebuilt
2024-10-26T15:36:28.068Z - info: Website regeneration complete! Total build time: 0.631s
2024-10-26T15:37:14.475Z - info: [23:37:14] Reload for file change: /Users/damithch/Repos/nus-cs2103/cs2103-website-base/admin/common-commentary-fragment.md
2024-10-26T15:37:14.475Z - info: Synchronizing opened pages list before reload
2024-10-26T15:37:14.476Z - info: Current opened pages, from most-to-least recent:
2024-10-26T15:37:14.476Z - info: 1. schedule/week11/topics
2024-10-26T15:37:15.481Z - info: Rebuilding 1 pages
2024-10-26T15:37:16.118Z - info: Site data built
2024-10-26T15:37:16.118Z - info: Pages rebuilt
2024-10-26T15:37:16.119Z - info: Website regeneration complete! Total build time: 0.638s
2024-10-26T15:38:44.795Z - info: [23:38:44] Reload for file change: /Users/damithch/Repos/nus-cs2103/cs2103-website-base/admin/common-commentary-fragment.md
2024-10-26T15:38:44.795Z - info: Synchronizing opened pages list before reload
2024-10-26T15:38:44.796Z - info: Current opened pages, from most-to-least recent:
2024-10-26T15:38:44.796Z - info: 1. schedule/week11/topics
2024-10-26T15:38:45.799Z - info: Rebuilding 1 pages
2024-10-26T15:38:46.434Z - info: Site data built
2024-10-26T15:38:46.434Z - info: Pages rebuilt
2024-10-26T15:38:46.434Z - info: Website regeneration complete! Total build time: 0.637s
2024-10-26T15:46:30.106Z - info: Building /Users/damithch/Repos/nus-cs2103/cs2103-website-base/admin/index as some of its dependencies were changed since the last visit
2024-10-26T15:46:30.269Z - info: Site data built
2024-10-26T15:46:30.269Z - info: Lazy website regeneration complete! Total build time: 0.164s
2024-10-26T15:46:38.493Z - info: Building /Users/damithch/Repos/nus-cs2103/cs2103-website-base/admin/exams as some of its dependencies were changed since the last visit
2024-10-26T15:46:38.628Z - info: Site data built
2024-10-26T15:46:38.628Z - info: Lazy website regeneration complete! Total build time: 0.135s
2024-10-26T15:48:07.040Z - info: [23:48:07] Reload for file change: /Users/damithch/Repos/nus-cs2103/cs2103-website-base/admin/exams.md
2024-10-26T15:48:07.040Z - info: Synchronizing opened pages list before reload
2024-10-26T15:48:07.040Z - info: Current opened pages, from most-to-least recent:
2024-10-26T15:48:07.040Z - info: 1. admin/exams
2024-10-26T15:48:08.058Z - info: Rebuilding 1 pages
2024-10-26T15:48:08.166Z - info: Site data built
2024-10-26T15:48:08.166Z - info: Pages rebuilt
2024-10-26T15:48:08.166Z - info: Website regeneration complete! Total build time: 0.111s
2024-10-26T15:48:20.493Z - info: Website generation started at 23:48:19
2024-10-26T15:48:20.756Z - warn: ENOENT: no such file or directory, open '/Users/damithch/Repos/nus-cs2103/cs2103-website-base/node_modules/.cache/gh-pages/https!github.com!nus-cs2103-AY2425S1!website.git/book/_markbind/variables.md'
2024-10-26T15:48:20.756Z - warn: ENOENT: no such file or directory, open '/Users/damithch/Repos/nus-cs2103/cs2103-website-base/node_modules/.cache/gh-pages/https!github.com!nus-cs2103-AY2425S1!website.git/_markbind/variables.md'
2024-10-26T15:48:20.776Z - info: Building assets...
2024-10-26T15:48:22.357Z - info: Assets built
2024-10-26T15:48:22.358Z - info: Generating pages...
2024-10-26T15:48:27.480Z - debug:  
2024-10-26T15:48:27.481Z - debug: 2024-10-26 23:48:24.155 java[3790:5803820] +[IMKClient subclass]: chose IMKClient_Legacy
2024-10-26 23:48:24.155 java[3790:5803820] +[IMKInputSession subclass]: chose IMKInputSession_Legacy

2024-10-26T15:48:27.481Z - debug:  
2024-10-26T15:48:27.481Z - debug:  
2024-10-26T15:48:27.481Z - debug:  
2024-10-26T15:48:27.481Z - debug:  
2024-10-26T15:48:27.481Z - debug:  
2024-10-26T15:48:27.481Z - debug:  
2024-10-26T15:48:27.481Z - debug:  
2024-10-26T15:48:27.481Z - debug:  
2024-10-26T15:48:27.481Z - debug:  
2024-10-26T15:48:27.481Z - debug:  
2024-10-26T15:48:27.481Z - debug: 2024-10-26 23:48:25.112 java[3822:5804100] +[IMKClient subclass]: chose IMKClient_Legacy
2024-10-26 23:48:25.112 java[3822:5804100] +[IMKInputSession subclass]: chose IMKInputSession_Legacy

2024-10-26T15:48:27.481Z - debug:  
2024-10-26T15:48:27.481Z - debug:  
2024-10-26T15:48:27.481Z - debug:  
2024-10-26T15:48:28.159Z - debug: 2024-10-26 23:48:27.782 java[3864:5804874] +[IMKClient subclass]: chose IMKClient_Legacy
2024-10-26 23:48:27.782 java[3864:5804874] +[IMKInputSession subclass]: chose IMKInputSession_Legacy

2024-10-26T15:48:35.624Z - debug: 2024-10-26 23:48:35.244 java[3879:5805099] +[IMKClient subclass]: chose IMKClient_Legacy
2024-10-26 23:48:35.244 java[3879:5805099] +[IMKInputSession subclass]: chose IMKInputSession_Legacy

2024-10-26T15:49:13.724Z - debug: 2024-10-26 23:49:11.748 java[3923:5805955] +[IMKClient subclass]: chose IMKClient_Legacy
2024-10-26 23:49:11.748 java[3923:5805955] +[IMKInputSession subclass]: chose IMKInputSession_Legacy

2024-10-26T15:49:22.495Z - debug: 2024-10-26 23:49:22.096 java[3930:5806174] +[IMKClient subclass]: chose IMKClient_Legacy
2024-10-26 23:49:22.096 java[3930:5806174] +[IMKInputSession subclass]: chose IMKInputSession_Legacy

2024-10-26T15:49:22.904Z - debug:  
2024-10-26T15:49:28.348Z - info: Pages built
2024-10-26T15:49:28.420Z - info: Site data built
2024-10-26T15:49:28.420Z - info: Website generation complete! Total build time: 68.617s
2024-10-26T15:49:28.420Z - info: Build success!
2024-10-26T15:49:49.950Z - info: The website has been deployed at: https://nus-cs2103-ay2425s1.github.io/website
