2024-08-29T06:42:14.109Z - info: Website generation (lazy) started at 2:42:06 pm
2024-08-29T06:42:26.046Z - warn: ENOENT: no such file or directory, open 'C:\repos\nus-cs2103\cs2103-website-base\cache\gh-pages\https!github.com!nus-tee3201!2024.git\book\_markbind\variables.md'
2024-08-29T06:42:26.049Z - warn: ENOENT: no such file or directory, open 'C:\repos\nus-cs2103\cs2103-website-base\cache\gh-pages\https!github.com!nus-tee3201!2024.git\_markbind\variables.md'
2024-08-29T06:42:26.163Z - info: Building assets...
2024-08-29T06:43:15.544Z - info: Assets built
2024-08-29T06:43:15.545Z - info: Generating landing page...
2024-08-29T06:43:17.132Z - info: Landing page built, other pages will be built as you navigate to them!
2024-08-29T06:43:18.270Z - info: Site data built
2024-08-29T06:43:18.271Z - info: Website generation (lazy) complete! Total build time: 71.335s
2024-08-29T06:43:18.733Z - info: Serving "C:\repos\nus-cs2103\cs2103-website-base\_site" at http://127.0.0.1:8080
2024-08-29T06:43:18.733Z - info: Press CTRL+C to stop ...
2024-08-29T06:46:05.248Z - info: Building C:\repos\nus-cs2103\cs2103-website-base\schedule\week4\index as some of its dependencies were changed since the last visit
2024-08-29T06:46:06.532Z - info: Site data built
2024-08-29T06:46:06.532Z - info: Lazy website regeneration complete! Total build time: 1.285s
2024-08-29T06:49:07.973Z - info: Website generation started at 2:48:53 pm
2024-08-29T06:49:17.401Z - info: Building assets...
2024-08-29T06:49:23.539Z - info: Assets built
2024-08-29T06:49:23.540Z - info: Generating pages...
2024-08-29T06:49:43.799Z - debug:  
2024-08-29T06:49:43.800Z - debug:  
2024-08-29T06:49:43.801Z - debug:  
2024-08-29T06:49:43.805Z - debug:  
2024-08-29T06:49:43.806Z - debug:  
2024-08-29T06:49:43.810Z - debug:  
2024-08-29T06:49:44.460Z - debug:  
2024-08-29T06:49:44.471Z - debug:  
2024-08-29T06:49:44.472Z - debug:  
2024-08-29T06:49:44.472Z - debug:  
2024-08-29T06:49:44.476Z - debug:  
2024-08-29T06:49:44.476Z - debug:  
2024-08-29T06:49:44.477Z - debug:  
2024-08-29T06:49:44.477Z - debug:  
2024-08-29T06:49:44.478Z - debug:  
2024-08-29T06:49:47.680Z - debug:  
2024-08-29T06:49:47.680Z - debug:  
2024-08-29T06:51:13.333Z - error: Invalid HTML in C:\repos\nus-cs2103\cs2103-website-base\schedule\week5\tutorial.md.
Table must have a tbody tag. Please correct this to avoid Vue hydration issues.

2024-08-29T06:51:41.687Z - error: Invalid HTML in C:\repos\nus-cs2103\cs2103-website-base\schedule\week4\project.md.
Table must have a tbody tag. Please correct this to avoid Vue hydration issues.

2024-08-29T06:51:41.688Z - error: Invalid HTML in C:\repos\nus-cs2103\cs2103-website-base\schedule\week4\project.md.
Table must have a tbody tag. Please correct this to avoid Vue hydration issues.

2024-08-29T06:52:10.936Z - debug:  
2024-08-29T06:52:33.193Z - debug:  
2024-08-29T06:52:33.283Z - debug:  
2024-08-29T06:52:39.232Z - error: Invalid HTML in C:\repos\nus-cs2103\cs2103-website-base\admin\ip-w4.md.
Table must have a tbody tag. Please correct this to avoid Vue hydration issues.

2024-08-29T06:52:39.233Z - error: Invalid HTML in C:\repos\nus-cs2103\cs2103-website-base\admin\ip-w4.md.
Table must have a tbody tag. Please correct this to avoid Vue hydration issues.

2024-08-29T06:52:44.588Z - info: Pages built
2024-08-29T06:52:46.179Z - info: Site data built
2024-08-29T06:52:46.180Z - info: Website generation complete! Total build time: 233.051s
2024-08-29T06:52:46.180Z - info: Build success!
2024-08-29T06:55:38.761Z - info: The website has been deployed at: https://nus-cs2103-ay2425s1.github.io/website
2024-08-29T07:38:48.468Z - info: Website generation (lazy) started at 3:38:30 pm
2024-08-29T07:39:07.992Z - warn: ENOENT: no such file or directory, open 'C:\repos\nus-cs2103\cs2103-website-base\cache\gh-pages\https!github.com!nus-cs2103-AY2425S1!website.git\book\_markbind\variables.md'
2024-08-29T07:39:07.995Z - warn: ENOENT: no such file or directory, open 'C:\repos\nus-cs2103\cs2103-website-base\cache\gh-pages\https!github.com!nus-cs2103-AY2425S1!website.git\_markbind\variables.md'
2024-08-29T07:39:08.110Z - info: Building assets...
2024-08-29T07:40:26.975Z - info: Assets built
2024-08-29T07:40:26.977Z - info: Generating landing page...
2024-08-29T07:40:28.777Z - info: Landing page built, other pages will be built as you navigate to them!
2024-08-29T07:40:30.431Z - info: Site data built
2024-08-29T07:40:30.432Z - info: Website generation (lazy) complete! Total build time: 119.634s
2024-08-29T07:40:30.514Z - info: Serving "C:\repos\nus-cs2103\cs2103-website-base\_site" at http://127.0.0.1:8080
2024-08-29T07:40:30.515Z - info: Press CTRL+C to stop ...
2024-08-29T07:40:34.711Z - info: [3:40:34 pm] Reload for file change: C:\repos\nus-cs2103\cs2103-website-base\book\projectDuke\extensions-fragment.md
2024-08-29T07:40:34.712Z - info: Synchronizing opened pages list before reload
2024-08-29T07:40:34.713Z - info: No pages are currently opened
2024-08-29T07:40:36.290Z - info: Assets built
2024-08-29T07:41:39.590Z - info: [3:41:39 pm] Reload for file change: C:\repos\nus-cs2103\cs2103-website-base\book\projectDuke\extensions-fragment.md
2024-08-29T07:41:39.591Z - info: Synchronizing opened pages list before reload
2024-08-29T07:41:39.592Z - info: Current opened pages, from most-to-least recent:
2024-08-29T07:41:39.592Z - info: 1. index
2024-08-29T07:41:40.607Z - info: Assets built
2024-08-29T07:41:40.637Z - info: Building C:\repos\nus-cs2103\cs2103-website-base\schedule\week3\project as some of its dependencies were changed since the last visit
2024-08-29T07:41:44.568Z - info: Site data built
2024-08-29T07:41:44.569Z - info: Lazy website regeneration complete! Total build time: 3.932s
2024-08-29T07:43:00.829Z - info: Website generation started at 3:42:40 pm
2024-08-29T07:43:11.719Z - info: Building assets...
2024-08-29T07:43:19.271Z - info: Assets built
2024-08-29T07:43:19.272Z - info: Generating pages...
2024-08-29T07:43:40.591Z - debug:  
2024-08-29T07:43:40.598Z - debug:  
2024-08-29T07:43:40.599Z - debug:  
2024-08-29T07:43:40.600Z - debug:  
2024-08-29T07:43:40.601Z - debug:  
2024-08-29T07:43:40.602Z - debug:  
2024-08-29T07:43:40.602Z - debug:  
2024-08-29T07:43:41.307Z - debug:  
2024-08-29T07:43:41.315Z - debug:  
2024-08-29T07:43:41.315Z - debug:  
2024-08-29T07:43:41.316Z - debug:  
2024-08-29T07:43:41.316Z - debug:  
2024-08-29T07:43:41.316Z - debug:  
2024-08-29T07:43:41.316Z - debug:  
2024-08-29T07:43:41.317Z - debug:  
2024-08-29T07:43:44.991Z - debug:  
2024-08-29T07:43:44.992Z - debug:  
2024-08-29T07:45:36.199Z - error: Invalid HTML in C:\repos\nus-cs2103\cs2103-website-base\schedule\week5\tutorial.md.
Table must have a tbody tag. Please correct this to avoid Vue hydration issues.

2024-08-29T07:46:16.088Z - error: Invalid HTML in C:\repos\nus-cs2103\cs2103-website-base\schedule\week4\project.md.
Table must have a tbody tag. Please correct this to avoid Vue hydration issues.

2024-08-29T07:46:16.089Z - error: Invalid HTML in C:\repos\nus-cs2103\cs2103-website-base\schedule\week4\project.md.
Table must have a tbody tag. Please correct this to avoid Vue hydration issues.

2024-08-29T07:46:54.491Z - debug:  
2024-08-29T07:47:19.121Z - debug:  
2024-08-29T07:47:19.142Z - debug:  
2024-08-29T07:47:29.670Z - error: Invalid HTML in C:\repos\nus-cs2103\cs2103-website-base\admin\ip-w4.md.
Table must have a tbody tag. Please correct this to avoid Vue hydration issues.

2024-08-29T07:47:29.671Z - error: Invalid HTML in C:\repos\nus-cs2103\cs2103-website-base\admin\ip-w4.md.
Table must have a tbody tag. Please correct this to avoid Vue hydration issues.

2024-08-29T07:47:32.470Z - info: Pages built
2024-08-29T07:47:34.572Z - info: Site data built
2024-08-29T07:47:34.573Z - info: Website generation complete! Total build time: 294.16s
2024-08-29T07:47:34.573Z - info: Build success!
2024-08-29T07:50:54.280Z - info: The website has been deployed at: https://nus-cs2103-ay2425s1.github.io/website
2024-08-29T07:53:51.579Z - info: Website generation started at 3:53:43 pm
2024-08-29T07:54:00.927Z - info: Building assets...
2024-08-29T07:54:07.342Z - info: Assets built
2024-08-29T07:54:07.343Z - info: Generating pages...
2024-08-29T07:54:27.919Z - debug:  
2024-08-29T07:54:27.921Z - debug:  
2024-08-29T07:54:27.922Z - debug:  
2024-08-29T07:54:27.922Z - debug:  
2024-08-29T07:54:27.923Z - debug:  
2024-08-29T07:54:27.924Z - debug:  
2024-08-29T07:54:28.649Z - debug:  
2024-08-29T07:54:28.655Z - debug:  
2024-08-29T07:54:28.656Z - debug:  
2024-08-29T07:54:28.656Z - debug:  
2024-08-29T07:54:28.656Z - debug:  
2024-08-29T07:54:28.657Z - debug:  
2024-08-29T07:54:28.657Z - debug:  
2024-08-29T07:54:28.657Z - debug:  
2024-08-29T07:54:28.658Z - debug:  
2024-08-29T07:54:31.353Z - debug:  
2024-08-29T07:54:31.354Z - debug:  
2024-08-29T07:55:57.869Z - error: Invalid HTML in C:\repos\nus-cs2103\cs2103-website-base\schedule\week5\tutorial.md.
Table must have a tbody tag. Please correct this to avoid Vue hydration issues.

2024-08-29T07:56:27.730Z - error: Invalid HTML in C:\repos\nus-cs2103\cs2103-website-base\schedule\week4\project.md.
Table must have a tbody tag. Please correct this to avoid Vue hydration issues.

2024-08-29T07:56:27.732Z - error: Invalid HTML in C:\repos\nus-cs2103\cs2103-website-base\schedule\week4\project.md.
Table must have a tbody tag. Please correct this to avoid Vue hydration issues.

2024-08-29T07:56:55.873Z - debug:  
2024-08-29T07:57:16.904Z - debug:  
2024-08-29T07:57:17.040Z - debug:  
2024-08-29T07:57:22.414Z - error: Invalid HTML in C:\repos\nus-cs2103\cs2103-website-base\admin\ip-w4.md.
Table must have a tbody tag. Please correct this to avoid Vue hydration issues.

2024-08-29T07:57:22.415Z - error: Invalid HTML in C:\repos\nus-cs2103\cs2103-website-base\admin\ip-w4.md.
Table must have a tbody tag. Please correct this to avoid Vue hydration issues.

2024-08-29T07:57:27.677Z - info: Pages built
2024-08-29T07:57:29.193Z - info: Site data built
2024-08-29T07:57:29.194Z - info: Website generation complete! Total build time: 225.483s
2024-08-29T07:57:29.194Z - info: Build success!
2024-08-29T08:00:24.070Z - info: The website has been deployed at: https://nus-cs2103-ay2425s1.github.io/website
