2024-11-10T06:17:13.936Z - info: Website generation (lazy) started at 14:17:12
2024-11-10T06:17:14.307Z - warn: ENOENT: no such file or directory, open '/Users/damithch/Repos/nus-cs2103/cs2103-website-base/node_modules/.cache/gh-pages/https!github.com!nus-cs2103-AY2425S1!website.git/book/_markbind/variables.md'
2024-11-10T06:17:14.308Z - warn: ENOENT: no such file or directory, open '/Users/damithch/Repos/nus-cs2103/cs2103-website-base/node_modules/.cache/gh-pages/https!github.com!nus-cs2103-AY2425S1!website.git/_markbind/variables.md'
2024-11-10T06:17:14.329Z - info: Building assets...
2024-11-10T06:17:15.684Z - info: Assets built
2024-11-10T06:17:15.684Z - info: Generating landing page...
2024-11-10T06:17:16.121Z - info: Landing page built, other pages will be built as you navigate to them!
2024-11-10T06:17:16.193Z - info: Site data built
2024-11-10T06:17:16.193Z - info: Website generation (lazy) complete! Total build time: 3.352s
2024-11-10T06:17:16.204Z - info: Serving "/Users/damithch/Repos/nus-cs2103/cs2103-website-base/_site" at http://127.0.0.1:8080
2024-11-10T06:17:16.204Z - info: Press CTRL+C to stop ...
2024-11-10T06:17:22.185Z - info: Building /Users/damithch/Repos/nus-cs2103/cs2103-website-base/schedule/week12/index as some of its dependencies were changed since the last visit
2024-11-10T06:17:22.416Z - info: Site data built
2024-11-10T06:17:22.416Z - info: Lazy website regeneration complete! Total build time: 0.232s
2024-11-10T06:17:32.087Z - info: Building /Users/damithch/Repos/nus-cs2103/cs2103-website-base/schedule/week11/index as some of its dependencies were changed since the last visit
2024-11-10T06:17:32.481Z - info: Site data built
2024-11-10T06:17:32.481Z - info: Lazy website regeneration complete! Total build time: 0.395s
2024-11-10T06:17:35.620Z - info: Building /Users/damithch/Repos/nus-cs2103/cs2103-website-base/schedule/week11/project as some of its dependencies were changed since the last visit
2024-11-10T06:17:36.617Z - info: Site data built
2024-11-10T06:17:36.617Z - info: Lazy website regeneration complete! Total build time: 0.997s
2024-11-10T12:35:27.530Z - info: Website generation (lazy) started at 20:35:26
2024-11-10T12:35:27.814Z - warn: ENOENT: no such file or directory, open '/Users/damithch/Repos/nus-cs2103/cs2103-website-base/node_modules/.cache/gh-pages/https!github.com!nus-cs2103-AY2425S1!website.git/book/_markbind/variables.md'
2024-11-10T12:35:27.814Z - warn: ENOENT: no such file or directory, open '/Users/damithch/Repos/nus-cs2103/cs2103-website-base/node_modules/.cache/gh-pages/https!github.com!nus-cs2103-AY2425S1!website.git/_markbind/variables.md'
2024-11-10T12:35:27.833Z - info: Building assets...
2024-11-10T12:35:29.219Z - info: Assets built
2024-11-10T12:35:29.220Z - info: Generating landing page...
2024-11-10T12:35:29.761Z - info: Landing page built, other pages will be built as you navigate to them!
2024-11-10T12:35:29.825Z - info: Site data built
2024-11-10T12:35:29.826Z - info: Website generation (lazy) complete! Total build time: 3.072s
2024-11-10T12:35:29.835Z - info: Serving "/Users/damithch/Repos/nus-cs2103/cs2103-website-base/_site" at http://127.0.0.1:8080
2024-11-10T12:35:29.835Z - info: Press CTRL+C to stop ...
2024-11-10T12:35:33.176Z - info: Building /Users/damithch/Repos/nus-cs2103/cs2103-website-base/schedule/week13/project as some of its dependencies were changed since the last visit
2024-11-10T12:35:34.747Z - info: Site data built
2024-11-10T12:35:34.747Z - info: Lazy website regeneration complete! Total build time: 1.571s
2024-11-10T12:37:48.336Z - info: [20:37:48] Reload for file change: /Users/damithch/Repos/nus-cs2103/cs2103-website-base/admin/tp-tasks-fragment.md
2024-11-10T12:37:48.338Z - info: Synchronizing opened pages list before reload
2024-11-10T12:37:48.338Z - info: Current opened pages, from most-to-least recent:
2024-11-10T12:37:48.338Z - info: 1. schedule/week13/project
2024-11-10T12:37:49.354Z - info: Rebuilding 1 pages
2024-11-10T12:37:50.980Z - info: Site data built
2024-11-10T12:37:50.980Z - info: Pages rebuilt
2024-11-10T12:37:50.980Z - info: Website regeneration complete! Total build time: 1.629s
2024-11-10T12:38:42.697Z - info: Website generation started at 20:38:41
2024-11-10T12:38:42.972Z - warn: ENOENT: no such file or directory, open '/Users/damithch/Repos/nus-cs2103/cs2103-website-base/node_modules/.cache/gh-pages/https!github.com!nus-cs2103-AY2425S1!website.git/book/_markbind/variables.md'
2024-11-10T12:38:42.972Z - warn: ENOENT: no such file or directory, open '/Users/damithch/Repos/nus-cs2103/cs2103-website-base/node_modules/.cache/gh-pages/https!github.com!nus-cs2103-AY2425S1!website.git/_markbind/variables.md'
2024-11-10T12:38:42.991Z - info: Building assets...
2024-11-10T12:38:44.470Z - info: Assets built
2024-11-10T12:38:44.470Z - info: Generating pages...
2024-11-10T12:38:51.228Z - debug:  
2024-11-10T12:38:51.228Z - debug:  
2024-11-10T12:38:51.228Z - debug: 2024-11-10 20:38:47.981 java[27658:3592928] +[IMKClient subclass]: chose IMKClient_Modern
2024-11-10 20:38:47.981 java[27658:3592928] +[IMKInputSession subclass]: chose IMKInputSession_Modern

2024-11-10T12:38:51.517Z - debug:  
2024-11-10T12:38:51.517Z - debug:  
2024-11-10T12:38:51.517Z - debug:  
2024-11-10T12:38:51.517Z - debug:  
2024-11-10T12:38:51.517Z - debug:  
2024-11-10T12:38:51.517Z - debug:  
2024-11-10T12:38:51.517Z - debug:  
2024-11-10T12:38:51.517Z - debug:  
2024-11-10T12:38:51.517Z - debug:  
2024-11-10T12:38:51.517Z - debug:  
2024-11-10T12:38:51.517Z - debug:  
2024-11-10T12:38:51.517Z - debug:  
2024-11-10T12:38:51.517Z - debug:  
2024-11-10T12:38:52.194Z - debug: 2024-11-10 20:38:51.835 java[27692:3593699] +[IMKClient subclass]: chose IMKClient_Modern
2024-11-10 20:38:51.835 java[27692:3593699] +[IMKInputSession subclass]: chose IMKInputSession_Modern

2024-11-10T12:38:59.379Z - debug: 2024-11-10 20:38:58.989 java[27708:3594057] +[IMKClient subclass]: chose IMKClient_Modern
2024-11-10 20:38:58.989 java[27708:3594057] +[IMKInputSession subclass]: chose IMKInputSession_Modern

2024-11-10T12:39:41.077Z - debug: 2024-11-10 20:39:38.730 java[27737:3594985] +[IMKClient subclass]: chose IMKClient_Modern
2024-11-10 20:39:38.730 java[27737:3594985] +[IMKInputSession subclass]: chose IMKInputSession_Modern

2024-11-10T12:39:51.224Z - debug: 2024-11-10 20:39:50.503 java[27755:3595466] +[IMKClient subclass]: chose IMKClient_Modern
2024-11-10 20:39:50.503 java[27755:3595466] +[IMKInputSession subclass]: chose IMKInputSession_Modern

2024-11-10T12:39:51.424Z - debug:  
2024-11-10T12:39:58.172Z - info: Pages built
2024-11-10T12:39:58.239Z - info: Site data built
2024-11-10T12:39:58.240Z - info: Website generation complete! Total build time: 76.357s
2024-11-10T12:39:58.240Z - info: Build success!
2024-11-10T12:40:20.524Z - info: The website has been deployed at: https://nus-cs2103-ay2425s1.github.io/website
2024-11-10T15:21:52.580Z - info: Website generation (lazy) started at 23:21:51
2024-11-10T15:21:52.920Z - warn: ENOENT: no such file or directory, open '/Users/damithch/Repos/nus-cs2103/cs2103-website-base/node_modules/.cache/gh-pages/https!github.com!nus-cs2103-AY2425S1!website.git/book/_markbind/variables.md'
2024-11-10T15:21:52.920Z - warn: ENOENT: no such file or directory, open '/Users/damithch/Repos/nus-cs2103/cs2103-website-base/node_modules/.cache/gh-pages/https!github.com!nus-cs2103-AY2425S1!website.git/_markbind/variables.md'
2024-11-10T15:21:52.938Z - info: Building assets...
2024-11-10T15:21:54.282Z - info: Assets built
2024-11-10T15:21:54.282Z - info: Generating landing page...
2024-11-10T15:21:54.717Z - info: Landing page built, other pages will be built as you navigate to them!
2024-11-10T15:21:54.782Z - info: Site data built
2024-11-10T15:21:54.782Z - info: Website generation (lazy) complete! Total build time: 3.208s
2024-11-10T15:21:54.792Z - info: Serving "/Users/damithch/Repos/nus-cs2103/cs2103-website-base/_site" at http://127.0.0.1:8080
2024-11-10T15:21:54.792Z - info: Press CTRL+C to stop ...
2024-11-10T15:22:10.529Z - info: Building /Users/damithch/Repos/nus-cs2103/cs2103-website-base/schedule/week12/index as some of its dependencies were changed since the last visit
2024-11-10T15:22:10.812Z - info: Site data built
2024-11-10T15:22:10.812Z - info: Lazy website regeneration complete! Total build time: 0.284s
2024-11-10T15:22:14.473Z - info: Building /Users/damithch/Repos/nus-cs2103/cs2103-website-base/schedule/week11/index as some of its dependencies were changed since the last visit
2024-11-10T15:22:14.819Z - info: Site data built
2024-11-10T15:22:14.819Z - info: Lazy website regeneration complete! Total build time: 0.347s
2024-11-10T15:22:17.653Z - info: Building /Users/damithch/Repos/nus-cs2103/cs2103-website-base/schedule/week11/project as some of its dependencies were changed since the last visit
2024-11-10T15:22:18.668Z - info: Site data built
2024-11-10T15:22:18.668Z - info: Lazy website regeneration complete! Total build time: 1.015s
2024-11-10T15:22:34.978Z - info: [23:22:34] Reload for file change: /Users/damithch/Repos/nus-cs2103/cs2103-website-base/admin/tp-tasks-fragment.md
2024-11-10T15:22:34.979Z - info: Synchronizing opened pages list before reload
2024-11-10T15:22:34.979Z - info: Current opened pages, from most-to-least recent:
2024-11-10T15:22:34.979Z - info: 1. schedule/week11/project
2024-11-10T15:22:35.985Z - info: Rebuilding 1 pages
2024-11-10T15:22:37.106Z - info: Site data built
2024-11-10T15:22:37.106Z - info: Pages rebuilt
2024-11-10T15:22:37.106Z - info: Website regeneration complete! Total build time: 1.126s
2024-11-10T15:22:50.300Z - info: [23:22:50] Reload for file change: /Users/damithch/Repos/nus-cs2103/cs2103-website-base/admin/tp-tasks-fragment.md
2024-11-10T15:22:50.301Z - info: Synchronizing opened pages list before reload
2024-11-10T15:22:50.301Z - info: Current opened pages, from most-to-least recent:
2024-11-10T15:22:50.302Z - info: 1. schedule/week11/project
2024-11-10T15:22:51.314Z - info: Rebuilding 1 pages
2024-11-10T15:22:52.409Z - info: Site data built
2024-11-10T15:22:52.409Z - info: Pages rebuilt
2024-11-10T15:22:52.409Z - info: Website regeneration complete! Total build time: 1.097s
2024-11-10T15:25:46.437Z - info: [23:25:46] Reload for file change: /Users/damithch/Repos/nus-cs2103/cs2103-website-base/admin/tp-tasks-fragment.md
2024-11-10T15:25:46.439Z - info: Synchronizing opened pages list before reload
2024-11-10T15:25:46.439Z - info: Current opened pages, from most-to-least recent:
2024-11-10T15:25:46.439Z - info: 1. schedule/week11/project
2024-11-10T15:25:47.444Z - info: Rebuilding 1 pages
2024-11-10T15:25:48.553Z - info: Site data built
2024-11-10T15:25:48.554Z - info: Pages rebuilt
2024-11-10T15:25:48.554Z - info: Website regeneration complete! Total build time: 1.112s
2024-11-10T15:35:31.530Z - info: Building /Users/damithch/Repos/nus-cs2103/cs2103-website-base/index as some of its dependencies were changed since the last visit
2024-11-10T15:35:31.953Z - info: Site data built
2024-11-10T15:35:31.953Z - info: Lazy website regeneration complete! Total build time: 0.424s
2024-11-10T15:35:36.635Z - info: Building /Users/damithch/Repos/nus-cs2103/cs2103-website-base/admin/tp-pe as some of its dependencies were changed since the last visit
2024-11-10T15:35:37.207Z - info: Site data built
2024-11-10T15:35:37.207Z - info: Lazy website regeneration complete! Total build time: 0.572s
2024-11-10T15:39:06.340Z - info: [23:39:06] Reload for file change: /Users/damithch/Repos/nus-cs2103/cs2103-website-base/admin/tp-pe-fragment.md
2024-11-10T15:39:06.343Z - info: Synchronizing opened pages list before reload
2024-11-10T15:39:06.345Z - info: Current opened pages, from most-to-least recent:
2024-11-10T15:39:06.345Z - info: 1. admin/tp-pe
2024-11-10T15:39:07.356Z - info: Rebuilding 1 pages
2024-11-10T15:39:07.978Z - info: Site data built
2024-11-10T15:39:07.978Z - info: Pages rebuilt
2024-11-10T15:39:07.978Z - info: Website regeneration complete! Total build time: 0.625s
2024-11-10T15:39:37.125Z - info: [23:39:37] Reload for file change: /Users/damithch/Repos/nus-cs2103/cs2103-website-base/admin/tp-pe-fragment.md
2024-11-10T15:39:37.126Z - info: Synchronizing opened pages list before reload
2024-11-10T15:39:37.126Z - info: Current opened pages, from most-to-least recent:
2024-11-10T15:39:37.126Z - info: 1. admin/tp-pe
2024-11-10T15:39:38.143Z - info: Rebuilding 1 pages
2024-11-10T15:39:38.764Z - info: Site data built
2024-11-10T15:39:38.764Z - info: Pages rebuilt
2024-11-10T15:39:38.764Z - info: Website regeneration complete! Total build time: 0.623s
2024-11-10T15:39:53.488Z - info: [23:39:53] Reload for file change: /Users/damithch/Repos/nus-cs2103/cs2103-website-base/admin/tp-pe-fragment.md
2024-11-10T15:39:53.488Z - info: Synchronizing opened pages list before reload
2024-11-10T15:39:53.488Z - info: Current opened pages, from most-to-least recent:
2024-11-10T15:39:53.488Z - info: 1. admin/tp-pe
2024-11-10T15:39:54.502Z - info: Rebuilding 1 pages
2024-11-10T15:39:55.109Z - info: Site data built
2024-11-10T15:39:55.109Z - info: Pages rebuilt
2024-11-10T15:39:55.109Z - info: Website regeneration complete! Total build time: 0.609s
2024-11-10T15:40:35.654Z - info: [23:40:35] Reload for file change: /Users/damithch/Repos/nus-cs2103/cs2103-website-base/admin/tp-pe-fragment.md
2024-11-10T15:40:35.654Z - info: Synchronizing opened pages list before reload
2024-11-10T15:40:35.654Z - info: Current opened pages, from most-to-least recent:
2024-11-10T15:40:35.654Z - info: 1. admin/tp-pe
2024-11-10T15:40:36.671Z - info: Rebuilding 1 pages
2024-11-10T15:40:37.295Z - info: Site data built
2024-11-10T15:40:37.296Z - info: Pages rebuilt
2024-11-10T15:40:37.296Z - info: Website regeneration complete! Total build time: 0.627s
2024-11-10T15:41:02.511Z - info: [23:41:02] Reload for file change: /Users/damithch/Repos/nus-cs2103/cs2103-website-base/admin/tp-pe-fragment.md
2024-11-10T15:41:02.511Z - info: Synchronizing opened pages list before reload
2024-11-10T15:41:02.511Z - info: Current opened pages, from most-to-least recent:
2024-11-10T15:41:02.511Z - info: 1. admin/tp-pe
2024-11-10T15:41:03.525Z - info: Rebuilding 1 pages
2024-11-10T15:41:04.141Z - info: Site data built
2024-11-10T15:41:04.141Z - info: Pages rebuilt
2024-11-10T15:41:04.141Z - info: Website regeneration complete! Total build time: 0.618s
2024-11-10T15:42:43.366Z - info: [23:42:43] Reload for file change: /Users/damithch/Repos/nus-cs2103/cs2103-website-base/admin/tp-pe-fragment.md
2024-11-10T15:42:43.366Z - info: Synchronizing opened pages list before reload
2024-11-10T15:42:43.366Z - info: Current opened pages, from most-to-least recent:
2024-11-10T15:42:43.367Z - info: 1. admin/tp-pe
2024-11-10T15:42:44.384Z - info: Rebuilding 1 pages
2024-11-10T15:42:45.008Z - info: Site data built
2024-11-10T15:42:45.008Z - info: Pages rebuilt
2024-11-10T15:42:45.008Z - info: Website regeneration complete! Total build time: 0.626s
2024-11-10T15:43:30.188Z - info: [23:43:30] Reload for file change: /Users/damithch/Repos/nus-cs2103/cs2103-website-base/admin/tp-pe-fragment.md
2024-11-10T15:43:30.189Z - info: Synchronizing opened pages list before reload
2024-11-10T15:43:30.189Z - info: Current opened pages, from most-to-least recent:
2024-11-10T15:43:30.189Z - info: 1. admin/tp-pe
2024-11-10T15:43:31.196Z - info: Rebuilding 1 pages
2024-11-10T15:43:31.821Z - info: Site data built
2024-11-10T15:43:31.821Z - info: Pages rebuilt
2024-11-10T15:43:31.821Z - info: Website regeneration complete! Total build time: 0.627s
2024-11-10T15:44:20.962Z - info: [23:44:20] Reload for file change: /Users/damithch/Repos/nus-cs2103/cs2103-website-base/admin/tp-pe-fragment.md
2024-11-10T15:44:20.963Z - info: Synchronizing opened pages list before reload
2024-11-10T15:44:20.963Z - info: Current opened pages, from most-to-least recent:
2024-11-10T15:44:20.963Z - info: 1. admin/tp-pe
2024-11-10T15:44:21.973Z - info: Rebuilding 1 pages
2024-11-10T15:44:22.582Z - info: Site data built
2024-11-10T15:44:22.582Z - info: Pages rebuilt
2024-11-10T15:44:22.582Z - info: Website regeneration complete! Total build time: 0.61s
2024-11-10T15:44:38.998Z - info: [23:44:38] Reload for file change: /Users/damithch/Repos/nus-cs2103/cs2103-website-base/admin/tp-pe-fragment.md
2024-11-10T15:44:38.998Z - info: Synchronizing opened pages list before reload
2024-11-10T15:44:38.998Z - info: Current opened pages, from most-to-least recent:
2024-11-10T15:44:38.999Z - info: 1. admin/tp-pe
2024-11-10T15:44:40.016Z - info: Rebuilding 1 pages
2024-11-10T15:44:40.632Z - info: Site data built
2024-11-10T15:44:40.632Z - info: Pages rebuilt
2024-11-10T15:44:40.632Z - info: Website regeneration complete! Total build time: 0.617s
2024-11-10T15:44:46.959Z - info: [23:44:46] Reload for file change: /Users/damithch/Repos/nus-cs2103/cs2103-website-base/admin/tp-pe-fragment.md
2024-11-10T15:44:46.959Z - info: Synchronizing opened pages list before reload
2024-11-10T15:44:46.959Z - info: Current opened pages, from most-to-least recent:
2024-11-10T15:44:46.959Z - info: 1. admin/tp-pe
2024-11-10T15:44:47.962Z - info: Rebuilding 1 pages
2024-11-10T15:44:48.509Z - info: Site data built
2024-11-10T15:44:48.509Z - info: Pages rebuilt
2024-11-10T15:44:48.509Z - info: Website regeneration complete! Total build time: 0.549s
2024-11-10T15:45:49.948Z - info: [23:45:49] Reload for file change: /Users/damithch/Repos/nus-cs2103/cs2103-website-base/admin/tp-pe-fragment.md
2024-11-10T15:45:49.948Z - info: Synchronizing opened pages list before reload
2024-11-10T15:45:49.949Z - info: Current opened pages, from most-to-least recent:
2024-11-10T15:45:49.949Z - info: 1. admin/tp-pe
2024-11-10T15:45:50.962Z - info: Rebuilding 1 pages
2024-11-10T15:45:51.586Z - info: Site data built
2024-11-10T15:45:51.586Z - info: Pages rebuilt
2024-11-10T15:45:51.586Z - info: Website regeneration complete! Total build time: 0.626s
