2024-08-16T17:00:56.043Z - info: Website generation started at 1:00:48 am
2024-08-16T17:01:04.847Z - info: Building assets...
2024-08-16T17:01:11.020Z - info: Assets built
2024-08-16T17:01:11.021Z - info: Generating pages...
2024-08-16T17:01:29.632Z - debug:  
2024-08-16T17:01:29.633Z - debug:  
2024-08-16T17:01:29.633Z - debug:  
2024-08-16T17:01:29.634Z - debug:  
2024-08-16T17:01:29.635Z - debug:  
2024-08-16T17:01:29.635Z - debug:  
2024-08-16T17:01:30.026Z - debug:  
2024-08-16T17:01:30.027Z - debug:  
2024-08-16T17:01:30.027Z - debug:  
2024-08-16T17:01:30.028Z - debug:  
2024-08-16T17:01:30.030Z - debug:  
2024-08-16T17:01:30.034Z - debug:  
2024-08-16T17:01:30.059Z - debug:  
2024-08-16T17:01:30.126Z - debug:  
2024-08-16T17:01:30.176Z - debug:  
2024-08-16T17:01:32.697Z - debug:  
2024-08-16T17:01:34.235Z - debug:  
2024-08-16T17:03:00.770Z - error: Invalid HTML in C:\repos\nus-cs2103\cs2103-website-base\schedule\week5\tutorial.md.
Table must have a tbody tag. Please correct this to avoid Vue hydration issues.

2024-08-16T17:03:36.011Z - error: Invalid HTML in C:\repos\nus-cs2103\cs2103-website-base\schedule\week4\project.md.
Table must have a tbody tag. Please correct this to avoid Vue hydration issues.

2024-08-16T17:03:36.012Z - error: Invalid HTML in C:\repos\nus-cs2103\cs2103-website-base\schedule\week4\project.md.
Table must have a tbody tag. Please correct this to avoid Vue hydration issues.

2024-08-16T17:04:11.468Z - debug:  
2024-08-16T17:04:37.047Z - debug:  
2024-08-16T17:04:37.297Z - debug:  
2024-08-16T17:04:47.791Z - error: Invalid HTML in C:\repos\nus-cs2103\cs2103-website-base\admin\ip-w4.md.
Table must have a tbody tag. Please correct this to avoid Vue hydration issues.

2024-08-16T17:04:47.796Z - error: Invalid HTML in C:\repos\nus-cs2103\cs2103-website-base\admin\ip-w4.md.
Table must have a tbody tag. Please correct this to avoid Vue hydration issues.

2024-08-16T17:04:50.947Z - info: Pages built
2024-08-16T17:04:52.706Z - info: Site data built
2024-08-16T17:04:52.708Z - info: Website generation complete! Total build time: 244.601s
2024-08-16T17:04:52.710Z - info: Build success!
2024-08-16T17:09:02.591Z - info: The website has been deployed at: https://nus-cs2103-ay2425s1.github.io/website
