2024-10-30T09:56:05.901Z - info: Website generation (lazy) started at 17:56:04
2024-10-30T09:56:06.186Z - warn: ENOENT: no such file or directory, open '/Users/damithch/Repos/nus-cs2103/cs2103-website-base/node_modules/.cache/gh-pages/https!github.com!nus-tic2002-AY2425S1!website.git/book/_markbind/variables.md'
2024-10-30T09:56:06.186Z - warn: ENOENT: no such file or directory, open '/Users/damithch/Repos/nus-cs2103/cs2103-website-base/node_modules/.cache/gh-pages/https!github.com!nus-tic2002-AY2425S1!website.git/_markbind/variables.md'
2024-10-30T09:56:06.205Z - info: Building assets...
2024-10-30T09:56:07.406Z - info: Assets built
2024-10-30T09:56:07.407Z - info: Generating landing page...
2024-10-30T09:56:07.601Z - info: Landing page built, other pages will be built as you navigate to them!
2024-10-30T09:56:07.680Z - info: Site data built
2024-10-30T09:56:07.681Z - info: Website generation (lazy) complete! Total build time: 2.736s
2024-10-30T09:56:07.690Z - info: Serving "/Users/damithch/Repos/nus-cs2103/cs2103-website-base/_site" at http://127.0.0.1:8080
2024-10-30T09:56:07.690Z - info: Press CTRL+C to stop ...
2024-10-30T09:56:18.323Z - info: Building /Users/damithch/Repos/nus-cs2103/cs2103-website-base/admin/index as some of its dependencies were changed since the last visit
2024-10-30T09:56:18.937Z - info: Site data built
2024-10-30T09:56:18.937Z - info: Lazy website regeneration complete! Total build time: 0.614s
2024-10-30T09:57:40.970Z - info: [17:57:40] Reload for file change: /Users/damithch/Repos/nus-cs2103/cs2103-website-base/admin/index-tee3201-fragment.md
2024-10-30T09:57:40.971Z - info: Synchronizing opened pages list before reload
2024-10-30T09:57:40.971Z - info: Current opened pages, from most-to-least recent:
2024-10-30T09:57:40.971Z - info: 1. admin/index
2024-10-30T09:57:41.981Z - info: Rebuilding 1 pages
2024-10-30T09:57:42.462Z - info: Site data built
2024-10-30T09:57:42.462Z - info: Pages rebuilt
2024-10-30T09:57:42.462Z - info: Website regeneration complete! Total build time: 0.483s
2024-10-30T09:58:11.529Z - info: [17:58:11] Reload for file change: /Users/damithch/Repos/nus-cs2103/cs2103-website-base/admin/index-tee3201-fragment.md
2024-10-30T09:58:11.529Z - info: Synchronizing opened pages list before reload
2024-10-30T09:58:11.529Z - info: Current opened pages, from most-to-least recent:
2024-10-30T09:58:11.530Z - info: 1. admin/index
2024-10-30T09:58:12.549Z - info: Rebuilding 1 pages
2024-10-30T09:58:13.011Z - info: Site data built
2024-10-30T09:58:13.011Z - info: Pages rebuilt
2024-10-30T09:58:13.011Z - info: Website regeneration complete! Total build time: 0.464s
2024-10-30T09:58:18.544Z - info: [17:58:18] Reload for file change: /Users/damithch/Repos/nus-cs2103/cs2103-website-base/admin/index-tee3201-fragment.md
2024-10-30T09:58:18.544Z - info: Synchronizing opened pages list before reload
2024-10-30T09:58:18.544Z - info: Current opened pages, from most-to-least recent:
2024-10-30T09:58:18.544Z - info: 1. admin/index
2024-10-30T09:58:19.558Z - info: Rebuilding 1 pages
2024-10-30T09:58:19.944Z - info: Site data built
2024-10-30T09:58:19.945Z - info: Pages rebuilt
2024-10-30T09:58:19.945Z - info: Website regeneration complete! Total build time: 0.389s
2024-10-30T09:59:13.243Z - info: [17:59:13] Reload for file change: /Users/damithch/Repos/nus-cs2103/cs2103-website-base/admin/index-tee3201-fragment.md
2024-10-30T09:59:13.244Z - info: Synchronizing opened pages list before reload
2024-10-30T09:59:13.244Z - info: Current opened pages, from most-to-least recent:
2024-10-30T09:59:13.244Z - info: 1. admin/index
2024-10-30T09:59:14.248Z - info: Rebuilding 1 pages
2024-10-30T09:59:14.719Z - info: Site data built
2024-10-30T09:59:14.719Z - info: Pages rebuilt
2024-10-30T09:59:14.719Z - info: Website regeneration complete! Total build time: 0.473s
2024-10-30T09:59:57.748Z - info: [17:59:57] Reload for file change: /Users/damithch/Repos/nus-cs2103/cs2103-website-base/admin/index-tee3201-fragment.md
2024-10-30T09:59:57.749Z - info: Synchronizing opened pages list before reload
2024-10-30T09:59:57.749Z - info: Current opened pages, from most-to-least recent:
2024-10-30T09:59:57.749Z - info: 1. admin/index
2024-10-30T09:59:58.754Z - info: Rebuilding 1 pages
2024-10-30T09:59:59.235Z - info: Site data built
2024-10-30T09:59:59.235Z - info: Pages rebuilt
2024-10-30T09:59:59.235Z - info: Website regeneration complete! Total build time: 0.483s
2024-10-30T10:00:19.682Z - info: [18:00:19] Reload for file change: /Users/damithch/Repos/nus-cs2103/cs2103-website-base/admin/index-tee3201-fragment.md
2024-10-30T10:00:19.682Z - info: Synchronizing opened pages list before reload
2024-10-30T10:00:19.682Z - info: Current opened pages, from most-to-least recent:
2024-10-30T10:00:19.682Z - info: 1. admin/index
2024-10-30T10:00:20.698Z - info: Rebuilding 1 pages
2024-10-30T10:00:21.166Z - info: Site data built
2024-10-30T10:00:21.166Z - info: Pages rebuilt
2024-10-30T10:00:21.166Z - info: Website regeneration complete! Total build time: 0.47s
2024-10-30T10:02:29.227Z - info: [18:02:29] Reload for file change: /Users/damithch/Repos/nus-cs2103/cs2103-website-base/admin/exam-pen-and-paper.md
2024-10-30T10:02:29.227Z - info: Synchronizing opened pages list before reload
2024-10-30T10:02:29.227Z - info: Current opened pages, from most-to-least recent:
2024-10-30T10:02:29.227Z - info: 1. admin/index
2024-10-30T10:02:30.245Z - info: Rebuilding 1 pages
2024-10-30T10:02:30.540Z - error:  Template render error: (/Users/damithch/Repos/nus-cs2103/cs2103-website-base/admin/exam-pen-and-paper.md)
  unexpected end of file
    at Object._prettifyError (/opt/homebrew/lib/node_modules/markbind-cli/node_modules/nunjucks/src/lib.js:32:11)
    at Template.render (/opt/homebrew/lib/node_modules/markbind-cli/node_modules/@markbind/core/src/patches/nunjucks/context-overrides-frame.js:358:19)
    at /opt/homebrew/lib/node_modules/markbind-cli/node_modules/@markbind/core/src/patches/nunjucks/context-overrides-frame.js:54:25
    at createTemplate (/opt/homebrew/lib/node_modules/markbind-cli/node_modules/@markbind/core/src/patches/nunjucks/load-event.js:121:7)
    at handle (/opt/homebrew/lib/node_modules/markbind-cli/node_modules/@markbind/core/src/patches/nunjucks/load-event.js:133:9)
    at /opt/homebrew/lib/node_modules/markbind-cli/node_modules/@markbind/core/src/patches/nunjucks/load-event.js:145:7
    at next (/opt/homebrew/lib/node_modules/markbind-cli/node_modules/nunjucks/src/lib.js:258:7)
    at Object.asyncIter (/opt/homebrew/lib/node_modules/markbind-cli/node_modules/nunjucks/src/lib.js:263:3)
    at Environment.getTemplate (/opt/homebrew/lib/node_modules/markbind-cli/node_modules/@markbind/core/src/patches/nunjucks/load-event.js:127:7)
    at Environment.render (/opt/homebrew/lib/node_modules/markbind-cli/node_modules/@markbind/core/src/patches/nunjucks/context-overrides-frame.js:48:8)
    at VariableRenderer.renderFile (/opt/homebrew/lib/node_modules/markbind-cli/node_modules/@markbind/core/src/variables/VariableRenderer.js:73:24)
    at VariableProcessor.renderWithSiteVariables (/opt/homebrew/lib/node_modules/markbind-cli/node_modules/@markbind/core/src/variables/VariableProcessor.js:154:57)
    at VariableProcessor.renderIncludeFile (/opt/homebrew/lib/node_modules/markbind-cli/node_modules/@markbind/core/src/variables/VariableProcessor.js:231:38)
    at processInclude (/opt/homebrew/lib/node_modules/markbind-cli/node_modules/@markbind/core/src/html/includePanelProcessor.js:198:68)
    at NodeProcessor.processNode (/opt/homebrew/lib/node_modules/markbind-cli/node_modules/@markbind/core/src/html/NodeProcessor.js:173:71)
    at NodeProcessor.traverse (/opt/homebrew/lib/node_modules/markbind-cli/node_modules/@markbind/core/src/html/NodeProcessor.js:342:24)
2024-10-30T10:02:30.719Z - info: Site data built
2024-10-30T10:02:30.719Z - info: Pages rebuilt
2024-10-30T10:02:30.719Z - info: Website regeneration complete! Total build time: 0.476s
2024-10-30T10:02:51.992Z - info: [18:02:51] Reload for file change: /Users/damithch/Repos/nus-cs2103/cs2103-website-base/admin/exam-pen-and-paper.md
2024-10-30T10:02:51.993Z - info: Synchronizing opened pages list before reload
2024-10-30T10:02:51.993Z - info: Current opened pages, from most-to-least recent:
2024-10-30T10:02:51.993Z - info: 1. admin/index
2024-10-30T10:02:53.010Z - info: Rebuilding 1 pages
2024-10-30T10:02:53.472Z - info: Site data built
2024-10-30T10:02:53.472Z - info: Pages rebuilt
2024-10-30T10:02:53.472Z - info: Website regeneration complete! Total build time: 0.464s
2024-10-30T10:04:48.215Z - info: [18:04:48] Reload for file change: /Users/damithch/Repos/nus-cs2103/cs2103-website-base/admin/exam-pen-and-paper.md
2024-10-30T10:04:48.215Z - info: Synchronizing opened pages list before reload
2024-10-30T10:04:48.215Z - info: Current opened pages, from most-to-least recent:
2024-10-30T10:04:48.216Z - info: 1. admin/index
2024-10-30T10:04:49.233Z - info: Rebuilding 1 pages
2024-10-30T10:04:49.690Z - info: Site data built
2024-10-30T10:04:49.690Z - info: Pages rebuilt
2024-10-30T10:04:49.690Z - info: Website regeneration complete! Total build time: 0.459s
2024-10-30T10:05:30.443Z - info: [18:05:30] Reload for file change: /Users/damithch/Repos/nus-cs2103/cs2103-website-base/admin/exam-pen-and-paper.md
2024-10-30T10:05:30.444Z - info: Synchronizing opened pages list before reload
2024-10-30T10:05:30.444Z - info: Current opened pages, from most-to-least recent:
2024-10-30T10:05:30.444Z - info: 1. admin/index
2024-10-30T10:05:31.458Z - info: Rebuilding 1 pages
2024-10-30T10:05:31.918Z - info: Site data built
2024-10-30T10:05:31.918Z - info: Pages rebuilt
2024-10-30T10:05:31.918Z - info: Website regeneration complete! Total build time: 0.461s
2024-10-30T10:06:04.799Z - info: [18:06:04] Reload for file change: /Users/damithch/Repos/nus-cs2103/cs2103-website-base/admin/exam-pen-and-paper.md
2024-10-30T10:06:04.800Z - info: Synchronizing opened pages list before reload
2024-10-30T10:06:04.800Z - info: Current opened pages, from most-to-least recent:
2024-10-30T10:06:04.800Z - info: 1. admin/index
2024-10-30T10:06:05.812Z - info: Rebuilding 1 pages
2024-10-30T10:06:06.264Z - info: Site data built
2024-10-30T10:06:06.264Z - info: Pages rebuilt
2024-10-30T10:06:06.264Z - info: Website regeneration complete! Total build time: 0.454s
2024-10-30T10:06:38.852Z - info: [18:06:38] Reload for file change: /Users/damithch/Repos/nus-cs2103/cs2103-website-base/admin/exam-pen-and-paper.md
2024-10-30T10:06:38.853Z - info: Synchronizing opened pages list before reload
2024-10-30T10:06:38.853Z - info: Current opened pages, from most-to-least recent:
2024-10-30T10:06:38.853Z - info: 1. admin/index
2024-10-30T10:06:39.869Z - info: Rebuilding 1 pages
2024-10-30T10:06:40.339Z - info: Site data built
2024-10-30T10:06:40.339Z - info: Pages rebuilt
2024-10-30T10:06:40.339Z - info: Website regeneration complete! Total build time: 0.471s
2024-10-30T10:08:30.825Z - info: Website generation started at 18:08:30
2024-10-30T10:08:31.065Z - warn: ENOENT: no such file or directory, open '/Users/damithch/Repos/nus-cs2103/cs2103-website-base/node_modules/.cache/gh-pages/https!github.com!nus-tic2002-AY2425S1!website.git/book/_markbind/variables.md'
2024-10-30T10:08:31.065Z - warn: ENOENT: no such file or directory, open '/Users/damithch/Repos/nus-cs2103/cs2103-website-base/node_modules/.cache/gh-pages/https!github.com!nus-tic2002-AY2425S1!website.git/_markbind/variables.md'
2024-10-30T10:08:31.083Z - info: Building assets...
2024-10-30T10:08:32.363Z - info: Assets built
2024-10-30T10:08:32.363Z - info: Generating pages...
2024-10-30T10:08:36.374Z - debug:  
2024-10-30T10:08:36.538Z - debug: 2024-10-30 18:08:34.444 java[29038:618609] +[IMKClient subclass]: chose IMKClient_Legacy
2024-10-30 18:08:34.444 java[29038:618609] +[IMKInputSession subclass]: chose IMKInputSession_Legacy

2024-10-30T10:08:36.651Z - debug:  
2024-10-30T10:08:36.662Z - debug:  
2024-10-30T10:08:36.687Z - debug:  
2024-10-30T10:08:36.726Z - debug:  
2024-10-30T10:08:36.740Z - debug:  
2024-10-30T10:08:36.749Z - debug:  
2024-10-30T10:08:36.768Z - debug:  
2024-10-30T10:08:36.768Z - debug:  
2024-10-30T10:08:36.780Z - debug:  
2024-10-30T10:08:36.789Z - debug:  
2024-10-30T10:08:39.181Z - debug: 2024-10-30 18:08:38.689 java[29084:619568] +[IMKClient subclass]: chose IMKClient_Legacy
2024-10-30 18:08:38.690 java[29084:619568] +[IMKInputSession subclass]: chose IMKInputSession_Legacy

2024-10-30T10:08:39.299Z - debug:  
2024-10-30T10:08:40.582Z - debug: 2024-10-30 18:08:40.298 java[29093:619773] +[IMKClient subclass]: chose IMKClient_Legacy
2024-10-30 18:08:40.298 java[29093:619773] +[IMKInputSession subclass]: chose IMKInputSession_Legacy

2024-10-30T10:08:45.535Z - debug: 2024-10-30 18:08:45.175 java[29124:620101] +[IMKClient subclass]: chose IMKClient_Legacy
2024-10-30 18:08:45.175 java[29124:620101] +[IMKInputSession subclass]: chose IMKInputSession_Legacy

2024-10-30T10:08:47.530Z - debug: 2024-10-30 18:08:47.201 java[29131:620200] +[IMKClient subclass]: chose IMKClient_Legacy
2024-10-30 18:08:47.201 java[29131:620200] +[IMKInputSession subclass]: chose IMKInputSession_Legacy

2024-10-30T10:08:51.494Z - debug: 2024-10-30 18:08:51.141 java[29149:620545] +[IMKClient subclass]: chose IMKClient_Legacy
2024-10-30 18:08:51.141 java[29149:620545] +[IMKInputSession subclass]: chose IMKInputSession_Legacy

2024-10-30T10:09:06.800Z - info: Pages built
2024-10-30T10:09:06.864Z - info: Site data built
2024-10-30T10:09:06.865Z - info: Website generation complete! Total build time: 36.789s
2024-10-30T10:09:06.865Z - info: Build success!
2024-10-30T10:09:24.850Z - info: The website has been deployed at: https://nus-tee3201.github.io/2024
2024-10-30T12:24:46.006Z - info: Website generation started at 20:24:45
2024-10-30T12:24:46.361Z - warn: ENOENT: no such file or directory, open '/Users/damithch/Repos/nus-cs2103/cs2103-website-base/node_modules/.cache/gh-pages/https!github.com!nus-tee3201!2024.git/book/_markbind/variables.md'
2024-10-30T12:24:46.362Z - warn: ENOENT: no such file or directory, open '/Users/damithch/Repos/nus-cs2103/cs2103-website-base/node_modules/.cache/gh-pages/https!github.com!nus-tee3201!2024.git/_markbind/variables.md'
2024-10-30T12:24:46.381Z - info: Building assets...
2024-10-30T12:24:47.672Z - info: Assets built
2024-10-30T12:24:47.672Z - info: Generating pages...
2024-10-30T12:24:51.522Z - debug:  
2024-10-30T12:24:51.562Z - debug: 2024-10-30 20:24:49.640 java[30642:763992] +[IMKClient subclass]: chose IMKClient_Legacy
2024-10-30 20:24:49.640 java[30642:763992] +[IMKInputSession subclass]: chose IMKInputSession_Legacy

2024-10-30T12:24:51.724Z - debug:  
2024-10-30T12:24:51.800Z - debug:  
2024-10-30T12:24:51.814Z - debug:  
2024-10-30T12:24:51.865Z - debug:  
2024-10-30T12:24:51.866Z - debug:  
2024-10-30T12:24:51.890Z - debug:  
2024-10-30T12:24:51.893Z - debug:  
2024-10-30T12:24:51.911Z - debug:  
2024-10-30T12:24:51.916Z - debug:  
2024-10-30T12:24:51.941Z - debug:  
2024-10-30T12:24:54.752Z - debug: 2024-10-30 20:24:54.321 java[30722:765356] +[IMKClient subclass]: chose IMKClient_Legacy
2024-10-30 20:24:54.321 java[30722:765356] +[IMKInputSession subclass]: chose IMKInputSession_Legacy

2024-10-30T12:24:55.112Z - debug:  
2024-10-30T12:24:56.413Z - debug: 2024-10-30 20:24:56.032 java[30726:765501] +[IMKClient subclass]: chose IMKClient_Legacy
2024-10-30 20:24:56.032 java[30726:765501] +[IMKInputSession subclass]: chose IMKInputSession_Legacy

2024-10-30T12:25:02.359Z - debug: 2024-10-30 20:25:01.921 java[30778:765962] +[IMKClient subclass]: chose IMKClient_Legacy
2024-10-30 20:25:01.921 java[30778:765962] +[IMKInputSession subclass]: chose IMKInputSession_Legacy

2024-10-30T12:25:04.547Z - debug: 2024-10-30 20:25:04.169 java[30798:766162] +[IMKClient subclass]: chose IMKClient_Legacy
2024-10-30 20:25:04.169 java[30798:766162] +[IMKInputSession subclass]: chose IMKInputSession_Legacy

2024-10-30T12:25:08.839Z - debug: 2024-10-30 20:25:08.288 java[30840:766524] +[IMKClient subclass]: chose IMKClient_Legacy
2024-10-30 20:25:08.288 java[30840:766524] +[IMKInputSession subclass]: chose IMKInputSession_Legacy

2024-10-30T12:25:24.564Z - info: Pages built
2024-10-30T12:25:24.632Z - info: Site data built
2024-10-30T12:25:24.633Z - info: Website generation complete! Total build time: 39.622s
2024-10-30T12:25:24.633Z - info: Build success!
2024-10-30T12:25:44.744Z - info: The website has been deployed at: https://nus-tee3201.github.io/2024
