2024-10-11T10:56:55.674Z - info: Website generation started at 6:56:01 pm
2024-10-11T10:57:20.294Z - warn: ENOENT: no such file or directory, open 'C:\repos\nus-cs2103\cs2103-website-base\node_modules\.cache\gh-pages\https!github.com!nus-cs2103-AY2425S1!website.git\book\_markbind\variables.md'
2024-10-11T10:57:20.297Z - warn: ENOENT: no such file or directory, open 'C:\repos\nus-cs2103\cs2103-website-base\node_modules\.cache\gh-pages\https!github.com!nus-cs2103-AY2425S1!website.git\cache\gh-pages\https!github.com!nus-cs2103-AY2425S1!website.git\book\_markbind\variables.md'
2024-10-11T10:57:20.299Z - warn: ENOENT: no such file or directory, open 'C:\repos\nus-cs2103\cs2103-website-base\node_modules\.cache\gh-pages\https!github.com!nus-cs2103-AY2425S1!website.git\cache\gh-pages\https!github.com!nus-cs2103-AY2425S1!website.git\_markbind\variables.md'
2024-10-11T10:57:20.301Z - warn: ENOENT: no such file or directory, open 'C:\repos\nus-cs2103\cs2103-website-base\node_modules\.cache\gh-pages\https!github.com!nus-cs2103-AY2425S1!website.git\_markbind\variables.md'
2024-10-11T10:57:20.422Z - info: Building assets...
2024-10-11T10:59:32.749Z - info: Assets built
2024-10-11T10:59:32.751Z - info: Generating pages...
2024-10-11T11:00:01.829Z - debug:  
2024-10-11T11:00:01.834Z - debug:  
2024-10-11T11:00:01.836Z - debug:  
2024-10-11T11:00:01.837Z - debug:  
2024-10-11T11:00:01.856Z - debug:  
2024-10-11T11:00:01.858Z - debug:  
2024-10-11T11:00:02.716Z - debug:  
2024-10-11T11:00:02.717Z - debug:  
2024-10-11T11:00:02.717Z - debug:  
2024-10-11T11:00:02.718Z - debug:  
2024-10-11T11:00:02.719Z - debug:  
2024-10-11T11:00:02.719Z - debug:  
2024-10-11T11:00:02.720Z - debug:  
2024-10-11T11:00:02.722Z - debug:  
2024-10-11T11:00:02.722Z - debug:  
2024-10-11T11:00:06.515Z - debug:  
2024-10-11T11:00:06.515Z - debug:  
2024-10-11T11:00:49.767Z - debug:  
2024-10-11T11:03:42.612Z - debug:  
2024-10-11T11:04:09.182Z - debug:  
2024-10-11T11:04:09.337Z - debug:  
2024-10-11T11:04:27.275Z - info: Pages built
2024-10-11T11:04:28.560Z - info: Site data built
2024-10-11T11:04:28.560Z - info: Website generation complete! Total build time: 507.551s
2024-10-11T11:04:28.560Z - info: Build success!
2024-10-11T11:08:54.805Z - info: The website has been deployed at: https://nus-cs2103-ay2425s1.github.io/website
