2024-10-28T17:34:59.545Z - info: Website generation (lazy) started at 01:34:58
2024-10-28T17:34:59.809Z - warn: ENOENT: no such file or directory, open '/Users/damithch/Repos/nus-cs2103/cs2103-website-base/node_modules/.cache/gh-pages/https!github.com!nus-cs2103-AY2425S1!website.git/book/_markbind/variables.md'
2024-10-28T17:34:59.809Z - warn: ENOENT: no such file or directory, open '/Users/damithch/Repos/nus-cs2103/cs2103-website-base/node_modules/.cache/gh-pages/https!github.com!nus-cs2103-AY2425S1!website.git/_markbind/variables.md'
2024-10-28T17:34:59.827Z - info: Building assets...
2024-10-28T17:35:01.133Z - info: Assets built
2024-10-28T17:35:01.133Z - info: Generating landing page...
2024-10-28T17:35:01.329Z - info: Landing page built, other pages will be built as you navigate to them!
2024-10-28T17:35:01.404Z - info: Site data built
2024-10-28T17:35:01.404Z - info: Website generation (lazy) complete! Total build time: 2.772s
2024-10-28T17:35:01.414Z - info: Serving "/Users/damithch/Repos/nus-cs2103/cs2103-website-base/_site" at http://127.0.0.1:8080
2024-10-28T17:35:01.414Z - info: Press CTRL+C to stop ...
2024-10-28T17:35:10.240Z - info: Building /Users/damithch/Repos/nus-cs2103/cs2103-website-base/se-book-adapted/index as some of its dependencies were changed since the last visit
2024-10-28T17:35:10.354Z - info: Site data built
2024-10-28T17:35:10.354Z - info: Lazy website regeneration complete! Total build time: 0.115s
2024-10-28T17:35:16.862Z - info: Building /Users/damithch/Repos/nus-cs2103/cs2103-website-base/se-book-adapted/chapters/oop as some of its dependencies were changed since the last visit
2024-10-28T17:35:17.179Z - info: Site data built
2024-10-28T17:35:17.179Z - info: Lazy website regeneration complete! Total build time: 0.317s
2024-10-28T17:38:35.419Z - info: [01:38:35] Reload for file change: /Users/damithch/Repos/nus-cs2103/cs2103-website-base/book/oop/inheritance/overriding/text.md
2024-10-28T17:38:35.421Z - info: Synchronizing opened pages list before reload
2024-10-28T17:38:35.422Z - info: Current opened pages, from most-to-least recent:
2024-10-28T17:38:35.422Z - info: 1. se-book-adapted/chapters/oop
2024-10-28T17:38:36.436Z - info: Rebuilding 1 pages
2024-10-28T17:38:36.747Z - info: Site data built
2024-10-28T17:38:36.747Z - info: Pages rebuilt
2024-10-28T17:38:36.747Z - info: Website regeneration complete! Total build time: 0.314s
2024-10-28T17:41:07.106Z - info: [01:41:07] Reload for file change: /Users/damithch/Repos/nus-cs2103/cs2103-website-base/book/oop/inheritance/overloading/text.md
2024-10-28T17:41:07.107Z - info: Synchronizing opened pages list before reload
2024-10-28T17:41:07.107Z - info: Current opened pages, from most-to-least recent:
2024-10-28T17:41:07.107Z - info: 1. se-book-adapted/chapters/oop
2024-10-28T17:41:08.124Z - info: Rebuilding 1 pages
2024-10-28T17:41:08.426Z - info: Site data built
2024-10-28T17:41:08.426Z - info: Pages rebuilt
2024-10-28T17:41:08.426Z - info: Website regeneration complete! Total build time: 0.304s
2024-10-28T17:42:38.427Z - info: [01:42:38] Reload for file change: /Users/damithch/Repos/nus-cs2103/cs2103-website-base/book/oop/inheritance/overloading/text.md
2024-10-28T17:42:38.428Z - info: Synchronizing opened pages list before reload
2024-10-28T17:42:38.428Z - info: Current opened pages, from most-to-least recent:
2024-10-28T17:42:38.428Z - info: 1. se-book-adapted/chapters/oop
2024-10-28T17:42:39.437Z - info: Rebuilding 1 pages
2024-10-28T17:42:39.754Z - info: Site data built
2024-10-28T17:42:39.754Z - info: Pages rebuilt
2024-10-28T17:42:39.754Z - info: Website regeneration complete! Total build time: 0.32s
2024-10-28T17:43:44.425Z - info: [01:43:44] Reload for file change: /Users/damithch/Repos/nus-cs2103/cs2103-website-base/book/oop/inheritance/overriding/text.md
2024-10-28T17:43:44.426Z - info: Synchronizing opened pages list before reload
2024-10-28T17:43:44.426Z - info: Current opened pages, from most-to-least recent:
2024-10-28T17:43:44.426Z - info: 1. se-book-adapted/chapters/oop
2024-10-28T17:43:45.430Z - info: Rebuilding 1 pages
2024-10-28T17:43:45.739Z - info: Site data built
2024-10-28T17:43:45.739Z - info: Pages rebuilt
2024-10-28T17:43:45.739Z - info: Website regeneration complete! Total build time: 0.311s
2024-10-28T17:44:16.332Z - info: Website generation started at 01:44:15
2024-10-28T17:44:16.591Z - warn: ENOENT: no such file or directory, open '/Users/damithch/Repos/nus-cs2103/cs2103-website-base/node_modules/.cache/gh-pages/https!github.com!nus-cs2103-AY2425S1!website.git/book/_markbind/variables.md'
2024-10-28T17:44:16.592Z - warn: ENOENT: no such file or directory, open '/Users/damithch/Repos/nus-cs2103/cs2103-website-base/node_modules/.cache/gh-pages/https!github.com!nus-cs2103-AY2425S1!website.git/_markbind/variables.md'
2024-10-28T17:44:16.610Z - info: Building assets...
2024-10-28T17:44:17.973Z - info: Assets built
2024-10-28T17:44:17.974Z - info: Generating pages...
2024-10-28T17:44:21.682Z - debug:  
2024-10-28T17:44:21.686Z - debug: 2024-10-29 01:44:20.038 java[73229:7932096] +[IMKClient subclass]: chose IMKClient_Legacy
2024-10-29 01:44:20.038 java[73229:7932096] +[IMKInputSession subclass]: chose IMKInputSession_Legacy

2024-10-28T17:44:21.966Z - debug:  
2024-10-28T17:44:22.051Z - debug:  
2024-10-28T17:44:22.054Z - debug:  
2024-10-28T17:44:22.059Z - debug:  
2024-10-28T17:44:22.059Z - debug:  
2024-10-28T17:44:22.066Z - debug:  
2024-10-28T17:44:22.128Z - debug:  
2024-10-28T17:44:22.129Z - debug:  
2024-10-28T17:44:22.140Z - debug:  
2024-10-28T17:44:22.142Z - debug:  
2024-10-28T17:44:24.860Z - debug:  
2024-10-28T17:44:24.864Z - debug:  
2024-10-28T17:44:26.105Z - debug: 2024-10-29 01:44:25.740 java[73312:7933283] +[IMKClient subclass]: chose IMKClient_Legacy
2024-10-29 01:44:25.740 java[73312:7933283] +[IMKInputSession subclass]: chose IMKInputSession_Legacy

2024-10-28T17:44:31.272Z - debug: 2024-10-29 01:44:30.917 java[73328:7933441] +[IMKClient subclass]: chose IMKClient_Legacy
2024-10-29 01:44:30.918 java[73328:7933441] +[IMKInputSession subclass]: chose IMKInputSession_Legacy

2024-10-28T17:44:33.424Z - debug: 2024-10-29 01:44:33.070 java[73347:7933608] +[IMKClient subclass]: chose IMKClient_Legacy
2024-10-29 01:44:33.070 java[73347:7933608] +[IMKInputSession subclass]: chose IMKInputSession_Legacy

2024-10-28T17:44:37.272Z - debug: 2024-10-29 01:44:36.910 java[73360:7933750] +[IMKClient subclass]: chose IMKClient_Legacy
2024-10-29 01:44:36.910 java[73360:7933750] +[IMKInputSession subclass]: chose IMKInputSession_Legacy

2024-10-28T17:44:52.036Z - info: Pages built
2024-10-28T17:44:52.105Z - info: Site data built
2024-10-28T17:44:52.105Z - info: Website generation complete! Total build time: 36.563s
2024-10-28T17:44:52.105Z - info: Build success!
2024-10-28T17:45:10.331Z - info: The website has been deployed at: https://nus-tee3201.github.io/2024
2024-10-29T07:25:39.691Z - info: Website generation (lazy) started at 15:25:38
2024-10-29T07:25:39.968Z - warn: ENOENT: no such file or directory, open '/Users/damithch/Repos/nus-cs2103/cs2103-website-base/node_modules/.cache/gh-pages/https!github.com!nus-tee3201!2024.git/book/_markbind/variables.md'
2024-10-29T07:25:39.968Z - warn: ENOENT: no such file or directory, open '/Users/damithch/Repos/nus-cs2103/cs2103-website-base/node_modules/.cache/gh-pages/https!github.com!nus-tee3201!2024.git/_markbind/variables.md'
2024-10-29T07:25:39.988Z - info: Building assets...
2024-10-29T07:25:41.395Z - info: Assets built
2024-10-29T07:25:41.396Z - info: Generating landing page...
2024-10-29T07:25:42.112Z - info: Landing page built, other pages will be built as you navigate to them!
2024-10-29T07:25:42.191Z - info: Site data built
2024-10-29T07:25:42.191Z - info: Website generation (lazy) complete! Total build time: 3.449s
2024-10-29T07:25:42.201Z - info: Serving "/Users/damithch/Repos/nus-cs2103/cs2103-website-base/_site" at http://127.0.0.1:8080
2024-10-29T07:25:42.201Z - info: Press CTRL+C to stop ...
2024-10-29T07:28:06.287Z - info: [15:28:06] Reload for file change: /Users/damithch/Repos/nus-cs2103/cs2103-website-base/admin/faq-fragment.md
2024-10-29T07:28:06.288Z - info: Synchronizing opened pages list before reload
2024-10-29T07:28:06.289Z - info: Current opened pages, from most-to-least recent:
2024-10-29T07:28:06.289Z - info: 1. index
2024-10-29T07:28:07.297Z - info: Assets built
2024-10-29T07:29:49.096Z - info: [15:29:49] Reload for file change: /Users/damithch/Repos/nus-cs2103/cs2103-website-base/admin/appendixC-faq.md
2024-10-29T07:29:49.096Z - info: Synchronizing opened pages list before reload
2024-10-29T07:29:49.097Z - info: Current opened pages, from most-to-least recent:
2024-10-29T07:29:49.097Z - info: 1. index
2024-10-29T07:29:49.098Z - info: [15:29:49] Reload for file change: /Users/damithch/Repos/nus-cs2103/cs2103-website-base/admin/faq-fragment.md
2024-10-29T07:29:49.098Z - info: Synchronizing opened pages list before reload
2024-10-29T07:29:49.098Z - info: Current opened pages, from most-to-least recent:
2024-10-29T07:29:49.098Z - info: 1. index
2024-10-29T07:29:50.104Z - info: No pages needed to be rebuilt
2024-10-29T07:29:50.114Z - info: Assets built
2024-10-29T07:31:27.600Z - info: [15:31:27] Reload for file change: /Users/damithch/Repos/nus-cs2103/cs2103-website-base/admin/appendixC-faq.md
2024-10-29T07:31:27.601Z - info: Synchronizing opened pages list before reload
2024-10-29T07:31:27.601Z - info: Current opened pages, from most-to-least recent:
2024-10-29T07:31:27.601Z - info: 1. index
2024-10-29T07:31:27.602Z - info: [15:31:27] Reload for file change: /Users/damithch/Repos/nus-cs2103/cs2103-website-base/admin/tp-expectations.md
2024-10-29T07:31:27.602Z - info: Synchronizing opened pages list before reload
2024-10-29T07:31:27.602Z - info: Current opened pages, from most-to-least recent:
2024-10-29T07:31:27.602Z - info: 1. index
2024-10-29T07:31:28.612Z - info: No pages needed to be rebuilt
2024-10-29T07:31:56.299Z - info: Building /Users/damithch/Repos/nus-cs2103/cs2103-website-base/admin/index as some of its dependencies were changed since the last visit
2024-10-29T07:31:56.482Z - info: Site data built
2024-10-29T07:31:56.482Z - info: Lazy website regeneration complete! Total build time: 0.183s
2024-10-29T07:32:11.078Z - info: Building /Users/damithch/Repos/nus-cs2103/cs2103-website-base/admin/tp-expectations as some of its dependencies were changed since the last visit
2024-10-29T07:32:11.271Z - info: Site data built
2024-10-29T07:32:11.271Z - info: Lazy website regeneration complete! Total build time: 0.194s
2024-10-29T07:36:02.789Z - info: Building /Users/damithch/Repos/nus-cs2103/cs2103-website-base/admin/tp-deliverables as some of its dependencies were changed since the last visit
2024-10-29T07:36:03.169Z - info: Site data built
2024-10-29T07:36:03.170Z - info: Lazy website regeneration complete! Total build time: 0.387s
2024-10-29T07:49:59.914Z - info: [15:49:59] Reload for file change: /Users/damithch/Repos/nus-cs2103/cs2103-website-base/admin/faq-fragment.md
2024-10-29T07:49:59.915Z - info: Synchronizing opened pages list before reload
2024-10-29T07:49:59.915Z - info: Current opened pages, from most-to-least recent:
2024-10-29T07:49:59.916Z - info: 1. admin/tp-deliverables
2024-10-29T07:50:00.929Z - info: Rebuilding 1 pages
2024-10-29T07:50:01.147Z - info: Site data built
2024-10-29T07:50:01.148Z - info: Pages rebuilt
2024-10-29T07:50:01.148Z - info: Website regeneration complete! Total build time: 0.222s
2024-10-29T07:51:04.819Z - info: [15:51:04] Reload for file change: /Users/damithch/Repos/nus-cs2103/cs2103-website-base/admin/faq-fragment.md
2024-10-29T07:51:04.820Z - info: Synchronizing opened pages list before reload
2024-10-29T07:51:04.820Z - info: Current opened pages, from most-to-least recent:
2024-10-29T07:51:04.820Z - info: 1. admin/tp-deliverables
2024-10-29T07:51:05.826Z - info: Rebuilding 1 pages
2024-10-29T07:51:06.084Z - info: Site data built
2024-10-29T07:51:06.084Z - info: Pages rebuilt
2024-10-29T07:51:06.084Z - info: Website regeneration complete! Total build time: 0.261s
2024-10-29T07:52:08.167Z - info: Website generation started at 15:52:07
2024-10-29T07:52:08.434Z - warn: ENOENT: no such file or directory, open '/Users/damithch/Repos/nus-cs2103/cs2103-website-base/node_modules/.cache/gh-pages/https!github.com!nus-tee3201!2024.git/book/_markbind/variables.md'
2024-10-29T07:52:08.434Z - warn: ENOENT: no such file or directory, open '/Users/damithch/Repos/nus-cs2103/cs2103-website-base/node_modules/.cache/gh-pages/https!github.com!nus-tee3201!2024.git/_markbind/variables.md'
2024-10-29T07:52:08.454Z - info: Building assets...
2024-10-29T07:52:09.675Z - info: Assets built
2024-10-29T07:52:09.675Z - info: Generating pages...
2024-10-29T07:52:14.843Z - debug:  
2024-10-29T07:52:14.843Z - debug: 2024-10-29 15:52:11.430 java[83516:8238970] +[IMKClient subclass]: chose IMKClient_Legacy
2024-10-29 15:52:11.430 java[83516:8238970] +[IMKInputSession subclass]: chose IMKInputSession_Legacy

2024-10-29T07:52:14.843Z - debug:  
2024-10-29T07:52:14.843Z - debug:  
2024-10-29T07:52:14.844Z - debug:  
2024-10-29T07:52:14.844Z - debug:  
2024-10-29T07:52:14.844Z - debug:  
2024-10-29T07:52:14.844Z - debug: 2024-10-29 15:52:12.566 java[83550:8239249] +[IMKClient subclass]: chose IMKClient_Legacy
2024-10-29 15:52:12.566 java[83550:8239249] +[IMKInputSession subclass]: chose IMKInputSession_Legacy

2024-10-29T07:52:15.058Z - debug:  
2024-10-29T07:52:15.058Z - debug:  
2024-10-29T07:52:15.058Z - debug:  
2024-10-29T07:52:15.058Z - debug:  
2024-10-29T07:52:15.058Z - debug:  
2024-10-29T07:52:15.058Z - debug:  
2024-10-29T07:52:15.058Z - debug:  
2024-10-29T07:52:15.058Z - debug:  
2024-10-29T07:52:15.573Z - debug: 2024-10-29 15:52:15.118 java[83593:8240032] +[IMKClient subclass]: chose IMKClient_Legacy
2024-10-29 15:52:15.119 java[83593:8240032] +[IMKInputSession subclass]: chose IMKInputSession_Legacy

2024-10-29T07:52:23.486Z - debug: 2024-10-29 15:52:22.786 java[83610:8240252] +[IMKClient subclass]: chose IMKClient_Legacy
2024-10-29 15:52:22.786 java[83610:8240252] +[IMKInputSession subclass]: chose IMKInputSession_Legacy

2024-10-29T07:53:03.138Z - debug: 2024-10-29 15:53:00.842 java[83650:8240949] +[IMKClient subclass]: chose IMKClient_Legacy
2024-10-29 15:53:00.842 java[83650:8240949] +[IMKInputSession subclass]: chose IMKInputSession_Legacy

2024-10-29T07:53:12.626Z - debug: 2024-10-29 15:53:11.912 java[83662:8241198] +[IMKClient subclass]: chose IMKClient_Legacy
2024-10-29 15:53:11.912 java[83662:8241198] +[IMKInputSession subclass]: chose IMKInputSession_Legacy

2024-10-29T07:53:12.689Z - debug:  
2024-10-29T07:53:18.110Z - info: Pages built
2024-10-29T07:53:18.185Z - info: Site data built
2024-10-29T07:53:18.185Z - info: Website generation complete! Total build time: 70.837s
2024-10-29T07:53:18.185Z - info: Build success!
2024-10-29T07:53:41.175Z - info: The website has been deployed at: https://nus-cs2103-ay2425s1.github.io/website
2024-10-29T13:59:23.376Z - info: Website generation started at 21:59:22
2024-10-29T13:59:23.603Z - warn: ENOENT: no such file or directory, open '/Users/damithch/Repos/nus-cs2103/cs2103-website-base/node_modules/.cache/gh-pages/https!github.com!nus-cs2103-AY2425S1!website.git/book/_markbind/variables.md'
2024-10-29T13:59:23.603Z - warn: ENOENT: no such file or directory, open '/Users/damithch/Repos/nus-cs2103/cs2103-website-base/node_modules/.cache/gh-pages/https!github.com!nus-cs2103-AY2425S1!website.git/_markbind/variables.md'
2024-10-29T13:59:23.623Z - info: Building assets...
2024-10-29T13:59:24.981Z - info: Assets built
2024-10-29T13:59:24.981Z - info: Generating pages...
2024-10-29T13:59:30.006Z - debug:  
2024-10-29T13:59:30.006Z - debug:  
2024-10-29T13:59:30.007Z - debug:  
2024-10-29T13:59:30.008Z - debug:  
2024-10-29T13:59:30.008Z - debug:  
2024-10-29T13:59:30.008Z - debug:  
2024-10-29T13:59:30.036Z - debug:  
2024-10-29T13:59:30.460Z - debug:  
2024-10-29T13:59:30.460Z - debug:  
2024-10-29T13:59:30.460Z - debug: 2024-10-29 21:59:27.809 java[89046:8559042] +[IMKClient subclass]: chose IMKClient_Legacy
2024-10-29 21:59:27.809 java[89046:8559042] +[IMKInputSession subclass]: chose IMKInputSession_Legacy

2024-10-29T13:59:30.460Z - debug:  
2024-10-29T13:59:30.460Z - debug:  
2024-10-29T13:59:30.460Z - debug:  
2024-10-29T13:59:30.460Z - debug:  
2024-10-29T13:59:30.460Z - debug:  
2024-10-29T13:59:31.765Z - debug: 2024-10-29 21:59:31.388 java[89085:8559848] +[IMKClient subclass]: chose IMKClient_Legacy
2024-10-29 21:59:31.388 java[89085:8559848] +[IMKInputSession subclass]: chose IMKInputSession_Legacy

2024-10-29T13:59:38.409Z - debug: 2024-10-29 21:59:38.057 java[89174:8560417] +[IMKClient subclass]: chose IMKClient_Legacy
2024-10-29 21:59:38.057 java[89174:8560417] +[IMKInputSession subclass]: chose IMKInputSession_Legacy

2024-10-29T13:59:42.160Z - debug: 2024-10-29 21:59:41.786 java[89186:8560586] +[IMKClient subclass]: chose IMKClient_Legacy
2024-10-29 21:59:41.786 java[89186:8560586] +[IMKInputSession subclass]: chose IMKInputSession_Legacy

2024-10-29T14:00:01.460Z - info: Pages built
2024-10-29T14:00:01.526Z - info: Site data built
2024-10-29T14:00:01.526Z - info: Website generation complete! Total build time: 38.995s
2024-10-29T14:00:01.526Z - info: Build success!
2024-10-29T14:00:20.540Z - info: The website has been deployed at: https://nus-tic2002-ay2425s1.github.io/website
2024-10-29T15:33:47.482Z - info: Website generation started at 23:33:46
2024-10-29T15:33:47.784Z - warn: ENOENT: no such file or directory, open '/Users/damithch/Repos/nus-cs2103/cs2103-website-base/node_modules/.cache/gh-pages/https!github.com!nus-tic2002-AY2425S1!website.git/book/_markbind/variables.md'
2024-10-29T15:33:47.785Z - warn: ENOENT: no such file or directory, open '/Users/damithch/Repos/nus-cs2103/cs2103-website-base/node_modules/.cache/gh-pages/https!github.com!nus-tic2002-AY2425S1!website.git/_markbind/variables.md'
2024-10-29T15:33:47.804Z - info: Building assets...
2024-10-29T15:33:49.062Z - info: Assets built
2024-10-29T15:33:49.063Z - info: Generating pages...
2024-10-29T15:33:53.697Z - debug:  
2024-10-29T15:33:53.697Z - debug:  
2024-10-29T15:33:53.698Z - debug:  
2024-10-29T15:33:53.698Z - debug:  
2024-10-29T15:33:54.131Z - debug:  
2024-10-29T15:33:54.131Z - debug:  
2024-10-29T15:33:54.131Z - debug:  
2024-10-29T15:33:54.131Z - debug:  
2024-10-29T15:33:54.131Z - debug:  
2024-10-29T15:33:54.131Z - debug:  
2024-10-29T15:33:54.131Z - debug:  
2024-10-29T15:33:54.131Z - debug:  
2024-10-29T15:33:54.131Z - debug: 2024-10-29 23:33:52.074 java[99992:8728978] +[IMKClient subclass]: chose IMKClient_Legacy
2024-10-29 23:33:52.074 java[99992:8728978] +[IMKInputSession subclass]: chose IMKInputSession_Legacy

2024-10-29T15:33:54.267Z - debug:  
2024-10-29T15:33:54.358Z - debug:  
2024-10-29T15:33:55.847Z - debug: 2024-10-29 23:33:55.559 java[184:8729868] +[IMKClient subclass]: chose IMKClient_Legacy
2024-10-29 23:33:55.559 java[184:8729868] +[IMKInputSession subclass]: chose IMKInputSession_Legacy

2024-10-29T15:34:02.790Z - debug: 2024-10-29 23:34:02.441 java[205:8730197] +[IMKClient subclass]: chose IMKClient_Legacy
2024-10-29 23:34:02.441 java[205:8730197] +[IMKInputSession subclass]: chose IMKInputSession_Legacy

2024-10-29T15:34:06.649Z - debug: 2024-10-29 23:34:06.297 java[229:8730388] +[IMKClient subclass]: chose IMKClient_Legacy
2024-10-29 23:34:06.297 java[229:8730388] +[IMKInputSession subclass]: chose IMKInputSession_Legacy

2024-10-29T15:34:25.845Z - info: Pages built
2024-10-29T15:34:25.917Z - info: Site data built
2024-10-29T15:34:25.918Z - info: Website generation complete! Total build time: 39.326s
2024-10-29T15:34:25.918Z - info: Build success!
2024-10-29T15:34:44.808Z - info: The website has been deployed at: https://nus-tic2002-ay2425s1.github.io/website
