2024-08-11T16:06:09.728Z - info: [12:06:09 am] Reload for file change: C:\repos\nus-cs2103\cs2103-website-base\book\index.md
2024-08-11T16:06:09.739Z - info: Synchronizing opened pages list before reload
2024-08-11T16:06:09.739Z - info: Current opened pages, from most-to-least recent:
2024-08-11T16:06:09.739Z - info: 1. schedule/week2/topics
2024-08-11T16:06:10.756Z - info: No pages needed to be rebuilt
2024-08-11T16:06:21.861Z - info: Building C:\repos\nus-cs2103\cs2103-website-base\se-book-adapted\index as some of its dependencies were changed since the last visit
2024-08-11T16:06:22.181Z - info: Site data built
2024-08-11T16:06:22.182Z - info: Lazy website regeneration complete! Total build time: 0.322s
2024-08-11T16:07:51.640Z - info: Website generation (lazy) started at 12:07:37 am
2024-08-11T16:08:01.607Z - warn: ENOENT: no such file or directory, open 'C:\repos\nus-cs2103\cs2103-website-base\cache\gh-pages\https!github.com!nus-tee3201!2024.git\book\_markbind\variables.md'
2024-08-11T16:08:01.608Z - warn: ENOENT: no such file or directory, open 'C:\repos\nus-cs2103\cs2103-website-base\cache\gh-pages\https!github.com!nus-tee3201!2024.git\_markbind\variables.md'
2024-08-11T16:08:01.672Z - info: Building assets...
2024-08-11T16:08:38.347Z - info: Assets built
2024-08-11T16:08:38.348Z - info: Generating landing page...
2024-08-11T16:08:40.142Z - info: Landing page built, other pages will be built as you navigate to them!
2024-08-11T16:08:41.305Z - info: Site data built
2024-08-11T16:08:41.306Z - info: Website generation (lazy) complete! Total build time: 63.537s
2024-08-11T16:08:41.348Z - info: Serving "C:\repos\nus-cs2103\cs2103-website-base\_site" at http://127.0.0.1:8080
2024-08-11T16:08:41.349Z - info: Press CTRL+C to stop ...
2024-08-11T16:37:59.533Z - info: Building C:\repos\nus-cs2103\cs2103-website-base\se-book-adapted\index as some of its dependencies were changed since the last visit
2024-08-11T16:37:59.933Z - info: Site data built
2024-08-11T16:37:59.934Z - info: Lazy website regeneration complete! Total build time: 0.402s
2024-08-11T16:39:57.500Z - info: [12:39:57 am] Reload for file change: C:\repos\nus-cs2103\cs2103-website-base\book\index.md
2024-08-11T16:39:57.501Z - info: Synchronizing opened pages list before reload
2024-08-11T16:39:57.501Z - info: Current opened pages, from most-to-least recent:
2024-08-11T16:39:57.502Z - info: 1. se-book-adapted/index
2024-08-11T16:39:58.511Z - info: No pages needed to be rebuilt
2024-08-11T16:40:15.890Z - info: [12:40:15 am] Reload for file change: C:\repos\nus-cs2103\cs2103-website-base\book\index.md
2024-08-11T16:40:15.890Z - info: Synchronizing opened pages list before reload
2024-08-11T16:40:15.891Z - info: Current opened pages, from most-to-least recent:
2024-08-11T16:40:15.891Z - info: 1. se-book-adapted/index
2024-08-11T16:40:16.904Z - info: No pages needed to be rebuilt
2024-08-11T16:42:31.073Z - info: [12:42:31 am] Reload for file change: C:\repos\nus-cs2103\cs2103-website-base\se-book-adapted\index.md
2024-08-11T16:42:31.074Z - info: Synchronizing opened pages list before reload
2024-08-11T16:42:31.074Z - info: Current opened pages, from most-to-least recent:
2024-08-11T16:42:31.074Z - info: 1. se-book-adapted/index
2024-08-11T16:42:32.091Z - info: Rebuilding 1 pages
2024-08-11T16:42:32.272Z - info: Site data built
2024-08-11T16:42:32.273Z - info: Pages rebuilt
2024-08-11T16:42:32.274Z - info: Website regeneration complete! Total build time: 0.183s
2024-08-11T16:43:21.522Z - info: [12:43:21 am] Reload for file change: C:\repos\nus-cs2103\cs2103-website-base\se-book-adapted\index.md
2024-08-11T16:43:21.522Z - info: Synchronizing opened pages list before reload
2024-08-11T16:43:21.523Z - info: Current opened pages, from most-to-least recent:
2024-08-11T16:43:21.524Z - info: 1. se-book-adapted/index
2024-08-11T16:43:22.533Z - info: Rebuilding 1 pages
2024-08-11T16:43:22.675Z - info: Site data built
2024-08-11T16:43:22.675Z - info: Pages rebuilt
2024-08-11T16:43:22.676Z - info: Website regeneration complete! Total build time: 0.144s
2024-08-11T16:43:44.499Z - info: Building C:\repos\nus-cs2103\cs2103-website-base\se-book-adapted\common\exercises as some of its dependencies were changed since the last visit
2024-08-11T16:43:53.972Z - debug:  
2024-08-11T16:43:54.021Z - debug:  
2024-08-11T16:43:54.068Z - debug:  
2024-08-11T16:43:54.109Z - debug:  
2024-08-11T16:43:54.189Z - debug:  
2024-08-11T16:43:54.299Z - debug:  
2024-08-11T16:43:54.447Z - info: Site data built
2024-08-11T16:43:54.448Z - info: Lazy website regeneration complete! Total build time: 9.948s
2024-08-11T16:44:35.698Z - info: [12:44:35 am] Reload for file change: C:\repos\nus-cs2103\cs2103-website-base\se-book-adapted\index.md
2024-08-11T16:44:35.698Z - info: Synchronizing opened pages list before reload
2024-08-11T16:44:35.699Z - info: Current opened pages, from most-to-least recent:
2024-08-11T16:44:35.699Z - info: 1. se-book-adapted/common/exercises
2024-08-11T16:44:36.713Z - info: No pages needed to be rebuilt
2024-08-11T16:44:45.760Z - info: Building C:\repos\nus-cs2103\cs2103-website-base\se-book-adapted\index as some of its dependencies were changed since the last visit
2024-08-11T16:44:45.914Z - info: Site data built
2024-08-11T16:44:45.914Z - info: Lazy website regeneration complete! Total build time: 0.154s
2024-08-11T16:44:49.134Z - info: Building C:\repos\nus-cs2103\cs2103-website-base\se-book-adapted\common\definitions as some of its dependencies were changed since the last visit
2024-08-11T16:44:49.688Z - info: Site data built
2024-08-11T16:44:49.689Z - info: Lazy website regeneration complete! Total build time: 0.555s
2024-08-11T16:45:14.271Z - info: [12:45:14 am] Reload for file change: C:\repos\nus-cs2103\cs2103-website-base\se-book-adapted\index.md
2024-08-11T16:45:14.271Z - info: Synchronizing opened pages list before reload
2024-08-11T16:45:14.272Z - info: Current opened pages, from most-to-least recent:
2024-08-11T16:45:14.272Z - info: 1. se-book-adapted/common/definitions
2024-08-11T16:45:15.289Z - info: No pages needed to be rebuilt
2024-08-11T16:45:21.564Z - info: Building C:\repos\nus-cs2103\cs2103-website-base\se-book-adapted\index as some of its dependencies were changed since the last visit
2024-08-11T16:45:21.790Z - info: Site data built
2024-08-11T16:45:21.790Z - info: Lazy website regeneration complete! Total build time: 0.226s
2024-08-11T16:46:33.034Z - info: Website generation started at 12:46:16 am
2024-08-11T16:46:43.411Z - info: Building assets...
2024-08-11T16:46:51.064Z - info: Assets built
2024-08-11T16:46:51.065Z - info: Generating pages...
2024-08-11T16:47:06.890Z - debug:  
2024-08-11T16:47:06.892Z - debug:  
2024-08-11T16:47:07.234Z - debug:  
2024-08-11T16:47:07.477Z - debug:  
2024-08-11T16:47:07.819Z - debug:  
2024-08-11T16:47:07.865Z - debug:  
2024-08-11T16:47:07.895Z - debug:  
2024-08-11T16:47:07.953Z - debug:  
2024-08-11T16:47:08.540Z - debug:  
2024-08-11T16:47:08.569Z - debug:  
2024-08-11T16:47:08.663Z - debug:  
2024-08-11T16:47:08.859Z - debug:  
2024-08-11T16:47:17.799Z - debug:  
2024-08-11T16:47:17.840Z - debug:  
2024-08-11T16:47:22.114Z - debug:  
2024-08-11T16:47:41.752Z - debug:  
2024-08-11T16:48:00.944Z - debug:  
2024-08-11T16:48:53.790Z - info: Pages built
2024-08-11T16:48:55.174Z - info: Site data built
2024-08-11T16:48:55.175Z - info: Website generation complete! Total build time: 158.718s
2024-08-11T16:48:55.175Z - info: Build success!
2024-08-11T16:51:46.066Z - info: The website has been deployed at: https://nus-tee3201.github.io/2024
2024-08-12T06:09:03.862Z - info: Website generation (lazy) started at 2:08:57 pm
2024-08-12T06:09:15.455Z - warn: ENOENT: no such file or directory, open 'C:\repos\nus-cs2103\cs2103-website-base\cache\gh-pages\https!github.com!nus-tee3201!2024.git\book\_markbind\variables.md'
2024-08-12T06:09:15.457Z - warn: ENOENT: no such file or directory, open 'C:\repos\nus-cs2103\cs2103-website-base\cache\gh-pages\https!github.com!nus-tee3201!2024.git\_markbind\variables.md'
2024-08-12T06:09:15.532Z - info: Building assets...
2024-08-12T06:10:03.839Z - info: Assets built
2024-08-12T06:10:03.841Z - info: Generating landing page...
2024-08-12T06:10:05.153Z - info: Landing page built, other pages will be built as you navigate to them!
2024-08-12T06:10:06.374Z - info: Site data built
2024-08-12T06:10:06.374Z - info: Website generation (lazy) complete! Total build time: 69.335s
2024-08-12T06:10:06.849Z - info: Serving "C:\repos\nus-cs2103\cs2103-website-base\_site" at http://127.0.0.1:8080
2024-08-12T06:10:06.849Z - info: Press CTRL+C to stop ...
2024-08-12T06:14:34.691Z - info: [2:14:34 pm] Reload for file change: C:\repos\nus-cs2103\cs2103-website-base\schedule\week1\notices-cs2103-fragment.md
2024-08-12T06:14:34.693Z - info: Synchronizing opened pages list before reload
2024-08-12T06:14:34.694Z - info: Current opened pages, from most-to-least recent:
2024-08-12T06:14:34.695Z - info: 1. index
2024-08-12T06:14:34.738Z - info: [2:14:34 pm] Reload for file change: C:\repos\nus-cs2103\cs2103-website-base\admin\common-notices-fragment.md
2024-08-12T06:14:34.738Z - info: Synchronizing opened pages list before reload
2024-08-12T06:14:34.738Z - info: Current opened pages, from most-to-least recent:
2024-08-12T06:14:34.739Z - info: 1. index
2024-08-12T06:14:35.720Z - info: Rebuilding 1 pages
2024-08-12T06:14:36.764Z - info: Site data built
2024-08-12T06:14:36.765Z - info: Pages rebuilt
2024-08-12T06:14:36.765Z - info: Website regeneration complete! Total build time: 1.047s
2024-08-12T06:14:53.547Z - info: [2:14:53 pm] Reload for file change: C:\repos\nus-cs2103\cs2103-website-base\schedule\week1\notices-cs2103-fragment.md
2024-08-12T06:14:53.547Z - info: Synchronizing opened pages list before reload
2024-08-12T06:14:53.547Z - info: Current opened pages, from most-to-least recent:
2024-08-12T06:14:53.549Z - info: 1. index
2024-08-12T06:14:54.552Z - info: Rebuilding 1 pages
2024-08-12T06:14:55.562Z - info: Site data built
2024-08-12T06:14:55.563Z - info: Pages rebuilt
2024-08-12T06:14:55.563Z - info: Website regeneration complete! Total build time: 1.012s
2024-08-12T06:15:17.751Z - info: [2:15:17 pm] Reload for file change: C:\repos\nus-cs2103\cs2103-website-base\admin\common-notices-fragment.md
2024-08-12T06:15:17.752Z - info: Synchronizing opened pages list before reload
2024-08-12T06:15:17.753Z - info: Current opened pages, from most-to-least recent:
2024-08-12T06:15:17.753Z - info: 1. index
2024-08-12T06:15:18.769Z - info: Rebuilding 1 pages
2024-08-12T06:15:19.302Z - info: Site data built
2024-08-12T06:15:19.302Z - info: Pages rebuilt
2024-08-12T06:15:19.303Z - info: Website regeneration complete! Total build time: 0.534s
2024-08-12T06:15:29.906Z - info: [2:15:29 pm] Reload for file change: C:\repos\nus-cs2103\cs2103-website-base\admin\common-notices-fragment.md
2024-08-12T06:15:29.907Z - info: Synchronizing opened pages list before reload
2024-08-12T06:15:29.907Z - info: Current opened pages, from most-to-least recent:
2024-08-12T06:15:29.908Z - info: 1. index
2024-08-12T06:15:30.927Z - info: Rebuilding 1 pages
2024-08-12T06:15:31.459Z - info: Site data built
2024-08-12T06:15:31.460Z - info: Pages rebuilt
2024-08-12T06:15:31.460Z - info: Website regeneration complete! Total build time: 0.534s
2024-08-12T06:16:27.054Z - info: [2:16:27 pm] Reload for file change: C:\repos\nus-cs2103\cs2103-website-base\admin\common-notices-fragment.md
2024-08-12T06:16:27.055Z - info: Synchronizing opened pages list before reload
2024-08-12T06:16:27.055Z - info: Current opened pages, from most-to-least recent:
2024-08-12T06:16:27.055Z - info: 1. index
2024-08-12T06:16:28.069Z - info: Rebuilding 1 pages
2024-08-12T06:16:28.815Z - info: Site data built
2024-08-12T06:16:28.815Z - info: Pages rebuilt
2024-08-12T06:16:28.815Z - info: Website regeneration complete! Total build time: 0.746s
2024-08-12T06:17:01.339Z - info: [2:17:01 pm] Reload for file change: C:\repos\nus-cs2103\cs2103-website-base\admin\common-notices-fragment.md
2024-08-12T06:17:01.340Z - info: Synchronizing opened pages list before reload
2024-08-12T06:17:01.341Z - info: Current opened pages, from most-to-least recent:
2024-08-12T06:17:01.341Z - info: 1. index
2024-08-12T06:17:02.358Z - info: Rebuilding 1 pages
2024-08-12T06:17:03.100Z - info: Site data built
2024-08-12T06:17:03.100Z - info: Pages rebuilt
2024-08-12T06:17:03.100Z - info: Website regeneration complete! Total build time: 0.743s
2024-08-12T06:18:32.762Z - info: Website generation started at 2:18:17 pm
2024-08-12T06:18:41.415Z - info: Building assets...
2024-08-12T06:18:48.657Z - info: Assets built
2024-08-12T06:18:48.659Z - info: Generating pages...
2024-08-12T06:19:11.019Z - debug:  
2024-08-12T06:19:11.021Z - debug:  
2024-08-12T06:19:11.023Z - debug:  
2024-08-12T06:19:11.024Z - debug:  
2024-08-12T06:19:11.027Z - debug:  
2024-08-12T06:19:11.035Z - debug:  
2024-08-12T06:19:11.036Z - debug:  
2024-08-12T06:19:11.037Z - debug:  
2024-08-12T06:19:11.040Z - debug:  
2024-08-12T06:19:11.042Z - debug:  
2024-08-12T06:19:12.238Z - debug:  
2024-08-12T06:19:12.239Z - debug:  
2024-08-12T06:19:12.242Z - debug:  
2024-08-12T06:19:12.245Z - debug:  
2024-08-12T06:19:12.246Z - debug:  
2024-08-12T06:19:16.076Z - debug:  
2024-08-12T06:19:16.076Z - debug:  
2024-08-12T06:20:45.490Z - error: Invalid HTML in C:\repos\nus-cs2103\cs2103-website-base\schedule\week5\tutorial.md.
Table must have a tbody tag. Please correct this to avoid Vue hydration issues.

2024-08-12T06:21:18.436Z - error: Invalid HTML in C:\repos\nus-cs2103\cs2103-website-base\schedule\week4\project.md.
Table must have a tbody tag. Please correct this to avoid Vue hydration issues.

2024-08-12T06:21:18.437Z - error: Invalid HTML in C:\repos\nus-cs2103\cs2103-website-base\schedule\week4\project.md.
Table must have a tbody tag. Please correct this to avoid Vue hydration issues.

2024-08-12T06:21:48.341Z - debug:  
2024-08-12T06:22:09.799Z - debug:  
2024-08-12T06:22:09.922Z - debug:  
2024-08-12T06:22:17.269Z - error: Invalid HTML in C:\repos\nus-cs2103\cs2103-website-base\admin\ip-w4.md.
Table must have a tbody tag. Please correct this to avoid Vue hydration issues.

2024-08-12T06:22:17.270Z - error: Invalid HTML in C:\repos\nus-cs2103\cs2103-website-base\admin\ip-w4.md.
Table must have a tbody tag. Please correct this to avoid Vue hydration issues.

2024-08-12T06:22:21.686Z - info: Pages built
2024-08-12T06:22:23.048Z - info: Site data built
2024-08-12T06:22:23.048Z - info: Website generation complete! Total build time: 245.2s
2024-08-12T06:22:23.048Z - info: Build success!
2024-08-12T06:25:18.054Z - info: The website has been deployed at: https://nus-cs2103-ay2425s1.github.io/website
