2024-08-25T16:55:56.810Z - info: Website generation started at 12:55:50 am
2024-08-25T16:56:05.203Z - info: Building assets...
2024-08-25T16:56:12.188Z - info: Assets built
2024-08-25T16:56:12.189Z - info: Generating pages...
2024-08-25T16:56:37.626Z - debug:  
2024-08-25T16:56:37.627Z - debug:  
2024-08-25T16:56:37.629Z - debug:  
2024-08-25T16:56:38.338Z - debug:  
2024-08-25T16:56:38.339Z - debug:  
2024-08-25T16:56:38.340Z - debug:  
2024-08-25T16:56:38.340Z - debug:  
2024-08-25T16:56:38.340Z - debug:  
2024-08-25T16:56:38.341Z - debug:  
2024-08-25T16:56:38.341Z - debug:  
2024-08-25T16:56:38.343Z - debug:  
2024-08-25T16:56:38.344Z - debug:  
2024-08-25T16:56:38.371Z - debug:  
2024-08-25T16:56:38.434Z - debug:  
2024-08-25T16:56:38.507Z - debug:  
2024-08-25T16:56:41.795Z - debug:  
2024-08-25T16:56:41.796Z - debug:  
2024-08-25T16:58:10.859Z - error: Invalid HTML in C:\repos\nus-cs2103\cs2103-website-base\schedule\week5\tutorial.md.
Table must have a tbody tag. Please correct this to avoid Vue hydration issues.

2024-08-25T16:58:38.137Z - error: Invalid HTML in C:\repos\nus-cs2103\cs2103-website-base\schedule\week4\project.md.
Table must have a tbody tag. Please correct this to avoid Vue hydration issues.

2024-08-25T16:58:38.137Z - error: Invalid HTML in C:\repos\nus-cs2103\cs2103-website-base\schedule\week4\project.md.
Table must have a tbody tag. Please correct this to avoid Vue hydration issues.

2024-08-25T16:59:05.799Z - debug:  
2024-08-25T16:59:26.952Z - debug:  
2024-08-25T16:59:26.971Z - debug:  
2024-08-25T16:59:32.502Z - error: Invalid HTML in C:\repos\nus-cs2103\cs2103-website-base\admin\ip-w4.md.
Table must have a tbody tag. Please correct this to avoid Vue hydration issues.

2024-08-25T16:59:32.502Z - error: Invalid HTML in C:\repos\nus-cs2103\cs2103-website-base\admin\ip-w4.md.
Table must have a tbody tag. Please correct this to avoid Vue hydration issues.

2024-08-25T16:59:37.194Z - info: Pages built
2024-08-25T16:59:38.555Z - info: Site data built
2024-08-25T16:59:38.556Z - info: Website generation complete! Total build time: 228.373s
2024-08-25T16:59:38.556Z - info: Build success!
2024-08-25T17:03:21.341Z - info: The website has been deployed at: https://nus-cs2103-ay2425s1.github.io/website
2024-08-26T15:55:13.754Z - info: Website generation (lazy) started at 11:55:02 pm
2024-08-26T15:55:27.055Z - warn: ENOENT: no such file or directory, open 'C:\repos\nus-cs2103\cs2103-website-base\cache\gh-pages\https!github.com!nus-cs2103-AY2425S1!website.git\book\_markbind\variables.md'
2024-08-26T15:55:27.057Z - warn: ENOENT: no such file or directory, open 'C:\repos\nus-cs2103\cs2103-website-base\cache\gh-pages\https!github.com!nus-cs2103-AY2425S1!website.git\_markbind\variables.md'
2024-08-26T15:55:27.758Z - info: Building assets...
2024-08-26T15:56:36.807Z - info: Assets built
2024-08-26T15:56:36.808Z - info: Generating landing page...
2024-08-26T15:56:38.524Z - info: Landing page built, other pages will be built as you navigate to them!
2024-08-26T15:56:39.939Z - info: Site data built
2024-08-26T15:56:39.939Z - info: Website generation (lazy) complete! Total build time: 97.886s
2024-08-26T15:56:40.464Z - info: Serving "C:\repos\nus-cs2103\cs2103-website-base\_site" at http://127.0.0.1:8080
2024-08-26T15:56:40.464Z - info: Press CTRL+C to stop ...
