2024-10-12T05:29:03.217Z - info: Website generation (lazy) started at 1:28:34 pm
2024-10-12T05:29:19.479Z - warn: ENOENT: no such file or directory, open 'C:\repos\nus-cs2103\cs2103-website-base\cache\gh-pages\https!github.com!nus-cs2103-AY2425S1!website.git\book\_markbind\variables.md'
2024-10-12T05:29:19.481Z - warn: ENOENT: no such file or directory, open 'C:\repos\nus-cs2103\cs2103-website-base\cache\gh-pages\https!github.com!nus-cs2103-AY2425S1!website.git\_markbind\variables.md'
2024-10-12T05:29:19.483Z - warn: ENOENT: no such file or directory, open 'C:\repos\nus-cs2103\cs2103-website-base\node_modules\.cache\gh-pages\https!github.com!nus-cs2103-AY2425S1!website.git\book\_markbind\variables.md'
2024-10-12T05:29:19.484Z - warn: ENOENT: no such file or directory, open 'C:\repos\nus-cs2103\cs2103-website-base\node_modules\.cache\gh-pages\https!github.com!nus-cs2103-AY2425S1!website.git\cache\gh-pages\https!github.com!nus-cs2103-AY2425S1!website.git\book\_markbind\variables.md'
2024-10-12T05:29:19.486Z - warn: ENOENT: no such file or directory, open 'C:\repos\nus-cs2103\cs2103-website-base\node_modules\.cache\gh-pages\https!github.com!nus-cs2103-AY2425S1!website.git\cache\gh-pages\https!github.com!nus-cs2103-AY2425S1!website.git\_markbind\variables.md'
2024-10-12T05:29:19.487Z - warn: ENOENT: no such file or directory, open 'C:\repos\nus-cs2103\cs2103-website-base\node_modules\.cache\gh-pages\https!github.com!nus-cs2103-AY2425S1!website.git\_markbind\variables.md'
2024-10-12T05:29:19.563Z - info: Building assets...
2024-10-12T05:31:14.111Z - info: Assets built
2024-10-12T05:31:14.113Z - info: Generating landing page...
2024-10-12T05:31:15.586Z - info: Landing page built, other pages will be built as you navigate to them!
2024-10-12T05:31:16.835Z - info: Site data built
2024-10-12T05:31:16.836Z - info: Website generation (lazy) complete! Total build time: 162.368s
2024-10-12T05:31:17.257Z - info: Serving "C:\repos\nus-cs2103\cs2103-website-base\_site" at http://127.0.0.1:8080
2024-10-12T05:31:17.257Z - info: Press CTRL+C to stop ...
2024-10-12T06:20:20.546Z - info: Building C:\repos\nus-cs2103\cs2103-website-base\schedule\week9\topics as some of its dependencies were changed since the last visit
2024-10-12T06:20:26.364Z - debug:  
2024-10-12T06:20:26.644Z - debug:  
2024-10-12T06:20:26.887Z - info: Site data built
2024-10-12T06:20:26.887Z - info: Lazy website regeneration complete! Total build time: 6.346s
2024-10-12T06:31:41.666Z - info: [2:31:41 pm] Reload for file change: C:\repos\nus-cs2103\cs2103-website-base\book\uml\activityDiagrams\basicNotations\alternatePaths\text.md
2024-10-12T06:31:41.667Z - info: Synchronizing opened pages list before reload
2024-10-12T06:31:41.668Z - info: Current opened pages, from most-to-least recent:
2024-10-12T06:31:41.668Z - info: 1. schedule/week9/topics
2024-10-12T06:31:42.673Z - info: Rebuilding 1 pages
2024-10-12T06:31:45.381Z - info: Site data built
2024-10-12T06:31:45.381Z - info: Pages rebuilt
2024-10-12T06:31:45.382Z - info: Website regeneration complete! Total build time: 2.711s
2024-10-12T06:32:22.047Z - info: Building C:\repos\nus-cs2103\cs2103-website-base\schedule\week8\topics as some of its dependencies were changed since the last visit
2024-10-12T06:32:35.980Z - debug:  
2024-10-12T06:32:35.981Z - debug:  
2024-10-12T06:32:35.981Z - debug:  
2024-10-12T06:32:35.982Z - debug:  
2024-10-12T06:32:35.982Z - debug:  
2024-10-12T06:32:35.982Z - debug:  
2024-10-12T06:32:35.985Z - debug:  
2024-10-12T06:32:36.175Z - debug:  
2024-10-12T06:32:36.204Z - debug:  
2024-10-12T06:32:36.378Z - debug:  
2024-10-12T06:32:36.415Z - debug:  
2024-10-12T06:32:36.695Z - debug:  
2024-10-12T06:32:36.783Z - debug:  
2024-10-12T06:32:36.885Z - debug:  
2024-10-12T06:32:36.991Z - debug:  
2024-10-12T06:32:37.285Z - info: Site data built
2024-10-12T06:32:37.286Z - info: Lazy website regeneration complete! Total build time: 15.238s
2024-10-12T06:35:55.985Z - info: Website generation started at 2:35:07 pm
2024-10-12T06:36:11.216Z - warn: ENOENT: no such file or directory, open 'C:\repos\nus-cs2103\cs2103-website-base\node_modules\.cache\gh-pages\https!github.com!nus-cs2103-AY2425S1!website.git\book\_markbind\variables.md'
2024-10-12T06:36:11.218Z - warn: ENOENT: no such file or directory, open 'C:\repos\nus-cs2103\cs2103-website-base\node_modules\.cache\gh-pages\https!github.com!nus-cs2103-AY2425S1!website.git\cache\gh-pages\https!github.com!nus-cs2103-AY2425S1!website.git\book\_markbind\variables.md'
2024-10-12T06:36:11.220Z - warn: ENOENT: no such file or directory, open 'C:\repos\nus-cs2103\cs2103-website-base\node_modules\.cache\gh-pages\https!github.com!nus-cs2103-AY2425S1!website.git\cache\gh-pages\https!github.com!nus-cs2103-AY2425S1!website.git\_markbind\variables.md'
2024-10-12T06:36:11.222Z - warn: ENOENT: no such file or directory, open 'C:\repos\nus-cs2103\cs2103-website-base\node_modules\.cache\gh-pages\https!github.com!nus-cs2103-AY2425S1!website.git\_markbind\variables.md'
2024-10-12T06:36:11.307Z - info: Building assets...
2024-10-12T06:37:25.051Z - info: Assets built
2024-10-12T06:37:25.053Z - info: Generating pages...
2024-10-12T06:37:43.701Z - debug:  
2024-10-12T06:37:43.708Z - debug:  
2024-10-12T06:37:43.709Z - debug:  
2024-10-12T06:37:43.710Z - debug:  
2024-10-12T06:37:43.710Z - debug:  
2024-10-12T06:37:44.041Z - debug:  
2024-10-12T06:37:44.042Z - debug:  
2024-10-12T06:37:44.047Z - debug:  
2024-10-12T06:37:44.059Z - debug:  
2024-10-12T06:37:44.216Z - debug:  
2024-10-12T06:37:44.216Z - debug:  
2024-10-12T06:37:44.263Z - debug:  
2024-10-12T06:37:44.267Z - debug:  
2024-10-12T06:37:44.267Z - debug:  
2024-10-12T06:37:44.282Z - debug:  
2024-10-12T06:37:46.129Z - debug:  
2024-10-12T06:37:46.130Z - debug:  
2024-10-12T06:38:13.840Z - debug:  
2024-10-12T06:40:07.021Z - debug:  
2024-10-12T06:40:26.273Z - debug:  
2024-10-12T06:40:26.368Z - debug:  
2024-10-12T06:40:40.535Z - info: Pages built
2024-10-12T06:40:41.771Z - info: Site data built
2024-10-12T06:40:41.771Z - info: Website generation complete! Total build time: 334.23s
2024-10-12T06:40:41.772Z - info: Build success!
2024-10-12T06:43:31.251Z - info: The website has been deployed at: https://nus-cs2103-ay2425s1.github.io/website
