2024-08-06T16:06:21.436Z - info: [12:06:21 am] Reload for file change: C:\repos\nus-cs2103\cs2103-website-base\admin\courseBriefings.md
2024-08-06T16:06:21.444Z - info: Synchronizing opened pages list before reload
2024-08-06T16:06:21.445Z - info: Current opened pages, from most-to-least recent:
2024-08-06T16:06:21.445Z - info: 1. schedule/week1/topics
2024-08-06T16:06:21.445Z - info: 2. schedule/week1/index
2024-08-06T16:06:22.451Z - info: Rebuilding 1 pages
2024-08-06T16:06:23.190Z - info: Site data built
2024-08-06T16:06:23.190Z - info: Pages rebuilt
2024-08-06T16:06:23.190Z - info: Website regeneration complete! Total build time: 0.74s
2024-08-06T16:07:15.200Z - info: [12:07:15 am] Reload for file change: C:\repos\nus-cs2103\cs2103-website-base\admin\courseBriefings.md
2024-08-06T16:07:15.201Z - info: Synchronizing opened pages list before reload
2024-08-06T16:07:15.201Z - info: Current opened pages, from most-to-least recent:
2024-08-06T16:07:15.201Z - info: 1. schedule/week1/index
2024-08-06T16:07:16.214Z - info: Rebuilding 1 pages
2024-08-06T16:07:16.881Z - info: Site data built
2024-08-06T16:07:16.881Z - info: Pages rebuilt
2024-08-06T16:07:16.881Z - info: Website regeneration complete! Total build time: 0.669s
2024-08-06T16:07:40.650Z - info: [12:07:40 am] Reload for file change: C:\repos\nus-cs2103\cs2103-website-base\admin\courseBriefings.md
2024-08-06T16:07:40.651Z - info: Synchronizing opened pages list before reload
2024-08-06T16:07:40.651Z - info: Current opened pages, from most-to-least recent:
2024-08-06T16:07:40.651Z - info: 1. schedule/week1/index
2024-08-06T16:07:41.664Z - info: Rebuilding 1 pages
2024-08-06T16:07:42.259Z - info: Site data built
2024-08-06T16:07:42.259Z - info: Pages rebuilt
2024-08-06T16:07:42.259Z - info: Website regeneration complete! Total build time: 0.596s
2024-08-06T16:08:28.577Z - info: [12:08:28 am] Reload for file change: C:\repos\nus-cs2103\cs2103-website-base\admin\courseBriefings.md
2024-08-06T16:08:28.578Z - info: Synchronizing opened pages list before reload
2024-08-06T16:08:28.578Z - info: Current opened pages, from most-to-least recent:
2024-08-06T16:08:28.579Z - info: 1. schedule/week1/index
2024-08-06T16:08:29.589Z - info: Rebuilding 1 pages
2024-08-06T16:08:30.258Z - info: Site data built
2024-08-06T16:08:30.259Z - info: Pages rebuilt
2024-08-06T16:08:30.259Z - info: Website regeneration complete! Total build time: 0.672s
2024-08-06T18:12:06.695Z - info: Building C:\repos\nus-cs2103\cs2103-website-base\schedule\week2\index as some of its dependencies were changed since the last visit
2024-08-06T18:12:08.036Z - info: Site data built
2024-08-06T18:12:08.037Z - info: Lazy website regeneration complete! Total build time: 1.343s
2024-08-07T03:52:32.435Z - info: Website generation started at 11:52:13 am
2024-08-07T03:52:42.443Z - info: Building assets...
2024-08-07T03:52:49.340Z - info: Assets built
2024-08-07T03:52:49.341Z - info: Generating pages...
2024-08-07T03:53:08.445Z - debug:  
2024-08-07T03:53:08.490Z - debug:  
2024-08-07T03:53:08.504Z - debug:  
2024-08-07T03:53:08.556Z - debug:  
2024-08-07T03:53:08.601Z - debug:  
2024-08-07T03:53:09.974Z - debug:  
2024-08-07T03:53:10.031Z - debug:  
2024-08-07T03:53:10.074Z - debug:  
2024-08-07T03:53:10.139Z - debug:  
2024-08-07T03:53:12.188Z - debug:  
2024-08-07T03:53:12.368Z - debug:  
2024-08-07T03:53:12.521Z - debug:  
2024-08-07T03:53:22.261Z - debug:  
2024-08-07T03:53:22.333Z - debug:  
2024-08-07T03:53:26.588Z - debug:  
2024-08-07T03:53:46.247Z - debug:  
2024-08-07T03:54:08.924Z - debug:  
2024-08-07T03:55:12.248Z - info: Pages built
2024-08-07T03:55:14.203Z - info: Site data built
2024-08-07T03:55:14.204Z - info: Website generation complete! Total build time: 180.32s
2024-08-07T03:55:14.205Z - info: Build success!
2024-08-07T03:58:42.667Z - info: The website has been deployed at: https://nus-tee3201.github.io/2024
2024-08-07T04:03:24.617Z - info: Website generation (lazy) started at 12:03:17 pm
2024-08-07T04:03:34.829Z - warn: ENOENT: no such file or directory, open 'C:\repos\nus-cs2103\cs2103-website-base\cache\gh-pages\https!github.com!nus-tee3201!2024.git\book\_markbind\variables.md'
2024-08-07T04:03:34.831Z - warn: ENOENT: no such file or directory, open 'C:\repos\nus-cs2103\cs2103-website-base\cache\gh-pages\https!github.com!nus-tee3201!2024.git\_markbind\variables.md'
2024-08-07T04:03:34.903Z - info: Building assets...
2024-08-07T04:04:15.958Z - info: Assets built
2024-08-07T04:04:15.960Z - info: Generating landing page...
2024-08-07T04:04:16.785Z - info: Landing page built, other pages will be built as you navigate to them!
2024-08-07T04:04:18.116Z - info: Site data built
2024-08-07T04:04:18.116Z - info: Website generation (lazy) complete! Total build time: 60.341s
2024-08-07T04:04:18.583Z - info: Serving "C:\repos\nus-cs2103\cs2103-website-base\_site" at http://127.0.0.1:8080
2024-08-07T04:04:18.584Z - info: Press CTRL+C to stop ...
2024-08-07T04:10:19.913Z - info: Building C:\repos\nus-cs2103\cs2103-website-base\schedule\week1\index as some of its dependencies were changed since the last visit
2024-08-07T04:10:21.146Z - info: Site data built
2024-08-07T04:10:21.147Z - info: Lazy website regeneration complete! Total build time: 1.235s
2024-08-07T04:11:13.926Z - info: [12:11:13 pm] Reload for file change: C:\repos\nus-cs2103\cs2103-website-base\_markbind\variables.md
2024-08-07T04:11:13.927Z - info: Synchronizing opened pages list before reload
2024-08-07T04:11:13.928Z - info: Current opened pages, from most-to-least recent:
2024-08-07T04:11:13.929Z - info: 1. schedule/week1/index
2024-08-07T04:11:14.968Z - warn: ENOENT: no such file or directory, open 'C:\repos\nus-cs2103\cs2103-website-base\cache\gh-pages\https!github.com!nus-tee3201!2024.git\book\_markbind\variables.md'
2024-08-07T04:11:14.970Z - warn: ENOENT: no such file or directory, open 'C:\repos\nus-cs2103\cs2103-website-base\cache\gh-pages\https!github.com!nus-tee3201!2024.git\_markbind\variables.md'
2024-08-07T04:11:15.056Z - warn: Rebuilding all pages as variables file was changed, or the --force-reload flag was set
2024-08-07T04:11:15.060Z - info: Rebuilding 1 pages
2024-08-07T04:11:15.882Z - info: Site data built
2024-08-07T04:11:15.883Z - info: Pages rebuilt
2024-08-07T04:11:15.883Z - info: Website regeneration complete! Total build time: 0.944s
2024-08-07T04:11:20.961Z - info: Building C:\repos\nus-cs2103\cs2103-website-base\index as some of its dependencies were changed since the last visit
2024-08-07T04:11:21.619Z - info: Site data built
2024-08-07T04:11:21.619Z - info: Lazy website regeneration complete! Total build time: 0.658s
2024-08-07T04:11:41.921Z - info: Building C:\repos\nus-cs2103\cs2103-website-base\schedule\week2\index as some of its dependencies were changed since the last visit
2024-08-07T04:11:42.914Z - info: Site data built
2024-08-07T04:11:42.914Z - info: Lazy website regeneration complete! Total build time: 0.993s
2024-08-07T04:13:28.196Z - info: Building C:\repos\nus-cs2103\cs2103-website-base\schedule\week3\index as some of its dependencies were changed since the last visit
2024-08-07T04:13:29.463Z - info: Site data built
2024-08-07T04:13:29.463Z - info: Lazy website regeneration complete! Total build time: 1.267s
2024-08-07T04:17:58.671Z - info: Building C:\repos\nus-cs2103\cs2103-website-base\schedule\week4\index as some of its dependencies were changed since the last visit
2024-08-07T04:18:00.299Z - info: Site data built
2024-08-07T04:18:00.300Z - info: Lazy website regeneration complete! Total build time: 1.63s
2024-08-07T04:38:46.292Z - info: Website generation started at 12:38:30 pm
2024-08-07T04:38:56.766Z - info: Building assets...
2024-08-07T04:39:03.616Z - info: Assets built
2024-08-07T04:39:03.617Z - info: Generating pages...
2024-08-07T04:39:38.081Z - debug:  
2024-08-07T04:39:38.088Z - debug:  
2024-08-07T04:39:38.090Z - debug:  
2024-08-07T04:39:38.092Z - debug:  
2024-08-07T04:39:38.095Z - debug:  
2024-08-07T04:39:38.097Z - debug:  
2024-08-07T04:39:38.099Z - debug:  
2024-08-07T04:39:38.101Z - debug:  
2024-08-07T04:39:39.266Z - debug:  
2024-08-07T04:39:39.267Z - debug:  
2024-08-07T04:39:39.268Z - debug:  
2024-08-07T04:39:39.269Z - debug:  
2024-08-07T04:39:39.271Z - debug:  
2024-08-07T04:39:39.272Z - debug:  
2024-08-07T04:39:39.275Z - debug:  
2024-08-07T04:39:45.679Z - debug:  
2024-08-07T04:39:45.679Z - debug:  
2024-08-07T04:41:39.547Z - error: Invalid HTML in C:\repos\nus-cs2103\cs2103-website-base\schedule\week5\tutorial.md.
Table must have a tbody tag. Please correct this to avoid Vue hydration issues.

2024-08-07T04:42:09.513Z - error: Invalid HTML in C:\repos\nus-cs2103\cs2103-website-base\schedule\week4\project.md.
Table must have a tbody tag. Please correct this to avoid Vue hydration issues.

2024-08-07T04:42:09.513Z - error: Invalid HTML in C:\repos\nus-cs2103\cs2103-website-base\schedule\week4\project.md.
Table must have a tbody tag. Please correct this to avoid Vue hydration issues.

2024-08-07T04:42:33.576Z - debug:  
2024-08-07T04:43:01.886Z - debug:  
2024-08-07T04:43:02.030Z - debug:  
2024-08-07T04:43:08.126Z - error: Invalid HTML in C:\repos\nus-cs2103\cs2103-website-base\admin\ip-w4.md.
Table must have a tbody tag. Please correct this to avoid Vue hydration issues.

2024-08-07T04:43:08.127Z - error: Invalid HTML in C:\repos\nus-cs2103\cs2103-website-base\admin\ip-w4.md.
Table must have a tbody tag. Please correct this to avoid Vue hydration issues.

2024-08-07T04:43:12.921Z - info: Pages built
2024-08-07T04:43:14.272Z - info: Site data built
2024-08-07T04:43:14.273Z - info: Website generation complete! Total build time: 284.111s
2024-08-07T04:43:14.273Z - info: Build success!
2024-08-07T04:47:08.284Z - info: The website has been deployed at: https://nus-cs2103-ay2425s1.github.io/website
2024-08-07T08:39:23.712Z - info: Website generation (lazy) started at 4:39:15 pm
2024-08-07T08:39:38.365Z - warn: ENOENT: no such file or directory, open 'C:\repos\nus-cs2103\cs2103-website-base\cache\gh-pages\https!github.com!nus-cs2103-AY2425S1!website.git\book\_markbind\variables.md'
2024-08-07T08:39:38.367Z - warn: ENOENT: no such file or directory, open 'C:\repos\nus-cs2103\cs2103-website-base\cache\gh-pages\https!github.com!nus-cs2103-AY2425S1!website.git\_markbind\variables.md'
2024-08-07T08:39:38.457Z - info: Building assets...
2024-08-07T08:40:33.578Z - info: Assets built
2024-08-07T08:40:33.579Z - info: Generating landing page...
2024-08-07T08:40:34.810Z - info: Landing page built, other pages will be built as you navigate to them!
2024-08-07T08:40:36.144Z - info: Site data built
2024-08-07T08:40:36.145Z - info: Website generation (lazy) complete! Total build time: 81.086s
2024-08-07T08:40:36.219Z - info: Serving "C:\repos\nus-cs2103\cs2103-website-base\_site" at http://127.0.0.1:8080
2024-08-07T08:40:36.220Z - info: Press CTRL+C to stop ...
2024-08-07T08:41:03.770Z - info: [4:41:03 pm] Reload for file change: C:\repos\nus-cs2103\cs2103-website-base\admin\index-tee3201-fragment.md
2024-08-07T08:41:03.771Z - info: Synchronizing opened pages list before reload
2024-08-07T08:41:03.772Z - info: Current opened pages, from most-to-least recent:
2024-08-07T08:41:03.772Z - info: 1. index
2024-08-07T08:41:04.788Z - info: Assets built
2024-08-07T08:41:16.795Z - info: [4:41:16 pm] Reload for file change: C:\repos\nus-cs2103\cs2103-website-base\admin\index-tee3201-fragment.md
2024-08-07T08:41:16.795Z - info: Synchronizing opened pages list before reload
2024-08-07T08:41:16.796Z - info: Current opened pages, from most-to-least recent:
2024-08-07T08:41:16.796Z - info: 1. index
2024-08-07T08:41:17.804Z - info: Assets built
2024-08-07T08:49:52.998Z - info: Building C:\repos\nus-cs2103\cs2103-website-base\schedule\week1\admin as some of its dependencies were changed since the last visit
2024-08-07T08:49:57.807Z - debug:  
2024-08-07T08:49:57.901Z - info: Site data built
2024-08-07T08:49:57.902Z - info: Lazy website regeneration complete! Total build time: 4.904s
2024-08-07T08:51:38.246Z - info: [4:51:38 pm] Reload for file change: C:\repos\nus-cs2103\cs2103-website-base\admin\tools.md
2024-08-07T08:51:38.248Z - info: Synchronizing opened pages list before reload
2024-08-07T08:51:38.248Z - info: Current opened pages, from most-to-least recent:
2024-08-07T08:51:38.249Z - info: 1. schedule/week1/admin
2024-08-07T08:51:39.266Z - info: Rebuilding 1 pages
2024-08-07T08:51:41.093Z - info: Site data built
2024-08-07T08:51:41.093Z - info: Pages rebuilt
2024-08-07T08:51:41.093Z - info: Website regeneration complete! Total build time: 1.828s
2024-08-07T08:52:18.542Z - info: [4:52:18 pm] Reload for file change: C:\repos\nus-cs2103\cs2103-website-base\admin\tools.md
2024-08-07T08:52:18.543Z - info: Synchronizing opened pages list before reload
2024-08-07T08:52:18.543Z - info: Current opened pages, from most-to-least recent:
2024-08-07T08:52:18.544Z - info: 1. schedule/week1/admin
2024-08-07T08:52:19.555Z - info: Rebuilding 1 pages
2024-08-07T08:52:21.178Z - info: Site data built
2024-08-07T08:52:21.178Z - info: Pages rebuilt
2024-08-07T08:52:21.179Z - info: Website regeneration complete! Total build time: 1.624s
2024-08-07T08:55:20.407Z - info: [4:55:20 pm] Reload for file change: C:\repos\nus-cs2103\cs2103-website-base\admin\tools.md
2024-08-07T08:55:20.408Z - info: Synchronizing opened pages list before reload
2024-08-07T08:55:20.408Z - info: Current opened pages, from most-to-least recent:
2024-08-07T08:55:20.409Z - info: 1. schedule/week1/admin
2024-08-07T08:55:21.418Z - info: Rebuilding 1 pages
2024-08-07T08:55:23.340Z - info: Site data built
2024-08-07T08:55:23.340Z - info: Pages rebuilt
2024-08-07T08:55:23.341Z - info: Website regeneration complete! Total build time: 1.923s
2024-08-07T08:55:43.219Z - info: [4:55:43 pm] Reload for file change: C:\repos\nus-cs2103\cs2103-website-base\admin\tools.md
2024-08-07T08:55:43.220Z - info: Synchronizing opened pages list before reload
2024-08-07T08:55:43.220Z - info: Current opened pages, from most-to-least recent:
2024-08-07T08:55:43.220Z - info: 1. schedule/week1/admin
2024-08-07T08:55:44.235Z - info: Rebuilding 1 pages
2024-08-07T08:55:45.843Z - info: Site data built
2024-08-07T08:55:45.843Z - info: Pages rebuilt
2024-08-07T08:55:45.843Z - info: Website regeneration complete! Total build time: 1.609s
2024-08-07T08:56:04.543Z - info: [4:56:04 pm] Reload for file change: C:\repos\nus-cs2103\cs2103-website-base\admin\tools.md
2024-08-07T08:56:04.543Z - info: Synchronizing opened pages list before reload
2024-08-07T08:56:04.544Z - info: Current opened pages, from most-to-least recent:
2024-08-07T08:56:04.544Z - info: 1. schedule/week1/admin
2024-08-07T08:56:05.559Z - info: Rebuilding 1 pages
2024-08-07T08:56:07.059Z - info: Site data built
2024-08-07T08:56:07.060Z - info: Pages rebuilt
2024-08-07T08:56:07.060Z - info: Website regeneration complete! Total build time: 1.502s
2024-08-07T08:56:22.974Z - info: [4:56:22 pm] Reload for file change: C:\repos\nus-cs2103\cs2103-website-base\admin\tools.md
2024-08-07T08:56:22.974Z - info: Synchronizing opened pages list before reload
2024-08-07T08:56:22.975Z - info: Current opened pages, from most-to-least recent:
2024-08-07T08:56:22.976Z - info: 1. schedule/week1/admin
2024-08-07T08:56:23.994Z - info: Rebuilding 1 pages
2024-08-07T08:56:25.576Z - info: Site data built
2024-08-07T08:56:25.576Z - info: Pages rebuilt
2024-08-07T08:56:25.576Z - info: Website regeneration complete! Total build time: 1.583s
2024-08-07T08:58:14.091Z - info: [4:58:14 pm] Reload for file change: C:\repos\nus-cs2103\cs2103-website-base\admin\tools.md
2024-08-07T08:58:14.092Z - info: Synchronizing opened pages list before reload
2024-08-07T08:58:14.092Z - info: Current opened pages, from most-to-least recent:
2024-08-07T08:58:14.093Z - info: 1. schedule/week1/admin
2024-08-07T08:58:15.105Z - info: Rebuilding 1 pages
2024-08-07T08:58:16.936Z - info: Site data built
2024-08-07T08:58:16.937Z - info: Pages rebuilt
2024-08-07T08:58:16.937Z - info: Website regeneration complete! Total build time: 1.833s
2024-08-07T08:58:47.651Z - info: Building C:\repos\nus-cs2103\cs2103-website-base\git-trail\index as some of its dependencies were changed since the last visit
2024-08-07T08:58:49.653Z - info: Site data built
2024-08-07T08:58:49.653Z - info: Lazy website regeneration complete! Total build time: 2.003s
2024-08-07T09:03:59.970Z - info: Website generation started at 5:03:43 pm
2024-08-07T09:04:09.553Z - info: Building assets...
2024-08-07T09:04:15.832Z - info: Assets built
2024-08-07T09:04:15.833Z - info: Generating pages...
2024-08-07T09:04:38.838Z - debug:  
2024-08-07T09:04:38.843Z - debug:  
2024-08-07T09:04:38.844Z - debug:  
2024-08-07T09:04:38.845Z - debug:  
2024-08-07T09:04:38.849Z - debug:  
2024-08-07T09:04:38.851Z - debug:  
2024-08-07T09:04:38.851Z - debug:  
2024-08-07T09:04:39.411Z - debug:  
2024-08-07T09:04:39.411Z - debug:  
2024-08-07T09:04:39.412Z - debug:  
2024-08-07T09:04:39.412Z - debug:  
2024-08-07T09:04:39.412Z - debug:  
2024-08-07T09:04:39.413Z - debug:  
2024-08-07T09:04:39.413Z - debug:  
2024-08-07T09:04:39.415Z - debug:  
2024-08-07T09:04:44.607Z - debug:  
2024-08-07T09:04:44.607Z - debug:  
2024-08-07T09:06:17.759Z - error: Invalid HTML in C:\repos\nus-cs2103\cs2103-website-base\schedule\week5\tutorial.md.
Table must have a tbody tag. Please correct this to avoid Vue hydration issues.

2024-08-07T09:06:50.124Z - error: Invalid HTML in C:\repos\nus-cs2103\cs2103-website-base\schedule\week4\project.md.
Table must have a tbody tag. Please correct this to avoid Vue hydration issues.

2024-08-07T09:06:50.126Z - error: Invalid HTML in C:\repos\nus-cs2103\cs2103-website-base\schedule\week4\project.md.
Table must have a tbody tag. Please correct this to avoid Vue hydration issues.

2024-08-07T09:07:23.302Z - debug:  
2024-08-07T09:07:47.290Z - debug:  
2024-08-07T09:07:47.309Z - debug:  
2024-08-07T09:07:52.673Z - error: Invalid HTML in C:\repos\nus-cs2103\cs2103-website-base\admin\ip-w4.md.
Table must have a tbody tag. Please correct this to avoid Vue hydration issues.

2024-08-07T09:07:52.674Z - error: Invalid HTML in C:\repos\nus-cs2103\cs2103-website-base\admin\ip-w4.md.
Table must have a tbody tag. Please correct this to avoid Vue hydration issues.

2024-08-07T09:07:57.629Z - info: Pages built
2024-08-07T09:07:58.981Z - info: Site data built
2024-08-07T09:07:58.982Z - info: Website generation complete! Total build time: 255.572s
2024-08-07T09:07:58.983Z - info: Build success!
2024-08-07T09:11:04.841Z - info: The website has been deployed at: https://nus-cs2103-ay2425s1.github.io/website
2024-08-07T09:35:09.641Z - info: Website generation (lazy) started at 5:35:02 pm
2024-08-07T09:35:20.847Z - warn: ENOENT: no such file or directory, open 'C:\repos\nus-cs2103\cs2103-website-base\cache\gh-pages\https!github.com!nus-cs2103-AY2425S1!website.git\book\_markbind\variables.md'
2024-08-07T09:35:20.849Z - warn: ENOENT: no such file or directory, open 'C:\repos\nus-cs2103\cs2103-website-base\cache\gh-pages\https!github.com!nus-cs2103-AY2425S1!website.git\_markbind\variables.md'
2024-08-07T09:35:20.920Z - info: Building assets...
2024-08-07T09:36:07.769Z - info: Assets built
2024-08-07T09:36:07.769Z - info: Generating landing page...
2024-08-07T09:36:09.675Z - info: Landing page built, other pages will be built as you navigate to them!
2024-08-07T09:36:10.946Z - info: Site data built
2024-08-07T09:36:10.947Z - info: Website generation (lazy) complete! Total build time: 68.803s
2024-08-07T09:36:11.043Z - info: Serving "C:\repos\nus-cs2103\cs2103-website-base\_site" at http://127.0.0.1:8080
2024-08-07T09:36:11.043Z - info: Press CTRL+C to stop ...
2024-08-07T09:38:43.650Z - info: Website generation started at 5:38:29 pm
2024-08-07T09:38:51.969Z - info: Building assets...
2024-08-07T09:38:57.604Z - info: Assets built
2024-08-07T09:38:57.606Z - info: Generating pages...
2024-08-07T09:39:13.041Z - debug:  
2024-08-07T09:39:13.053Z - debug:  
2024-08-07T09:39:13.065Z - debug:  
2024-08-07T09:39:13.149Z - debug:  
2024-08-07T09:39:13.154Z - debug:  
2024-08-07T09:39:13.553Z - debug:  
2024-08-07T09:39:13.585Z - debug:  
2024-08-07T09:39:13.620Z - debug:  
2024-08-07T09:39:13.641Z - debug:  
2024-08-07T09:39:13.679Z - debug:  
2024-08-07T09:39:13.690Z - debug:  
2024-08-07T09:39:13.700Z - debug:  
2024-08-07T09:39:23.197Z - debug:  
2024-08-07T09:39:23.221Z - debug:  
2024-08-07T09:39:27.047Z - debug:  
2024-08-07T09:39:44.630Z - debug:  
2024-08-07T09:40:03.945Z - debug:  
2024-08-07T09:40:52.553Z - info: Pages built
2024-08-07T09:40:53.758Z - info: Site data built
2024-08-07T09:40:53.759Z - info: Website generation complete! Total build time: 144.731s
2024-08-07T09:40:53.759Z - info: Build success!
2024-08-07T09:43:34.971Z - info: The website has been deployed at: https://nus-tee3201.github.io/2024
2024-08-07T10:02:11.136Z - info: Website generation (lazy) started at 6:02:04 pm
2024-08-07T10:02:21.103Z - warn: ENOENT: no such file or directory, open 'C:\repos\nus-cs2103\cs2103-website-base\cache\gh-pages\https!github.com!nus-tee3201!2024.git\book\_markbind\variables.md'
2024-08-07T10:02:21.105Z - warn: ENOENT: no such file or directory, open 'C:\repos\nus-cs2103\cs2103-website-base\cache\gh-pages\https!github.com!nus-tee3201!2024.git\_markbind\variables.md'
2024-08-07T10:02:21.170Z - info: Building assets...
2024-08-07T10:03:01.764Z - info: Assets built
2024-08-07T10:03:01.765Z - info: Generating landing page...
2024-08-07T10:03:03.976Z - info: Landing page built, other pages will be built as you navigate to them!
2024-08-07T10:03:05.131Z - info: Site data built
2024-08-07T10:03:05.131Z - info: Website generation (lazy) complete! Total build time: 60.785s
2024-08-07T10:03:05.201Z - info: Serving "C:\repos\nus-cs2103\cs2103-website-base\_site" at http://127.0.0.1:8080
2024-08-07T10:03:05.201Z - info: Press CTRL+C to stop ...
2024-08-07T10:08:16.656Z - info: [6:08:16 pm] Reload for file change: C:\repos\nus-cs2103\cs2103-website-base\admin\usingThisWebsite.md
2024-08-07T10:08:16.657Z - info: Synchronizing opened pages list before reload
2024-08-07T10:08:16.657Z - info: Current opened pages, from most-to-least recent:
2024-08-07T10:08:16.658Z - info: 1. index
2024-08-07T10:08:17.672Z - info: Rebuilding 1 pages
2024-08-07T10:08:19.440Z - info: Site data built
2024-08-07T10:08:19.440Z - info: Pages rebuilt
2024-08-07T10:08:19.441Z - info: Website regeneration complete! Total build time: 1.77s
2024-08-07T10:09:05.693Z - info: [6:09:05 pm] Reload for file change: C:\repos\nus-cs2103\cs2103-website-base\admin\usingThisWebsite.md
2024-08-07T10:09:05.694Z - info: Synchronizing opened pages list before reload
2024-08-07T10:09:05.694Z - info: Current opened pages, from most-to-least recent:
2024-08-07T10:09:05.695Z - info: 1. index
2024-08-07T10:09:06.711Z - info: Rebuilding 1 pages
2024-08-07T10:09:08.336Z - info: Site data built
2024-08-07T10:09:08.337Z - info: Pages rebuilt
2024-08-07T10:09:08.337Z - info: Website regeneration complete! Total build time: 1.627s
2024-08-07T10:09:18.576Z - info: [6:09:18 pm] Reload for file change: C:\repos\nus-cs2103\cs2103-website-base\admin\usingThisWebsite.md
2024-08-07T10:09:18.576Z - info: Synchronizing opened pages list before reload
2024-08-07T10:09:18.576Z - info: Current opened pages, from most-to-least recent:
2024-08-07T10:09:18.577Z - info: 1. index
2024-08-07T10:09:19.584Z - info: Rebuilding 1 pages
2024-08-07T10:09:20.950Z - info: Site data built
2024-08-07T10:09:20.950Z - info: Pages rebuilt
2024-08-07T10:09:20.950Z - info: Website regeneration complete! Total build time: 1.368s
2024-08-07T10:10:05.930Z - info: [6:10:05 pm] Reload for file change: C:\repos\nus-cs2103\cs2103-website-base\admin\usingThisWebsite.md
2024-08-07T10:10:05.931Z - info: Synchronizing opened pages list before reload
2024-08-07T10:10:05.931Z - info: Current opened pages, from most-to-least recent:
2024-08-07T10:10:05.931Z - info: 1. index
2024-08-07T10:10:06.946Z - info: Rebuilding 1 pages
2024-08-07T10:10:08.417Z - info: Site data built
2024-08-07T10:10:08.417Z - info: Pages rebuilt
2024-08-07T10:10:08.418Z - info: Website regeneration complete! Total build time: 1.471s
2024-08-07T10:11:02.275Z - info: [6:11:02 pm] Reload for file change: C:\repos\nus-cs2103\cs2103-website-base\book\about\usage.md
2024-08-07T10:11:02.275Z - info: Synchronizing opened pages list before reload
2024-08-07T10:11:02.276Z - info: Current opened pages, from most-to-least recent:
2024-08-07T10:11:02.276Z - info: 1. index
2024-08-07T10:11:03.282Z - info: Rebuilding 1 pages
2024-08-07T10:11:04.810Z - info: Site data built
2024-08-07T10:11:04.810Z - info: Pages rebuilt
2024-08-07T10:11:04.810Z - info: Website regeneration complete! Total build time: 1.529s
2024-08-07T10:13:06.881Z - info: Website generation started at 6:12:53 pm
2024-08-07T10:13:14.676Z - info: Building assets...
2024-08-07T10:13:20.397Z - info: Assets built
2024-08-07T10:13:20.398Z - info: Generating pages...
2024-08-07T10:13:40.872Z - debug:  
2024-08-07T10:13:40.873Z - debug:  
2024-08-07T10:13:40.874Z - debug:  
2024-08-07T10:13:40.874Z - debug:  
2024-08-07T10:13:40.875Z - debug:  
2024-08-07T10:13:40.876Z - debug:  
2024-08-07T10:13:40.876Z - debug:  
2024-08-07T10:13:42.775Z - debug:  
2024-08-07T10:13:42.775Z - debug:  
2024-08-07T10:13:42.775Z - debug:  
2024-08-07T10:13:42.775Z - debug:  
2024-08-07T10:13:42.775Z - debug:  
2024-08-07T10:13:42.776Z - debug:  
2024-08-07T10:13:42.776Z - debug:  
2024-08-07T10:13:42.776Z - debug:  
2024-08-07T10:13:47.377Z - debug:  
2024-08-07T10:14:24.321Z - debug:  
2024-08-07T10:15:28.916Z - info: Pages built
2024-08-07T10:15:30.101Z - info: Site data built
2024-08-07T10:15:30.101Z - info: Website generation complete! Total build time: 156.913s
2024-08-07T10:15:30.102Z - info: Build success!
2024-08-07T10:18:46.110Z - info: The website has been deployed at: https://nus-tic2002-ay2425s1.github.io/website
