2024-09-28T16:01:58.009Z - debug:  
2024-09-28T16:02:19.450Z - debug:  
2024-09-28T16:02:19.619Z - debug:  
2024-09-28T16:02:35.050Z - info: Pages built
2024-09-28T16:02:36.521Z - info: Site data built
2024-09-28T16:02:36.521Z - info: Website generation complete! Total build time: 369.493s
2024-09-28T16:02:36.521Z - info: Build success!
2024-09-28T16:06:36.037Z - info: The website has been deployed at: https://nus-cs2103-ay2425s1.github.io/website
2024-09-28T16:17:45.170Z - info: Website generation (lazy) started at 12:17:19 am
2024-09-28T16:18:00.969Z - warn: ENOENT: no such file or directory, open 'C:\repos\nus-cs2103\cs2103-website-base\cache\gh-pages\https!github.com!nus-cs2103-AY2425S1!website.git\book\_markbind\variables.md'
2024-09-28T16:18:00.972Z - warn: ENOENT: no such file or directory, open 'C:\repos\nus-cs2103\cs2103-website-base\cache\gh-pages\https!github.com!nus-cs2103-AY2425S1!website.git\_markbind\variables.md'
2024-09-28T16:18:00.975Z - warn: ENOENT: no such file or directory, open 'C:\repos\nus-cs2103\cs2103-website-base\node_modules\.cache\gh-pages\https!github.com!nus-cs2103-AY2425S1!website.git\book\_markbind\variables.md'
2024-09-28T16:18:00.977Z - warn: ENOENT: no such file or directory, open 'C:\repos\nus-cs2103\cs2103-website-base\node_modules\.cache\gh-pages\https!github.com!nus-cs2103-AY2425S1!website.git\cache\gh-pages\https!github.com!nus-cs2103-AY2425S1!website.git\book\_markbind\variables.md'
2024-09-28T16:18:00.979Z - warn: ENOENT: no such file or directory, open 'C:\repos\nus-cs2103\cs2103-website-base\node_modules\.cache\gh-pages\https!github.com!nus-cs2103-AY2425S1!website.git\cache\gh-pages\https!github.com!nus-cs2103-AY2425S1!website.git\_markbind\variables.md'
2024-09-28T16:18:00.982Z - warn: ENOENT: no such file or directory, open 'C:\repos\nus-cs2103\cs2103-website-base\node_modules\.cache\gh-pages\https!github.com!nus-cs2103-AY2425S1!website.git\_markbind\variables.md'
2024-09-28T16:18:01.075Z - info: Building assets...
2024-09-28T16:19:57.193Z - info: Assets built
2024-09-28T16:19:57.196Z - info: Generating landing page...
2024-09-28T16:19:57.973Z - info: Landing page built, other pages will be built as you navigate to them!
2024-09-28T16:19:59.170Z - info: Site data built
2024-09-28T16:19:59.171Z - info: Website generation (lazy) complete! Total build time: 159.592s
2024-09-28T16:19:59.224Z - info: Serving "C:\repos\nus-cs2103\cs2103-website-base\_site" at http://127.0.0.1:8080
2024-09-28T16:19:59.224Z - info: Press CTRL+C to stop ...
2024-09-28T16:22:25.777Z - info: Website generation (lazy) started at 12:21:56 am
2024-09-28T16:22:37.873Z - warn: ENOENT: no such file or directory, open 'C:\repos\nus-cs2103\cs2103-website-base\cache\gh-pages\https!github.com!nus-cs2103-AY2425S1!website.git\book\_markbind\variables.md'
2024-09-28T16:22:37.875Z - warn: ENOENT: no such file or directory, open 'C:\repos\nus-cs2103\cs2103-website-base\cache\gh-pages\https!github.com!nus-cs2103-AY2425S1!website.git\_markbind\variables.md'
2024-09-28T16:22:37.876Z - warn: ENOENT: no such file or directory, open 'C:\repos\nus-cs2103\cs2103-website-base\node_modules\.cache\gh-pages\https!github.com!nus-cs2103-AY2425S1!website.git\book\_markbind\variables.md'
2024-09-28T16:22:37.877Z - warn: ENOENT: no such file or directory, open 'C:\repos\nus-cs2103\cs2103-website-base\node_modules\.cache\gh-pages\https!github.com!nus-cs2103-AY2425S1!website.git\cache\gh-pages\https!github.com!nus-cs2103-AY2425S1!website.git\book\_markbind\variables.md'
2024-09-28T16:22:37.878Z - warn: ENOENT: no such file or directory, open 'C:\repos\nus-cs2103\cs2103-website-base\node_modules\.cache\gh-pages\https!github.com!nus-cs2103-AY2425S1!website.git\cache\gh-pages\https!github.com!nus-cs2103-AY2425S1!website.git\_markbind\variables.md'
2024-09-28T16:22:37.879Z - warn: ENOENT: no such file or directory, open 'C:\repos\nus-cs2103\cs2103-website-base\node_modules\.cache\gh-pages\https!github.com!nus-cs2103-AY2425S1!website.git\_markbind\variables.md'
2024-09-28T16:22:37.952Z - info: Building assets...
2024-09-28T16:24:29.128Z - info: Assets built
2024-09-28T16:24:29.129Z - info: Generating landing page...
2024-09-28T16:24:29.878Z - info: Landing page built, other pages will be built as you navigate to them!
2024-09-28T16:24:30.937Z - info: Site data built
2024-09-28T16:24:30.937Z - info: Website generation (lazy) complete! Total build time: 154.932s
2024-09-28T16:24:30.978Z - info: Serving "C:\repos\nus-cs2103\cs2103-website-base\_site" at http://127.0.0.1:8080
2024-09-28T16:24:30.978Z - info: Press CTRL+C to stop ...
2024-09-28T16:25:17.884Z - info: [12:25:17 am] Reload for file change: C:\repos\nus-cs2103\cs2103-website-base\_course-TEE3201\mid-semester-survey-results.md
2024-09-28T16:25:17.885Z - info: Synchronizing opened pages list before reload
2024-09-28T16:25:17.885Z - info: Current opened pages, from most-to-least recent:
2024-09-28T16:25:17.886Z - info: 1. index
2024-09-28T16:25:18.893Z - info: Assets built
2024-09-28T16:25:59.741Z - info: Building C:\repos\nus-cs2103\cs2103-website-base\admin\index as some of its dependencies were changed since the last visit
2024-09-28T16:26:01.399Z - info: Site data built
2024-09-28T16:26:01.400Z - info: Lazy website regeneration complete! Total build time: 1.66s
2024-09-28T16:27:30.991Z - info: Building C:\repos\nus-cs2103\cs2103-website-base\admin\mid-semester-survey-results as some of its dependencies were changed since the last visit
2024-09-28T16:27:31.173Z - info: Site data built
2024-09-28T16:27:31.174Z - info: Lazy website regeneration complete! Total build time: 0.183s
2024-09-28T16:29:06.454Z - info: [12:29:06 am] Reload for file change: C:\repos\nus-cs2103\cs2103-website-base\_course-TEE3201\mid-semester-survey-results.md
2024-09-28T16:29:06.455Z - info: Synchronizing opened pages list before reload
2024-09-28T16:29:06.455Z - info: Current opened pages, from most-to-least recent:
2024-09-28T16:29:06.455Z - info: 1. admin/mid-semester-survey-results
2024-09-28T16:29:07.466Z - info: Rebuilding 1 pages
2024-09-28T16:29:07.566Z - info: Site data built
2024-09-28T16:29:07.566Z - info: Pages rebuilt
2024-09-28T16:29:07.566Z - info: Website regeneration complete! Total build time: 0.101s
2024-09-28T16:39:45.330Z - info: [12:39:45 am] Reload for file change: C:\repos\nus-cs2103\cs2103-website-base\_course-TEE3201\mid-semester-survey-results.md
2024-09-28T16:39:45.330Z - info: Synchronizing opened pages list before reload
2024-09-28T16:39:45.331Z - info: Current opened pages, from most-to-least recent:
2024-09-28T16:39:45.331Z - info: 1. admin/mid-semester-survey-results
2024-09-28T16:39:46.346Z - info: Rebuilding 1 pages
2024-09-28T16:39:46.469Z - info: Site data built
2024-09-28T16:39:46.469Z - info: Pages rebuilt
2024-09-28T16:39:46.469Z - info: Website regeneration complete! Total build time: 0.125s
2024-09-28T16:40:25.997Z - info: [12:40:25 am] Reload for file change: C:\repos\nus-cs2103\cs2103-website-base\_course-TEE3201\mid-semester-survey-results.md
2024-09-28T16:40:25.997Z - info: Synchronizing opened pages list before reload
2024-09-28T16:40:25.998Z - info: Current opened pages, from most-to-least recent:
2024-09-28T16:40:25.998Z - info: 1. admin/mid-semester-survey-results
2024-09-28T16:40:27.016Z - info: Rebuilding 1 pages
2024-09-28T16:40:27.129Z - info: Site data built
2024-09-28T16:40:27.130Z - info: Pages rebuilt
2024-09-28T16:40:27.130Z - info: Website regeneration complete! Total build time: 0.116s
2024-09-28T16:43:23.027Z - info: [12:43:23 am] Reload for file change: C:\repos\nus-cs2103\cs2103-website-base\_course-TEE3201\mid-semester-survey-results.md
2024-09-28T16:43:23.028Z - info: Synchronizing opened pages list before reload
2024-09-28T16:43:23.028Z - info: Current opened pages, from most-to-least recent:
2024-09-28T16:43:23.028Z - info: 1. admin/mid-semester-survey-results
2024-09-28T16:43:24.044Z - info: Rebuilding 1 pages
2024-09-28T16:43:24.217Z - info: Site data built
2024-09-28T16:43:24.217Z - info: Pages rebuilt
2024-09-28T16:43:24.217Z - info: Website regeneration complete! Total build time: 0.174s
2024-09-28T16:44:28.544Z - info: [12:44:28 am] Reload for file change: C:\repos\nus-cs2103\cs2103-website-base\_course-TEE3201\mid-semester-survey-results.md
2024-09-28T16:44:28.544Z - info: Synchronizing opened pages list before reload
2024-09-28T16:44:28.544Z - info: Current opened pages, from most-to-least recent:
2024-09-28T16:44:28.545Z - info: 1. admin/mid-semester-survey-results
2024-09-28T16:44:29.550Z - info: Rebuilding 1 pages
2024-09-28T16:44:29.656Z - info: Site data built
2024-09-28T16:44:29.657Z - info: Pages rebuilt
2024-09-28T16:44:29.657Z - info: Website regeneration complete! Total build time: 0.107s
2024-09-28T16:45:25.816Z - info: [12:45:25 am] Reload for file change: C:\repos\nus-cs2103\cs2103-website-base\_course-TEE3201\mid-semester-survey-results.md
2024-09-28T16:45:25.816Z - info: Synchronizing opened pages list before reload
2024-09-28T16:45:25.816Z - info: Current opened pages, from most-to-least recent:
2024-09-28T16:45:25.816Z - info: 1. admin/mid-semester-survey-results
2024-09-28T16:45:26.819Z - info: Rebuilding 1 pages
2024-09-28T16:45:26.923Z - info: Site data built
2024-09-28T16:45:26.924Z - info: Pages rebuilt
2024-09-28T16:45:26.924Z - info: Website regeneration complete! Total build time: 0.105s
2024-09-28T16:46:50.085Z - info: Website generation started at 12:46:21 am
2024-09-28T16:47:00.660Z - warn: ENOENT: no such file or directory, open 'C:\repos\nus-cs2103\cs2103-website-base\node_modules\.cache\gh-pages\https!github.com!nus-cs2103-AY2425S1!website.git\book\_markbind\variables.md'
2024-09-28T16:47:00.662Z - warn: ENOENT: no such file or directory, open 'C:\repos\nus-cs2103\cs2103-website-base\node_modules\.cache\gh-pages\https!github.com!nus-cs2103-AY2425S1!website.git\cache\gh-pages\https!github.com!nus-cs2103-AY2425S1!website.git\book\_markbind\variables.md'
2024-09-28T16:47:00.663Z - warn: ENOENT: no such file or directory, open 'C:\repos\nus-cs2103\cs2103-website-base\node_modules\.cache\gh-pages\https!github.com!nus-cs2103-AY2425S1!website.git\cache\gh-pages\https!github.com!nus-cs2103-AY2425S1!website.git\_markbind\variables.md'
2024-09-28T16:47:00.664Z - warn: ENOENT: no such file or directory, open 'C:\repos\nus-cs2103\cs2103-website-base\node_modules\.cache\gh-pages\https!github.com!nus-cs2103-AY2425S1!website.git\_markbind\variables.md'
2024-09-28T16:47:00.743Z - info: Building assets...
2024-09-28T16:47:51.953Z - info: Assets built
2024-09-28T16:47:51.954Z - info: Generating pages...
2024-09-28T16:48:05.108Z - debug:  
2024-09-28T16:48:05.217Z - debug:  
2024-09-28T16:48:05.251Z - debug:  
2024-09-28T16:48:05.294Z - debug:  
2024-09-28T16:48:05.339Z - debug:  
2024-09-28T16:48:05.423Z - debug:  
2024-09-28T16:48:05.478Z - debug:  
2024-09-28T16:48:05.753Z - debug:  
2024-09-28T16:48:06.060Z - debug:  
2024-09-28T16:48:06.160Z - debug:  
2024-09-28T16:48:06.357Z - debug:  
2024-09-28T16:48:06.385Z - debug:  
2024-09-28T16:48:15.238Z - debug:  
2024-09-28T16:48:15.262Z - debug:  
2024-09-28T16:48:18.758Z - debug:  
2024-09-28T16:48:36.242Z - debug:  
2024-09-28T16:48:43.262Z - debug:  
2024-09-28T16:48:55.877Z - debug:  
2024-09-28T16:49:42.859Z - info: Pages built
2024-09-28T16:49:44.339Z - info: Site data built
2024-09-28T16:49:44.339Z - info: Website generation complete! Total build time: 202.422s
2024-09-28T16:49:44.340Z - info: Build success!
2024-09-28T16:52:53.758Z - info: The website has been deployed at: https://nus-tee3201.github.io/2024
2024-09-28T16:59:50.262Z - info: Website generation (lazy) started at 12:59:18 am
2024-09-28T17:00:16.667Z - warn: ENOENT: no such file or directory, open 'C:\repos\nus-cs2103\cs2103-website-base\cache\gh-pages\https!github.com!nus-tee3201!2024.git\book\_markbind\variables.md'
2024-09-28T17:00:16.671Z - warn: ENOENT: no such file or directory, open 'C:\repos\nus-cs2103\cs2103-website-base\cache\gh-pages\https!github.com!nus-tee3201!2024.git\_markbind\variables.md'
2024-09-28T17:00:16.673Z - warn: ENOENT: no such file or directory, open 'C:\repos\nus-cs2103\cs2103-website-base\node_modules\.cache\gh-pages\https!github.com!nus-cs2103-AY2425S1!website.git\book\_markbind\variables.md'
2024-09-28T17:00:16.674Z - warn: ENOENT: no such file or directory, open 'C:\repos\nus-cs2103\cs2103-website-base\node_modules\.cache\gh-pages\https!github.com!nus-cs2103-AY2425S1!website.git\cache\gh-pages\https!github.com!nus-cs2103-AY2425S1!website.git\book\_markbind\variables.md'
2024-09-28T17:00:16.675Z - warn: ENOENT: no such file or directory, open 'C:\repos\nus-cs2103\cs2103-website-base\node_modules\.cache\gh-pages\https!github.com!nus-cs2103-AY2425S1!website.git\cache\gh-pages\https!github.com!nus-cs2103-AY2425S1!website.git\_markbind\variables.md'
2024-09-28T17:00:16.677Z - warn: ENOENT: no such file or directory, open 'C:\repos\nus-cs2103\cs2103-website-base\node_modules\.cache\gh-pages\https!github.com!nus-cs2103-AY2425S1!website.git\_markbind\variables.md'
2024-09-28T17:00:16.792Z - info: Building assets...
2024-09-28T17:02:13.834Z - info: Assets built
2024-09-28T17:02:13.835Z - info: Generating landing page...
2024-09-28T17:02:14.768Z - info: Landing page built, other pages will be built as you navigate to them!
2024-09-28T17:02:16.432Z - info: Site data built
2024-09-28T17:02:16.433Z - info: Website generation (lazy) complete! Total build time: 178.154s
2024-09-28T17:02:16.503Z - info: Serving "C:\repos\nus-cs2103\cs2103-website-base\_site" at http://127.0.0.1:8080
2024-09-28T17:02:16.503Z - info: Press CTRL+C to stop ...
2024-09-28T17:03:00.230Z - info: Building C:\repos\nus-cs2103\cs2103-website-base\admin\mid-semester-survey-results as some of its dependencies were changed since the last visit
2024-09-28T17:03:00.554Z - info: Site data built
2024-09-28T17:03:00.554Z - info: Lazy website regeneration complete! Total build time: 0.328s
2024-09-28T17:07:01.241Z - info: [1:07:01 am] Reload for file change: C:\repos\nus-cs2103\cs2103-website-base\_course-TIC2002\mid-semester-survey-results.md
2024-09-28T17:07:01.241Z - info: Synchronizing opened pages list before reload
2024-09-28T17:07:01.242Z - info: Current opened pages, from most-to-least recent:
2024-09-28T17:07:01.242Z - info: 1. admin/mid-semester-survey-results
2024-09-28T17:07:02.255Z - info: Rebuilding 1 pages
2024-09-28T17:07:02.428Z - info: Site data built
2024-09-28T17:07:02.428Z - info: Pages rebuilt
2024-09-28T17:07:02.429Z - info: Website regeneration complete! Total build time: 0.174s
2024-09-28T17:09:21.302Z - info: Website generation started at 1:08:39 am
2024-09-28T17:09:36.347Z - warn: ENOENT: no such file or directory, open 'C:\repos\nus-cs2103\cs2103-website-base\node_modules\.cache\gh-pages\https!github.com!nus-cs2103-AY2425S1!website.git\book\_markbind\variables.md'
2024-09-28T17:09:36.349Z - warn: ENOENT: no such file or directory, open 'C:\repos\nus-cs2103\cs2103-website-base\node_modules\.cache\gh-pages\https!github.com!nus-cs2103-AY2425S1!website.git\cache\gh-pages\https!github.com!nus-cs2103-AY2425S1!website.git\book\_markbind\variables.md'
2024-09-28T17:09:36.351Z - warn: ENOENT: no such file or directory, open 'C:\repos\nus-cs2103\cs2103-website-base\node_modules\.cache\gh-pages\https!github.com!nus-cs2103-AY2425S1!website.git\cache\gh-pages\https!github.com!nus-cs2103-AY2425S1!website.git\_markbind\variables.md'
2024-09-28T17:09:36.354Z - warn: ENOENT: no such file or directory, open 'C:\repos\nus-cs2103\cs2103-website-base\node_modules\.cache\gh-pages\https!github.com!nus-cs2103-AY2425S1!website.git\_markbind\variables.md'
2024-09-28T17:09:36.451Z - info: Building assets...
2024-09-28T17:10:43.089Z - info: Assets built
2024-09-28T17:10:43.090Z - info: Generating pages...
2024-09-28T17:11:03.028Z - debug:  
2024-09-28T17:11:03.808Z - debug:  
2024-09-28T17:11:04.885Z - debug:  
2024-09-28T17:11:09.160Z - debug:  
2024-09-28T17:11:09.161Z - debug:  
2024-09-28T17:11:09.162Z - debug:  
2024-09-28T17:11:09.162Z - debug:  
2024-09-28T17:11:09.163Z - debug:  
2024-09-28T17:11:09.164Z - debug:  
2024-09-28T17:11:09.164Z - debug:  
2024-09-28T17:11:09.164Z - debug:  
2024-09-28T17:11:09.165Z - debug:  
2024-09-28T17:11:09.165Z - debug:  
2024-09-28T17:11:09.165Z - debug:  
2024-09-28T17:11:09.165Z - debug:  
2024-09-28T17:11:14.258Z - debug:  
2024-09-28T17:11:41.646Z - debug:  
2024-09-28T17:11:58.361Z - debug:  
2024-09-28T17:13:12.807Z - info: Pages built
2024-09-28T17:13:14.884Z - info: Site data built
2024-09-28T17:13:14.885Z - info: Website generation complete! Total build time: 275.01s
2024-09-28T17:13:14.890Z - info: Build success!
2024-09-28T17:17:14.972Z - info: The website has been deployed at: https://nus-tic2002-ay2425s1.github.io/website
2024-09-29T15:20:15.200Z - info: Website generation started at 11:19:51 pm
2024-09-29T15:20:27.057Z - warn: ENOENT: no such file or directory, open 'C:\repos\nus-cs2103\cs2103-website-base\node_modules\.cache\gh-pages\https!github.com!nus-cs2103-AY2425S1!website.git\book\_markbind\variables.md'
2024-09-29T15:20:27.058Z - warn: ENOENT: no such file or directory, open 'C:\repos\nus-cs2103\cs2103-website-base\node_modules\.cache\gh-pages\https!github.com!nus-cs2103-AY2425S1!website.git\cache\gh-pages\https!github.com!nus-cs2103-AY2425S1!website.git\book\_markbind\variables.md'
2024-09-29T15:20:27.060Z - warn: ENOENT: no such file or directory, open 'C:\repos\nus-cs2103\cs2103-website-base\node_modules\.cache\gh-pages\https!github.com!nus-cs2103-AY2425S1!website.git\cache\gh-pages\https!github.com!nus-cs2103-AY2425S1!website.git\_markbind\variables.md'
2024-09-29T15:20:27.062Z - warn: ENOENT: no such file or directory, open 'C:\repos\nus-cs2103\cs2103-website-base\node_modules\.cache\gh-pages\https!github.com!nus-cs2103-AY2425S1!website.git\_markbind\variables.md'
2024-09-29T15:20:27.137Z - info: Building assets...
2024-09-29T15:21:29.574Z - info: Assets built
2024-09-29T15:21:29.575Z - info: Generating pages...
2024-09-29T15:21:48.090Z - debug:  
2024-09-29T15:21:48.094Z - debug:  
2024-09-29T15:21:49.248Z - debug:  
2024-09-29T15:21:49.248Z - debug:  
2024-09-29T15:21:49.248Z - debug:  
2024-09-29T15:21:49.249Z - debug:  
2024-09-29T15:21:49.249Z - debug:  
2024-09-29T15:21:49.249Z - debug:  
2024-09-29T15:21:49.249Z - debug:  
2024-09-29T15:21:49.249Z - debug:  
2024-09-29T15:21:49.249Z - debug:  
2024-09-29T15:21:49.250Z - debug:  
2024-09-29T15:21:49.250Z - debug:  
2024-09-29T15:21:49.250Z - debug:  
2024-09-29T15:21:49.250Z - debug:  
2024-09-29T15:21:52.867Z - debug:  
2024-09-29T15:22:16.017Z - debug:  
2024-09-29T15:22:29.677Z - debug:  
2024-09-29T15:23:37.421Z - info: Pages built
2024-09-29T15:23:38.582Z - info: Site data built
2024-09-29T15:23:38.583Z - info: Website generation complete! Total build time: 227.536s
2024-09-29T15:23:38.583Z - info: Build success!
2024-09-29T15:26:49.529Z - info: The website has been deployed at: https://nus-tic2002-ay2425s1.github.io/website
