2024-08-09T05:16:00.048Z - info: Website generation (lazy) started at 1:15:54 pm
2024-08-09T05:16:09.340Z - warn: ENOENT: no such file or directory, open 'C:\repos\nus-cs2103\cs2103-website-base\cache\gh-pages\https!github.com!nus-tic2002-AY2425S1!website.git\book\_markbind\variables.md'
2024-08-09T05:16:09.341Z - warn: ENOENT: no such file or directory, open 'C:\repos\nus-cs2103\cs2103-website-base\cache\gh-pages\https!github.com!nus-tic2002-AY2425S1!website.git\_markbind\variables.md'
2024-08-09T05:16:09.400Z - info: Building assets...
2024-08-09T05:16:47.547Z - info: Assets built
2024-08-09T05:16:47.548Z - info: Generating landing page...
2024-08-09T05:16:50.028Z - info: Landing page built, other pages will be built as you navigate to them!
2024-08-09T05:16:51.157Z - info: Site data built
2024-08-09T05:16:51.157Z - info: Website generation (lazy) complete! Total build time: 56.702s
2024-08-09T05:16:51.626Z - info: Serving "C:\repos\nus-cs2103\cs2103-website-base\_site" at http://127.0.0.1:8080
2024-08-09T05:16:51.627Z - info: Press CTRL+C to stop ...
2024-08-09T05:45:48.149Z - info: Website generation (lazy) started at 1:45:35 pm
2024-08-09T05:45:57.350Z - warn: ENOENT: no such file or directory, open 'C:\repos\nus-cs2103\cs2103-website-base\cache\gh-pages\https!github.com!nus-tic2002-AY2425S1!website.git\book\_markbind\variables.md'
2024-08-09T05:45:57.352Z - warn: ENOENT: no such file or directory, open 'C:\repos\nus-cs2103\cs2103-website-base\cache\gh-pages\https!github.com!nus-tic2002-AY2425S1!website.git\_markbind\variables.md'
2024-08-09T05:45:57.412Z - info: Building assets...
2024-08-09T05:46:39.105Z - info: Assets built
2024-08-09T05:46:39.106Z - info: Generating landing page...
2024-08-09T05:46:41.172Z - info: Landing page built, other pages will be built as you navigate to them!
2024-08-09T05:46:42.577Z - info: Site data built
2024-08-09T05:46:42.577Z - info: Website generation (lazy) complete! Total build time: 66.795s
2024-08-09T05:46:42.662Z - info: Serving "C:\repos\nus-cs2103\cs2103-website-base\_site" at http://127.0.0.1:8080
2024-08-09T05:46:42.662Z - info: Press CTRL+C to stop ...
2024-08-09T05:54:39.830Z - info: Building C:\repos\nus-cs2103\cs2103-website-base\admin\tutorials as some of its dependencies were changed since the last visit
2024-08-09T05:54:40.402Z - info: Site data built
2024-08-09T05:54:40.403Z - info: Lazy website regeneration complete! Total build time: 0.572s
2024-08-09T05:55:39.361Z - info: Building C:\repos\nus-cs2103\cs2103-website-base\schedule\week1\admin as some of its dependencies were changed since the last visit
2024-08-09T05:55:43.133Z - debug:  
2024-08-09T05:55:43.278Z - info: Site data built
2024-08-09T05:55:43.278Z - info: Lazy website regeneration complete! Total build time: 3.918s
2024-08-09T05:55:58.703Z - info: Building C:\repos\nus-cs2103\cs2103-website-base\admin\index as some of its dependencies were changed since the last visit
2024-08-09T05:55:58.956Z - info: Site data built
2024-08-09T05:55:58.956Z - info: Lazy website regeneration complete! Total build time: 0.254s
2024-08-09T05:56:01.803Z - info: Building C:\repos\nus-cs2103\cs2103-website-base\admin\usingThisWebsite as some of its dependencies were changed since the last visit
2024-08-09T05:56:02.133Z - info: Site data built
2024-08-09T05:56:02.133Z - info: Lazy website regeneration complete! Total build time: 0.331s
2024-08-09T06:00:03.850Z - info: Website generation started at 1:59:50 pm
2024-08-09T06:00:12.683Z - info: Building assets...
2024-08-09T06:00:18.909Z - info: Assets built
2024-08-09T06:00:18.910Z - info: Generating pages...
2024-08-09T06:00:42.304Z - debug:  
2024-08-09T06:00:42.305Z - debug:  
2024-08-09T06:00:42.308Z - debug:  
2024-08-09T06:00:42.309Z - debug:  
2024-08-09T06:00:42.310Z - debug:  
2024-08-09T06:00:42.310Z - debug:  
2024-08-09T06:00:42.311Z - debug:  
2024-08-09T06:00:42.311Z - debug:  
2024-08-09T06:00:42.312Z - debug:  
2024-08-09T06:00:42.312Z - debug:  
2024-08-09T06:00:42.313Z - debug:  
2024-08-09T06:00:42.313Z - debug:  
2024-08-09T06:00:42.314Z - debug:  
2024-08-09T06:00:42.314Z - debug:  
2024-08-09T06:00:42.322Z - debug:  
2024-08-09T06:00:46.801Z - debug:  
2024-08-09T06:00:46.802Z - debug:  
2024-08-09T06:02:20.403Z - error: Invalid HTML in C:\repos\nus-cs2103\cs2103-website-base\schedule\week5\tutorial.md.
Table must have a tbody tag. Please correct this to avoid Vue hydration issues.

2024-08-09T06:02:50.214Z - error: Invalid HTML in C:\repos\nus-cs2103\cs2103-website-base\schedule\week4\project.md.
Table must have a tbody tag. Please correct this to avoid Vue hydration issues.

2024-08-09T06:02:50.215Z - error: Invalid HTML in C:\repos\nus-cs2103\cs2103-website-base\schedule\week4\project.md.
Table must have a tbody tag. Please correct this to avoid Vue hydration issues.

2024-08-09T06:03:19.507Z - debug:  
2024-08-09T06:03:38.840Z - debug:  
2024-08-09T06:03:38.969Z - debug:  
2024-08-09T06:03:44.746Z - error: Invalid HTML in C:\repos\nus-cs2103\cs2103-website-base\admin\ip-w4.md.
Table must have a tbody tag. Please correct this to avoid Vue hydration issues.

2024-08-09T06:03:44.746Z - error: Invalid HTML in C:\repos\nus-cs2103\cs2103-website-base\admin\ip-w4.md.
Table must have a tbody tag. Please correct this to avoid Vue hydration issues.

2024-08-09T06:03:48.262Z - info: Pages built
2024-08-09T06:03:49.622Z - info: Site data built
2024-08-09T06:03:49.623Z - info: Website generation complete! Total build time: 238.885s
2024-08-09T06:03:49.623Z - info: Build success!
2024-08-09T06:07:02.379Z - info: The website has been deployed at: https://nus-cs2103-ay2425s1.github.io/website
2024-08-09T08:08:17.297Z - info: Website generation (lazy) started at 4:08:10 pm
2024-08-09T08:08:27.207Z - warn: ENOENT: no such file or directory, open 'C:\repos\nus-cs2103\cs2103-website-base\cache\gh-pages\https!github.com!nus-cs2103-AY2425S1!website.git\book\_markbind\variables.md'
2024-08-09T08:08:27.209Z - warn: ENOENT: no such file or directory, open 'C:\repos\nus-cs2103\cs2103-website-base\cache\gh-pages\https!github.com!nus-cs2103-AY2425S1!website.git\_markbind\variables.md'
2024-08-09T08:08:27.276Z - info: Building assets...
2024-08-09T08:09:00.722Z - info: Assets built
2024-08-09T08:09:00.723Z - info: Generating landing page...
2024-08-09T08:09:01.949Z - info: Landing page built, other pages will be built as you navigate to them!
2024-08-09T08:09:03.113Z - info: Site data built
2024-08-09T08:09:03.113Z - info: Website generation (lazy) complete! Total build time: 52.286s
2024-08-09T08:09:03.180Z - info: Serving "C:\repos\nus-cs2103\cs2103-website-base\_site" at http://127.0.0.1:8080
2024-08-09T08:09:03.180Z - info: Press CTRL+C to stop ...
2024-08-09T08:10:09.762Z - info: Building C:\repos\nus-cs2103\cs2103-website-base\admin\instructors as some of its dependencies were changed since the last visit
2024-08-09T08:10:10.266Z - info: Site data built
2024-08-09T08:10:10.267Z - info: Lazy website regeneration complete! Total build time: 0.506s
2024-08-09T08:11:44.744Z - info: Website generation started at 4:11:31 pm
2024-08-09T08:11:52.195Z - info: Building assets...
2024-08-09T08:11:57.529Z - info: Assets built
2024-08-09T08:11:57.530Z - info: Generating pages...
2024-08-09T08:12:14.686Z - debug:  
2024-08-09T08:12:14.688Z - debug:  
2024-08-09T08:12:14.689Z - debug:  
2024-08-09T08:12:14.689Z - debug:  
2024-08-09T08:12:14.690Z - debug:  
2024-08-09T08:12:14.691Z - debug:  
2024-08-09T08:12:14.691Z - debug:  
2024-08-09T08:12:14.692Z - debug:  
2024-08-09T08:12:14.692Z - debug:  
2024-08-09T08:12:14.692Z - debug:  
2024-08-09T08:12:15.108Z - debug:  
2024-08-09T08:12:15.110Z - debug:  
2024-08-09T08:12:15.111Z - debug:  
2024-08-09T08:12:15.113Z - debug:  
2024-08-09T08:12:15.114Z - debug:  
2024-08-09T08:12:17.721Z - debug:  
2024-08-09T08:12:18.230Z - debug:  
2024-08-09T08:13:35.863Z - error: Invalid HTML in C:\repos\nus-cs2103\cs2103-website-base\schedule\week5\tutorial.md.
Table must have a tbody tag. Please correct this to avoid Vue hydration issues.

2024-08-09T08:14:03.528Z - error: Invalid HTML in C:\repos\nus-cs2103\cs2103-website-base\schedule\week4\project.md.
Table must have a tbody tag. Please correct this to avoid Vue hydration issues.

2024-08-09T08:14:03.529Z - error: Invalid HTML in C:\repos\nus-cs2103\cs2103-website-base\schedule\week4\project.md.
Table must have a tbody tag. Please correct this to avoid Vue hydration issues.

2024-08-09T08:15:05.217Z - debug:  
2024-08-09T08:15:25.071Z - debug:  
2024-08-09T08:15:25.189Z - debug:  
2024-08-09T08:15:30.484Z - error: Invalid HTML in C:\repos\nus-cs2103\cs2103-website-base\admin\ip-w4.md.
Table must have a tbody tag. Please correct this to avoid Vue hydration issues.

2024-08-09T08:15:30.485Z - error: Invalid HTML in C:\repos\nus-cs2103\cs2103-website-base\admin\ip-w4.md.
Table must have a tbody tag. Please correct this to avoid Vue hydration issues.

2024-08-09T08:15:33.856Z - info: Pages built
2024-08-09T08:15:35.185Z - info: Site data built
2024-08-09T08:15:35.185Z - info: Website generation complete! Total build time: 244.032s
2024-08-09T08:15:35.186Z - info: Build success!
2024-08-09T08:18:13.668Z - info: The website has been deployed at: https://nus-cs2103-ay2425s1.github.io/website
2024-08-09T15:46:21.648Z - info: Website generation (lazy) started at 11:46:13 pm
2024-08-09T15:46:33.667Z - warn: ENOENT: no such file or directory, open 'C:\repos\nus-cs2103\cs2103-website-base\cache\gh-pages\https!github.com!nus-cs2103-AY2425S1!website.git\book\_markbind\variables.md'
2024-08-09T15:46:33.669Z - warn: ENOENT: no such file or directory, open 'C:\repos\nus-cs2103\cs2103-website-base\cache\gh-pages\https!github.com!nus-cs2103-AY2425S1!website.git\_markbind\variables.md'
2024-08-09T15:46:33.764Z - info: Building assets...
2024-08-09T15:47:26.606Z - info: Assets built
2024-08-09T15:47:26.607Z - info: Generating landing page...
2024-08-09T15:47:28.024Z - info: Landing page built, other pages will be built as you navigate to them!
2024-08-09T15:47:29.237Z - info: Site data built
2024-08-09T15:47:29.238Z - info: Website generation (lazy) complete! Total build time: 75.638s
2024-08-09T15:47:29.697Z - info: Serving "C:\repos\nus-cs2103\cs2103-website-base\_site" at http://127.0.0.1:8080
2024-08-09T15:47:29.697Z - info: Press CTRL+C to stop ...
2024-08-09T15:47:59.240Z - info: Building C:\repos\nus-cs2103\cs2103-website-base\admin\instructors as some of its dependencies were changed since the last visit
2024-08-09T15:47:59.723Z - info: Site data built
2024-08-09T15:47:59.723Z - info: Lazy website regeneration complete! Total build time: 0.484s
2024-08-09T15:50:59.955Z - info: [11:50:59 pm] Reload for file change: C:\repos\nus-cs2103\cs2103-website-base\admin\tutors-info.md
2024-08-09T15:50:59.956Z - info: Synchronizing opened pages list before reload
2024-08-09T15:50:59.957Z - info: Current opened pages, from most-to-least recent:
2024-08-09T15:50:59.957Z - info: 1. admin/instructors
2024-08-09T15:51:00.963Z - info: Rebuilding 1 pages
2024-08-09T15:51:01.508Z - info: Site data built
2024-08-09T15:51:01.509Z - info: Pages rebuilt
2024-08-09T15:51:01.509Z - info: Website regeneration complete! Total build time: 0.548s
2024-08-09T15:52:09.126Z - info: [11:52:09 pm] Reload for file change: C:\repos\nus-cs2103\cs2103-website-base\admin\tutors-info.md
2024-08-09T15:52:09.127Z - info: Synchronizing opened pages list before reload
2024-08-09T15:52:09.127Z - info: Current opened pages, from most-to-least recent:
2024-08-09T15:52:09.128Z - info: 1. admin/instructors
2024-08-09T15:52:10.147Z - info: Rebuilding 1 pages
2024-08-09T15:52:10.595Z - info: Site data built
2024-08-09T15:52:10.595Z - info: Pages rebuilt
2024-08-09T15:52:10.596Z - info: Website regeneration complete! Total build time: 0.449s
2024-08-09T15:52:45.791Z - info: [11:52:45 pm] Reload for file change: C:\repos\nus-cs2103\cs2103-website-base\admin\tutors-info.md
2024-08-09T15:52:45.794Z - info: Synchronizing opened pages list before reload
2024-08-09T15:52:45.794Z - info: Current opened pages, from most-to-least recent:
2024-08-09T15:52:45.794Z - info: 1. admin/instructors
2024-08-09T15:52:46.810Z - info: Rebuilding 1 pages
2024-08-09T15:52:47.258Z - info: Site data built
2024-08-09T15:52:47.258Z - info: Pages rebuilt
2024-08-09T15:52:47.258Z - info: Website regeneration complete! Total build time: 0.45s
2024-08-09T15:53:55.500Z - info: [11:53:55 pm] Reload for file change: C:\repos\nus-cs2103\cs2103-website-base\admin\tutors-info.md
2024-08-09T15:53:55.501Z - info: Synchronizing opened pages list before reload
2024-08-09T15:53:55.501Z - info: Current opened pages, from most-to-least recent:
2024-08-09T15:53:55.502Z - info: 1. admin/instructors
2024-08-09T15:53:56.514Z - info: Rebuilding 1 pages
2024-08-09T15:53:56.882Z - info: Site data built
2024-08-09T15:53:56.883Z - info: Pages rebuilt
2024-08-09T15:53:56.883Z - info: Website regeneration complete! Total build time: 0.37s
2024-08-09T15:55:50.247Z - info: [11:55:50 pm] Reload for file change: C:\repos\nus-cs2103\cs2103-website-base\admin\tutors-info.md
2024-08-09T15:55:50.248Z - info: Synchronizing opened pages list before reload
2024-08-09T15:55:50.248Z - info: Current opened pages, from most-to-least recent:
2024-08-09T15:55:50.249Z - info: 1. admin/instructors
2024-08-09T15:55:51.255Z - info: Rebuilding 1 pages
2024-08-09T15:55:51.521Z - info: Site data built
2024-08-09T15:55:51.521Z - info: Pages rebuilt
2024-08-09T15:55:51.521Z - info: Website regeneration complete! Total build time: 0.267s
2024-08-09T15:57:25.161Z - info: [11:57:25 pm] Reload for file change: C:\repos\nus-cs2103\cs2103-website-base\admin\instructors.md
2024-08-09T15:57:25.162Z - info: Synchronizing opened pages list before reload
2024-08-09T15:57:25.162Z - info: Current opened pages, from most-to-least recent:
2024-08-09T15:57:25.162Z - info: 1. admin/instructors
2024-08-09T15:57:26.181Z - info: Rebuilding 1 pages
2024-08-09T15:57:26.603Z - info: Site data built
2024-08-09T15:57:26.603Z - info: Pages rebuilt
2024-08-09T15:57:26.603Z - info: Website regeneration complete! Total build time: 0.423s
2024-08-09T15:57:51.316Z - info: [11:57:51 pm] Reload for file change: C:\repos\nus-cs2103\cs2103-website-base\admin\instructors.md
2024-08-09T15:57:51.317Z - info: Synchronizing opened pages list before reload
2024-08-09T15:57:51.317Z - info: Current opened pages, from most-to-least recent:
2024-08-09T15:57:51.317Z - info: 1. admin/instructors
2024-08-09T15:57:52.336Z - info: Rebuilding 1 pages
2024-08-09T15:57:52.626Z - info: Site data built
2024-08-09T15:57:52.626Z - info: Pages rebuilt
2024-08-09T15:57:52.627Z - info: Website regeneration complete! Total build time: 0.292s
2024-08-09T15:58:20.021Z - info: [11:58:20 pm] Reload for file change: C:\repos\nus-cs2103\cs2103-website-base\admin\instructors.md
2024-08-09T15:58:20.021Z - info: Synchronizing opened pages list before reload
2024-08-09T15:58:20.022Z - info: Current opened pages, from most-to-least recent:
2024-08-09T15:58:20.022Z - info: 1. admin/instructors
2024-08-09T15:58:21.034Z - info: Rebuilding 1 pages
2024-08-09T15:58:21.430Z - info: Site data built
2024-08-09T15:58:21.431Z - info: Pages rebuilt
2024-08-09T15:58:21.431Z - info: Website regeneration complete! Total build time: 0.397s
2024-08-09T15:59:18.432Z - info: [11:59:18 pm] Reload for file change: C:\repos\nus-cs2103\cs2103-website-base\admin\instructors.md
2024-08-09T15:59:18.432Z - info: Synchronizing opened pages list before reload
2024-08-09T15:59:18.433Z - info: Current opened pages, from most-to-least recent:
2024-08-09T15:59:18.433Z - info: 1. admin/instructors
2024-08-09T15:59:19.445Z - info: Rebuilding 1 pages
2024-08-09T15:59:19.832Z - info: Site data built
2024-08-09T15:59:19.833Z - info: Pages rebuilt
2024-08-09T15:59:19.833Z - info: Website regeneration complete! Total build time: 0.389s
2024-08-09T15:59:46.718Z - info: [11:59:46 pm] Reload for file change: C:\repos\nus-cs2103\cs2103-website-base\admin\instructors.md
2024-08-09T15:59:46.718Z - info: Synchronizing opened pages list before reload
2024-08-09T15:59:46.719Z - info: Current opened pages, from most-to-least recent:
2024-08-09T15:59:46.719Z - info: 1. admin/instructors
2024-08-09T15:59:47.736Z - info: Rebuilding 1 pages
2024-08-09T15:59:48.141Z - info: Site data built
2024-08-09T15:59:48.142Z - info: Pages rebuilt
2024-08-09T15:59:48.142Z - info: Website regeneration complete! Total build time: 0.407s
