2024-11-08T16:03:28.573Z - info: [00:03:28] Reload for file change: /Users/damithch/Repos/nus-cs2103/cs2103-website-base/admin/appendixC-faq.md
2024-11-08T16:03:28.577Z - info: Synchronizing opened pages list before reload
2024-11-08T16:03:28.579Z - info: Current opened pages, from most-to-least recent:
2024-11-08T16:03:28.580Z - info: 1. admin/tp-pe
2024-11-08T16:03:28.674Z - info: [00:03:28] Reload for file change: /Users/damithch/Repos/nus-cs2103/cs2103-website-base/admin/faq-fragment.md
2024-11-08T16:03:28.674Z - info: Synchronizing opened pages list before reload
2024-11-08T16:03:28.674Z - info: Current opened pages, from most-to-least recent:
2024-11-08T16:03:28.675Z - info: 1. admin/tp-pe
2024-11-08T16:03:29.590Z - info: Rebuilding 1 pages
2024-11-08T16:03:29.997Z - info: Site data built
2024-11-08T16:03:29.997Z - info: Pages rebuilt
2024-11-08T16:03:29.997Z - info: Website regeneration complete! Total build time: 0.409s
2024-11-08T16:03:37.429Z - info: [00:03:37] Reload for file change: /Users/damithch/Repos/nus-cs2103/cs2103-website-base/admin/appendixC-faq.md
2024-11-08T16:03:37.429Z - info: Synchronizing opened pages list before reload
2024-11-08T16:03:37.429Z - info: Current opened pages, from most-to-least recent:
2024-11-08T16:03:37.429Z - info: 1. admin/tp-pe
2024-11-08T16:03:38.433Z - info: No pages needed to be rebuilt
2024-11-08T16:03:45.209Z - info: [00:03:45] Reload for file change: /Users/damithch/Repos/nus-cs2103/cs2103-website-base/admin/appendixC-faq.md
2024-11-08T16:03:45.210Z - info: Synchronizing opened pages list before reload
2024-11-08T16:03:45.210Z - info: Current opened pages, from most-to-least recent:
2024-11-08T16:03:45.210Z - info: 1. admin/tp-pe
2024-11-08T16:03:46.215Z - info: No pages needed to be rebuilt
2024-11-08T16:04:30.647Z - info: [00:04:30] Reload for file change: /Users/damithch/Repos/nus-cs2103/cs2103-website-base/admin/appendixC-faq.md
2024-11-08T16:04:30.647Z - info: Synchronizing opened pages list before reload
2024-11-08T16:04:30.648Z - info: Current opened pages, from most-to-least recent:
2024-11-08T16:04:30.650Z - info: 1. admin/tp-pe
2024-11-08T16:04:30.652Z - info: [00:04:30] Reload for file change: /Users/damithch/Repos/nus-cs2103/cs2103-website-base/admin/tp-pe-fragment.md
2024-11-08T16:04:30.652Z - info: Synchronizing opened pages list before reload
2024-11-08T16:04:30.653Z - info: Current opened pages, from most-to-least recent:
2024-11-08T16:04:30.653Z - info: 1. admin/tp-pe
2024-11-08T16:04:31.659Z - info: Rebuilding 1 pages
2024-11-08T16:04:32.146Z - info: Site data built
2024-11-08T16:04:32.147Z - info: Pages rebuilt
2024-11-08T16:04:32.147Z - info: Website regeneration complete! Total build time: 0.491s
2024-11-08T16:04:54.227Z - info: [00:04:54] Reload for file change: /Users/damithch/Repos/nus-cs2103/cs2103-website-base/admin/tp-pe-fragment.md
2024-11-08T16:04:54.228Z - info: Synchronizing opened pages list before reload
2024-11-08T16:04:54.228Z - info: Current opened pages, from most-to-least recent:
2024-11-08T16:04:54.228Z - info: 1. admin/tp-pe
2024-11-08T16:04:55.232Z - info: Rebuilding 1 pages
2024-11-08T16:04:55.693Z - info: Site data built
2024-11-08T16:04:55.693Z - info: Pages rebuilt
2024-11-08T16:04:55.693Z - info: Website regeneration complete! Total build time: 0.462s
2024-11-08T16:05:05.649Z - info: [00:05:05] Reload for file change: /Users/damithch/Repos/nus-cs2103/cs2103-website-base/admin/tp-pe-fragment.md
2024-11-08T16:05:05.649Z - info: Synchronizing opened pages list before reload
2024-11-08T16:05:05.649Z - info: Current opened pages, from most-to-least recent:
2024-11-08T16:05:05.649Z - info: 1. admin/tp-pe
2024-11-08T16:05:06.655Z - info: Rebuilding 1 pages
2024-11-08T16:05:07.097Z - info: Site data built
2024-11-08T16:05:07.098Z - info: Pages rebuilt
2024-11-08T16:05:07.098Z - info: Website regeneration complete! Total build time: 0.445s
2024-11-08T16:08:10.785Z - info: [00:08:10] Reload for file change: /Users/damithch/Repos/nus-cs2103/cs2103-website-base/admin/tp-grading-bugs-fragment.md
2024-11-08T16:08:10.786Z - info: Synchronizing opened pages list before reload
2024-11-08T16:08:10.787Z - info: Current opened pages, from most-to-least recent:
2024-11-08T16:08:10.787Z - info: 1. admin/tp-pe
2024-11-08T16:08:11.798Z - info: Rebuilding 1 pages
2024-11-08T16:08:12.329Z - info: Site data built
2024-11-08T16:08:12.329Z - info: Pages rebuilt
2024-11-08T16:08:12.329Z - info: Website regeneration complete! Total build time: 0.534s
2024-11-08T16:15:23.959Z - info: [00:15:23] Reload for file change: /Users/damithch/Repos/nus-cs2103/cs2103-website-base/admin/faq-fragment.md
2024-11-08T16:15:23.960Z - info: Synchronizing opened pages list before reload
2024-11-08T16:15:23.961Z - info: Current opened pages, from most-to-least recent:
2024-11-08T16:15:23.961Z - info: 1. admin/tp-pe
2024-11-08T16:15:23.961Z - info: [00:15:23] Reload for file change: /Users/damithch/Repos/nus-cs2103/cs2103-website-base/admin/appendixC-faq.md
2024-11-08T16:15:23.961Z - info: Synchronizing opened pages list before reload
2024-11-08T16:15:23.961Z - info: Current opened pages, from most-to-least recent:
2024-11-08T16:15:23.961Z - info: 1. admin/tp-pe
2024-11-08T16:15:24.976Z - info: Rebuilding 1 pages
2024-11-08T16:15:25.496Z - info: Site data built
2024-11-08T16:15:25.496Z - info: Pages rebuilt
2024-11-08T16:15:25.496Z - info: Website regeneration complete! Total build time: 0.523s
2024-11-08T16:15:40.802Z - info: [00:15:40] Reload for file change: /Users/damithch/Repos/nus-cs2103/cs2103-website-base/admin/appendixC-faq.md
2024-11-08T16:15:40.802Z - info: Synchronizing opened pages list before reload
2024-11-08T16:15:40.802Z - info: Current opened pages, from most-to-least recent:
2024-11-08T16:15:40.802Z - info: 1. admin/tp-pe
2024-11-08T16:15:41.812Z - info: No pages needed to be rebuilt
2024-11-08T16:15:54.725Z - info: [00:15:54] Reload for file change: /Users/damithch/Repos/nus-cs2103/cs2103-website-base/admin/appendixC-faq.md
2024-11-08T16:15:54.725Z - info: Synchronizing opened pages list before reload
2024-11-08T16:15:54.725Z - info: Current opened pages, from most-to-least recent:
2024-11-08T16:15:54.725Z - info: 1. admin/tp-pe
2024-11-08T16:15:55.728Z - info: No pages needed to be rebuilt
2024-11-08T16:16:52.773Z - info: [00:16:52] Reload for file change: /Users/damithch/Repos/nus-cs2103/cs2103-website-base/admin/tp-pe-fragment.md
2024-11-08T16:16:52.775Z - info: Synchronizing opened pages list before reload
2024-11-08T16:16:52.776Z - info: Current opened pages, from most-to-least recent:
2024-11-08T16:16:52.778Z - info: 1. admin/tp-pe
2024-11-08T16:16:52.780Z - info: [00:16:52] Reload for file change: /Users/damithch/Repos/nus-cs2103/cs2103-website-base/admin/appendixC-faq.md
2024-11-08T16:16:52.781Z - info: Synchronizing opened pages list before reload
2024-11-08T16:16:52.781Z - info: Current opened pages, from most-to-least recent:
2024-11-08T16:16:52.781Z - info: 1. admin/tp-pe
2024-11-08T16:16:53.799Z - info: Rebuilding 1 pages
2024-11-08T16:16:54.399Z - info: Site data built
2024-11-08T16:16:54.399Z - info: Pages rebuilt
2024-11-08T16:16:54.399Z - info: Website regeneration complete! Total build time: 0.613s
2024-11-08T16:18:51.583Z - info: [00:18:51] Reload for file change: /Users/damithch/Repos/nus-cs2103/cs2103-website-base/admin/tp-grading-bugs-fragment.md
2024-11-08T16:18:51.635Z - info: Synchronizing opened pages list before reload
2024-11-08T16:18:51.636Z - info: Current opened pages, from most-to-least recent:
2024-11-08T16:18:51.636Z - info: 1. admin/tp-pe
2024-11-08T16:18:52.645Z - info: Rebuilding 1 pages
2024-11-08T16:18:53.257Z - info: Site data built
2024-11-08T16:18:53.257Z - info: Pages rebuilt
2024-11-08T16:18:53.257Z - info: Website regeneration complete! Total build time: 0.616s
2024-11-08T16:20:22.975Z - info: [00:20:22] Reload for file change: /Users/damithch/Repos/nus-cs2103/cs2103-website-base/admin/faq-fragment.md
2024-11-08T16:20:22.976Z - info: Synchronizing opened pages list before reload
2024-11-08T16:20:22.976Z - info: Current opened pages, from most-to-least recent:
2024-11-08T16:20:22.976Z - info: 1. admin/tp-pe
2024-11-08T16:20:23.983Z - info: Rebuilding 1 pages
2024-11-08T16:20:24.586Z - info: Site data built
2024-11-08T16:20:24.586Z - info: Pages rebuilt
2024-11-08T16:20:24.586Z - info: Website regeneration complete! Total build time: 0.605s
2024-11-08T16:23:53.011Z - info: [00:23:53] Reload for file change: /Users/damithch/Repos/nus-cs2103/cs2103-website-base/admin/tp-pe-fragment.md
2024-11-08T16:23:53.014Z - info: Synchronizing opened pages list before reload
2024-11-08T16:23:53.015Z - info: Current opened pages, from most-to-least recent:
2024-11-08T16:23:53.017Z - info: 1. admin/tp-pe
2024-11-08T16:23:54.030Z - info: Rebuilding 1 pages
2024-11-08T16:23:54.646Z - info: Site data built
2024-11-08T16:23:54.646Z - info: Pages rebuilt
2024-11-08T16:23:54.646Z - info: Website regeneration complete! Total build time: 0.622s
2024-11-08T16:24:25.913Z - info: [00:24:25] Reload for file change: /Users/damithch/Repos/nus-cs2103/cs2103-website-base/admin/tp-pe-fragment.md
2024-11-08T16:24:25.913Z - info: Synchronizing opened pages list before reload
2024-11-08T16:24:25.913Z - info: Current opened pages, from most-to-least recent:
2024-11-08T16:24:25.913Z - info: 1. admin/tp-pe
2024-11-08T16:24:26.925Z - info: Rebuilding 1 pages
2024-11-08T16:24:27.514Z - info: Site data built
2024-11-08T16:24:27.514Z - info: Pages rebuilt
2024-11-08T16:24:27.514Z - info: Website regeneration complete! Total build time: 0.591s
2024-11-08T16:58:12.684Z - info: [00:58:12] Reload for file change: /Users/damithch/Repos/nus-cs2103/cs2103-website-base/admin/tp-pe-fragment.md
2024-11-08T16:58:12.696Z - info: Synchronizing opened pages list before reload
2024-11-08T16:58:12.698Z - info: Current opened pages, from most-to-least recent:
2024-11-08T16:58:12.698Z - info: 1. admin/tp-pe
2024-11-08T16:58:13.710Z - info: Rebuilding 1 pages
2024-11-08T16:58:14.327Z - info: Site data built
2024-11-08T16:58:14.327Z - info: Pages rebuilt
2024-11-08T16:58:14.327Z - info: Website regeneration complete! Total build time: 0.621s
2024-11-08T17:03:56.231Z - info: [01:03:56] Reload for file change: /Users/damithch/Repos/nus-cs2103/cs2103-website-base/admin/tp-pe-fragment.md
2024-11-08T17:03:56.237Z - info: Synchronizing opened pages list before reload
2024-11-08T17:03:56.240Z - info: Current opened pages, from most-to-least recent:
2024-11-08T17:03:56.240Z - info: 1. admin/tp-pe
2024-11-08T17:03:57.291Z - info: Rebuilding 1 pages
2024-11-08T17:03:57.947Z - info: Site data built
2024-11-08T17:03:57.947Z - info: Pages rebuilt
2024-11-08T17:03:57.947Z - info: Website regeneration complete! Total build time: 0.678s
2024-11-08T17:26:17.376Z - info: [01:26:17] Reload for file change: /Users/damithch/Repos/nus-cs2103/cs2103-website-base/admin/tp-ped-fragment.md
2024-11-08T17:26:17.378Z - info: Synchronizing opened pages list before reload
2024-11-08T17:26:17.378Z - info: Current opened pages, from most-to-least recent:
2024-11-08T17:26:17.378Z - info: 1. admin/tp-pe
2024-11-08T17:26:18.385Z - info: Rebuilding 1 pages
2024-11-08T17:26:19.028Z - info: Site data built
2024-11-08T17:26:19.028Z - info: Pages rebuilt
2024-11-08T17:26:19.029Z - info: Website regeneration complete! Total build time: 0.648s
2024-11-08T17:31:40.373Z - info: [01:31:40] Reload for file change: /Users/damithch/Repos/nus-cs2103/cs2103-website-base/admin/tp-pe-fragment.md
2024-11-08T17:31:40.376Z - info: Synchronizing opened pages list before reload
2024-11-08T17:31:40.376Z - info: Current opened pages, from most-to-least recent:
2024-11-08T17:31:40.377Z - info: 1. admin/tp-pe
2024-11-08T17:31:41.393Z - info: Rebuilding 1 pages
2024-11-08T17:31:41.999Z - info: Site data built
2024-11-08T17:31:41.999Z - info: Pages rebuilt
2024-11-08T17:31:42.000Z - info: Website regeneration complete! Total build time: 0.609s
2024-11-08T17:37:45.894Z - info: [01:37:45] Reload for file change: /Users/damithch/Repos/nus-cs2103/cs2103-website-base/admin/tp-pe-fragment.md
2024-11-08T17:37:45.896Z - info: Synchronizing opened pages list before reload
2024-11-08T17:37:45.897Z - info: Current opened pages, from most-to-least recent:
2024-11-08T17:37:45.898Z - info: 1. admin/tp-pe
2024-11-08T17:37:46.908Z - info: Rebuilding 1 pages
2024-11-08T17:37:47.528Z - info: Site data built
2024-11-08T17:37:47.528Z - info: Pages rebuilt
2024-11-08T17:37:47.528Z - info: Website regeneration complete! Total build time: 0.624s
2024-11-08T17:39:27.223Z - info: [01:39:27] Reload for file change: /Users/damithch/Repos/nus-cs2103/cs2103-website-base/admin/tp-pe-fragment.md
2024-11-08T17:39:27.232Z - info: Synchronizing opened pages list before reload
2024-11-08T17:39:27.232Z - info: Current opened pages, from most-to-least recent:
2024-11-08T17:39:27.232Z - info: 1. admin/tp-pe
2024-11-08T17:39:28.239Z - info: Rebuilding 1 pages
2024-11-08T17:39:28.845Z - info: Site data built
2024-11-08T17:39:28.845Z - info: Pages rebuilt
2024-11-08T17:39:28.845Z - info: Website regeneration complete! Total build time: 0.608s
2024-11-08T17:39:59.508Z - info: [01:39:59] Reload for file change: /Users/damithch/Repos/nus-cs2103/cs2103-website-base/admin/tp-pe-fragment.md
2024-11-08T17:39:59.508Z - info: Synchronizing opened pages list before reload
2024-11-08T17:39:59.509Z - info: Current opened pages, from most-to-least recent:
2024-11-08T17:39:59.509Z - info: 1. admin/tp-pe
2024-11-08T17:40:00.530Z - info: Rebuilding 1 pages
2024-11-08T17:40:01.145Z - info: Site data built
2024-11-08T17:40:01.145Z - info: Pages rebuilt
2024-11-08T17:40:01.145Z - info: Website regeneration complete! Total build time: 0.619s
2024-11-08T17:41:38.192Z - info: [01:41:38] Reload for file change: /Users/damithch/Repos/nus-cs2103/cs2103-website-base/admin/tp-pe-fragment.md
2024-11-08T17:41:38.194Z - info: Synchronizing opened pages list before reload
2024-11-08T17:41:38.198Z - info: Current opened pages, from most-to-least recent:
2024-11-08T17:41:38.199Z - info: 1. admin/tp-pe
2024-11-08T17:41:39.207Z - info: Rebuilding 1 pages
2024-11-08T17:41:39.823Z - info: Site data built
2024-11-08T17:41:39.823Z - info: Pages rebuilt
2024-11-08T17:41:39.823Z - info: Website regeneration complete! Total build time: 0.619s
2024-11-08T17:43:03.411Z - info: [01:43:03] Reload for file change: /Users/damithch/Repos/nus-cs2103/cs2103-website-base/admin/tp-pe-fragment.md
2024-11-08T17:43:03.417Z - info: Synchronizing opened pages list before reload
2024-11-08T17:43:03.418Z - info: Current opened pages, from most-to-least recent:
2024-11-08T17:43:03.418Z - info: 1. admin/tp-pe
2024-11-08T17:43:04.430Z - info: Rebuilding 1 pages
2024-11-08T17:43:05.066Z - info: Site data built
2024-11-08T17:43:05.067Z - info: Pages rebuilt
2024-11-08T17:43:05.067Z - info: Website regeneration complete! Total build time: 0.642s
2024-11-08T17:54:05.730Z - info: [01:54:05] Reload for file change: /Users/damithch/Repos/nus-cs2103/cs2103-website-base/admin/tp-pe-fragment.md
2024-11-08T17:54:05.731Z - info: Synchronizing opened pages list before reload
2024-11-08T17:54:05.732Z - info: Current opened pages, from most-to-least recent:
2024-11-08T17:54:05.732Z - info: 1. admin/tp-pe
2024-11-08T17:54:06.747Z - info: Rebuilding 1 pages
2024-11-08T17:54:07.369Z - info: Site data built
2024-11-08T17:54:07.369Z - info: Pages rebuilt
2024-11-08T17:54:07.369Z - info: Website regeneration complete! Total build time: 0.625s
2024-11-08T17:59:21.081Z - info: [01:59:21] Reload for file change: /Users/damithch/Repos/nus-cs2103/cs2103-website-base/admin/faq-fragment.md
2024-11-08T17:59:21.082Z - info: Synchronizing opened pages list before reload
2024-11-08T17:59:21.083Z - info: Current opened pages, from most-to-least recent:
2024-11-08T17:59:21.083Z - info: 1. admin/tp-pe
2024-11-08T17:59:21.084Z - info: [01:59:21] Reload for file change: /Users/damithch/Repos/nus-cs2103/cs2103-website-base/admin/appendixC-faq.md
2024-11-08T17:59:21.084Z - info: Synchronizing opened pages list before reload
2024-11-08T17:59:21.084Z - info: Current opened pages, from most-to-least recent:
2024-11-08T17:59:21.084Z - info: 1. admin/tp-pe
2024-11-08T17:59:22.097Z - info: Rebuilding 1 pages
2024-11-08T17:59:22.687Z - info: Site data built
2024-11-08T17:59:22.687Z - info: Pages rebuilt
2024-11-08T17:59:22.687Z - info: Website regeneration complete! Total build time: 0.593s
2024-11-08T18:00:34.024Z - info: [02:00:34] Reload for file change: /Users/damithch/Repos/nus-cs2103/cs2103-website-base/admin/tp-pe-fragment.md
2024-11-08T18:00:34.027Z - info: Synchronizing opened pages list before reload
2024-11-08T18:00:34.029Z - info: Current opened pages, from most-to-least recent:
2024-11-08T18:00:34.029Z - info: 1. admin/tp-pe
2024-11-08T18:00:34.032Z - info: [02:00:34] Reload for file change: /Users/damithch/Repos/nus-cs2103/cs2103-website-base/admin/appendixC-faq.md
2024-11-08T18:00:34.034Z - info: Synchronizing opened pages list before reload
2024-11-08T18:00:34.034Z - info: Current opened pages, from most-to-least recent:
2024-11-08T18:00:34.034Z - info: 1. admin/tp-pe
2024-11-08T18:00:35.041Z - info: Rebuilding 1 pages
2024-11-08T18:00:35.685Z - info: Site data built
2024-11-08T18:00:35.685Z - info: Pages rebuilt
2024-11-08T18:00:35.685Z - info: Website regeneration complete! Total build time: 0.647s
2024-11-08T18:02:26.046Z - info: [02:02:26] Reload for file change: /Users/damithch/Repos/nus-cs2103/cs2103-website-base/admin/courseBriefings.md
2024-11-08T18:02:26.048Z - info: Synchronizing opened pages list before reload
2024-11-08T18:02:26.048Z - info: Current opened pages, from most-to-least recent:
2024-11-08T18:02:26.048Z - info: 1. index
2024-11-08T18:02:27.064Z - info: Rebuilding 1 pages
2024-11-08T18:02:27.464Z - info: Site data built
2024-11-08T18:02:27.464Z - info: Pages rebuilt
2024-11-08T18:02:27.464Z - info: Website regeneration complete! Total build time: 0.404s
2024-11-08T18:03:24.856Z - info: Building /Users/damithch/Repos/nus-cs2103/cs2103-website-base/schedule/week13/admin as some of its dependencies were changed since the last visit
2024-11-08T18:03:25.070Z - info: Site data built
2024-11-08T18:03:25.070Z - info: Lazy website regeneration complete! Total build time: 0.215s
2024-11-08T18:03:45.499Z - info: Website generation started at 02:03:44
2024-11-08T18:03:45.806Z - warn: ENOENT: no such file or directory, open '/Users/damithch/Repos/nus-cs2103/cs2103-website-base/node_modules/.cache/gh-pages/https!github.com!nus-cs2103-AY2425S1!website.git/book/_markbind/variables.md'
2024-11-08T18:03:45.807Z - warn: ENOENT: no such file or directory, open '/Users/damithch/Repos/nus-cs2103/cs2103-website-base/node_modules/.cache/gh-pages/https!github.com!nus-cs2103-AY2425S1!website.git/_markbind/variables.md'
2024-11-08T18:03:45.825Z - info: Building assets...
2024-11-08T18:03:47.169Z - info: Assets built
2024-11-08T18:03:47.170Z - info: Generating pages...
2024-11-08T18:03:52.963Z - debug:  
2024-11-08T18:03:52.964Z - debug: 2024-11-09 02:03:49.786 java[76707:1775950] +[IMKClient subclass]: chose IMKClient_Modern
2024-11-09 02:03:49.786 java[76707:1775950] +[IMKInputSession subclass]: chose IMKInputSession_Modern

2024-11-08T18:03:53.164Z - debug:  
2024-11-08T18:03:53.164Z - debug:  
2024-11-08T18:03:53.164Z - debug:  
2024-11-08T18:03:53.164Z - debug:  
2024-11-08T18:03:53.164Z - debug:  
2024-11-08T18:03:53.324Z - debug:  
2024-11-08T18:03:53.324Z - debug:  
2024-11-08T18:03:53.324Z - debug:  
2024-11-08T18:03:53.324Z - debug:  
2024-11-08T18:03:53.324Z - debug:  
2024-11-08T18:03:53.324Z - debug:  
2024-11-08T18:03:53.324Z - debug: 2024-11-09 02:03:50.880 java[76744:1776222] +[IMKClient subclass]: chose IMKClient_Modern
2024-11-09 02:03:50.880 java[76744:1776222] +[IMKInputSession subclass]: chose IMKInputSession_Modern

2024-11-08T18:03:53.324Z - debug:  
2024-11-08T18:03:53.324Z - debug:  
2024-11-08T18:03:53.762Z - debug: 2024-11-09 02:03:52.714 java[76767:1776800] +[IMKClient subclass]: chose IMKClient_Modern
2024-11-09 02:03:52.714 java[76767:1776800] +[IMKInputSession subclass]: chose IMKInputSession_Modern

2024-11-08T18:04:01.530Z - debug: 2024-11-09 02:04:01.092 java[76803:1777195] +[IMKClient subclass]: chose IMKClient_Modern
2024-11-09 02:04:01.092 java[76803:1777195] +[IMKInputSession subclass]: chose IMKInputSession_Modern

2024-11-08T18:04:43.207Z - debug: 2024-11-09 02:04:40.806 java[76839:1778315] +[IMKClient subclass]: chose IMKClient_Modern
2024-11-09 02:04:40.806 java[76839:1778315] +[IMKInputSession subclass]: chose IMKInputSession_Modern

2024-11-08T18:04:53.750Z - debug: 2024-11-09 02:04:53.043 java[76858:1778750] +[IMKClient subclass]: chose IMKClient_Modern
2024-11-09 02:04:53.043 java[76858:1778750] +[IMKInputSession subclass]: chose IMKInputSession_Modern

2024-11-08T18:04:53.893Z - debug:  
2024-11-08T18:05:00.362Z - info: Pages built
2024-11-08T18:05:00.423Z - info: Site data built
2024-11-08T18:05:00.423Z - info: Website generation complete! Total build time: 75.702s
2024-11-08T18:05:00.423Z - info: Build success!
2024-11-08T18:05:22.330Z - info: The website has been deployed at: https://nus-cs2103-ay2425s1.github.io/website
2024-11-09T03:43:38.437Z - info: Website generation (lazy) started at 11:43:37
2024-11-09T03:43:38.793Z - warn: ENOENT: no such file or directory, open '/Users/damithch/Repos/nus-cs2103/cs2103-website-base/node_modules/.cache/gh-pages/https!github.com!nus-cs2103-AY2425S1!website.git/book/_markbind/variables.md'
2024-11-09T03:43:38.793Z - warn: ENOENT: no such file or directory, open '/Users/damithch/Repos/nus-cs2103/cs2103-website-base/node_modules/.cache/gh-pages/https!github.com!nus-cs2103-AY2425S1!website.git/_markbind/variables.md'
2024-11-09T03:43:38.811Z - info: Building assets...
2024-11-09T03:43:40.177Z - info: Assets built
2024-11-09T03:43:40.178Z - info: Generating landing page...
2024-11-09T03:43:40.614Z - info: Landing page built, other pages will be built as you navigate to them!
2024-11-09T03:43:40.688Z - info: Site data built
2024-11-09T03:43:40.688Z - info: Website generation (lazy) complete! Total build time: 3.301s
2024-11-09T03:43:40.701Z - info: Serving "/Users/damithch/Repos/nus-cs2103/cs2103-website-base/_site" at http://127.0.0.1:8080
2024-11-09T03:43:40.701Z - info: Press CTRL+C to stop ...
2024-11-09T03:43:47.196Z - info: Building /Users/damithch/Repos/nus-cs2103/cs2103-website-base/schedule/week13/project as some of its dependencies were changed since the last visit
2024-11-09T03:43:48.844Z - info: Site data built
2024-11-09T03:43:48.844Z - info: Lazy website regeneration complete! Total build time: 1.649s
2024-11-09T03:44:23.407Z - info: Website generation started at 11:44:22
2024-11-09T03:44:23.599Z - warn: ENOENT: no such file or directory, open '/Users/damithch/Repos/nus-cs2103/cs2103-website-base/node_modules/.cache/gh-pages/https!github.com!nus-cs2103-AY2425S1!website.git/book/_markbind/variables.md'
2024-11-09T03:44:23.599Z - warn: ENOENT: no such file or directory, open '/Users/damithch/Repos/nus-cs2103/cs2103-website-base/node_modules/.cache/gh-pages/https!github.com!nus-cs2103-AY2425S1!website.git/_markbind/variables.md'
2024-11-09T03:44:23.618Z - info: Building assets...
2024-11-09T03:44:24.982Z - info: Assets built
2024-11-09T03:44:24.982Z - info: Generating pages...
2024-11-09T03:44:31.626Z - debug:  
2024-11-09T03:44:31.626Z - debug:  
2024-11-09T03:44:31.626Z - debug:  
2024-11-09T03:44:31.627Z - debug:  
2024-11-09T03:44:31.627Z - debug:  
2024-11-09T03:44:31.627Z - debug:  
2024-11-09T03:44:31.627Z - debug:  
2024-11-09T03:44:31.627Z - debug:  
2024-11-09T03:44:31.627Z - debug:  
2024-11-09T03:44:31.627Z - debug:  
2024-11-09T03:44:31.627Z - debug: 2024-11-09 11:44:28.647 java[83424:2183216] +[IMKClient subclass]: chose IMKClient_Modern
2024-11-09 11:44:28.647 java[83424:2183216] +[IMKInputSession subclass]: chose IMKInputSession_Modern

2024-11-09T03:44:31.627Z - debug:  
2024-11-09T03:44:31.627Z - debug:  
2024-11-09T03:44:31.923Z - debug:  
2024-11-09T03:44:31.923Z - debug:  
2024-11-09T03:44:31.923Z - debug:  
2024-11-09T03:44:32.590Z - debug: 2024-11-09 11:44:32.219 java[83467:2184059] +[IMKClient subclass]: chose IMKClient_Modern
2024-11-09 11:44:32.219 java[83467:2184059] +[IMKInputSession subclass]: chose IMKInputSession_Modern

2024-11-09T03:44:40.377Z - debug: 2024-11-09 11:44:40.017 java[83490:2184407] +[IMKClient subclass]: chose IMKClient_Modern
2024-11-09 11:44:40.017 java[83490:2184407] +[IMKInputSession subclass]: chose IMKInputSession_Modern

2024-11-09T03:45:20.507Z - debug: 2024-11-09 11:45:18.475 java[83520:2185272] +[IMKClient subclass]: chose IMKClient_Modern
2024-11-09 11:45:18.475 java[83520:2185272] +[IMKInputSession subclass]: chose IMKInputSession_Modern

2024-11-09T03:45:30.151Z - debug: 2024-11-09 11:45:29.748 java[83529:2185548] +[IMKClient subclass]: chose IMKClient_Modern
2024-11-09 11:45:29.748 java[83529:2185548] +[IMKInputSession subclass]: chose IMKInputSession_Modern

2024-11-09T03:45:30.504Z - debug:  
2024-11-09T03:45:36.646Z - info: Pages built
2024-11-09T03:45:36.711Z - info: Site data built
2024-11-09T03:45:36.711Z - info: Website generation complete! Total build time: 73.98s
2024-11-09T03:45:36.711Z - info: Build success!
2024-11-09T03:46:02.818Z - info: The website has been deployed at: https://nus-cs2103-ay2425s1.github.io/website
2024-11-09T08:07:17.085Z - info: Website generation (lazy) started at 16:07:16
2024-11-09T08:07:17.376Z - warn: ENOENT: no such file or directory, open '/Users/damithch/Repos/nus-cs2103/cs2103-website-base/node_modules/.cache/gh-pages/https!github.com!nus-cs2103-AY2425S1!website.git/book/_markbind/variables.md'
2024-11-09T08:07:17.377Z - warn: ENOENT: no such file or directory, open '/Users/damithch/Repos/nus-cs2103/cs2103-website-base/node_modules/.cache/gh-pages/https!github.com!nus-cs2103-AY2425S1!website.git/_markbind/variables.md'
2024-11-09T08:07:17.395Z - info: Building assets...
2024-11-09T08:07:18.756Z - info: Assets built
2024-11-09T08:07:18.756Z - info: Generating landing page...
2024-11-09T08:07:19.186Z - info: Landing page built, other pages will be built as you navigate to them!
2024-11-09T08:07:19.258Z - info: Site data built
2024-11-09T08:07:19.258Z - info: Website generation (lazy) complete! Total build time: 3.15s
2024-11-09T08:07:19.268Z - info: Serving "/Users/damithch/Repos/nus-cs2103/cs2103-website-base/_site" at http://127.0.0.1:8080
2024-11-09T08:07:19.268Z - info: Press CTRL+C to stop ...
2024-11-09T08:07:24.447Z - info: Building /Users/damithch/Repos/nus-cs2103/cs2103-website-base/admin/tp-pe as some of its dependencies were changed since the last visit
2024-11-09T08:07:25.048Z - info: Site data built
2024-11-09T08:07:25.048Z - info: Lazy website regeneration complete! Total build time: 0.602s
2024-11-09T08:09:39.474Z - info: [16:09:39] Reload for file change: /Users/damithch/Repos/nus-cs2103/cs2103-website-base/admin/tp-pe-bug-triaging-guidelines-fragment.md
2024-11-09T08:09:39.480Z - info: Synchronizing opened pages list before reload
2024-11-09T08:09:39.480Z - info: Current opened pages, from most-to-least recent:
2024-11-09T08:09:39.481Z - info: 1. admin/tp-pe
2024-11-09T08:09:40.486Z - info: Rebuilding 1 pages
2024-11-09T08:09:41.159Z - info: Site data built
2024-11-09T08:09:41.159Z - info: Pages rebuilt
2024-11-09T08:09:41.159Z - info: Website regeneration complete! Total build time: 0.675s
2024-11-09T08:11:08.501Z - info: Website generation started at 16:11:07
2024-11-09T08:11:08.777Z - warn: ENOENT: no such file or directory, open '/Users/damithch/Repos/nus-cs2103/cs2103-website-base/node_modules/.cache/gh-pages/https!github.com!nus-cs2103-AY2425S1!website.git/book/_markbind/variables.md'
2024-11-09T08:11:08.778Z - warn: ENOENT: no such file or directory, open '/Users/damithch/Repos/nus-cs2103/cs2103-website-base/node_modules/.cache/gh-pages/https!github.com!nus-cs2103-AY2425S1!website.git/_markbind/variables.md'
2024-11-09T08:11:08.796Z - info: Building assets...
2024-11-09T08:11:10.163Z - info: Assets built
2024-11-09T08:11:10.164Z - info: Generating pages...
2024-11-09T08:11:15.933Z - debug: 2024-11-09 16:11:13.071 java[93438:2451813] +[IMKClient subclass]: chose IMKClient_Modern
2024-11-09 16:11:13.071 java[93438:2451813] +[IMKInputSession subclass]: chose IMKInputSession_Modern

2024-11-09T08:11:15.933Z - debug:  
2024-11-09T08:11:16.241Z - debug:  
2024-11-09T08:11:16.241Z - debug: 2024-11-09 16:11:12.029 java[93420:2451660] +[IMKClient subclass]: chose IMKClient_Modern
2024-11-09 16:11:12.029 java[93420:2451660] +[IMKInputSession subclass]: chose IMKInputSession_Modern

2024-11-09T08:11:16.242Z - debug:  
2024-11-09T08:11:16.242Z - debug:  
2024-11-09T08:11:16.242Z - debug:  
2024-11-09T08:11:16.242Z - debug:  
2024-11-09T08:11:16.242Z - debug:  
2024-11-09T08:11:16.242Z - debug:  
2024-11-09T08:11:16.242Z - debug:  
2024-11-09T08:11:16.242Z - debug:  
2024-11-09T08:11:16.242Z - debug:  
2024-11-09T08:11:16.242Z - debug:  
2024-11-09T08:11:16.242Z - debug:  
2024-11-09T08:11:16.242Z - debug:  
2024-11-09T08:11:16.955Z - debug: 2024-11-09 16:11:16.575 java[93496:2452765] +[IMKClient subclass]: chose IMKClient_Modern
2024-11-09 16:11:16.575 java[93496:2452765] +[IMKInputSession subclass]: chose IMKInputSession_Modern

2024-11-09T08:11:24.223Z - debug: 2024-11-09 16:11:23.910 java[93514:2453222] +[IMKClient subclass]: chose IMKClient_Modern
2024-11-09 16:11:23.910 java[93514:2453222] +[IMKInputSession subclass]: chose IMKInputSession_Modern

2024-11-09T08:12:03.493Z - debug: 2024-11-09 16:12:01.432 java[93580:2454324] +[IMKClient subclass]: chose IMKClient_Modern
2024-11-09 16:12:01.432 java[93580:2454324] +[IMKInputSession subclass]: chose IMKInputSession_Modern

2024-11-09T08:12:12.898Z - debug: 2024-11-09 16:12:12.496 java[93599:2454756] +[IMKClient subclass]: chose IMKClient_Modern
2024-11-09 16:12:12.496 java[93599:2454756] +[IMKInputSession subclass]: chose IMKInputSession_Modern

2024-11-09T08:12:13.301Z - debug:  
2024-11-09T08:12:19.367Z - info: Pages built
2024-11-09T08:12:19.432Z - info: Site data built
2024-11-09T08:12:19.432Z - info: Website generation complete! Total build time: 71.697s
2024-11-09T08:12:19.432Z - info: Build success!
2024-11-09T08:12:41.666Z - info: The website has been deployed at: https://nus-cs2103-ay2425s1.github.io/website
2024-11-09T08:18:07.754Z - info: Website generation (lazy) started at 16:18:06
2024-11-09T08:18:08.022Z - warn: ENOENT: no such file or directory, open '/Users/damithch/Repos/nus-cs2103/cs2103-website-base/node_modules/.cache/gh-pages/https!github.com!nus-cs2103-AY2425S1!website.git/book/_markbind/variables.md'
2024-11-09T08:18:08.023Z - warn: ENOENT: no such file or directory, open '/Users/damithch/Repos/nus-cs2103/cs2103-website-base/node_modules/.cache/gh-pages/https!github.com!nus-cs2103-AY2425S1!website.git/_markbind/variables.md'
2024-11-09T08:18:08.041Z - info: Building assets...
2024-11-09T08:18:09.436Z - info: Assets built
2024-11-09T08:18:09.436Z - info: Generating landing page...
2024-11-09T08:18:09.874Z - info: Landing page built, other pages will be built as you navigate to them!
2024-11-09T08:18:09.944Z - info: Site data built
2024-11-09T08:18:09.944Z - info: Website generation (lazy) complete! Total build time: 3.144s
2024-11-09T08:18:09.952Z - info: Serving "/Users/damithch/Repos/nus-cs2103/cs2103-website-base/_site" at http://127.0.0.1:8080
2024-11-09T08:18:09.952Z - info: Press CTRL+C to stop ...
2024-11-09T08:18:20.283Z - info: Building /Users/damithch/Repos/nus-cs2103/cs2103-website-base/admin/tp-pe as some of its dependencies were changed since the last visit
2024-11-09T08:18:20.951Z - info: Site data built
2024-11-09T08:18:20.951Z - info: Lazy website regeneration complete! Total build time: 0.669s
2024-11-09T08:22:41.613Z - info: [16:22:41] Reload for file change: /Users/damithch/Repos/nus-cs2103/cs2103-website-base/admin/tp-pe-bug-triaging-guidelines-fragment.md
2024-11-09T08:22:41.616Z - info: Synchronizing opened pages list before reload
2024-11-09T08:22:41.617Z - info: Current opened pages, from most-to-least recent:
2024-11-09T08:22:41.617Z - info: 1. admin/tp-pe
2024-11-09T08:22:42.626Z - info: Rebuilding 1 pages
2024-11-09T08:22:43.241Z - info: Site data built
2024-11-09T08:22:43.242Z - info: Pages rebuilt
2024-11-09T08:22:43.242Z - info: Website regeneration complete! Total build time: 0.619s
2024-11-09T08:26:02.270Z - info: [16:26:02] Reload for file change: /Users/damithch/Repos/nus-cs2103/cs2103-website-base/admin/tp-pe-bug-triaging-guidelines-fragment.md
2024-11-09T08:26:02.272Z - info: Synchronizing opened pages list before reload
2024-11-09T08:26:02.273Z - info: Current opened pages, from most-to-least recent:
2024-11-09T08:26:02.274Z - info: 1. admin/tp-pe
2024-11-09T08:26:03.281Z - info: Rebuilding 1 pages
2024-11-09T08:26:03.908Z - info: Site data built
2024-11-09T08:26:03.908Z - info: Pages rebuilt
2024-11-09T08:26:03.908Z - info: Website regeneration complete! Total build time: 0.629s
2024-11-09T08:26:37.803Z - info: Website generation started at 16:26:37
2024-11-09T08:26:38.075Z - warn: ENOENT: no such file or directory, open '/Users/damithch/Repos/nus-cs2103/cs2103-website-base/node_modules/.cache/gh-pages/https!github.com!nus-cs2103-AY2425S1!website.git/book/_markbind/variables.md'
2024-11-09T08:26:38.075Z - warn: ENOENT: no such file or directory, open '/Users/damithch/Repos/nus-cs2103/cs2103-website-base/node_modules/.cache/gh-pages/https!github.com!nus-cs2103-AY2425S1!website.git/_markbind/variables.md'
2024-11-09T08:26:38.094Z - info: Building assets...
2024-11-09T08:26:39.462Z - info: Assets built
2024-11-09T08:26:39.462Z - info: Generating pages...
2024-11-09T08:26:44.526Z - debug:  
2024-11-09T08:26:44.526Z - debug: 2024-11-09 16:26:41.335 java[94366:2471472] +[IMKClient subclass]: chose IMKClient_Modern
2024-11-09 16:26:41.335 java[94366:2471472] +[IMKInputSession subclass]: chose IMKInputSession_Modern

2024-11-09T08:26:44.526Z - debug:  
2024-11-09T08:26:44.526Z - debug:  
2024-11-09T08:26:44.526Z - debug:  
2024-11-09T08:26:44.526Z - debug:  
2024-11-09T08:26:44.526Z - debug:  
2024-11-09T08:26:44.526Z - debug:  
2024-11-09T08:26:44.526Z - debug:  
2024-11-09T08:26:44.526Z - debug:  
2024-11-09T08:26:44.526Z - debug:  
2024-11-09T08:26:44.526Z - debug:  
2024-11-09T08:26:44.526Z - debug: 2024-11-09 16:26:42.316 java[94401:2471775] +[IMKClient subclass]: chose IMKClient_Modern
2024-11-09 16:26:42.316 java[94401:2471775] +[IMKInputSession subclass]: chose IMKInputSession_Modern

2024-11-09T08:26:44.583Z - debug:  
2024-11-09T08:26:44.584Z - debug:  
2024-11-09T08:26:44.584Z - debug:  
2024-11-09T08:26:45.212Z - debug: 2024-11-09 16:26:44.852 java[94433:2472485] +[IMKClient subclass]: chose IMKClient_Modern
2024-11-09 16:26:44.852 java[94433:2472485] +[IMKInputSession subclass]: chose IMKInputSession_Modern

2024-11-09T08:26:52.885Z - debug: 2024-11-09 16:26:52.515 java[94450:2472694] +[IMKClient subclass]: chose IMKClient_Modern
2024-11-09 16:26:52.515 java[94450:2472694] +[IMKInputSession subclass]: chose IMKInputSession_Modern

2024-11-09T08:27:34.790Z - debug: 2024-11-09 16:27:32.577 java[94479:2473807] +[IMKClient subclass]: chose IMKClient_Modern
2024-11-09 16:27:32.577 java[94479:2473807] +[IMKInputSession subclass]: chose IMKInputSession_Modern

2024-11-09T08:27:44.006Z - debug:  
2024-11-09T08:27:44.067Z - debug: 2024-11-09 16:27:43.624 java[94491:2474095] +[IMKClient subclass]: chose IMKClient_Modern
2024-11-09 16:27:43.624 java[94491:2474095] +[IMKInputSession subclass]: chose IMKInputSession_Modern

2024-11-09T08:27:50.173Z - info: Pages built
2024-11-09T08:27:50.243Z - info: Site data built
2024-11-09T08:27:50.243Z - info: Website generation complete! Total build time: 73.21s
2024-11-09T08:27:50.243Z - info: Build success!
2024-11-09T08:28:12.389Z - info: The website has been deployed at: https://nus-cs2103-ay2425s1.github.io/website
2024-11-09T09:23:33.402Z - info: Website generation (lazy) started at 17:23:32
2024-11-09T09:23:33.669Z - warn: ENOENT: no such file or directory, open '/Users/damithch/Repos/nus-cs2103/cs2103-website-base/node_modules/.cache/gh-pages/https!github.com!nus-cs2103-AY2425S1!website.git/book/_markbind/variables.md'
2024-11-09T09:23:33.669Z - warn: ENOENT: no such file or directory, open '/Users/damithch/Repos/nus-cs2103/cs2103-website-base/node_modules/.cache/gh-pages/https!github.com!nus-cs2103-AY2425S1!website.git/_markbind/variables.md'
2024-11-09T09:23:33.688Z - info: Building assets...
2024-11-09T09:23:35.120Z - info: Assets built
2024-11-09T09:23:35.121Z - info: Generating landing page...
2024-11-09T09:23:35.666Z - info: Landing page built, other pages will be built as you navigate to them!
2024-11-09T09:23:35.730Z - info: Site data built
2024-11-09T09:23:35.730Z - info: Website generation (lazy) complete! Total build time: 3.287s
2024-11-09T09:23:35.742Z - info: Serving "/Users/damithch/Repos/nus-cs2103/cs2103-website-base/_site" at http://127.0.0.1:8080
2024-11-09T09:23:35.742Z - info: Press CTRL+C to stop ...
2024-11-09T09:24:41.431Z - info: Building /Users/damithch/Repos/nus-cs2103/cs2103-website-base/schedule/week13/project as some of its dependencies were changed since the last visit
2024-11-09T09:24:43.048Z - info: Site data built
2024-11-09T09:24:43.048Z - info: Lazy website regeneration complete! Total build time: 1.618s
2024-11-09T09:28:02.926Z - info: [17:28:02] Reload for file change: /Users/damithch/Repos/nus-cs2103/cs2103-website-base/admin/tp-tasks-fragment.md
2024-11-09T09:28:02.929Z - info: Synchronizing opened pages list before reload
2024-11-09T09:28:02.932Z - info: Current opened pages, from most-to-least recent:
2024-11-09T09:28:02.933Z - info: 1. schedule/week13/project
2024-11-09T09:28:03.943Z - info: Rebuilding 1 pages
2024-11-09T09:28:05.513Z - info: Site data built
2024-11-09T09:28:05.513Z - info: Pages rebuilt
2024-11-09T09:28:05.513Z - info: Website regeneration complete! Total build time: 1.573s
2024-11-09T09:30:54.177Z - info: [17:30:54] Reload for file change: /Users/damithch/Repos/nus-cs2103/cs2103-website-base/admin/tp-tasks-fragment.md
2024-11-09T09:30:54.179Z - info: Synchronizing opened pages list before reload
2024-11-09T09:30:54.181Z - info: Current opened pages, from most-to-least recent:
2024-11-09T09:30:54.183Z - info: 1. schedule/week13/project
2024-11-09T09:30:55.190Z - info: Rebuilding 1 pages
2024-11-09T09:30:56.761Z - info: Site data built
2024-11-09T09:30:56.761Z - info: Pages rebuilt
2024-11-09T09:30:56.761Z - info: Website regeneration complete! Total build time: 1.575s
2024-11-09T09:32:13.750Z - info: [17:32:13] Reload for file change: /Users/damithch/Repos/nus-cs2103/cs2103-website-base/admin/tp-tasks-fragment.md
2024-11-09T09:32:13.751Z - info: Synchronizing opened pages list before reload
2024-11-09T09:32:13.751Z - info: Current opened pages, from most-to-least recent:
2024-11-09T09:32:13.751Z - info: 1. schedule/week13/project
2024-11-09T09:32:14.764Z - info: Rebuilding 1 pages
2024-11-09T09:32:16.337Z - info: Site data built
2024-11-09T09:32:16.338Z - info: Pages rebuilt
2024-11-09T09:32:16.338Z - info: Website regeneration complete! Total build time: 1.576s
2024-11-09T09:34:39.865Z - info: [17:34:39] Reload for file change: /Users/damithch/Repos/nus-cs2103/cs2103-website-base/admin/tp-tasks-fragment.md
2024-11-09T09:34:39.866Z - info: Synchronizing opened pages list before reload
2024-11-09T09:34:39.866Z - info: Current opened pages, from most-to-least recent:
2024-11-09T09:34:39.866Z - info: 1. schedule/week13/project
2024-11-09T09:34:40.872Z - info: Rebuilding 1 pages
2024-11-09T09:34:42.453Z - info: Site data built
2024-11-09T09:34:42.453Z - info: Pages rebuilt
2024-11-09T09:34:42.453Z - info: Website regeneration complete! Total build time: 1.584s
2024-11-09T09:34:58.676Z - info: [17:34:58] Reload for file change: /Users/damithch/Repos/nus-cs2103/cs2103-website-base/admin/tp-tasks-fragment.md
2024-11-09T09:34:58.677Z - info: Synchronizing opened pages list before reload
2024-11-09T09:34:58.677Z - info: Current opened pages, from most-to-least recent:
2024-11-09T09:34:58.677Z - info: 1. schedule/week13/project
2024-11-09T09:34:59.681Z - info: Rebuilding 1 pages
2024-11-09T09:35:01.261Z - info: Site data built
2024-11-09T09:35:01.261Z - info: Pages rebuilt
2024-11-09T09:35:01.261Z - info: Website regeneration complete! Total build time: 1.582s
2024-11-09T09:36:14.679Z - info: [17:36:14] Reload for file change: /Users/damithch/Repos/nus-cs2103/cs2103-website-base/admin/tp-tasks-fragment.md
2024-11-09T09:36:14.680Z - info: Synchronizing opened pages list before reload
2024-11-09T09:36:14.680Z - info: Current opened pages, from most-to-least recent:
2024-11-09T09:36:14.680Z - info: 1. schedule/week13/project
2024-11-09T09:36:15.688Z - info: Rebuilding 1 pages
2024-11-09T09:36:17.260Z - info: Site data built
2024-11-09T09:36:17.260Z - info: Pages rebuilt
2024-11-09T09:36:17.260Z - info: Website regeneration complete! Total build time: 1.576s
2024-11-09T09:39:04.441Z - info: [17:39:04] Reload for file change: /Users/damithch/Repos/nus-cs2103/cs2103-website-base/admin/tp-tasks-fragment.md
2024-11-09T09:39:04.442Z - info: Synchronizing opened pages list before reload
2024-11-09T09:39:04.442Z - info: Current opened pages, from most-to-least recent:
2024-11-09T09:39:04.442Z - info: 1. schedule/week13/project
2024-11-09T09:39:05.454Z - info: Rebuilding 1 pages
2024-11-09T09:39:07.027Z - info: Site data built
2024-11-09T09:39:07.027Z - info: Pages rebuilt
2024-11-09T09:39:07.027Z - info: Website regeneration complete! Total build time: 1.576s
2024-11-09T09:46:00.855Z - info: [17:46:00] Reload for file change: /Users/damithch/Repos/nus-cs2103/cs2103-website-base/admin/tp-tasks-fragment.md
2024-11-09T09:46:00.856Z - info: Synchronizing opened pages list before reload
2024-11-09T09:46:00.856Z - info: Current opened pages, from most-to-least recent:
2024-11-09T09:46:00.856Z - info: 1. schedule/week13/project
2024-11-09T09:46:01.861Z - info: Rebuilding 1 pages
2024-11-09T09:46:03.549Z - info: Site data built
2024-11-09T09:46:03.549Z - info: Pages rebuilt
2024-11-09T09:46:03.549Z - info: Website regeneration complete! Total build time: 1.691s
2024-11-09T09:46:38.733Z - info: [17:46:38] Reload for file change: /Users/damithch/Repos/nus-cs2103/cs2103-website-base/admin/tp-tasks-fragment.md
2024-11-09T09:46:38.734Z - info: Synchronizing opened pages list before reload
2024-11-09T09:46:38.734Z - info: Current opened pages, from most-to-least recent:
2024-11-09T09:46:38.734Z - info: 1. schedule/week13/project
2024-11-09T09:46:39.752Z - info: Rebuilding 1 pages
2024-11-09T09:46:41.342Z - info: Site data built
2024-11-09T09:46:41.342Z - info: Pages rebuilt
2024-11-09T09:46:41.342Z - info: Website regeneration complete! Total build time: 1.592s
2024-11-09T09:51:24.451Z - info: [17:51:24] Reload for file change: /Users/damithch/Repos/nus-cs2103/cs2103-website-base/admin/tp-tasks-fragment.md
2024-11-09T09:51:24.452Z - info: Synchronizing opened pages list before reload
2024-11-09T09:51:24.453Z - info: Current opened pages, from most-to-least recent:
2024-11-09T09:51:24.453Z - info: 1. schedule/week13/project
2024-11-09T09:51:25.463Z - info: Rebuilding 1 pages
2024-11-09T09:51:27.078Z - info: Site data built
2024-11-09T09:51:27.078Z - info: Pages rebuilt
2024-11-09T09:51:27.078Z - info: Website regeneration complete! Total build time: 1.617s
2024-11-09T09:51:50.792Z - info: [17:51:50] Reload for file change: /Users/damithch/Repos/nus-cs2103/cs2103-website-base/admin/tp-tasks-fragment.md
2024-11-09T09:51:50.792Z - info: Synchronizing opened pages list before reload
2024-11-09T09:51:50.793Z - info: Current opened pages, from most-to-least recent:
2024-11-09T09:51:50.793Z - info: 1. schedule/week13/project
2024-11-09T09:51:51.797Z - info: Rebuilding 1 pages
2024-11-09T09:51:53.371Z - info: Site data built
2024-11-09T09:51:53.371Z - info: Pages rebuilt
2024-11-09T09:51:53.371Z - info: Website regeneration complete! Total build time: 1.575s
2024-11-09T09:54:33.422Z - info: [17:54:33] Reload for file change: /Users/damithch/Repos/nus-cs2103/cs2103-website-base/admin/tp-tasks-fragment.md
2024-11-09T09:54:33.422Z - info: Synchronizing opened pages list before reload
2024-11-09T09:54:33.422Z - info: Current opened pages, from most-to-least recent:
2024-11-09T09:54:33.423Z - info: 1. schedule/week13/project
2024-11-09T09:54:34.439Z - info: Rebuilding 1 pages
2024-11-09T09:54:36.030Z - info: Site data built
2024-11-09T09:54:36.030Z - info: Pages rebuilt
2024-11-09T09:54:36.030Z - info: Website regeneration complete! Total build time: 1.594s
2024-11-09T09:58:30.047Z - info: [17:58:30] Reload for file change: /Users/damithch/Repos/nus-cs2103/cs2103-website-base/admin/tp-tasks-fragment.md
2024-11-09T09:58:30.049Z - info: Synchronizing opened pages list before reload
2024-11-09T09:58:30.049Z - info: Current opened pages, from most-to-least recent:
2024-11-09T09:58:30.049Z - info: 1. schedule/week13/project
2024-11-09T09:58:31.059Z - info: Rebuilding 1 pages
2024-11-09T09:58:32.767Z - info: Site data built
2024-11-09T09:58:32.767Z - info: Pages rebuilt
2024-11-09T09:58:32.767Z - info: Website regeneration complete! Total build time: 1.711s
2024-11-09T09:58:34.155Z - info: [17:58:34] Reload for file change: /Users/damithch/Repos/nus-cs2103/cs2103-website-base/admin/tp-tasks-fragment.md
2024-11-09T09:58:34.155Z - info: Synchronizing opened pages list before reload
2024-11-09T09:58:34.155Z - info: Current opened pages, from most-to-least recent:
2024-11-09T09:58:34.155Z - info: 1. schedule/week13/project
2024-11-09T09:58:35.159Z - info: Rebuilding 1 pages
2024-11-09T09:58:36.638Z - info: Site data built
2024-11-09T09:58:36.638Z - info: Pages rebuilt
2024-11-09T09:58:36.638Z - info: Website regeneration complete! Total build time: 1.48s
2024-11-09T09:59:58.848Z - info: [17:59:58] Reload for file change: /Users/damithch/Repos/nus-cs2103/cs2103-website-base/admin/tp-tasks-fragment.md
2024-11-09T09:59:58.848Z - info: Synchronizing opened pages list before reload
2024-11-09T09:59:58.848Z - info: Current opened pages, from most-to-least recent:
2024-11-09T09:59:58.848Z - info: 1. schedule/week13/project
2024-11-09T09:59:59.868Z - info: Rebuilding 1 pages
2024-11-09T10:00:01.436Z - info: Site data built
2024-11-09T10:00:01.437Z - info: Pages rebuilt
2024-11-09T10:00:01.437Z - info: Website regeneration complete! Total build time: 1.571s
2024-11-09T10:02:18.570Z - info: [18:02:18] Reload for file change: /Users/damithch/Repos/nus-cs2103/cs2103-website-base/admin/tp-tasks-fragment.md
2024-11-09T10:02:18.570Z - info: Synchronizing opened pages list before reload
2024-11-09T10:02:18.571Z - info: Current opened pages, from most-to-least recent:
2024-11-09T10:02:18.571Z - info: 1. schedule/week13/project
2024-11-09T10:02:19.586Z - info: Rebuilding 1 pages
2024-11-09T10:02:21.153Z - info: Site data built
2024-11-09T10:02:21.153Z - info: Pages rebuilt
2024-11-09T10:02:21.153Z - info: Website regeneration complete! Total build time: 1.569s
2024-11-09T10:03:31.169Z - info: [18:03:31] Reload for file change: /Users/damithch/Repos/nus-cs2103/cs2103-website-base/admin/tp-tasks-fragment.md
2024-11-09T10:03:31.170Z - info: Synchronizing opened pages list before reload
2024-11-09T10:03:31.170Z - info: Current opened pages, from most-to-least recent:
2024-11-09T10:03:31.170Z - info: 1. schedule/week13/project
2024-11-09T10:03:32.179Z - info: Rebuilding 1 pages
2024-11-09T10:03:33.774Z - info: Site data built
2024-11-09T10:03:33.774Z - info: Pages rebuilt
2024-11-09T10:03:33.774Z - info: Website regeneration complete! Total build time: 1.597s
2024-11-09T10:04:07.161Z - info: [18:04:07] Reload for file change: /Users/damithch/Repos/nus-cs2103/cs2103-website-base/admin/tp-tasks-fragment.md
2024-11-09T10:04:07.161Z - info: Synchronizing opened pages list before reload
2024-11-09T10:04:07.161Z - info: Current opened pages, from most-to-least recent:
2024-11-09T10:04:07.161Z - info: 1. schedule/week13/project
2024-11-09T10:04:08.175Z - info: Rebuilding 1 pages
2024-11-09T10:04:09.758Z - info: Site data built
2024-11-09T10:04:09.758Z - info: Pages rebuilt
2024-11-09T10:04:09.758Z - info: Website regeneration complete! Total build time: 1.585s
2024-11-09T10:04:48.812Z - info: [18:04:48] Reload for file change: /Users/damithch/Repos/nus-cs2103/cs2103-website-base/admin/tp-tasks-fragment.md
2024-11-09T10:04:48.813Z - info: Synchronizing opened pages list before reload
2024-11-09T10:04:48.813Z - info: Current opened pages, from most-to-least recent:
2024-11-09T10:04:48.813Z - info: 1. schedule/week13/project
2024-11-09T10:04:49.829Z - info: Rebuilding 1 pages
2024-11-09T10:04:51.406Z - info: Site data built
2024-11-09T10:04:51.406Z - info: Pages rebuilt
2024-11-09T10:04:51.406Z - info: Website regeneration complete! Total build time: 1.579s
2024-11-09T10:05:48.922Z - info: [18:05:48] Reload for file change: /Users/damithch/Repos/nus-cs2103/cs2103-website-base/admin/tp-tasks-fragment.md
2024-11-09T10:05:48.922Z - info: Synchronizing opened pages list before reload
2024-11-09T10:05:48.923Z - info: Current opened pages, from most-to-least recent:
2024-11-09T10:05:48.923Z - info: 1. schedule/week13/project
2024-11-09T10:05:49.937Z - info: Rebuilding 1 pages
2024-11-09T10:05:51.519Z - info: Site data built
2024-11-09T10:05:51.519Z - info: Pages rebuilt
2024-11-09T10:05:51.519Z - info: Website regeneration complete! Total build time: 1.584s
2024-11-09T10:06:17.324Z - info: [18:06:17] Reload for file change: /Users/damithch/Repos/nus-cs2103/cs2103-website-base/admin/tp-tasks-fragment.md
2024-11-09T10:06:17.325Z - info: Synchronizing opened pages list before reload
2024-11-09T10:06:17.326Z - info: Current opened pages, from most-to-least recent:
2024-11-09T10:06:17.326Z - info: 1. schedule/week13/project
2024-11-09T10:06:18.342Z - info: Rebuilding 1 pages
2024-11-09T10:06:19.943Z - info: Site data built
2024-11-09T10:06:19.943Z - info: Pages rebuilt
2024-11-09T10:06:19.943Z - info: Website regeneration complete! Total build time: 1.602s
2024-11-09T10:07:04.737Z - info: [18:07:04] Reload for file change: /Users/damithch/Repos/nus-cs2103/cs2103-website-base/admin/tp-tasks-fragment.md
2024-11-09T10:07:04.737Z - info: Synchronizing opened pages list before reload
2024-11-09T10:07:04.737Z - info: Current opened pages, from most-to-least recent:
2024-11-09T10:07:04.737Z - info: 1. schedule/week13/project
2024-11-09T10:07:05.745Z - info: Rebuilding 1 pages
2024-11-09T10:07:07.331Z - info: Site data built
2024-11-09T10:07:07.331Z - info: Pages rebuilt
2024-11-09T10:07:07.331Z - info: Website regeneration complete! Total build time: 1.59s
2024-11-09T10:09:55.790Z - info: [18:09:55] Reload for file change: /Users/damithch/Repos/nus-cs2103/cs2103-website-base/admin/tp-tasks-fragment.md
2024-11-09T10:09:55.791Z - info: Synchronizing opened pages list before reload
2024-11-09T10:09:55.792Z - info: Current opened pages, from most-to-least recent:
2024-11-09T10:09:55.792Z - info: 1. schedule/week13/project
2024-11-09T10:09:56.804Z - info: Rebuilding 1 pages
2024-11-09T10:09:58.415Z - info: Site data built
2024-11-09T10:09:58.415Z - info: Pages rebuilt
2024-11-09T10:09:58.415Z - info: Website regeneration complete! Total build time: 1.614s
2024-11-09T10:10:06.159Z - info: [18:10:06] Reload for file change: /Users/damithch/Repos/nus-cs2103/cs2103-website-base/admin/tp-tasks-fragment.md
2024-11-09T10:10:06.159Z - info: Synchronizing opened pages list before reload
2024-11-09T10:10:06.160Z - info: Current opened pages, from most-to-least recent:
2024-11-09T10:10:06.160Z - info: 1. schedule/week13/project
2024-11-09T10:10:07.173Z - info: Rebuilding 1 pages
2024-11-09T10:10:08.751Z - info: Site data built
2024-11-09T10:10:08.751Z - info: Pages rebuilt
2024-11-09T10:10:08.752Z - info: Website regeneration complete! Total build time: 1.58s
2024-11-09T10:10:31.024Z - info: [18:10:31] Reload for file change: /Users/damithch/Repos/nus-cs2103/cs2103-website-base/admin/tp-tasks-fragment.md
2024-11-09T10:10:31.024Z - info: Synchronizing opened pages list before reload
2024-11-09T10:10:31.024Z - info: Current opened pages, from most-to-least recent:
2024-11-09T10:10:31.025Z - info: 1. schedule/week13/project
2024-11-09T10:10:32.041Z - info: Rebuilding 1 pages
2024-11-09T10:10:33.660Z - info: Site data built
2024-11-09T10:10:33.660Z - info: Pages rebuilt
2024-11-09T10:10:33.660Z - info: Website regeneration complete! Total build time: 1.621s
2024-11-09T10:11:28.414Z - info: [18:11:28] Reload for file change: /Users/damithch/Repos/nus-cs2103/cs2103-website-base/admin/tp-tasks-fragment.md
2024-11-09T10:11:28.415Z - info: Synchronizing opened pages list before reload
2024-11-09T10:11:28.415Z - info: Current opened pages, from most-to-least recent:
2024-11-09T10:11:28.415Z - info: 1. schedule/week13/project
2024-11-09T10:11:29.423Z - info: Rebuilding 1 pages
2024-11-09T10:11:30.964Z - info: Site data built
2024-11-09T10:11:30.964Z - info: Pages rebuilt
2024-11-09T10:11:30.965Z - info: Website regeneration complete! Total build time: 1.546s
2024-11-09T10:11:57.770Z - info: [18:11:57] Reload for file change: /Users/damithch/Repos/nus-cs2103/cs2103-website-base/admin/tp-tasks-fragment.md
2024-11-09T10:11:57.771Z - info: Synchronizing opened pages list before reload
2024-11-09T10:11:57.771Z - info: Current opened pages, from most-to-least recent:
2024-11-09T10:11:57.771Z - info: 1. schedule/week13/project
2024-11-09T10:11:58.790Z - info: Rebuilding 1 pages
2024-11-09T10:12:00.307Z - info: Site data built
2024-11-09T10:12:00.307Z - info: Pages rebuilt
2024-11-09T10:12:00.307Z - info: Website regeneration complete! Total build time: 1.518s
2024-11-09T10:12:15.307Z - info: [18:12:15] Reload for file change: /Users/damithch/Repos/nus-cs2103/cs2103-website-base/admin/tp-tasks-fragment.md
2024-11-09T10:12:15.307Z - info: Synchronizing opened pages list before reload
2024-11-09T10:12:15.307Z - info: Current opened pages, from most-to-least recent:
2024-11-09T10:12:15.307Z - info: 1. schedule/week13/project
2024-11-09T10:12:16.317Z - info: Rebuilding 1 pages
2024-11-09T10:12:17.811Z - info: Site data built
2024-11-09T10:12:17.811Z - info: Pages rebuilt
2024-11-09T10:12:17.811Z - info: Website regeneration complete! Total build time: 1.497s
2024-11-09T10:13:10.248Z - info: Website generation started at 18:13:09
2024-11-09T10:13:10.505Z - warn: ENOENT: no such file or directory, open '/Users/damithch/Repos/nus-cs2103/cs2103-website-base/node_modules/.cache/gh-pages/https!github.com!nus-cs2103-AY2425S1!website.git/book/_markbind/variables.md'
2024-11-09T10:13:10.506Z - warn: ENOENT: no such file or directory, open '/Users/damithch/Repos/nus-cs2103/cs2103-website-base/node_modules/.cache/gh-pages/https!github.com!nus-cs2103-AY2425S1!website.git/_markbind/variables.md'
2024-11-09T10:13:10.525Z - info: Building assets...
2024-11-09T10:13:11.885Z - info: Assets built
2024-11-09T10:13:11.886Z - info: Generating pages...
2024-11-09T10:13:18.115Z - debug:  
2024-11-09T10:13:18.115Z - debug: 2024-11-09 18:13:13.762 java[95755:2559470] +[IMKClient subclass]: chose IMKClient_Modern
2024-11-09 18:13:13.762 java[95755:2559470] +[IMKInputSession subclass]: chose IMKInputSession_Modern

2024-11-09T10:13:18.115Z - debug:  
2024-11-09T10:13:18.115Z - debug:  
2024-11-09T10:13:18.115Z - debug:  
2024-11-09T10:13:18.115Z - debug:  
2024-11-09T10:13:18.115Z - debug:  
2024-11-09T10:13:18.115Z - debug:  
2024-11-09T10:13:18.115Z - debug:  
2024-11-09T10:13:18.115Z - debug:  
2024-11-09T10:13:18.115Z - debug:  
2024-11-09T10:13:18.115Z - debug: 2024-11-09 18:13:14.896 java[95791:2559749] +[IMKClient subclass]: chose IMKClient_Modern
2024-11-09 18:13:14.896 java[95791:2559749] +[IMKInputSession subclass]: chose IMKInputSession_Modern

2024-11-09T10:13:18.115Z - debug:  
2024-11-09T10:13:18.115Z - debug:  
2024-11-09T10:13:18.116Z - debug:  
2024-11-09T10:13:18.169Z - debug:  
2024-11-09T10:13:18.799Z - debug: 2024-11-09 18:13:18.431 java[95830:2560481] +[IMKClient subclass]: chose IMKClient_Modern
2024-11-09 18:13:18.432 java[95830:2560481] +[IMKInputSession subclass]: chose IMKInputSession_Modern

2024-11-09T10:13:26.178Z - debug: 2024-11-09 18:13:25.813 java[95847:2560738] +[IMKClient subclass]: chose IMKClient_Modern
2024-11-09 18:13:25.813 java[95847:2560738] +[IMKInputSession subclass]: chose IMKInputSession_Modern

2024-11-09T10:14:06.662Z - debug: 2024-11-09 18:14:04.294 java[95871:2561586] +[IMKClient subclass]: chose IMKClient_Modern
2024-11-09 18:14:04.294 java[95871:2561586] +[IMKInputSession subclass]: chose IMKInputSession_Modern

2024-11-09T10:14:16.415Z - debug: 2024-11-09 18:14:15.840 java[95887:2561996] +[IMKClient subclass]: chose IMKClient_Modern
2024-11-09 18:14:15.840 java[95887:2561996] +[IMKInputSession subclass]: chose IMKInputSession_Modern

2024-11-09T10:14:16.679Z - debug:  
2024-11-09T10:14:22.586Z - info: Pages built
2024-11-09T10:14:22.649Z - info: Site data built
2024-11-09T10:14:22.649Z - info: Website generation complete! Total build time: 73.175s
2024-11-09T10:14:22.649Z - info: Build success!
2024-11-09T10:14:43.505Z - info: The website has been deployed at: https://nus-cs2103-ay2425s1.github.io/website
2024-11-09T10:15:46.686Z - info: Website generation started at 18:15:45
2024-11-09T10:15:46.878Z - warn: ENOENT: no such file or directory, open '/Users/damithch/Repos/nus-cs2103/cs2103-website-base/node_modules/.cache/gh-pages/https!github.com!nus-cs2103-AY2425S1!website.git/book/_markbind/variables.md'
2024-11-09T10:15:46.879Z - warn: ENOENT: no such file or directory, open '/Users/damithch/Repos/nus-cs2103/cs2103-website-base/node_modules/.cache/gh-pages/https!github.com!nus-cs2103-AY2425S1!website.git/_markbind/variables.md'
2024-11-09T10:15:46.897Z - info: Building assets...
2024-11-09T10:15:48.461Z - info: Assets built
2024-11-09T10:15:48.461Z - info: Generating pages...
2024-11-09T10:15:53.567Z - debug:  
2024-11-09T10:15:53.863Z - debug: 2024-11-09 18:15:50.386 java[96226:2564499] +[IMKClient subclass]: chose IMKClient_Modern
2024-11-09 18:15:50.386 java[96226:2564499] +[IMKInputSession subclass]: chose IMKInputSession_Modern

2024-11-09T10:15:53.863Z - debug:  
2024-11-09T10:15:53.863Z - debug:  
2024-11-09T10:15:53.863Z - debug:  
2024-11-09T10:15:53.863Z - debug:  
2024-11-09T10:15:53.863Z - debug:  
2024-11-09T10:15:53.863Z - debug:  
2024-11-09T10:15:53.863Z - debug:  
2024-11-09T10:15:53.863Z - debug:  
2024-11-09T10:15:53.863Z - debug:  
2024-11-09T10:15:53.863Z - debug: 2024-11-09 18:15:51.482 java[96255:2564738] +[IMKClient subclass]: chose IMKClient_Modern
2024-11-09 18:15:51.482 java[96255:2564738] +[IMKInputSession subclass]: chose IMKInputSession_Modern

2024-11-09T10:15:53.863Z - debug:  
2024-11-09T10:15:53.863Z - debug:  
2024-11-09T10:15:53.863Z - debug:  
2024-11-09T10:15:53.863Z - debug:  
2024-11-09T10:15:55.123Z - debug:  
2024-11-09T10:16:02.922Z - debug: 2024-11-09 18:16:02.452 java[96309:2565850] +[IMKClient subclass]: chose IMKClient_Modern
2024-11-09 18:16:02.452 java[96309:2565850] +[IMKInputSession subclass]: chose IMKInputSession_Modern

2024-11-09T10:16:43.326Z - debug: 2024-11-09 18:16:41.265 java[96382:2567012] +[IMKClient subclass]: chose IMKClient_Modern
2024-11-09 18:16:41.265 java[96382:2567012] +[IMKInputSession subclass]: chose IMKInputSession_Modern

2024-11-09T10:16:53.183Z - debug: 2024-11-09 18:16:52.748 java[96434:2567700] +[IMKClient subclass]: chose IMKClient_Modern
2024-11-09 18:16:52.748 java[96434:2567700] +[IMKInputSession subclass]: chose IMKInputSession_Modern

2024-11-09T10:16:53.227Z - debug:  
2024-11-09T10:16:59.276Z - info: Pages built
2024-11-09T10:16:59.340Z - info: Site data built
2024-11-09T10:16:59.340Z - info: Website generation complete! Total build time: 73.439s
2024-11-09T10:16:59.340Z - info: Build success!
2024-11-09T10:17:19.932Z - info: The website has been deployed at: https://nus-cs2103-ay2425s1.github.io/website
2024-11-09T10:30:51.022Z - info: Website generation (lazy) started at 18:30:50
2024-11-09T10:30:51.292Z - warn: ENOENT: no such file or directory, open '/Users/damithch/Repos/nus-cs2103/cs2103-website-base/node_modules/.cache/gh-pages/https!github.com!nus-cs2103-AY2425S1!website.git/book/_markbind/variables.md'
2024-11-09T10:30:51.292Z - warn: ENOENT: no such file or directory, open '/Users/damithch/Repos/nus-cs2103/cs2103-website-base/node_modules/.cache/gh-pages/https!github.com!nus-cs2103-AY2425S1!website.git/_markbind/variables.md'
2024-11-09T10:30:51.311Z - info: Building assets...
2024-11-09T10:30:52.679Z - info: Assets built
2024-11-09T10:30:52.679Z - info: Generating landing page...
2024-11-09T10:30:53.117Z - info: Landing page built, other pages will be built as you navigate to them!
2024-11-09T10:30:53.188Z - info: Site data built
2024-11-09T10:30:53.188Z - info: Website generation (lazy) complete! Total build time: 3.164s
2024-11-09T10:30:53.198Z - info: Serving "/Users/damithch/Repos/nus-cs2103/cs2103-website-base/_site" at http://127.0.0.1:8080
2024-11-09T10:30:53.198Z - info: Press CTRL+C to stop ...
2024-11-09T10:31:00.237Z - info: Building /Users/damithch/Repos/nus-cs2103/cs2103-website-base/admin/tp-pe as some of its dependencies were changed since the last visit
2024-11-09T10:31:00.915Z - info: Site data built
2024-11-09T10:31:00.915Z - info: Lazy website regeneration complete! Total build time: 0.679s
2024-11-09T10:32:20.405Z - info: Building /Users/damithch/Repos/nus-cs2103/cs2103-website-base/schedule/week13/project as some of its dependencies were changed since the last visit
2024-11-09T10:32:22.058Z - info: Site data built
2024-11-09T10:32:22.058Z - info: Lazy website regeneration complete! Total build time: 1.654s
2024-11-09T10:32:55.232Z - info: [18:32:55] Reload for file change: /Users/damithch/Repos/nus-cs2103/cs2103-website-base/admin/tp-tasks-fragment.md
2024-11-09T10:32:55.233Z - info: Synchronizing opened pages list before reload
2024-11-09T10:32:55.233Z - info: Current opened pages, from most-to-least recent:
2024-11-09T10:32:55.233Z - info: 1. schedule/week13/project
2024-11-09T10:32:55.306Z - info: [18:32:55] Reload for file change: /Users/damithch/Repos/nus-cs2103/cs2103-website-base/admin/tp-tasks-fragment.md
2024-11-09T10:32:55.306Z - info: Synchronizing opened pages list before reload
2024-11-09T10:32:55.306Z - info: Current opened pages, from most-to-least recent:
2024-11-09T10:32:55.307Z - info: 1. schedule/week13/project
2024-11-09T10:32:56.241Z - info: Rebuilding 1 pages
2024-11-09T10:32:57.849Z - info: Site data built
2024-11-09T10:32:57.849Z - info: Pages rebuilt
2024-11-09T10:32:57.849Z - info: Website regeneration complete! Total build time: 1.611s
2024-11-09T10:33:25.473Z - info: [18:33:25] Reload for file change: /Users/damithch/Repos/nus-cs2103/cs2103-website-base/admin/tp-tasks-fragment.md
2024-11-09T10:33:25.473Z - info: Synchronizing opened pages list before reload
2024-11-09T10:33:25.473Z - info: Current opened pages, from most-to-least recent:
2024-11-09T10:33:25.473Z - info: 1. schedule/week13/project
2024-11-09T10:33:26.489Z - info: Rebuilding 1 pages
2024-11-09T10:33:28.101Z - info: Site data built
2024-11-09T10:33:28.101Z - info: Pages rebuilt
2024-11-09T10:33:28.101Z - info: Website regeneration complete! Total build time: 1.614s
2024-11-09T10:35:35.972Z - info: Website generation started at 18:35:35
2024-11-09T10:35:36.242Z - warn: ENOENT: no such file or directory, open '/Users/damithch/Repos/nus-cs2103/cs2103-website-base/node_modules/.cache/gh-pages/https!github.com!nus-cs2103-AY2425S1!website.git/book/_markbind/variables.md'
2024-11-09T10:35:36.242Z - warn: ENOENT: no such file or directory, open '/Users/damithch/Repos/nus-cs2103/cs2103-website-base/node_modules/.cache/gh-pages/https!github.com!nus-cs2103-AY2425S1!website.git/_markbind/variables.md'
2024-11-09T10:35:36.261Z - info: Building assets...
2024-11-09T10:35:37.649Z - info: Assets built
2024-11-09T10:35:37.649Z - info: Generating pages...
2024-11-09T10:35:43.370Z - debug:  
2024-11-09T10:35:43.370Z - debug: 2024-11-09 18:35:39.754 java[97015:2586596] +[IMKClient subclass]: chose IMKClient_Modern
2024-11-09 18:35:39.754 java[97015:2586596] +[IMKInputSession subclass]: chose IMKInputSession_Modern

2024-11-09T10:35:43.370Z - debug:  
2024-11-09T10:35:43.370Z - debug:  
2024-11-09T10:35:43.370Z - debug:  
2024-11-09T10:35:43.370Z - debug:  
2024-11-09T10:35:43.370Z - debug:  
2024-11-09T10:35:43.370Z - debug:  
2024-11-09T10:35:43.370Z - debug:  
2024-11-09T10:35:43.371Z - debug:  
2024-11-09T10:35:43.371Z - debug:  
2024-11-09T10:35:43.371Z - debug:  
2024-11-09T10:35:43.371Z - debug:  
2024-11-09T10:35:43.371Z - debug:  
2024-11-09T10:35:43.371Z - debug: 2024-11-09 18:35:40.744 java[97051:2586855] +[IMKClient subclass]: chose IMKClient_Modern
2024-11-09 18:35:40.744 java[97051:2586855] +[IMKInputSession subclass]: chose IMKInputSession_Modern

2024-11-09T10:35:43.371Z - debug:  
2024-11-09T10:35:44.077Z - debug: 2024-11-09 18:35:43.731 java[97078:2587548] +[IMKClient subclass]: chose IMKClient_Modern
2024-11-09 18:35:43.731 java[97078:2587548] +[IMKInputSession subclass]: chose IMKInputSession_Modern

2024-11-09T10:35:51.806Z - debug: 2024-11-09 18:35:51.465 java[97099:2587801] +[IMKClient subclass]: chose IMKClient_Modern
2024-11-09 18:35:51.465 java[97099:2587801] +[IMKInputSession subclass]: chose IMKInputSession_Modern

2024-11-09T10:36:31.844Z - debug: 2024-11-09 18:36:29.552 java[97133:2588706] +[IMKClient subclass]: chose IMKClient_Modern
2024-11-09 18:36:29.552 java[97133:2588706] +[IMKInputSession subclass]: chose IMKInputSession_Modern

2024-11-09T10:36:41.618Z - debug: 2024-11-09 18:36:40.920 java[97151:2589064] +[IMKClient subclass]: chose IMKClient_Modern
2024-11-09 18:36:40.920 java[97151:2589064] +[IMKInputSession subclass]: chose IMKInputSession_Modern

2024-11-09T10:36:41.714Z - debug:  
2024-11-09T10:36:48.127Z - info: Pages built
2024-11-09T10:36:48.195Z - info: Site data built
2024-11-09T10:36:48.195Z - info: Website generation complete! Total build time: 73.017s
2024-11-09T10:36:48.195Z - info: Build success!
2024-11-09T10:37:08.755Z - info: The website has been deployed at: https://nus-cs2103-ay2425s1.github.io/website
