2024-07-07T16:01:29.468Z - info: [12:01:29 am] Reload for file change: C:\repos\nus-cs2103\cs2103-website-base\admin\tp-tasks-fragment.md
2024-07-07T16:01:29.482Z - info: Synchronizing opened pages list before reload
2024-07-07T16:01:29.482Z - info: Current opened pages, from most-to-least recent:
2024-07-07T16:01:29.483Z - info: 1. admin/tp-timeline
2024-07-07T16:01:29.483Z - info: 2. admin/tp-w8
2024-07-07T16:01:30.493Z - info: Rebuilding 1 pages
2024-07-07T16:01:31.902Z - info: Site data built
2024-07-07T16:01:31.902Z - info: Pages rebuilt
2024-07-07T16:01:31.902Z - info: Website regeneration complete! Total build time: 1.41s
2024-07-07T16:04:46.334Z - info: [12:04:46 am] Reload for file change: C:\repos\nus-cs2103\cs2103-website-base\admin\tp-tasks-fragment.md
2024-07-07T16:04:46.335Z - info: Synchronizing opened pages list before reload
2024-07-07T16:04:46.337Z - info: Current opened pages, from most-to-least recent:
2024-07-07T16:04:46.337Z - info: 1. admin/tp-timeline
2024-07-07T16:04:46.338Z - info: 2. admin/tp-w8
2024-07-07T16:04:47.347Z - info: Rebuilding 1 pages
2024-07-07T16:04:48.796Z - info: Site data built
2024-07-07T16:04:48.796Z - info: Pages rebuilt
2024-07-07T16:04:48.796Z - info: Website regeneration complete! Total build time: 1.45s
2024-07-07T16:05:39.797Z - info: [12:05:39 am] Reload for file change: C:\repos\nus-cs2103\cs2103-website-base\admin\tp-tasks-fragment.md
2024-07-07T16:05:39.798Z - info: Synchronizing opened pages list before reload
2024-07-07T16:05:39.798Z - info: Current opened pages, from most-to-least recent:
2024-07-07T16:05:39.798Z - info: 1. admin/tp-timeline
2024-07-07T16:05:39.798Z - info: 2. admin/tp-w8
2024-07-07T16:05:40.806Z - info: Rebuilding 1 pages
2024-07-07T16:05:42.331Z - info: Site data built
2024-07-07T16:05:42.331Z - info: Pages rebuilt
2024-07-07T16:05:42.331Z - info: Website regeneration complete! Total build time: 1.527s
2024-07-07T16:06:16.373Z - info: [12:06:16 am] Reload for file change: C:\repos\nus-cs2103\cs2103-website-base\admin\tp-tasks-fragment.md
2024-07-07T16:06:16.373Z - info: Synchronizing opened pages list before reload
2024-07-07T16:06:16.374Z - info: Current opened pages, from most-to-least recent:
2024-07-07T16:06:16.374Z - info: 1. admin/tp-timeline
2024-07-07T16:06:16.374Z - info: 2. admin/tp-w8
2024-07-07T16:06:17.376Z - info: Rebuilding 1 pages
2024-07-07T16:06:18.647Z - info: Site data built
2024-07-07T16:06:18.647Z - info: Pages rebuilt
2024-07-07T16:06:18.647Z - info: Website regeneration complete! Total build time: 1.271s
2024-07-07T16:06:36.178Z - info: [12:06:36 am] Reload for file change: C:\repos\nus-cs2103\cs2103-website-base\admin\tp-tasks-fragment.md
2024-07-07T16:06:36.179Z - info: Synchronizing opened pages list before reload
2024-07-07T16:06:36.179Z - info: Current opened pages, from most-to-least recent:
2024-07-07T16:06:36.179Z - info: 1. admin/tp-timeline
2024-07-07T16:06:36.179Z - info: 2. admin/tp-w8
2024-07-07T16:06:37.183Z - info: Rebuilding 1 pages
2024-07-07T16:06:38.450Z - info: Site data built
2024-07-07T16:06:38.450Z - info: Pages rebuilt
2024-07-07T16:06:38.450Z - info: Website regeneration complete! Total build time: 1.267s
2024-07-07T16:07:06.817Z - info: [12:07:06 am] Reload for file change: C:\repos\nus-cs2103\cs2103-website-base\admin\tp-tasks-fragment.md
2024-07-07T16:07:06.818Z - info: Synchronizing opened pages list before reload
2024-07-07T16:07:06.818Z - info: Current opened pages, from most-to-least recent:
2024-07-07T16:07:06.818Z - info: 1. admin/tp-timeline
2024-07-07T16:07:06.818Z - info: 2. admin/tp-w8
2024-07-07T16:07:07.819Z - info: Rebuilding 1 pages
2024-07-07T16:07:09.220Z - info: Site data built
2024-07-07T16:07:09.221Z - info: Pages rebuilt
2024-07-07T16:07:09.221Z - info: Website regeneration complete! Total build time: 1.403s
2024-07-07T16:07:40.507Z - info: [12:07:40 am] Reload for file change: C:\repos\nus-cs2103\cs2103-website-base\admin\tp-tasks-fragment.md
2024-07-07T16:07:40.507Z - info: Synchronizing opened pages list before reload
2024-07-07T16:07:40.508Z - info: Current opened pages, from most-to-least recent:
2024-07-07T16:07:40.508Z - info: 1. admin/tp-timeline
2024-07-07T16:07:40.508Z - info: 2. admin/tp-w8
2024-07-07T16:07:41.514Z - info: Rebuilding 1 pages
2024-07-07T16:07:43.168Z - info: Site data built
2024-07-07T16:07:43.169Z - info: Pages rebuilt
2024-07-07T16:07:43.169Z - info: Website regeneration complete! Total build time: 1.657s
2024-07-07T16:09:28.620Z - info: [12:09:28 am] Reload for file change: C:\repos\nus-cs2103\cs2103-website-base\admin\tp-tasks-fragment.md
2024-07-07T16:09:28.621Z - info: Synchronizing opened pages list before reload
2024-07-07T16:09:28.621Z - info: Current opened pages, from most-to-least recent:
2024-07-07T16:09:28.621Z - info: 1. admin/tp-w8
2024-07-07T16:09:29.637Z - info: Rebuilding 1 pages
2024-07-07T16:09:31.141Z - info: Site data built
2024-07-07T16:09:31.141Z - info: Pages rebuilt
2024-07-07T16:09:31.141Z - info: Website regeneration complete! Total build time: 1.506s
2024-07-07T16:11:34.909Z - info: [12:11:34 am] Reload for file change: C:\repos\nus-cs2103\cs2103-website-base\admin\tp-tasks-fragment.md
2024-07-07T16:11:34.911Z - info: Synchronizing opened pages list before reload
2024-07-07T16:11:34.911Z - info: Current opened pages, from most-to-least recent:
2024-07-07T16:11:34.912Z - info: 1. admin/tp-w8
2024-07-07T16:11:35.920Z - info: Rebuilding 1 pages
2024-07-07T16:11:37.323Z - info: Site data built
2024-07-07T16:11:37.323Z - info: Pages rebuilt
2024-07-07T16:11:37.323Z - info: Website regeneration complete! Total build time: 1.406s
2024-07-07T16:14:00.477Z - info: [12:14:00 am] Reload for file change: C:\repos\nus-cs2103\cs2103-website-base\admin\tp-tasks-fragment.md
2024-07-07T16:14:00.478Z - info: Synchronizing opened pages list before reload
2024-07-07T16:14:00.478Z - info: Current opened pages, from most-to-least recent:
2024-07-07T16:14:00.479Z - info: 1. admin/tp-w8
2024-07-07T16:14:01.494Z - info: Rebuilding 1 pages
2024-07-07T16:14:02.891Z - info: Site data built
2024-07-07T16:14:02.891Z - info: Pages rebuilt
2024-07-07T16:14:02.892Z - info: Website regeneration complete! Total build time: 1.398s
2024-07-07T16:15:29.820Z - info: [12:15:29 am] Reload for file change: C:\repos\nus-cs2103\cs2103-website-base\admin\tp-tasks-fragment.md
2024-07-07T16:15:29.820Z - info: Synchronizing opened pages list before reload
2024-07-07T16:15:29.821Z - info: Current opened pages, from most-to-least recent:
2024-07-07T16:15:29.821Z - info: 1. admin/tp-w8
2024-07-07T16:15:30.840Z - info: Rebuilding 1 pages
2024-07-07T16:15:32.253Z - info: Site data built
2024-07-07T16:15:32.253Z - info: Pages rebuilt
2024-07-07T16:15:32.253Z - info: Website regeneration complete! Total build time: 1.414s
2024-07-07T16:16:05.460Z - info: [12:16:05 am] Reload for file change: C:\repos\nus-cs2103\cs2103-website-base\admin\tp-tasks-fragment.md
2024-07-07T16:16:05.461Z - info: Synchronizing opened pages list before reload
2024-07-07T16:16:05.461Z - info: Current opened pages, from most-to-least recent:
2024-07-07T16:16:05.461Z - info: 1. admin/tp-w8
2024-07-07T16:16:06.467Z - info: Rebuilding 1 pages
2024-07-07T16:16:07.845Z - info: Site data built
2024-07-07T16:16:07.845Z - info: Pages rebuilt
2024-07-07T16:16:07.845Z - info: Website regeneration complete! Total build time: 1.379s
2024-07-07T16:19:19.790Z - info: [12:19:19 am] Reload for file change: C:\repos\nus-cs2103\cs2103-website-base\admin\tp-tasks-fragment.md
2024-07-07T16:19:19.790Z - info: Synchronizing opened pages list before reload
2024-07-07T16:19:19.791Z - info: Current opened pages, from most-to-least recent:
2024-07-07T16:19:19.791Z - info: 1. admin/tp-w8
2024-07-07T16:19:20.801Z - info: Rebuilding 1 pages
2024-07-07T16:19:22.276Z - info: Site data built
2024-07-07T16:19:22.276Z - info: Pages rebuilt
2024-07-07T16:19:22.276Z - info: Website regeneration complete! Total build time: 1.476s
2024-07-07T16:19:45.135Z - info: [12:19:45 am] Reload for file change: C:\repos\nus-cs2103\cs2103-website-base\admin\tp-tasks-fragment.md
2024-07-07T16:19:45.136Z - info: Synchronizing opened pages list before reload
2024-07-07T16:19:45.136Z - info: Current opened pages, from most-to-least recent:
2024-07-07T16:19:45.137Z - info: 1. admin/tp-w8
2024-07-07T16:19:46.152Z - info: Rebuilding 1 pages
2024-07-07T16:19:47.539Z - info: Site data built
2024-07-07T16:19:47.539Z - info: Pages rebuilt
2024-07-07T16:19:47.540Z - info: Website regeneration complete! Total build time: 1.388s
2024-07-07T16:20:04.653Z - info: [12:20:04 am] Reload for file change: C:\repos\nus-cs2103\cs2103-website-base\admin\tp-tasks-fragment.md
2024-07-07T16:20:04.653Z - info: Synchronizing opened pages list before reload
2024-07-07T16:20:04.653Z - info: Current opened pages, from most-to-least recent:
2024-07-07T16:20:04.653Z - info: 1. admin/tp-w8
2024-07-07T16:20:05.671Z - info: Rebuilding 1 pages
2024-07-07T16:20:07.283Z - info: Site data built
2024-07-07T16:20:07.284Z - info: Pages rebuilt
2024-07-07T16:20:07.284Z - info: Website regeneration complete! Total build time: 1.614s
2024-07-07T16:23:44.727Z - info: [12:23:44 am] Reload for file change: C:\repos\nus-cs2103\cs2103-website-base\common\macros.njk
2024-07-07T16:23:44.728Z - info: Synchronizing opened pages list before reload
2024-07-07T16:23:44.728Z - info: Current opened pages, from most-to-least recent:
2024-07-07T16:23:44.728Z - info: 1. admin/tp-w8
2024-07-07T16:23:45.956Z - info: Rebuilding 1 pages
2024-07-07T16:23:47.149Z - info: Site data built
2024-07-07T16:23:47.149Z - info: Pages rebuilt
2024-07-07T16:23:47.150Z - info: Website regeneration complete! Total build time: 1.194s
2024-07-07T16:24:01.331Z - info: [12:24:01 am] Reload for file change: C:\repos\nus-cs2103\cs2103-website-base\common\macros.njk
2024-07-07T16:24:01.332Z - info: Synchronizing opened pages list before reload
2024-07-07T16:24:01.332Z - info: Current opened pages, from most-to-least recent:
2024-07-07T16:24:01.332Z - info: 1. admin/tp-w8
2024-07-07T16:24:02.455Z - info: Rebuilding 1 pages
2024-07-07T16:24:03.468Z - info: Site data built
2024-07-07T16:24:03.468Z - info: Pages rebuilt
2024-07-07T16:24:03.468Z - info: Website regeneration complete! Total build time: 1.014s
