2024-08-24T04:18:54.800Z - info: Website generation started at 12:18:46 pm
2024-08-24T04:19:07.200Z - info: Building assets...
2024-08-24T04:19:15.381Z - info: Assets built
2024-08-24T04:19:15.382Z - info: Generating pages...
2024-08-24T04:19:40.350Z - debug:  
2024-08-24T04:19:41.100Z - debug:  
2024-08-24T04:19:41.100Z - debug:  
2024-08-24T04:19:41.101Z - debug:  
2024-08-24T04:19:41.103Z - debug:  
2024-08-24T04:19:41.104Z - debug:  
2024-08-24T04:19:41.105Z - debug:  
2024-08-24T04:19:41.106Z - debug:  
2024-08-24T04:19:41.108Z - debug:  
2024-08-24T04:19:41.109Z - debug:  
2024-08-24T04:19:41.165Z - debug:  
2024-08-24T04:19:41.247Z - debug:  
2024-08-24T04:19:41.334Z - debug:  
2024-08-24T04:19:41.356Z - debug:  
2024-08-24T04:19:41.440Z - debug:  
2024-08-24T04:19:45.273Z - debug:  
2024-08-24T04:19:45.273Z - debug:  
2024-08-24T04:21:26.659Z - error: Invalid HTML in C:\repos\nus-cs2103\cs2103-website-base\schedule\week5\tutorial.md.
Table must have a tbody tag. Please correct this to avoid Vue hydration issues.

2024-08-24T04:22:02.254Z - error: Invalid HTML in C:\repos\nus-cs2103\cs2103-website-base\schedule\week4\project.md.
Table must have a tbody tag. Please correct this to avoid Vue hydration issues.

2024-08-24T04:22:02.255Z - error: Invalid HTML in C:\repos\nus-cs2103\cs2103-website-base\schedule\week4\project.md.
Table must have a tbody tag. Please correct this to avoid Vue hydration issues.

2024-08-24T04:22:43.625Z - debug:  
2024-08-24T04:23:10.081Z - debug:  
2024-08-24T04:23:10.244Z - debug:  
2024-08-24T04:23:17.308Z - error: Invalid HTML in C:\repos\nus-cs2103\cs2103-website-base\admin\ip-w4.md.
Table must have a tbody tag. Please correct this to avoid Vue hydration issues.

2024-08-24T04:23:17.309Z - error: Invalid HTML in C:\repos\nus-cs2103\cs2103-website-base\admin\ip-w4.md.
Table must have a tbody tag. Please correct this to avoid Vue hydration issues.

2024-08-24T04:23:21.757Z - info: Pages built
2024-08-24T04:23:23.570Z - info: Site data built
2024-08-24T04:23:23.584Z - info: Website generation complete! Total build time: 276.923s
2024-08-24T04:23:23.585Z - info: Build success!
2024-08-24T04:27:39.285Z - info: The website has been deployed at: https://nus-cs2103-ay2425s1.github.io/website
2024-08-24T10:47:18.041Z - info: Website generation (lazy) started at 6:47:10 pm
2024-08-24T10:47:31.658Z - warn: ENOENT: no such file or directory, open 'C:\repos\nus-cs2103\cs2103-website-base\cache\gh-pages\https!github.com!nus-cs2103-AY2425S1!website.git\book\_markbind\variables.md'
2024-08-24T10:47:31.660Z - warn: ENOENT: no such file or directory, open 'C:\repos\nus-cs2103\cs2103-website-base\cache\gh-pages\https!github.com!nus-cs2103-AY2425S1!website.git\_markbind\variables.md'
2024-08-24T10:47:31.735Z - info: Building assets...
2024-08-24T10:48:31.818Z - info: Assets built
2024-08-24T10:48:31.819Z - info: Generating landing page...
2024-08-24T10:48:33.277Z - info: Landing page built, other pages will be built as you navigate to them!
2024-08-24T10:48:34.482Z - info: Site data built
2024-08-24T10:48:34.482Z - info: Website generation (lazy) complete! Total build time: 84.369s
2024-08-24T10:48:34.549Z - info: Serving "C:\repos\nus-cs2103\cs2103-website-base\_site" at http://127.0.0.1:8080
2024-08-24T10:48:34.549Z - info: Press CTRL+C to stop ...
2024-08-24T10:51:55.051Z - info: Building C:\repos\nus-cs2103\cs2103-website-base\schedule\week4\index as some of its dependencies were changed since the last visit
2024-08-24T10:51:56.348Z - info: Site data built
2024-08-24T10:51:56.349Z - info: Lazy website regeneration complete! Total build time: 1.301s
2024-08-24T10:52:06.046Z - info: Building C:\repos\nus-cs2103\cs2103-website-base\schedule\week3\admin as some of its dependencies were changed since the last visit
2024-08-24T10:52:07.035Z - info: Site data built
2024-08-24T10:52:07.036Z - info: Lazy website regeneration complete! Total build time: 0.989s
2024-08-24T10:55:31.588Z - info: [6:55:31 pm] Reload for file change: C:\repos\nus-cs2103\cs2103-website-base\admin\faq-fragment.md
2024-08-24T10:55:31.589Z - info: Synchronizing opened pages list before reload
2024-08-24T10:55:31.589Z - info: Current opened pages, from most-to-least recent:
2024-08-24T10:55:31.590Z - info: 1. schedule/week3/admin
2024-08-24T10:55:32.603Z - info: Rebuilding 1 pages
2024-08-24T10:55:33.592Z - info: Site data built
2024-08-24T10:55:33.593Z - info: Pages rebuilt
2024-08-24T10:55:33.593Z - info: Website regeneration complete! Total build time: 0.991s
2024-08-24T10:56:06.990Z - info: [6:56:06 pm] Reload for file change: C:\repos\nus-cs2103\cs2103-website-base\admin\appendixC-faq.md
2024-08-24T10:56:06.991Z - info: Synchronizing opened pages list before reload
2024-08-24T10:56:06.991Z - info: Current opened pages, from most-to-least recent:
2024-08-24T10:56:06.991Z - info: 1. schedule/week3/admin
2024-08-24T10:56:07.997Z - info: No pages needed to be rebuilt
2024-08-24T10:56:10.644Z - info: Building C:\repos\nus-cs2103\cs2103-website-base\admin\index as some of its dependencies were changed since the last visit
2024-08-24T10:56:11.115Z - info: Site data built
2024-08-24T10:56:11.116Z - info: Lazy website regeneration complete! Total build time: 0.472s
2024-08-24T10:56:14.449Z - info: Building C:\repos\nus-cs2103\cs2103-website-base\admin\appendixC-faq as some of its dependencies were changed since the last visit
2024-08-24T10:56:15.597Z - info: Site data built
2024-08-24T10:56:15.597Z - info: Lazy website regeneration complete! Total build time: 1.148s
2024-08-24T10:57:09.792Z - info: Building C:\repos\nus-cs2103\cs2103-website-base\schedule\week3\project as some of its dependencies were changed since the last visit
2024-08-24T10:57:12.494Z - info: Site data built
2024-08-24T10:57:12.494Z - info: Lazy website regeneration complete! Total build time: 2.702s
2024-08-24T11:00:19.402Z - info: [7:00:19 pm] Reload for file change: C:\repos\nus-cs2103\cs2103-website-base\admin\ip-tasks-fragment.md
2024-08-24T11:00:19.403Z - info: Synchronizing opened pages list before reload
2024-08-24T11:00:19.404Z - info: Current opened pages, from most-to-least recent:
2024-08-24T11:00:19.405Z - info: 1. schedule/week3/project
2024-08-24T11:00:20.413Z - info: Rebuilding 1 pages
2024-08-24T11:00:22.573Z - info: Site data built
2024-08-24T11:00:22.573Z - info: Pages rebuilt
2024-08-24T11:00:22.573Z - info: Website regeneration complete! Total build time: 2.161s
2024-08-24T11:00:57.605Z - info: [7:00:57 pm] Reload for file change: C:\repos\nus-cs2103\cs2103-website-base\admin\faq-fragment.md
2024-08-24T11:00:57.606Z - info: Synchronizing opened pages list before reload
2024-08-24T11:00:57.606Z - info: Current opened pages, from most-to-least recent:
2024-08-24T11:00:57.607Z - info: 1. schedule/week3/project
2024-08-24T11:00:58.626Z - info: Rebuilding 1 pages
2024-08-24T11:01:00.965Z - info: Site data built
2024-08-24T11:01:00.965Z - info: Pages rebuilt
2024-08-24T11:01:00.965Z - info: Website regeneration complete! Total build time: 2.34s
2024-08-24T11:03:05.170Z - info: [7:03:05 pm] Reload for file change: C:\repos\nus-cs2103\cs2103-website-base\admin\ip-tasks-fragment.md
2024-08-24T11:03:05.171Z - info: Synchronizing opened pages list before reload
2024-08-24T11:03:05.172Z - info: Current opened pages, from most-to-least recent:
2024-08-24T11:03:05.172Z - info: 1. schedule/week3/project
2024-08-24T11:03:05.198Z - info: [7:03:05 pm] Reload for file change: C:\repos\nus-cs2103\cs2103-website-base\admin\faq-fragment.md
2024-08-24T11:03:05.199Z - info: Synchronizing opened pages list before reload
2024-08-24T11:03:05.199Z - info: Current opened pages, from most-to-least recent:
2024-08-24T11:03:05.199Z - info: 1. schedule/week3/project
2024-08-24T11:03:06.187Z - info: Rebuilding 1 pages
2024-08-24T11:03:08.392Z - info: Site data built
2024-08-24T11:03:08.392Z - info: Pages rebuilt
2024-08-24T11:03:08.393Z - info: Website regeneration complete! Total build time: 2.206s
2024-08-24T11:03:33.326Z - info: [7:03:33 pm] Reload for file change: C:\repos\nus-cs2103\cs2103-website-base\admin\ip-tasks-fragment.md
2024-08-24T11:03:33.327Z - info: Synchronizing opened pages list before reload
2024-08-24T11:03:33.327Z - info: Current opened pages, from most-to-least recent:
2024-08-24T11:03:33.327Z - info: 1. schedule/week3/project
2024-08-24T11:03:34.348Z - info: Rebuilding 1 pages
2024-08-24T11:03:36.547Z - info: Site data built
2024-08-24T11:03:36.547Z - info: Pages rebuilt
2024-08-24T11:03:36.547Z - info: Website regeneration complete! Total build time: 2.202s
2024-08-24T11:04:19.508Z - info: [7:04:19 pm] Reload for file change: C:\repos\nus-cs2103\cs2103-website-base\admin\ip-tasks-fragment.md
2024-08-24T11:04:19.509Z - info: Synchronizing opened pages list before reload
2024-08-24T11:04:19.509Z - info: Current opened pages, from most-to-least recent:
2024-08-24T11:04:19.510Z - info: 1. schedule/week3/project
2024-08-24T11:04:20.521Z - info: Rebuilding 1 pages
2024-08-24T11:04:22.720Z - info: Site data built
2024-08-24T11:04:22.721Z - info: Pages rebuilt
2024-08-24T11:04:22.721Z - info: Website regeneration complete! Total build time: 2.201s
2024-08-24T11:05:04.172Z - info: [7:05:04 pm] Reload for file change: C:\repos\nus-cs2103\cs2103-website-base\admin\ip-tasks-fragment.md
2024-08-24T11:05:04.173Z - info: Synchronizing opened pages list before reload
2024-08-24T11:05:04.174Z - info: Current opened pages, from most-to-least recent:
2024-08-24T11:05:04.174Z - info: 1. schedule/week3/project
2024-08-24T11:05:05.193Z - info: Rebuilding 1 pages
2024-08-24T11:05:07.333Z - info: Site data built
2024-08-24T11:05:07.334Z - info: Pages rebuilt
2024-08-24T11:05:07.334Z - info: Website regeneration complete! Total build time: 2.142s
2024-08-24T11:06:30.526Z - info: [7:06:30 pm] Reload for file change: C:\repos\nus-cs2103\cs2103-website-base\admin\ip-tasks-fragment.md
2024-08-24T11:06:30.526Z - info: Synchronizing opened pages list before reload
2024-08-24T11:06:30.527Z - info: Current opened pages, from most-to-least recent:
2024-08-24T11:06:30.527Z - info: 1. schedule/week3/project
2024-08-24T11:06:31.541Z - info: Rebuilding 1 pages
2024-08-24T11:06:34.030Z - info: Site data built
2024-08-24T11:06:34.031Z - info: Pages rebuilt
2024-08-24T11:06:34.031Z - info: Website regeneration complete! Total build time: 2.491s
2024-08-24T11:07:59.755Z - info: [7:07:59 pm] Reload for file change: C:\repos\nus-cs2103\cs2103-website-base\admin\ip-tasks-fragment.md
2024-08-24T11:07:59.755Z - info: Synchronizing opened pages list before reload
2024-08-24T11:07:59.756Z - info: Current opened pages, from most-to-least recent:
2024-08-24T11:07:59.756Z - info: 1. schedule/week3/project
2024-08-24T11:08:00.769Z - info: Rebuilding 1 pages
2024-08-24T11:08:03.075Z - info: Site data built
2024-08-24T11:08:03.076Z - info: Pages rebuilt
2024-08-24T11:08:03.076Z - info: Website regeneration complete! Total build time: 2.308s
2024-08-24T11:10:03.650Z - info: [7:10:03 pm] Reload for file change: C:\repos\nus-cs2103\cs2103-website-base\admin\ip-tasks-fragment.md
2024-08-24T11:10:03.651Z - info: Synchronizing opened pages list before reload
2024-08-24T11:10:03.651Z - info: Current opened pages, from most-to-least recent:
2024-08-24T11:10:03.652Z - info: 1. schedule/week3/project
2024-08-24T11:10:04.673Z - info: Rebuilding 1 pages
2024-08-24T11:10:06.881Z - info: Site data built
2024-08-24T11:10:06.881Z - info: Pages rebuilt
2024-08-24T11:10:06.881Z - info: Website regeneration complete! Total build time: 2.208s
2024-08-24T11:10:27.754Z - info: [7:10:27 pm] Reload for file change: C:\repos\nus-cs2103\cs2103-website-base\admin\ip-tasks-fragment.md
2024-08-24T11:10:27.757Z - info: Synchronizing opened pages list before reload
2024-08-24T11:10:27.758Z - info: Current opened pages, from most-to-least recent:
2024-08-24T11:10:27.759Z - info: 1. schedule/week3/project
2024-08-24T11:10:28.778Z - info: Rebuilding 1 pages
2024-08-24T11:10:31.352Z - info: Site data built
2024-08-24T11:10:31.352Z - info: Pages rebuilt
2024-08-24T11:10:31.352Z - info: Website regeneration complete! Total build time: 2.576s
2024-08-24T11:10:40.110Z - info: [7:10:40 pm] Reload for file change: C:\repos\nus-cs2103\cs2103-website-base\admin\ip-tasks-fragment.md
2024-08-24T11:10:40.111Z - info: Synchronizing opened pages list before reload
2024-08-24T11:10:40.111Z - info: Current opened pages, from most-to-least recent:
2024-08-24T11:10:40.111Z - info: 1. schedule/week3/project
2024-08-24T11:10:41.115Z - info: Rebuilding 1 pages
2024-08-24T11:10:43.090Z - info: Site data built
2024-08-24T11:10:43.090Z - info: Pages rebuilt
2024-08-24T11:10:43.091Z - info: Website regeneration complete! Total build time: 1.976s
2024-08-24T11:53:08.847Z - info: [7:53:08 pm] Reload for file change: C:\repos\nus-cs2103\cs2103-website-base\book\projectDuke\extensions-fragment.md
2024-08-24T11:53:08.853Z - info: Synchronizing opened pages list before reload
2024-08-24T11:53:08.855Z - info: Current opened pages, from most-to-least recent:
2024-08-24T11:53:08.855Z - info: 1. schedule/week3/project
2024-08-24T11:53:09.883Z - info: Rebuilding 1 pages
2024-08-24T11:53:12.393Z - info: Site data built
2024-08-24T11:53:12.394Z - info: Pages rebuilt
2024-08-24T11:53:12.394Z - info: Website regeneration complete! Total build time: 2.515s
2024-08-24T11:55:03.393Z - info: [7:55:03 pm] Reload for file change: C:\repos\nus-cs2103\cs2103-website-base\book\projectDuke\extensions-fragment.md
2024-08-24T11:55:03.393Z - info: Synchronizing opened pages list before reload
2024-08-24T11:55:03.394Z - info: Current opened pages, from most-to-least recent:
2024-08-24T11:55:03.394Z - info: 1. schedule/week3/project
2024-08-24T11:55:04.404Z - info: Rebuilding 1 pages
2024-08-24T11:55:06.560Z - info: Site data built
2024-08-24T11:55:06.560Z - info: Pages rebuilt
2024-08-24T11:55:06.561Z - info: Website regeneration complete! Total build time: 2.158s
2024-08-24T11:55:55.939Z - info: [7:55:55 pm] Reload for file change: C:\repos\nus-cs2103\cs2103-website-base\book\projectDuke\extensions-fragment.md
2024-08-24T11:55:55.940Z - info: Synchronizing opened pages list before reload
2024-08-24T11:55:55.940Z - info: Current opened pages, from most-to-least recent:
2024-08-24T11:55:55.940Z - info: 1. schedule/week3/project
2024-08-24T11:55:56.948Z - info: Rebuilding 1 pages
2024-08-24T11:55:59.068Z - info: Site data built
2024-08-24T11:55:59.069Z - info: Pages rebuilt
2024-08-24T11:55:59.069Z - info: Website regeneration complete! Total build time: 2.122s
2024-08-24T11:59:01.320Z - info: [7:59:01 pm] Reload for file change: C:\repos\nus-cs2103\cs2103-website-base\admin\tp-tasks-fragment.md
2024-08-24T11:59:01.321Z - info: Synchronizing opened pages list before reload
2024-08-24T11:59:01.321Z - info: Current opened pages, from most-to-least recent:
2024-08-24T11:59:01.322Z - info: 1. schedule/week3/project
2024-08-24T11:59:02.333Z - info: Rebuilding 1 pages
2024-08-24T11:59:05.143Z - info: Site data built
2024-08-24T11:59:05.143Z - info: Pages rebuilt
2024-08-24T11:59:05.143Z - info: Website regeneration complete! Total build time: 2.811s
2024-08-24T12:03:33.019Z - info: Building C:\repos\nus-cs2103\cs2103-website-base\schedule\week3\tutorial as some of its dependencies were changed since the last visit
2024-08-24T12:03:34.315Z - info: Site data built
2024-08-24T12:03:34.316Z - info: Lazy website regeneration complete! Total build time: 1.298s
2024-08-24T12:13:54.354Z - info: Website generation started at 8:13:35 pm
2024-08-24T12:14:03.782Z - info: Building assets...
2024-08-24T12:14:10.573Z - info: Assets built
2024-08-24T12:14:10.574Z - info: Generating pages...
2024-08-24T12:14:36.868Z - debug:  
2024-08-24T12:14:36.869Z - debug:  
2024-08-24T12:14:36.871Z - debug:  
2024-08-24T12:14:36.873Z - debug:  
2024-08-24T12:14:36.875Z - debug:  
2024-08-24T12:14:36.877Z - debug:  
2024-08-24T12:14:36.877Z - debug:  
2024-08-24T12:14:37.626Z - debug:  
2024-08-24T12:14:37.634Z - debug:  
2024-08-24T12:14:37.635Z - debug:  
2024-08-24T12:14:37.636Z - debug:  
2024-08-24T12:14:37.637Z - debug:  
2024-08-24T12:14:37.638Z - debug:  
2024-08-24T12:14:37.640Z - debug:  
2024-08-24T12:14:37.641Z - debug:  
2024-08-24T12:14:40.936Z - debug:  
2024-08-24T12:14:40.937Z - debug:  
2024-08-24T12:16:02.984Z - error: Invalid HTML in C:\repos\nus-cs2103\cs2103-website-base\schedule\week5\tutorial.md.
Table must have a tbody tag. Please correct this to avoid Vue hydration issues.

2024-08-24T12:16:28.923Z - error: Invalid HTML in C:\repos\nus-cs2103\cs2103-website-base\schedule\week4\project.md.
Table must have a tbody tag. Please correct this to avoid Vue hydration issues.

2024-08-24T12:16:28.923Z - error: Invalid HTML in C:\repos\nus-cs2103\cs2103-website-base\schedule\week4\project.md.
Table must have a tbody tag. Please correct this to avoid Vue hydration issues.

2024-08-24T12:16:59.167Z - debug:  
2024-08-24T12:17:18.736Z - debug:  
2024-08-24T12:17:18.765Z - debug:  
2024-08-24T12:17:24.407Z - error: Invalid HTML in C:\repos\nus-cs2103\cs2103-website-base\admin\ip-w4.md.
Table must have a tbody tag. Please correct this to avoid Vue hydration issues.

2024-08-24T12:17:24.408Z - error: Invalid HTML in C:\repos\nus-cs2103\cs2103-website-base\admin\ip-w4.md.
Table must have a tbody tag. Please correct this to avoid Vue hydration issues.

2024-08-24T12:17:28.977Z - info: Pages built
2024-08-24T12:17:30.233Z - info: Site data built
2024-08-24T12:17:30.234Z - info: Website generation complete! Total build time: 234.425s
2024-08-24T12:17:30.234Z - info: Build success!
2024-08-24T12:20:42.708Z - info: The website has been deployed at: https://nus-cs2103-ay2425s1.github.io/website
2024-08-24T12:51:30.176Z - info: Website generation (lazy) started at 8:51:19 pm
2024-08-24T12:51:42.488Z - warn: ENOENT: no such file or directory, open 'C:\repos\nus-cs2103\cs2103-website-base\cache\gh-pages\https!github.com!nus-cs2103-AY2425S1!website.git\book\_markbind\variables.md'
2024-08-24T12:51:42.490Z - warn: ENOENT: no such file or directory, open 'C:\repos\nus-cs2103\cs2103-website-base\cache\gh-pages\https!github.com!nus-cs2103-AY2425S1!website.git\_markbind\variables.md'
2024-08-24T12:51:42.568Z - info: Building assets...
2024-08-24T12:52:37.582Z - info: Assets built
2024-08-24T12:52:37.583Z - info: Generating landing page...
2024-08-24T12:52:38.953Z - info: Landing page built, other pages will be built as you navigate to them!
2024-08-24T12:52:40.200Z - info: Site data built
2024-08-24T12:52:40.201Z - info: Website generation (lazy) complete! Total build time: 80.979s
2024-08-24T12:52:40.274Z - info: Serving "C:\repos\nus-cs2103\cs2103-website-base\_site" at http://127.0.0.1:8080
2024-08-24T12:52:40.274Z - info: Press CTRL+C to stop ...
2024-08-24T13:02:28.397Z - info: Building C:\repos\nus-cs2103\cs2103-website-base\admin\index as some of its dependencies were changed since the last visit
2024-08-24T13:02:28.954Z - info: Site data built
2024-08-24T13:02:28.954Z - info: Lazy website regeneration complete! Total build time: 0.559s
2024-08-24T13:02:32.297Z - info: Building C:\repos\nus-cs2103\cs2103-website-base\admin\appendixB-policies as some of its dependencies were changed since the last visit
2024-08-24T13:02:32.916Z - info: Site data built
2024-08-24T13:02:32.917Z - info: Lazy website regeneration complete! Total build time: 0.619s
2024-08-24T13:41:06.490Z - info: [9:41:06 pm] Reload for file change: C:\repos\nus-cs2103\cs2103-website-base\admin\policies-fragment.md
2024-08-24T13:41:06.498Z - info: Synchronizing opened pages list before reload
2024-08-24T13:41:06.501Z - info: Current opened pages, from most-to-least recent:
2024-08-24T13:41:06.502Z - info: 1. admin/appendixB-policies
2024-08-24T13:41:07.521Z - info: Rebuilding 1 pages
2024-08-24T13:41:08.329Z - info: Site data built
2024-08-24T13:41:08.330Z - info: Pages rebuilt
2024-08-24T13:41:08.330Z - info: Website regeneration complete! Total build time: 0.814s
2024-08-24T13:42:11.450Z - info: [9:42:11 pm] Reload for file change: C:\repos\nus-cs2103\cs2103-website-base\_course-CS2113\weeklyAdminTopics-fragment.md
2024-08-24T13:42:11.451Z - info: Synchronizing opened pages list before reload
2024-08-24T13:42:11.451Z - info: Current opened pages, from most-to-least recent:
2024-08-24T13:42:11.451Z - info: 1. admin/appendixB-policies
2024-08-24T13:42:11.484Z - info: [9:42:11 pm] Reload for file change: C:\repos\nus-cs2103\cs2103-website-base\admin\policies-fragment.md
2024-08-24T13:42:11.485Z - info: Synchronizing opened pages list before reload
2024-08-24T13:42:11.486Z - info: Current opened pages, from most-to-least recent:
2024-08-24T13:42:11.486Z - info: 1. admin/appendixB-policies
2024-08-24T13:42:12.466Z - info: Assets built
2024-08-24T13:42:12.496Z - info: Rebuilding 1 pages
2024-08-24T13:42:13.079Z - info: Site data built
2024-08-24T13:42:13.080Z - info: Pages rebuilt
2024-08-24T13:42:13.080Z - info: Website regeneration complete! Total build time: 0.585s
2024-08-24T13:44:02.619Z - info: [9:44:02 pm] Reload for file change: C:\repos\nus-cs2103\cs2103-website-base\common\admin.njk
2024-08-24T13:44:02.620Z - info: Synchronizing opened pages list before reload
2024-08-24T13:44:02.620Z - info: Current opened pages, from most-to-least recent:
2024-08-24T13:44:02.621Z - info: 1. admin/appendixB-policies
2024-08-24T13:44:03.839Z - info: Rebuilding 1 pages
2024-08-24T13:44:04.392Z - info: Site data built
2024-08-24T13:44:04.393Z - info: Pages rebuilt
2024-08-24T13:44:04.393Z - info: Website regeneration complete! Total build time: 0.555s
2024-08-24T13:46:31.632Z - info: [9:46:31 pm] Reload for file change: C:\repos\nus-cs2103\cs2103-website-base\admin\policies-fragment.md
2024-08-24T13:46:31.633Z - info: Synchronizing opened pages list before reload
2024-08-24T13:46:31.633Z - info: Current opened pages, from most-to-least recent:
2024-08-24T13:46:31.633Z - info: 1. admin/appendixB-policies
2024-08-24T13:46:32.652Z - info: Rebuilding 1 pages
2024-08-24T13:46:33.351Z - info: Site data built
2024-08-24T13:46:33.351Z - info: Pages rebuilt
2024-08-24T13:46:33.352Z - info: Website regeneration complete! Total build time: 0.7s
2024-08-24T13:49:01.616Z - info: [9:49:01 pm] Reload for file change: C:\repos\nus-cs2103\cs2103-website-base\admin\policies-fragment.md
2024-08-24T13:49:01.617Z - info: Synchronizing opened pages list before reload
2024-08-24T13:49:01.618Z - info: Current opened pages, from most-to-least recent:
2024-08-24T13:49:01.618Z - info: 1. admin/appendixB-policies
2024-08-24T13:49:02.626Z - info: Rebuilding 1 pages
2024-08-24T13:49:03.312Z - info: Site data built
2024-08-24T13:49:03.312Z - info: Pages rebuilt
2024-08-24T13:49:03.312Z - info: Website regeneration complete! Total build time: 0.687s
2024-08-24T13:53:14.916Z - info: [9:53:14 pm] Reload for file change: C:\repos\nus-cs2103\cs2103-website-base\_markbind\variables.md
2024-08-24T13:53:14.917Z - info: Synchronizing opened pages list before reload
2024-08-24T13:53:14.917Z - info: Current opened pages, from most-to-least recent:
2024-08-24T13:53:14.918Z - info: 1. admin/appendixB-policies
2024-08-24T13:53:14.944Z - info: [9:53:14 pm] Reload for file change: C:\repos\nus-cs2103\cs2103-website-base\admin\policies-fragment.md
2024-08-24T13:53:14.944Z - info: Synchronizing opened pages list before reload
2024-08-24T13:53:14.944Z - info: Current opened pages, from most-to-least recent:
2024-08-24T13:53:14.944Z - info: 1. admin/appendixB-policies
2024-08-24T13:53:15.951Z - warn: ENOENT: no such file or directory, open 'C:\repos\nus-cs2103\cs2103-website-base\cache\gh-pages\https!github.com!nus-cs2103-AY2425S1!website.git\book\_markbind\variables.md'
2024-08-24T13:53:15.951Z - warn: ENOENT: no such file or directory, open 'C:\repos\nus-cs2103\cs2103-website-base\cache\gh-pages\https!github.com!nus-cs2103-AY2425S1!website.git\_markbind\variables.md'
2024-08-24T13:53:16.003Z - warn: Rebuilding all pages as variables file was changed, or the --force-reload flag was set
2024-08-24T13:53:16.006Z - info: Rebuilding 1 pages
2024-08-24T13:53:16.786Z - info: Site data built
2024-08-24T13:53:16.786Z - info: Pages rebuilt
2024-08-24T13:53:16.787Z - info: Website regeneration complete! Total build time: 0.855s
2024-08-24T13:53:38.417Z - info: [9:53:38 pm] Reload for file change: C:\repos\nus-cs2103\cs2103-website-base\_markbind\variables.md
2024-08-24T13:53:38.418Z - info: Synchronizing opened pages list before reload
2024-08-24T13:53:38.418Z - info: Current opened pages, from most-to-least recent:
2024-08-24T13:53:38.418Z - info: 1. admin/appendixB-policies
2024-08-24T13:53:38.451Z - info: [9:53:38 pm] Reload for file change: C:\repos\nus-cs2103\cs2103-website-base\admin\policies-fragment.md
2024-08-24T13:53:38.451Z - info: Synchronizing opened pages list before reload
2024-08-24T13:53:38.452Z - info: Current opened pages, from most-to-least recent:
2024-08-24T13:53:38.452Z - info: 1. admin/appendixB-policies
2024-08-24T13:53:39.444Z - warn: ENOENT: no such file or directory, open 'C:\repos\nus-cs2103\cs2103-website-base\cache\gh-pages\https!github.com!nus-cs2103-AY2425S1!website.git\book\_markbind\variables.md'
2024-08-24T13:53:39.445Z - warn: ENOENT: no such file or directory, open 'C:\repos\nus-cs2103\cs2103-website-base\cache\gh-pages\https!github.com!nus-cs2103-AY2425S1!website.git\_markbind\variables.md'
2024-08-24T13:53:39.493Z - warn: Rebuilding all pages as variables file was changed, or the --force-reload flag was set
2024-08-24T13:53:39.496Z - info: Rebuilding 1 pages
2024-08-24T13:53:40.094Z - info: Site data built
2024-08-24T13:53:40.095Z - info: Pages rebuilt
2024-08-24T13:53:40.095Z - info: Website regeneration complete! Total build time: 0.673s
2024-08-24T13:54:48.284Z - info: [9:54:48 pm] Reload for file change: C:\repos\nus-cs2103\cs2103-website-base\admin\policies-fragment.md
2024-08-24T13:54:48.285Z - info: Synchronizing opened pages list before reload
2024-08-24T13:54:48.285Z - info: Current opened pages, from most-to-least recent:
2024-08-24T13:54:48.285Z - info: 1. admin/appendixB-policies
2024-08-24T13:54:49.295Z - info: Rebuilding 1 pages
2024-08-24T13:54:49.907Z - info: Site data built
2024-08-24T13:54:49.907Z - info: Pages rebuilt
2024-08-24T13:54:49.907Z - info: Website regeneration complete! Total build time: 0.613s
2024-08-24T13:56:24.868Z - info: [9:56:24 pm] Reload for file change: C:\repos\nus-cs2103\cs2103-website-base\_markbind\variables.md
2024-08-24T13:56:24.868Z - info: Synchronizing opened pages list before reload
2024-08-24T13:56:24.869Z - info: Current opened pages, from most-to-least recent:
2024-08-24T13:56:24.870Z - info: 1. admin/appendixB-policies
2024-08-24T13:56:24.899Z - info: [9:56:24 pm] Reload for file change: C:\repos\nus-cs2103\cs2103-website-base\admin\policies-fragment.md
2024-08-24T13:56:24.899Z - info: Synchronizing opened pages list before reload
2024-08-24T13:56:24.900Z - info: Current opened pages, from most-to-least recent:
2024-08-24T13:56:24.900Z - info: 1. admin/appendixB-policies
2024-08-24T13:56:25.900Z - warn: ENOENT: no such file or directory, open 'C:\repos\nus-cs2103\cs2103-website-base\cache\gh-pages\https!github.com!nus-cs2103-AY2425S1!website.git\book\_markbind\variables.md'
2024-08-24T13:56:25.901Z - warn: ENOENT: no such file or directory, open 'C:\repos\nus-cs2103\cs2103-website-base\cache\gh-pages\https!github.com!nus-cs2103-AY2425S1!website.git\_markbind\variables.md'
2024-08-24T13:56:25.957Z - warn: Rebuilding all pages as variables file was changed, or the --force-reload flag was set
2024-08-24T13:56:25.959Z - info: Rebuilding 1 pages
2024-08-24T13:56:26.590Z - info: Site data built
2024-08-24T13:56:26.590Z - info: Pages rebuilt
2024-08-24T13:56:26.590Z - info: Website regeneration complete! Total build time: 0.707s
2024-08-24T13:56:46.399Z - info: [9:56:46 pm] Reload for file change: C:\repos\nus-cs2103\cs2103-website-base\admin\policies-fragment.md
2024-08-24T13:56:46.400Z - info: Synchronizing opened pages list before reload
2024-08-24T13:56:46.400Z - info: Current opened pages, from most-to-least recent:
2024-08-24T13:56:46.401Z - info: 1. admin/appendixB-policies
2024-08-24T13:56:47.421Z - info: Rebuilding 1 pages
2024-08-24T13:56:48.115Z - info: Site data built
2024-08-24T13:56:48.115Z - info: Pages rebuilt
2024-08-24T13:56:48.116Z - info: Website regeneration complete! Total build time: 0.695s
2024-08-24T13:57:03.360Z - info: [9:57:03 pm] Reload for file change: C:\repos\nus-cs2103\cs2103-website-base\_markbind\variables.md
2024-08-24T13:57:03.360Z - info: Synchronizing opened pages list before reload
2024-08-24T13:57:03.360Z - info: Current opened pages, from most-to-least recent:
2024-08-24T13:57:03.360Z - info: 1. admin/appendixB-policies
2024-08-24T13:57:04.400Z - warn: ENOENT: no such file or directory, open 'C:\repos\nus-cs2103\cs2103-website-base\cache\gh-pages\https!github.com!nus-cs2103-AY2425S1!website.git\book\_markbind\variables.md'
2024-08-24T13:57:04.402Z - warn: ENOENT: no such file or directory, open 'C:\repos\nus-cs2103\cs2103-website-base\cache\gh-pages\https!github.com!nus-cs2103-AY2425S1!website.git\_markbind\variables.md'
2024-08-24T13:57:04.493Z - warn: Rebuilding all pages as variables file was changed, or the --force-reload flag was set
2024-08-24T13:57:04.496Z - info: Rebuilding 1 pages
2024-08-24T13:57:05.187Z - info: Site data built
2024-08-24T13:57:05.188Z - info: Pages rebuilt
2024-08-24T13:57:05.188Z - info: Website regeneration complete! Total build time: 0.812s
2024-08-24T13:57:21.889Z - info: [9:57:21 pm] Reload for file change: C:\repos\nus-cs2103\cs2103-website-base\admin\policies-fragment.md
2024-08-24T13:57:21.890Z - info: Synchronizing opened pages list before reload
2024-08-24T13:57:21.891Z - info: Current opened pages, from most-to-least recent:
2024-08-24T13:57:21.891Z - info: 1. admin/appendixB-policies
2024-08-24T13:57:22.899Z - info: Rebuilding 1 pages
2024-08-24T13:57:23.564Z - info: Site data built
2024-08-24T13:57:23.565Z - info: Pages rebuilt
2024-08-24T13:57:23.565Z - info: Website regeneration complete! Total build time: 0.668s
2024-08-24T13:59:15.097Z - info: [9:59:15 pm] Reload for file change: C:\repos\nus-cs2103\cs2103-website-base\admin\policies-fragment.md
2024-08-24T13:59:15.097Z - info: Synchronizing opened pages list before reload
2024-08-24T13:59:15.098Z - info: Current opened pages, from most-to-least recent:
2024-08-24T13:59:15.098Z - info: 1. admin/appendixB-policies
2024-08-24T13:59:16.105Z - info: Rebuilding 1 pages
2024-08-24T13:59:16.849Z - info: Site data built
2024-08-24T13:59:16.849Z - info: Pages rebuilt
2024-08-24T13:59:16.849Z - info: Website regeneration complete! Total build time: 0.745s
2024-08-24T13:59:45.174Z - info: [9:59:45 pm] Reload for file change: C:\repos\nus-cs2103\cs2103-website-base\admin\policies-fragment.md
2024-08-24T13:59:45.174Z - info: Synchronizing opened pages list before reload
2024-08-24T13:59:45.175Z - info: Current opened pages, from most-to-least recent:
2024-08-24T13:59:45.175Z - info: 1. admin/appendixB-policies
2024-08-24T13:59:46.192Z - info: Rebuilding 1 pages
2024-08-24T13:59:46.828Z - info: Site data built
2024-08-24T13:59:46.828Z - info: Pages rebuilt
2024-08-24T13:59:46.829Z - info: Website regeneration complete! Total build time: 0.638s
2024-08-24T14:00:27.682Z - info: [10:00:27 pm] Reload for file change: C:\repos\nus-cs2103\cs2103-website-base\admin\policies-fragment.md
2024-08-24T14:00:27.682Z - info: Synchronizing opened pages list before reload
2024-08-24T14:00:27.683Z - info: Current opened pages, from most-to-least recent:
2024-08-24T14:00:27.683Z - info: 1. admin/appendixB-policies
2024-08-24T14:00:28.689Z - info: Rebuilding 1 pages
2024-08-24T14:00:29.304Z - info: Site data built
2024-08-24T14:00:29.304Z - info: Pages rebuilt
2024-08-24T14:00:29.305Z - info: Website regeneration complete! Total build time: 0.616s
2024-08-24T14:00:48.335Z - info: Building C:\repos\nus-cs2103\cs2103-website-base\admin\tp-supervision as some of its dependencies were changed since the last visit
2024-08-24T14:00:48.563Z - info: Site data built
2024-08-24T14:00:48.563Z - info: Lazy website regeneration complete! Total build time: 0.229s
2024-08-24T14:02:39.774Z - info: [10:02:39 pm] Reload for file change: C:\repos\nus-cs2103\cs2103-website-base\admin\tp-supervision.md
2024-08-24T14:02:39.774Z - info: Synchronizing opened pages list before reload
2024-08-24T14:02:39.775Z - info: Current opened pages, from most-to-least recent:
2024-08-24T14:02:39.775Z - info: 1. admin/tp-supervision
2024-08-24T14:02:40.795Z - info: Rebuilding 1 pages
2024-08-24T14:02:40.864Z - error:  Template render error: (C:\repos\nus-cs2103\cs2103-website-base\admin\tp-supervision.md) [Line 17, Column 14]
  Template render error: (C:\repos\nus-cs2103\cs2103-website-base\admin\tp-supervision.md) [Line 105, Column 9]
  Template render error: (C:\repos\nus-cs2103\cs2103-website-base\admin\tp-supervision.md) [Line 35, Column 52]
  Template render error: (C:\repos\nus-cs2103\cs2103-website-base\admin\tp-supervision.md)
  Template render error: (C:\repos\nus-cs2103\cs2103-website-base\admin\tp-supervision.md)
  Template render error: (C:\repos\nus-cs2103\cs2103-website-base\admin\tp-supervision.md)
  Template render error: (C:\repos\nus-cs2103\cs2103-website-base\admin\tp-supervision.md) [Line 61, Column 49]
  Template render error: (C:\repos\nus-cs2103\cs2103-website-base\admin\tp-supervision.md)
  Template render error: (C:\repos\nus-cs2103\cs2103-website-base\admin\tp-supervision.md)
  Template render error: (C:\repos\nus-cs2103\cs2103-website-base\admin\tp-supervision.md)
  Error: Unable to call `embed_topic`, which is undefined or falsey
    at Object._prettifyError (C:\Users\dcsdcr\AppData\Roaming\npm\node_modules\markbind-cli\node_modules\nunjucks\src\lib.js:32:11)
    at C:\Users\dcsdcr\AppData\Roaming\npm\node_modules\markbind-cli\node_modules\@markbind\core\src\patches\nunjucks\context-overrides-frame.js:383:17
    at Template.root [as rootRenderFunc] (eval at _compile (C:\Users\dcsdcr\AppData\Roaming\npm\node_modules\markbind-cli\node_modules\nunjucks\src\environment.js:527:18), <anonymous>:45:3)
    at Template.render (C:\Users\dcsdcr\AppData\Roaming\npm\node_modules\markbind-cli\node_modules\@markbind\core\src\patches\nunjucks\context-overrides-frame.js:372:8)
    at C:\Users\dcsdcr\AppData\Roaming\npm\node_modules\markbind-cli\node_modules\@markbind\core\src\patches\nunjucks\context-overrides-frame.js:54:25
    at createTemplate (C:\Users\dcsdcr\AppData\Roaming\npm\node_modules\markbind-cli\node_modules\@markbind\core\src\patches\nunjucks\load-event.js:121:7)
    at handle (C:\Users\dcsdcr\AppData\Roaming\npm\node_modules\markbind-cli\node_modules\@markbind\core\src\patches\nunjucks\load-event.js:133:9)
    at C:\Users\dcsdcr\AppData\Roaming\npm\node_modules\markbind-cli\node_modules\@markbind\core\src\patches\nunjucks\load-event.js:145:7
    at next (C:\Users\dcsdcr\AppData\Roaming\npm\node_modules\markbind-cli\node_modules\nunjucks\src\lib.js:258:7)
    at Object.asyncIter (C:\Users\dcsdcr\AppData\Roaming\npm\node_modules\markbind-cli\node_modules\nunjucks\src\lib.js:263:3)
    at Environment.getTemplate (C:\Users\dcsdcr\AppData\Roaming\npm\node_modules\markbind-cli\node_modules\@markbind\core\src\patches\nunjucks\load-event.js:127:7)
    at Environment.render (C:\Users\dcsdcr\AppData\Roaming\npm\node_modules\markbind-cli\node_modules\@markbind\core\src\patches\nunjucks\context-overrides-frame.js:48:8)
    at VariableRenderer.renderFile (C:\Users\dcsdcr\AppData\Roaming\npm\node_modules\markbind-cli\node_modules\@markbind\core\src\variables\VariableRenderer.js:73:24)
    at VariableProcessor.renderWithSiteVariables (C:\Users\dcsdcr\AppData\Roaming\npm\node_modules\markbind-cli\node_modules\@markbind\core\src\variables\VariableProcessor.js:154:57)
    at Page.<anonymous> (C:\Users\dcsdcr\AppData\Roaming\npm\node_modules\markbind-cli\node_modules\@markbind\core\src\Page\index.js:494:45)
    at Generator.next (<anonymous>)
2024-08-24T14:02:40.864Z - warn:  Error: Error while generating C:\repos\nus-cs2103\cs2103-website-base\admin\tp-supervision.md
    at Site.<anonymous> (C:\Users\dcsdcr\AppData\Roaming\npm\node_modules\markbind-cli\node_modules\@markbind\core\src\Site\index.js:927:27)
    at Generator.throw (<anonymous>)
    at rejected (C:\Users\dcsdcr\AppData\Roaming\npm\node_modules\markbind-cli\node_modules\@markbind\core\src\Site\index.js:29:65)
2024-08-24T14:03:06.134Z - info: [10:03:06 pm] Reload for file change: C:\repos\nus-cs2103\cs2103-website-base\admin\tp-supervision.md
2024-08-24T14:03:06.134Z - info: Synchronizing opened pages list before reload
2024-08-24T14:03:06.135Z - info: Current opened pages, from most-to-least recent:
2024-08-24T14:03:06.136Z - info: 1. admin/tp-supervision
2024-08-24T14:03:07.148Z - info: Rebuilding 1 pages
2024-08-24T14:03:07.361Z - info: Site data built
2024-08-24T14:03:07.361Z - info: Pages rebuilt
2024-08-24T14:03:07.361Z - info: Website regeneration complete! Total build time: 0.214s
2024-08-24T14:03:38.172Z - info: [10:03:38 pm] Reload for file change: C:\repos\nus-cs2103\cs2103-website-base\admin\tp-supervision.md
2024-08-24T14:03:38.172Z - info: Synchronizing opened pages list before reload
2024-08-24T14:03:38.173Z - info: Current opened pages, from most-to-least recent:
2024-08-24T14:03:38.173Z - info: 1. admin/tp-supervision
2024-08-24T14:03:39.193Z - info: Rebuilding 1 pages
2024-08-24T14:03:39.373Z - info: Site data built
2024-08-24T14:03:39.373Z - info: Pages rebuilt
2024-08-24T14:03:39.374Z - info: Website regeneration complete! Total build time: 0.184s
2024-08-24T14:03:56.327Z - info: [10:03:56 pm] Reload for file change: C:\repos\nus-cs2103\cs2103-website-base\admin\tp-supervision.md
2024-08-24T14:03:56.328Z - info: Synchronizing opened pages list before reload
2024-08-24T14:03:56.328Z - info: Current opened pages, from most-to-least recent:
2024-08-24T14:03:56.328Z - info: 1. admin/tp-supervision
2024-08-24T14:03:57.350Z - info: Rebuilding 1 pages
2024-08-24T14:03:57.538Z - info: Site data built
2024-08-24T14:03:57.539Z - info: Pages rebuilt
2024-08-24T14:03:57.539Z - info: Website regeneration complete! Total build time: 0.19s
2024-08-24T14:04:24.334Z - info: [10:04:24 pm] Reload for file change: C:\repos\nus-cs2103\cs2103-website-base\admin\tp-supervision.md
2024-08-24T14:04:24.335Z - info: Synchronizing opened pages list before reload
2024-08-24T14:04:24.336Z - info: Current opened pages, from most-to-least recent:
2024-08-24T14:04:24.336Z - info: 1. admin/tp-supervision
2024-08-24T14:04:25.344Z - info: Rebuilding 1 pages
2024-08-24T14:04:25.603Z - info: Site data built
2024-08-24T14:04:25.604Z - info: Pages rebuilt
2024-08-24T14:04:25.604Z - info: Website regeneration complete! Total build time: 0.261s
2024-08-24T14:04:46.254Z - info: Building C:\repos\nus-cs2103\cs2103-website-base\admin\tutorials as some of its dependencies were changed since the last visit
2024-08-24T14:04:46.821Z - info: Site data built
2024-08-24T14:04:46.822Z - info: Lazy website regeneration complete! Total build time: 0.568s
2024-08-24T14:05:22.744Z - info: [10:05:22 pm] Reload for file change: C:\repos\nus-cs2103\cs2103-website-base\admin\tutorials.md
2024-08-24T14:05:22.745Z - info: Synchronizing opened pages list before reload
2024-08-24T14:05:22.745Z - info: Current opened pages, from most-to-least recent:
2024-08-24T14:05:22.746Z - info: 1. admin/tutorials
2024-08-24T14:05:23.755Z - info: Rebuilding 1 pages
2024-08-24T14:05:24.364Z - info: Site data built
2024-08-24T14:05:24.364Z - info: Pages rebuilt
2024-08-24T14:05:24.364Z - info: Website regeneration complete! Total build time: 0.611s
2024-08-24T14:06:08.651Z - info: [10:06:08 pm] Reload for file change: C:\repos\nus-cs2103\cs2103-website-base\admin\tutorials.md
2024-08-24T14:06:08.652Z - info: Synchronizing opened pages list before reload
2024-08-24T14:06:08.652Z - info: Current opened pages, from most-to-least recent:
2024-08-24T14:06:08.652Z - info: 1. admin/tutorials
2024-08-24T14:06:09.670Z - info: Rebuilding 1 pages
2024-08-24T14:06:10.227Z - info: Site data built
2024-08-24T14:06:10.227Z - info: Pages rebuilt
2024-08-24T14:06:10.227Z - info: Website regeneration complete! Total build time: 0.558s
2024-08-24T14:06:38.196Z - info: [10:06:38 pm] Reload for file change: C:\repos\nus-cs2103\cs2103-website-base\admin\tutorials.md
2024-08-24T14:06:38.197Z - info: Synchronizing opened pages list before reload
2024-08-24T14:06:38.197Z - info: Current opened pages, from most-to-least recent:
2024-08-24T14:06:38.197Z - info: 1. admin/tutorials
2024-08-24T14:06:39.208Z - info: Rebuilding 1 pages
2024-08-24T14:06:39.669Z - info: Site data built
2024-08-24T14:06:39.669Z - info: Pages rebuilt
2024-08-24T14:06:39.670Z - info: Website regeneration complete! Total build time: 0.464s
2024-08-24T14:07:35.866Z - info: Building C:\repos\nus-cs2103\cs2103-website-base\admin\instructors as some of its dependencies were changed since the last visit
2024-08-24T14:07:36.298Z - info: Site data built
2024-08-24T14:07:36.299Z - info: Lazy website regeneration complete! Total build time: 0.432s
2024-08-24T14:09:08.372Z - info: Building C:\repos\nus-cs2103\cs2103-website-base\index as some of its dependencies were changed since the last visit
2024-08-24T14:09:09.665Z - info: Site data built
2024-08-24T14:09:09.665Z - info: Lazy website regeneration complete! Total build time: 1.293s
2024-08-24T14:09:12.384Z - info: Building C:\repos\nus-cs2103\cs2103-website-base\schedule\week3\tutorial as some of its dependencies were changed since the last visit
2024-08-24T14:09:13.231Z - info: Site data built
2024-08-24T14:09:13.231Z - info: Lazy website regeneration complete! Total build time: 0.847s
2024-08-24T14:11:03.627Z - info: Website generation started at 10:10:47 pm
2024-08-24T14:11:15.961Z - info: Building assets...
2024-08-24T14:11:24.136Z - info: Assets built
2024-08-24T14:11:24.139Z - info: Generating pages...
2024-08-24T14:11:50.456Z - debug:  
2024-08-24T14:11:50.457Z - debug:  
2024-08-24T14:11:50.458Z - debug:  
2024-08-24T14:11:50.459Z - debug:  
2024-08-24T14:11:50.464Z - debug:  
2024-08-24T14:11:50.465Z - debug:  
2024-08-24T14:11:50.504Z - debug:  
2024-08-24T14:11:50.544Z - debug:  
2024-08-24T14:11:50.610Z - debug:  
2024-08-24T14:11:50.622Z - debug:  
2024-08-24T14:11:50.674Z - debug:  
2024-08-24T14:11:50.727Z - debug:  
2024-08-24T14:11:50.729Z - debug:  
2024-08-24T14:11:50.734Z - debug:  
2024-08-24T14:11:50.785Z - debug:  
2024-08-24T14:11:54.273Z - debug:  
2024-08-24T14:11:54.273Z - debug:  
2024-08-24T14:13:21.498Z - error: Invalid HTML in C:\repos\nus-cs2103\cs2103-website-base\schedule\week5\tutorial.md.
Table must have a tbody tag. Please correct this to avoid Vue hydration issues.

2024-08-24T14:13:50.813Z - error: Invalid HTML in C:\repos\nus-cs2103\cs2103-website-base\schedule\week4\project.md.
Table must have a tbody tag. Please correct this to avoid Vue hydration issues.

2024-08-24T14:13:50.813Z - error: Invalid HTML in C:\repos\nus-cs2103\cs2103-website-base\schedule\week4\project.md.
Table must have a tbody tag. Please correct this to avoid Vue hydration issues.

2024-08-24T14:14:13.098Z - debug:  
2024-08-24T14:14:40.106Z - debug:  
2024-08-24T14:14:40.154Z - debug:  
2024-08-24T14:14:45.565Z - error: Invalid HTML in C:\repos\nus-cs2103\cs2103-website-base\admin\ip-w4.md.
Table must have a tbody tag. Please correct this to avoid Vue hydration issues.

2024-08-24T14:14:45.565Z - error: Invalid HTML in C:\repos\nus-cs2103\cs2103-website-base\admin\ip-w4.md.
Table must have a tbody tag. Please correct this to avoid Vue hydration issues.

2024-08-24T14:14:49.844Z - info: Pages built
2024-08-24T14:14:51.099Z - info: Site data built
2024-08-24T14:14:51.099Z - info: Website generation complete! Total build time: 243.534s
2024-08-24T14:14:51.100Z - info: Build success!
2024-08-24T14:18:25.779Z - info: The website has been deployed at: https://nus-cs2103-ay2425s1.github.io/website
