2024-10-24T16:00:03.191Z - info: [00:00:03] Reload for file change: /Users/damithch/Repos/nus-cs2103/cs2103-website-base/admin/tp-tasks-fragment.md
2024-10-24T16:00:03.206Z - info: Synchronizing opened pages list before reload
2024-10-24T16:00:03.207Z - info: Current opened pages, from most-to-least recent:
2024-10-24T16:00:03.208Z - info: 1. schedule/week10/project
2024-10-24T16:00:04.216Z - info: Rebuilding 1 pages
2024-10-24T16:00:05.106Z - info: Site data built
2024-10-24T16:00:05.106Z - info: Pages rebuilt
2024-10-24T16:00:05.106Z - info: Website regeneration complete! Total build time: 0.894s
2024-10-24T16:00:41.662Z - info: [00:00:41] Reload for file change: /Users/damithch/Repos/nus-cs2103/cs2103-website-base/admin/tp-tasks-fragment.md
2024-10-24T16:00:41.663Z - info: Synchronizing opened pages list before reload
2024-10-24T16:00:41.663Z - info: Current opened pages, from most-to-least recent:
2024-10-24T16:00:41.663Z - info: 1. schedule/week10/project
2024-10-24T16:00:42.667Z - info: Rebuilding 1 pages
2024-10-24T16:00:43.574Z - info: Site data built
2024-10-24T16:00:43.574Z - info: Pages rebuilt
2024-10-24T16:00:43.574Z - info: Website regeneration complete! Total build time: 0.91s
2024-10-24T16:01:07.235Z - info: Website generation started at 00:01:06
2024-10-24T16:01:07.495Z - warn: ENOENT: no such file or directory, open '/Users/damithch/Repos/nus-cs2103/cs2103-website-base/node_modules/.cache/gh-pages/https!github.com!nus-cs2103-AY2425S1!website.git/book/_markbind/variables.md'
2024-10-24T16:01:07.496Z - warn: ENOENT: no such file or directory, open '/Users/damithch/Repos/nus-cs2103/cs2103-website-base/node_modules/.cache/gh-pages/https!github.com!nus-cs2103-AY2425S1!website.git/_markbind/variables.md'
2024-10-24T16:01:07.514Z - info: Building assets...
2024-10-24T16:01:08.873Z - info: Assets built
2024-10-24T16:01:08.873Z - info: Generating pages...
2024-10-24T16:01:14.061Z - debug:  
2024-10-24T16:01:14.061Z - debug: 2024-10-25 00:01:10.577 java[16814:3794193] +[IMKClient subclass]: chose IMKClient_Legacy
2024-10-25 00:01:10.577 java[16814:3794193] +[IMKInputSession subclass]: chose IMKInputSession_Legacy

2024-10-24T16:01:14.061Z - debug:  
2024-10-24T16:01:14.061Z - debug:  
2024-10-24T16:01:14.061Z - debug:  
2024-10-24T16:01:14.061Z - debug:  
2024-10-24T16:01:14.062Z - debug:  
2024-10-24T16:01:14.062Z - debug:  
2024-10-24T16:01:14.062Z - debug:  
2024-10-24T16:01:14.062Z - debug:  
2024-10-24T16:01:14.062Z - debug:  
2024-10-24T16:01:14.062Z - debug:  
2024-10-24T16:01:14.062Z - debug:  
2024-10-24T16:01:14.062Z - debug: 2024-10-25 00:01:11.570 java[16844:3794443] +[IMKClient subclass]: chose IMKClient_Legacy
2024-10-25 00:01:11.570 java[16844:3794443] +[IMKInputSession subclass]: chose IMKInputSession_Legacy

2024-10-24T16:01:14.062Z - debug:  
2024-10-24T16:01:14.062Z - debug:  
2024-10-24T16:01:15.583Z - debug: 2024-10-25 00:01:14.364 java[16875:3795205] +[IMKClient subclass]: chose IMKClient_Legacy
2024-10-25 00:01:14.364 java[16875:3795205] +[IMKInputSession subclass]: chose IMKInputSession_Legacy

2024-10-24T16:01:22.999Z - debug: 2024-10-25 00:01:22.627 java[16894:3795411] +[IMKClient subclass]: chose IMKClient_Legacy
2024-10-25 00:01:22.627 java[16894:3795411] +[IMKInputSession subclass]: chose IMKInputSession_Legacy

2024-10-24T16:02:02.542Z - debug: 2024-10-25 00:02:00.184 java[16919:3796351] +[IMKClient subclass]: chose IMKClient_Legacy
2024-10-25 00:02:00.184 java[16919:3796351] +[IMKInputSession subclass]: chose IMKInputSession_Legacy

2024-10-24T16:02:11.234Z - debug: 2024-10-25 00:02:10.826 java[16939:3796670] +[IMKClient subclass]: chose IMKClient_Legacy
2024-10-25 00:02:10.826 java[16939:3796670] +[IMKInputSession subclass]: chose IMKInputSession_Legacy

2024-10-24T16:02:11.660Z - debug:  
2024-10-24T16:02:17.406Z - info: Pages built
2024-10-24T16:02:17.473Z - info: Site data built
2024-10-24T16:02:17.473Z - info: Website generation complete! Total build time: 70.933s
2024-10-24T16:02:17.473Z - info: Build success!
2024-10-24T16:02:48.670Z - info: The website has been deployed at: https://nus-cs2103-ay2425s1.github.io/website
2024-10-25T10:50:03.062Z - info: Website generation started at 18:50:02
2024-10-25T10:50:03.352Z - warn: ENOENT: no such file or directory, open '/Users/damithch/Repos/nus-cs2103/cs2103-website-base/node_modules/.cache/gh-pages/https!github.com!nus-cs2103-AY2425S1!website.git/book/_markbind/variables.md'
2024-10-25T10:50:03.352Z - warn: ENOENT: no such file or directory, open '/Users/damithch/Repos/nus-cs2103/cs2103-website-base/node_modules/.cache/gh-pages/https!github.com!nus-cs2103-AY2425S1!website.git/_markbind/variables.md'
2024-10-25T10:50:03.370Z - info: Building assets...
2024-10-25T10:50:04.697Z - info: Assets built
2024-10-25T10:50:04.698Z - info: Generating pages...
2024-10-25T10:50:09.756Z - debug: 2024-10-25 18:50:06.404 java[37344:4381643] +[IMKClient subclass]: chose IMKClient_Legacy
2024-10-25 18:50:06.404 java[37344:4381643] +[IMKInputSession subclass]: chose IMKInputSession_Legacy

2024-10-25T10:50:10.208Z - debug:  
2024-10-25T10:50:10.208Z - debug:  
2024-10-25T10:50:10.208Z - debug:  
2024-10-25T10:50:10.208Z - debug:  
2024-10-25T10:50:10.208Z - debug:  
2024-10-25T10:50:10.208Z - debug:  
2024-10-25T10:50:10.208Z - debug:  
2024-10-25T10:50:10.208Z - debug:  
2024-10-25T10:50:10.208Z - debug:  
2024-10-25T10:50:10.208Z - debug:  
2024-10-25T10:50:10.208Z - debug:  
2024-10-25T10:50:10.208Z - debug:  
2024-10-25T10:50:10.208Z - debug:  
2024-10-25T10:50:10.208Z - debug: 2024-10-25 18:50:07.415 java[37378:4381927] +[IMKClient subclass]: chose IMKClient_Legacy
2024-10-25 18:50:07.415 java[37378:4381927] +[IMKInputSession subclass]: chose IMKInputSession_Legacy

2024-10-25T10:50:10.208Z - debug:  
2024-10-25T10:50:10.862Z - debug: 2024-10-25 18:50:10.479 java[37416:4382671] +[IMKClient subclass]: chose IMKClient_Legacy
2024-10-25 18:50:10.479 java[37416:4382671] +[IMKInputSession subclass]: chose IMKInputSession_Legacy

2024-10-25T10:50:18.202Z - debug: 2024-10-25 18:50:17.823 java[37447:4382958] +[IMKClient subclass]: chose IMKClient_Legacy
2024-10-25 18:50:17.823 java[37447:4382958] +[IMKInputSession subclass]: chose IMKInputSession_Legacy

2024-10-25T10:50:57.848Z - debug: 2024-10-25 18:50:55.430 java[37501:4384104] +[IMKClient subclass]: chose IMKClient_Legacy
2024-10-25 18:50:55.430 java[37501:4384104] +[IMKInputSession subclass]: chose IMKInputSession_Legacy

2024-10-25T10:51:06.802Z - debug: 2024-10-25 18:51:06.410 java[37528:4384519] +[IMKClient subclass]: chose IMKClient_Legacy
2024-10-25 18:51:06.410 java[37528:4384519] +[IMKInputSession subclass]: chose IMKInputSession_Legacy

2024-10-25T10:51:07.225Z - debug:  
2024-10-25T10:51:13.104Z - info: Pages built
2024-10-25T10:51:13.174Z - info: Site data built
2024-10-25T10:51:13.174Z - info: Website generation complete! Total build time: 71.076s
2024-10-25T10:51:13.174Z - info: Build success!
2024-10-25T10:51:49.504Z - info: The website has been deployed at: https://nus-cs2103-ay2425s1.github.io/website
