2024-08-19T16:43:51.706Z - info: Website generation started at 12:43:43 am
2024-08-19T16:44:00.943Z - info: Building assets...
2024-08-19T16:44:06.786Z - info: Assets built
2024-08-19T16:44:06.787Z - info: Generating pages...
2024-08-19T16:44:29.484Z - debug:  
2024-08-19T16:44:29.486Z - debug:  
2024-08-19T16:44:29.486Z - debug:  
2024-08-19T16:44:29.487Z - debug:  
2024-08-19T16:44:29.487Z - debug:  
2024-08-19T16:44:29.489Z - debug:  
2024-08-19T16:44:29.491Z - debug:  
2024-08-19T16:44:29.491Z - debug:  
2024-08-19T16:44:29.492Z - debug:  
2024-08-19T16:44:29.492Z - debug:  
2024-08-19T16:44:29.493Z - debug:  
2024-08-19T16:44:29.493Z - debug:  
2024-08-19T16:44:29.493Z - debug:  
2024-08-19T16:44:29.494Z - debug:  
2024-08-19T16:44:29.494Z - debug:  
2024-08-19T16:44:32.869Z - debug:  
2024-08-19T16:44:32.870Z - debug:  
2024-08-19T16:46:00.462Z - error: Invalid HTML in C:\repos\nus-cs2103\cs2103-website-base\schedule\week5\tutorial.md.
Table must have a tbody tag. Please correct this to avoid Vue hydration issues.

2024-08-19T16:46:31.426Z - error: Invalid HTML in C:\repos\nus-cs2103\cs2103-website-base\schedule\week4\project.md.
Table must have a tbody tag. Please correct this to avoid Vue hydration issues.

2024-08-19T16:46:31.427Z - error: Invalid HTML in C:\repos\nus-cs2103\cs2103-website-base\schedule\week4\project.md.
Table must have a tbody tag. Please correct this to avoid Vue hydration issues.

2024-08-19T16:47:00.562Z - debug:  
2024-08-19T16:47:20.053Z - debug:  
2024-08-19T16:47:20.198Z - debug:  
2024-08-19T16:47:25.314Z - error: Invalid HTML in C:\repos\nus-cs2103\cs2103-website-base\admin\ip-w4.md.
Table must have a tbody tag. Please correct this to avoid Vue hydration issues.

2024-08-19T16:47:25.314Z - error: Invalid HTML in C:\repos\nus-cs2103\cs2103-website-base\admin\ip-w4.md.
Table must have a tbody tag. Please correct this to avoid Vue hydration issues.

2024-08-19T16:47:29.680Z - info: Pages built
2024-08-19T16:47:31.477Z - info: Site data built
2024-08-19T16:47:31.477Z - info: Website generation complete! Total build time: 227.755s
2024-08-19T16:47:31.477Z - info: Build success!
2024-08-19T16:51:21.031Z - info: The website has been deployed at: https://nus-cs2103-ay2425s1.github.io/website
2024-08-20T12:23:05.837Z - info: Website generation started at 8:22:54 pm
2024-08-20T12:23:24.530Z - info: Building assets...
