2024-08-18T16:05:58.562Z - info: Building C:\repos\nus-cs2103\cs2103-website-base\schedule\week2\project as some of its dependencies were changed since the last visit
2024-08-18T16:06:00.935Z - info: Site data built
2024-08-18T16:06:00.936Z - info: Lazy website regeneration complete! Total build time: 2.374s
2024-08-18T16:06:15.618Z - info: Building C:\repos\nus-cs2103\cs2103-website-base\schedule\week2\topics as some of its dependencies were changed since the last visit
2024-08-18T16:06:17.691Z - info: Site data built
2024-08-18T16:06:17.691Z - info: Lazy website regeneration complete! Total build time: 2.074s
2024-08-18T16:07:40.323Z - info: [12:07:40 am] Reload for file change: C:\repos\nus-cs2103\cs2103-website-base\book\gitAndGithub\init\sourcetree.md
2024-08-18T16:07:40.324Z - info: Synchronizing opened pages list before reload
2024-08-18T16:07:40.326Z - info: Current opened pages, from most-to-least recent:
2024-08-18T16:07:40.327Z - info: 1. schedule/week2/topics
2024-08-18T16:07:41.345Z - info: Rebuilding 1 pages
2024-08-18T16:07:43.317Z - info: Site data built
2024-08-18T16:07:43.317Z - info: Pages rebuilt
2024-08-18T16:07:43.317Z - info: Website regeneration complete! Total build time: 1.974s
2024-08-18T16:08:07.191Z - info: [12:08:07 am] Reload for file change: C:\repos\nus-cs2103\cs2103-website-base\book\gitAndGithub\init\sourcetree.md
2024-08-18T16:08:07.192Z - info: Synchronizing opened pages list before reload
2024-08-18T16:08:07.192Z - info: Current opened pages, from most-to-least recent:
2024-08-18T16:08:07.192Z - info: 1. schedule/week2/topics
2024-08-18T16:08:08.199Z - info: Rebuilding 1 pages
2024-08-18T16:08:10.045Z - info: Site data built
2024-08-18T16:08:10.045Z - info: Pages rebuilt
2024-08-18T16:08:10.045Z - info: Website regeneration complete! Total build time: 1.847s
2024-08-18T16:10:07.933Z - info: [12:10:07 am] Reload for file change: C:\repos\nus-cs2103\cs2103-website-base\book\gitAndGithub\init\sourcetree.md
2024-08-18T16:10:07.934Z - info: Synchronizing opened pages list before reload
2024-08-18T16:10:07.934Z - info: Current opened pages, from most-to-least recent:
2024-08-18T16:10:07.934Z - info: 1. schedule/week2/topics
2024-08-18T16:10:08.949Z - info: Rebuilding 1 pages
2024-08-18T16:10:10.755Z - info: Site data built
2024-08-18T16:10:10.755Z - info: Pages rebuilt
2024-08-18T16:10:10.755Z - info: Website regeneration complete! Total build time: 1.807s
2024-08-18T16:11:03.111Z - info: [12:11:03 am] Reload for file change: C:\repos\nus-cs2103\cs2103-website-base\book\gitAndGithub\init\sourcetree.md
2024-08-18T16:11:03.111Z - info: Synchronizing opened pages list before reload
2024-08-18T16:11:03.112Z - info: Current opened pages, from most-to-least recent:
2024-08-18T16:11:03.112Z - info: 1. schedule/week2/topics
2024-08-18T16:11:04.124Z - info: Rebuilding 1 pages
2024-08-18T16:11:06.028Z - info: Site data built
2024-08-18T16:11:06.028Z - info: Pages rebuilt
2024-08-18T16:11:06.029Z - info: Website regeneration complete! Total build time: 1.906s
2024-08-18T16:12:37.367Z - info: [12:12:37 am] Reload for file change: C:\repos\nus-cs2103\cs2103-website-base\book\gitAndGithub\init\sourcetree.md
2024-08-18T16:12:37.368Z - info: Synchronizing opened pages list before reload
2024-08-18T16:12:37.368Z - info: Current opened pages, from most-to-least recent:
2024-08-18T16:12:37.368Z - info: 1. schedule/week2/topics
2024-08-18T16:12:38.374Z - info: Rebuilding 1 pages
2024-08-18T16:12:40.145Z - info: Site data built
2024-08-18T16:12:40.145Z - info: Pages rebuilt
2024-08-18T16:12:40.145Z - info: Website regeneration complete! Total build time: 1.772s
2024-08-18T16:13:33.931Z - info: [12:13:33 am] Reload for file change: C:\repos\nus-cs2103\cs2103-website-base\book\gitAndGithub\init\sourcetree.md
2024-08-18T16:13:33.932Z - info: Synchronizing opened pages list before reload
2024-08-18T16:13:33.932Z - info: Current opened pages, from most-to-least recent:
2024-08-18T16:13:33.932Z - info: 1. schedule/week2/topics
2024-08-18T16:13:34.938Z - info: Rebuilding 1 pages
2024-08-18T16:13:36.816Z - info: Site data built
2024-08-18T16:13:36.817Z - info: Pages rebuilt
2024-08-18T16:13:36.817Z - info: Website regeneration complete! Total build time: 1.879s
2024-08-18T16:14:58.615Z - info: [12:14:58 am] Reload for file change: C:\repos\nus-cs2103\cs2103-website-base\book\gitAndGithub\init\sourcetree.md
2024-08-18T16:14:58.616Z - info: Synchronizing opened pages list before reload
2024-08-18T16:14:58.616Z - info: Current opened pages, from most-to-least recent:
2024-08-18T16:14:58.617Z - info: 1. schedule/week2/topics
2024-08-18T16:14:59.632Z - info: Rebuilding 1 pages
2024-08-18T16:15:01.406Z - info: Site data built
2024-08-18T16:15:01.407Z - info: Pages rebuilt
2024-08-18T16:15:01.407Z - info: Website regeneration complete! Total build time: 1.776s
2024-08-18T16:15:10.230Z - info: [12:15:10 am] Reload for file change: C:\repos\nus-cs2103\cs2103-website-base\book\gitAndGithub\init\sourcetree.md
2024-08-18T16:15:10.230Z - info: Synchronizing opened pages list before reload
2024-08-18T16:15:10.231Z - info: Current opened pages, from most-to-least recent:
2024-08-18T16:15:10.231Z - info: 1. schedule/week2/topics
2024-08-18T16:15:11.241Z - info: Rebuilding 1 pages
2024-08-18T16:15:12.717Z - info: Site data built
2024-08-18T16:15:12.717Z - info: Pages rebuilt
2024-08-18T16:15:12.717Z - info: Website regeneration complete! Total build time: 1.477s
2024-08-18T16:15:46.885Z - info: [12:15:46 am] Reload for file change: C:\repos\nus-cs2103\cs2103-website-base\book\gitAndGithub\init\sourcetree.md
2024-08-18T16:15:46.886Z - info: Synchronizing opened pages list before reload
2024-08-18T16:15:46.887Z - info: Current opened pages, from most-to-least recent:
2024-08-18T16:15:46.887Z - info: 1. schedule/week2/topics
2024-08-18T16:15:47.904Z - info: Rebuilding 1 pages
2024-08-18T16:15:49.886Z - info: Site data built
2024-08-18T16:15:49.886Z - info: Pages rebuilt
2024-08-18T16:15:49.886Z - info: Website regeneration complete! Total build time: 1.985s
2024-08-18T16:16:30.082Z - info: [12:16:30 am] Reload for file change: C:\repos\nus-cs2103\cs2103-website-base\book\gitAndGithub\init\sourcetree.md
2024-08-18T16:16:30.083Z - info: Synchronizing opened pages list before reload
2024-08-18T16:16:30.083Z - info: Current opened pages, from most-to-least recent:
2024-08-18T16:16:30.084Z - info: 1. schedule/week2/topics
2024-08-18T16:16:31.088Z - info: Rebuilding 1 pages
2024-08-18T16:16:32.809Z - info: Site data built
2024-08-18T16:16:32.809Z - info: Pages rebuilt
2024-08-18T16:16:32.809Z - info: Website regeneration complete! Total build time: 1.721s
2024-08-18T16:18:46.417Z - info: Website generation started at 12:18:31 am
2024-08-18T16:18:53.715Z - info: Building assets...
2024-08-18T16:18:59.167Z - info: Assets built
2024-08-18T16:18:59.168Z - info: Generating pages...
2024-08-18T16:19:18.758Z - debug:  
2024-08-18T16:19:18.759Z - debug:  
2024-08-18T16:19:18.760Z - debug:  
2024-08-18T16:19:18.761Z - debug:  
2024-08-18T16:19:18.761Z - debug:  
2024-08-18T16:19:18.762Z - debug:  
2024-08-18T16:19:18.762Z - debug:  
2024-08-18T16:19:18.763Z - debug:  
2024-08-18T16:19:18.763Z - debug:  
2024-08-18T16:19:18.763Z - debug:  
2024-08-18T16:19:18.764Z - debug:  
2024-08-18T16:19:19.674Z - debug:  
2024-08-18T16:19:19.675Z - debug:  
2024-08-18T16:19:19.676Z - debug:  
2024-08-18T16:19:19.677Z - debug:  
2024-08-18T16:19:22.112Z - debug:  
2024-08-18T16:19:22.112Z - debug:  
2024-08-18T16:20:40.571Z - error: Invalid HTML in C:\repos\nus-cs2103\cs2103-website-base\schedule\week5\tutorial.md.
Table must have a tbody tag. Please correct this to avoid Vue hydration issues.

2024-08-18T16:21:06.972Z - error: Invalid HTML in C:\repos\nus-cs2103\cs2103-website-base\schedule\week4\project.md.
Table must have a tbody tag. Please correct this to avoid Vue hydration issues.

2024-08-18T16:21:06.972Z - error: Invalid HTML in C:\repos\nus-cs2103\cs2103-website-base\schedule\week4\project.md.
Table must have a tbody tag. Please correct this to avoid Vue hydration issues.

2024-08-18T16:21:33.062Z - debug:  
2024-08-18T16:21:50.670Z - debug:  
2024-08-18T16:21:50.871Z - debug:  
2024-08-18T16:21:56.747Z - error: Invalid HTML in C:\repos\nus-cs2103\cs2103-website-base\admin\ip-w4.md.
Table must have a tbody tag. Please correct this to avoid Vue hydration issues.

2024-08-18T16:21:56.748Z - error: Invalid HTML in C:\repos\nus-cs2103\cs2103-website-base\admin\ip-w4.md.
Table must have a tbody tag. Please correct this to avoid Vue hydration issues.

2024-08-18T16:22:01.172Z - info: Pages built
2024-08-18T16:22:02.341Z - info: Site data built
2024-08-18T16:22:02.342Z - info: Website generation complete! Total build time: 210.468s
2024-08-18T16:22:02.342Z - info: Build success!
2024-08-18T16:26:02.592Z - info: The website has been deployed at: https://nus-cs2103-ay2425s1.github.io/website
2024-08-19T03:48:18.089Z - info: Website generation started at 11:48:09 am
2024-08-19T03:48:28.223Z - info: Building assets...
2024-08-19T03:48:35.280Z - info: Assets built
2024-08-19T03:48:35.281Z - info: Generating pages...
2024-08-19T03:48:59.901Z - debug:  
2024-08-19T03:48:59.902Z - debug:  
2024-08-19T03:48:59.903Z - debug:  
2024-08-19T03:48:59.904Z - debug:  
2024-08-19T03:48:59.905Z - debug:  
2024-08-19T03:48:59.906Z - debug:  
2024-08-19T03:48:59.906Z - debug:  
2024-08-19T03:49:00.965Z - debug:  
2024-08-19T03:49:00.966Z - debug:  
2024-08-19T03:49:00.968Z - debug:  
2024-08-19T03:49:00.968Z - debug:  
2024-08-19T03:49:00.969Z - debug:  
2024-08-19T03:49:00.970Z - debug:  
2024-08-19T03:49:00.971Z - debug:  
2024-08-19T03:49:00.972Z - debug:  
2024-08-19T03:49:04.163Z - debug:  
2024-08-19T03:49:04.163Z - debug:  
2024-08-19T03:50:39.142Z - error: Invalid HTML in C:\repos\nus-cs2103\cs2103-website-base\schedule\week5\tutorial.md.
Table must have a tbody tag. Please correct this to avoid Vue hydration issues.

2024-08-19T03:51:09.888Z - error: Invalid HTML in C:\repos\nus-cs2103\cs2103-website-base\schedule\week4\project.md.
Table must have a tbody tag. Please correct this to avoid Vue hydration issues.

2024-08-19T03:51:09.888Z - error: Invalid HTML in C:\repos\nus-cs2103\cs2103-website-base\schedule\week4\project.md.
Table must have a tbody tag. Please correct this to avoid Vue hydration issues.

2024-08-19T03:51:41.992Z - debug:  
2024-08-19T03:52:03.136Z - debug:  
2024-08-19T03:52:03.363Z - debug:  
2024-08-19T03:52:09.956Z - error: Invalid HTML in C:\repos\nus-cs2103\cs2103-website-base\admin\ip-w4.md.
Table must have a tbody tag. Please correct this to avoid Vue hydration issues.

2024-08-19T03:52:09.957Z - error: Invalid HTML in C:\repos\nus-cs2103\cs2103-website-base\admin\ip-w4.md.
Table must have a tbody tag. Please correct this to avoid Vue hydration issues.

2024-08-19T03:52:14.934Z - info: Pages built
2024-08-19T03:52:16.522Z - info: Site data built
2024-08-19T03:52:16.523Z - info: Website generation complete! Total build time: 246.76s
2024-08-19T03:52:16.523Z - info: Build success!
2024-08-19T03:56:03.684Z - info: The website has been deployed at: https://nus-cs2103-ay2425s1.github.io/website
