2024-08-18T04:39:28.002Z - info: Website generation (lazy) started at 12:39:20 pm
2024-08-18T04:39:42.638Z - warn: ENOENT: no such file or directory, open 'C:\repos\nus-cs2103\cs2103-website-base\cache\gh-pages\https!github.com!nus-cs2103-AY2425S1!website.git\book\_markbind\variables.md'
2024-08-18T04:39:42.639Z - warn: ENOENT: no such file or directory, open 'C:\repos\nus-cs2103\cs2103-website-base\cache\gh-pages\https!github.com!nus-cs2103-AY2425S1!website.git\_markbind\variables.md'
2024-08-18T04:39:42.728Z - info: Building assets...
2024-08-18T04:40:48.257Z - info: Assets built
2024-08-18T04:40:48.258Z - info: Generating landing page...
2024-08-18T04:40:49.588Z - info: Landing page built, other pages will be built as you navigate to them!
2024-08-18T04:40:50.882Z - info: Site data built
2024-08-18T04:40:50.883Z - info: Website generation (lazy) complete! Total build time: 90.096s
2024-08-18T04:40:51.276Z - info: Serving "C:\repos\nus-cs2103\cs2103-website-base\_site" at http://127.0.0.1:8080
2024-08-18T04:40:51.276Z - info: Press CTRL+C to stop ...
2024-08-18T04:41:17.789Z - info: Building C:\repos\nus-cs2103\cs2103-website-base\schedule\week1\project as some of its dependencies were changed since the last visit
2024-08-18T04:41:18.801Z - info: Site data built
2024-08-18T04:41:18.802Z - info: Lazy website regeneration complete! Total build time: 1.014s
2024-08-18T04:43:12.767Z - info: [12:43:12 pm] Reload for file change: C:\repos\nus-cs2103\cs2103-website-base\common\macros.njk
2024-08-18T04:43:12.767Z - info: Synchronizing opened pages list before reload
2024-08-18T04:43:12.768Z - info: Current opened pages, from most-to-least recent:
2024-08-18T04:43:12.768Z - info: 1. schedule/week1/project
2024-08-18T04:43:13.999Z - info: Rebuilding 1 pages
2024-08-18T04:43:14.257Z - info: Site data built
2024-08-18T04:43:14.258Z - info: Pages rebuilt
2024-08-18T04:43:14.258Z - info: Website regeneration complete! Total build time: 0.262s
2024-08-18T04:44:35.626Z - info: [12:44:35 pm] Reload for file change: C:\repos\nus-cs2103\cs2103-website-base\common\macros.njk
2024-08-18T04:44:35.626Z - info: Synchronizing opened pages list before reload
2024-08-18T04:44:35.626Z - info: Current opened pages, from most-to-least recent:
2024-08-18T04:44:35.627Z - info: 1. schedule/week1/project
2024-08-18T04:44:36.735Z - info: Rebuilding 1 pages
2024-08-18T04:44:36.930Z - info: Site data built
2024-08-18T04:44:36.931Z - info: Pages rebuilt
2024-08-18T04:44:36.932Z - info: Website regeneration complete! Total build time: 0.197s
2024-08-18T04:44:38.490Z - info: Building C:\repos\nus-cs2103\cs2103-website-base\schedule\week2\project as some of its dependencies were changed since the last visit
2024-08-18T04:44:40.983Z - info: Site data built
2024-08-18T04:44:40.984Z - info: Lazy website regeneration complete! Total build time: 2.494s
2024-08-18T04:45:30.930Z - info: [12:45:30 pm] Reload for file change: C:\repos\nus-cs2103\cs2103-website-base\admin\ip-tasks-fragment.md
2024-08-18T04:45:30.931Z - info: Synchronizing opened pages list before reload
2024-08-18T04:45:30.932Z - info: Current opened pages, from most-to-least recent:
2024-08-18T04:45:30.933Z - info: 1. schedule/week2/project
2024-08-18T04:45:31.946Z - info: Rebuilding 1 pages
2024-08-18T04:45:33.889Z - info: Site data built
2024-08-18T04:45:33.890Z - info: Pages rebuilt
2024-08-18T04:45:33.890Z - info: Website regeneration complete! Total build time: 1.945s
2024-08-18T04:45:55.142Z - info: [12:45:55 pm] Reload for file change: C:\repos\nus-cs2103\cs2103-website-base\common\macros.njk
2024-08-18T04:45:55.142Z - info: Synchronizing opened pages list before reload
2024-08-18T04:45:55.142Z - info: Current opened pages, from most-to-least recent:
2024-08-18T04:45:55.143Z - info: 1. schedule/week2/project
2024-08-18T04:45:56.302Z - info: Rebuilding 1 pages
2024-08-18T04:45:58.102Z - info: Site data built
2024-08-18T04:45:58.103Z - info: Pages rebuilt
2024-08-18T04:45:58.103Z - info: Website regeneration complete! Total build time: 1.802s
2024-08-18T04:46:12.455Z - info: [12:46:12 pm] Reload for file change: C:\repos\nus-cs2103\cs2103-website-base\common\macros.njk
2024-08-18T04:46:12.455Z - info: Synchronizing opened pages list before reload
2024-08-18T04:46:12.455Z - info: Current opened pages, from most-to-least recent:
2024-08-18T04:46:12.456Z - info: 1. schedule/week2/project
2024-08-18T04:46:13.549Z - info: Rebuilding 1 pages
2024-08-18T04:46:15.420Z - info: Site data built
2024-08-18T04:46:15.421Z - info: Pages rebuilt
2024-08-18T04:46:15.421Z - info: Website regeneration complete! Total build time: 1.874s
2024-08-18T04:46:25.364Z - info: [12:46:25 pm] Reload for file change: C:\repos\nus-cs2103\cs2103-website-base\common\macros.njk
2024-08-18T04:46:25.364Z - info: Synchronizing opened pages list before reload
2024-08-18T04:46:25.364Z - info: Current opened pages, from most-to-least recent:
2024-08-18T04:46:25.365Z - info: 1. schedule/week2/project
2024-08-18T04:46:26.430Z - info: Rebuilding 1 pages
2024-08-18T04:46:27.948Z - info: Site data built
2024-08-18T04:46:27.948Z - info: Pages rebuilt
2024-08-18T04:46:27.948Z - info: Website regeneration complete! Total build time: 1.519s
2024-08-18T04:46:39.296Z - info: [12:46:39 pm] Reload for file change: C:\repos\nus-cs2103\cs2103-website-base\common\macros.njk
2024-08-18T04:46:39.297Z - info: Synchronizing opened pages list before reload
2024-08-18T04:46:39.297Z - info: Current opened pages, from most-to-least recent:
2024-08-18T04:46:39.298Z - info: 1. schedule/week2/project
2024-08-18T04:46:40.438Z - info: Rebuilding 1 pages
2024-08-18T04:46:42.178Z - info: Site data built
2024-08-18T04:46:42.179Z - info: Pages rebuilt
2024-08-18T04:46:42.179Z - info: Website regeneration complete! Total build time: 1.742s
2024-08-18T04:47:28.133Z - info: [12:47:28 pm] Reload for file change: C:\repos\nus-cs2103\cs2103-website-base\admin\ip-tasks-fragment.md
2024-08-18T04:47:28.134Z - info: Synchronizing opened pages list before reload
2024-08-18T04:47:28.135Z - info: Current opened pages, from most-to-least recent:
2024-08-18T04:47:28.135Z - info: 1. schedule/week2/project
2024-08-18T04:47:29.142Z - info: Rebuilding 1 pages
2024-08-18T04:47:31.059Z - info: Site data built
2024-08-18T04:47:31.060Z - info: Pages rebuilt
2024-08-18T04:47:31.060Z - info: Website regeneration complete! Total build time: 1.919s
2024-08-18T04:47:58.004Z - info: [12:47:58 pm] Reload for file change: C:\repos\nus-cs2103\cs2103-website-base\admin\ip-tasks-fragment.md
2024-08-18T04:47:58.006Z - info: Synchronizing opened pages list before reload
2024-08-18T04:47:58.007Z - info: Current opened pages, from most-to-least recent:
2024-08-18T04:47:58.008Z - info: 1. schedule/week2/project
2024-08-18T04:47:59.014Z - info: Rebuilding 1 pages
2024-08-18T04:48:00.637Z - info: Site data built
2024-08-18T04:48:00.637Z - info: Pages rebuilt
2024-08-18T04:48:00.638Z - info: Website regeneration complete! Total build time: 1.624s
2024-08-18T04:48:42.342Z - info: [12:48:42 pm] Reload for file change: C:\repos\nus-cs2103\cs2103-website-base\admin\ip-tasks-fragment.md
2024-08-18T04:48:42.343Z - info: Synchronizing opened pages list before reload
2024-08-18T04:48:42.344Z - info: Current opened pages, from most-to-least recent:
2024-08-18T04:48:42.344Z - info: 1. schedule/week2/project
2024-08-18T04:48:43.349Z - info: Rebuilding 1 pages
2024-08-18T04:48:45.032Z - info: Site data built
2024-08-18T04:48:45.032Z - info: Pages rebuilt
2024-08-18T04:48:45.032Z - info: Website regeneration complete! Total build time: 1.684s
2024-08-18T04:51:16.599Z - info: [12:51:16 pm] Reload for file change: C:\repos\nus-cs2103\cs2103-website-base\admin\ip-tasks-fragment.md
2024-08-18T04:51:16.600Z - info: Synchronizing opened pages list before reload
2024-08-18T04:51:16.600Z - info: Current opened pages, from most-to-least recent:
2024-08-18T04:51:16.601Z - info: 1. schedule/week2/project
2024-08-18T04:51:17.617Z - info: Rebuilding 1 pages
2024-08-18T04:51:19.267Z - info: Site data built
2024-08-18T04:51:19.268Z - info: Pages rebuilt
2024-08-18T04:51:19.268Z - info: Website regeneration complete! Total build time: 1.652s
2024-08-18T04:51:58.634Z - info: [12:51:58 pm] Reload for file change: C:\repos\nus-cs2103\cs2103-website-base\admin\ip-tasks-fragment.md
2024-08-18T04:51:58.634Z - info: Synchronizing opened pages list before reload
2024-08-18T04:51:58.635Z - info: Current opened pages, from most-to-least recent:
2024-08-18T04:51:58.635Z - info: 1. schedule/week2/project
2024-08-18T04:51:59.653Z - info: Rebuilding 1 pages
2024-08-18T04:52:01.259Z - info: Site data built
2024-08-18T04:52:01.259Z - info: Pages rebuilt
2024-08-18T04:52:01.260Z - info: Website regeneration complete! Total build time: 1.608s
2024-08-18T04:52:11.931Z - info: [12:52:11 pm] Reload for file change: C:\repos\nus-cs2103\cs2103-website-base\admin\ip-tasks-fragment.md
2024-08-18T04:52:11.931Z - info: Synchronizing opened pages list before reload
2024-08-18T04:52:11.932Z - info: Current opened pages, from most-to-least recent:
2024-08-18T04:52:11.932Z - info: 1. schedule/week2/project
2024-08-18T04:52:12.951Z - info: Rebuilding 1 pages
2024-08-18T04:52:14.900Z - info: Site data built
2024-08-18T04:52:14.900Z - info: Pages rebuilt
2024-08-18T04:52:14.901Z - info: Website regeneration complete! Total build time: 1.949s
2024-08-18T04:53:10.463Z - info: [12:53:10 pm] Reload for file change: C:\repos\nus-cs2103\cs2103-website-base\admin\ip-tasks-fragment.md
2024-08-18T04:53:10.464Z - info: Synchronizing opened pages list before reload
2024-08-18T04:53:10.464Z - info: Current opened pages, from most-to-least recent:
2024-08-18T04:53:10.464Z - info: 1. schedule/week2/project
2024-08-18T04:53:11.475Z - info: Rebuilding 1 pages
2024-08-18T04:53:13.044Z - info: Site data built
2024-08-18T04:53:13.044Z - info: Pages rebuilt
2024-08-18T04:53:13.044Z - info: Website regeneration complete! Total build time: 1.57s
2024-08-18T04:53:45.254Z - info: [12:53:45 pm] Reload for file change: C:\repos\nus-cs2103\cs2103-website-base\admin\ip-tasks-fragment.md
2024-08-18T04:53:45.254Z - info: Synchronizing opened pages list before reload
2024-08-18T04:53:45.255Z - info: Current opened pages, from most-to-least recent:
2024-08-18T04:53:45.255Z - info: 1. schedule/week2/project
2024-08-18T04:53:46.274Z - info: Rebuilding 1 pages
2024-08-18T04:53:47.978Z - info: Site data built
2024-08-18T04:53:47.979Z - info: Pages rebuilt
2024-08-18T04:53:47.979Z - info: Website regeneration complete! Total build time: 1.706s
2024-08-18T04:54:16.066Z - info: [12:54:16 pm] Reload for file change: C:\repos\nus-cs2103\cs2103-website-base\admin\ip-tasks-fragment.md
2024-08-18T04:54:16.067Z - info: Synchronizing opened pages list before reload
2024-08-18T04:54:16.067Z - info: Current opened pages, from most-to-least recent:
2024-08-18T04:54:16.067Z - info: 1. schedule/week2/project
2024-08-18T04:54:17.076Z - info: Rebuilding 1 pages
2024-08-18T04:54:18.699Z - info: Site data built
2024-08-18T04:54:18.700Z - info: Pages rebuilt
2024-08-18T04:54:18.700Z - info: Website regeneration complete! Total build time: 1.626s
2024-08-18T04:54:45.057Z - info: [12:54:45 pm] Reload for file change: C:\repos\nus-cs2103\cs2103-website-base\admin\ip-tasks-fragment.md
2024-08-18T04:54:45.057Z - info: Synchronizing opened pages list before reload
2024-08-18T04:54:45.058Z - info: Current opened pages, from most-to-least recent:
2024-08-18T04:54:45.058Z - info: 1. schedule/week2/project
2024-08-18T04:54:46.080Z - info: Rebuilding 1 pages
2024-08-18T04:54:47.952Z - info: Site data built
2024-08-18T04:54:47.952Z - info: Pages rebuilt
2024-08-18T04:54:47.953Z - info: Website regeneration complete! Total build time: 1.873s
2024-08-18T04:55:56.060Z - info: [12:55:56 pm] Reload for file change: C:\repos\nus-cs2103\cs2103-website-base\admin\ip-tasks-fragment.md
2024-08-18T04:55:56.060Z - info: Synchronizing opened pages list before reload
2024-08-18T04:55:56.063Z - info: Current opened pages, from most-to-least recent:
2024-08-18T04:55:56.064Z - info: 1. schedule/week2/project
2024-08-18T04:55:57.072Z - info: Rebuilding 1 pages
2024-08-18T04:55:59.007Z - info: Site data built
2024-08-18T04:55:59.008Z - info: Pages rebuilt
2024-08-18T04:55:59.008Z - info: Website regeneration complete! Total build time: 1.937s
2024-08-18T04:56:48.154Z - info: [12:56:48 pm] Reload for file change: C:\repos\nus-cs2103\cs2103-website-base\admin\ip-tasks-fragment.md
2024-08-18T04:56:48.155Z - info: Synchronizing opened pages list before reload
2024-08-18T04:56:48.155Z - info: Current opened pages, from most-to-least recent:
2024-08-18T04:56:48.156Z - info: 1. schedule/week2/project
2024-08-18T04:56:49.169Z - info: Rebuilding 1 pages
2024-08-18T04:56:51.072Z - info: Site data built
2024-08-18T04:56:51.072Z - info: Pages rebuilt
2024-08-18T04:56:51.073Z - info: Website regeneration complete! Total build time: 1.905s
2024-08-18T04:57:06.319Z - info: [12:57:06 pm] Reload for file change: C:\repos\nus-cs2103\cs2103-website-base\admin\ip-tasks-fragment.md
2024-08-18T04:57:06.320Z - info: Synchronizing opened pages list before reload
2024-08-18T04:57:06.320Z - info: Current opened pages, from most-to-least recent:
2024-08-18T04:57:06.320Z - info: 1. schedule/week2/project
2024-08-18T04:57:07.331Z - info: Rebuilding 1 pages
2024-08-18T04:57:09.267Z - info: Site data built
2024-08-18T04:57:09.267Z - info: Pages rebuilt
2024-08-18T04:57:09.267Z - info: Website regeneration complete! Total build time: 1.937s
2024-08-18T04:58:03.868Z - info: [12:58:03 pm] Reload for file change: C:\repos\nus-cs2103\cs2103-website-base\admin\ip-tasks-fragment.md
2024-08-18T04:58:03.869Z - info: Synchronizing opened pages list before reload
2024-08-18T04:58:03.870Z - info: Current opened pages, from most-to-least recent:
2024-08-18T04:58:03.870Z - info: 1. schedule/week2/project
2024-08-18T04:58:04.880Z - info: Rebuilding 1 pages
2024-08-18T04:58:06.772Z - info: Site data built
2024-08-18T04:58:06.773Z - info: Pages rebuilt
2024-08-18T04:58:06.773Z - info: Website regeneration complete! Total build time: 1.894s
2024-08-18T04:59:07.677Z - info: [12:59:07 pm] Reload for file change: C:\repos\nus-cs2103\cs2103-website-base\admin\ip-tasks-fragment.md
2024-08-18T04:59:07.678Z - info: Synchronizing opened pages list before reload
2024-08-18T04:59:07.678Z - info: Current opened pages, from most-to-least recent:
2024-08-18T04:59:07.679Z - info: 1. schedule/week2/project
2024-08-18T04:59:08.699Z - info: Rebuilding 1 pages
2024-08-18T04:59:10.671Z - info: Site data built
2024-08-18T04:59:10.671Z - info: Pages rebuilt
2024-08-18T04:59:10.671Z - info: Website regeneration complete! Total build time: 1.973s
2024-08-18T05:00:20.131Z - info: [1:00:20 pm] Reload for file change: C:\repos\nus-cs2103\cs2103-website-base\admin\ip-tasks-fragment.md
2024-08-18T05:00:20.132Z - info: Synchronizing opened pages list before reload
2024-08-18T05:00:20.133Z - info: Current opened pages, from most-to-least recent:
2024-08-18T05:00:20.134Z - info: 1. schedule/week2/project
2024-08-18T05:00:21.144Z - info: Rebuilding 1 pages
2024-08-18T05:00:23.532Z - info: Site data built
2024-08-18T05:00:23.533Z - info: Pages rebuilt
2024-08-18T05:00:23.533Z - info: Website regeneration complete! Total build time: 2.39s
2024-08-18T05:04:30.954Z - info: Website generation started at 1:04:16 pm
2024-08-18T05:04:39.437Z - info: Building assets...
2024-08-18T05:04:45.502Z - info: Assets built
2024-08-18T05:04:45.503Z - info: Generating pages...
2024-08-18T05:05:06.323Z - debug:  
2024-08-18T05:05:06.324Z - debug:  
2024-08-18T05:05:06.325Z - debug:  
2024-08-18T05:05:06.326Z - debug:  
2024-08-18T05:05:06.327Z - debug:  
2024-08-18T05:05:06.328Z - debug:  
2024-08-18T05:05:06.328Z - debug:  
2024-08-18T05:05:06.329Z - debug:  
2024-08-18T05:05:06.329Z - debug:  
2024-08-18T05:05:06.330Z - debug:  
2024-08-18T05:05:06.330Z - debug:  
2024-08-18T05:05:07.343Z - debug:  
2024-08-18T05:05:07.343Z - debug:  
2024-08-18T05:05:07.344Z - debug:  
2024-08-18T05:05:07.344Z - debug:  
2024-08-18T05:05:11.248Z - debug:  
2024-08-18T05:05:11.248Z - debug:  
2024-08-18T05:06:36.528Z - error: Invalid HTML in C:\repos\nus-cs2103\cs2103-website-base\schedule\week5\tutorial.md.
Table must have a tbody tag. Please correct this to avoid Vue hydration issues.

2024-08-18T05:07:04.621Z - error: Invalid HTML in C:\repos\nus-cs2103\cs2103-website-base\schedule\week4\project.md.
Table must have a tbody tag. Please correct this to avoid Vue hydration issues.

2024-08-18T05:07:04.621Z - error: Invalid HTML in C:\repos\nus-cs2103\cs2103-website-base\schedule\week4\project.md.
Table must have a tbody tag. Please correct this to avoid Vue hydration issues.

2024-08-18T05:07:26.575Z - debug:  
2024-08-18T05:07:52.221Z - debug:  
2024-08-18T05:07:52.365Z - debug:  
2024-08-18T05:07:58.626Z - error: Invalid HTML in C:\repos\nus-cs2103\cs2103-website-base\admin\ip-w4.md.
Table must have a tbody tag. Please correct this to avoid Vue hydration issues.

2024-08-18T05:07:58.627Z - error: Invalid HTML in C:\repos\nus-cs2103\cs2103-website-base\admin\ip-w4.md.
Table must have a tbody tag. Please correct this to avoid Vue hydration issues.

2024-08-18T05:08:04.627Z - info: Pages built
2024-08-18T05:08:06.181Z - info: Site data built
2024-08-18T05:08:06.181Z - info: Website generation complete! Total build time: 229.769s
2024-08-18T05:08:06.182Z - info: Build success!
2024-08-18T05:12:01.597Z - info: The website has been deployed at: https://nus-cs2103-ay2425s1.github.io/website
2024-08-18T05:35:03.297Z - info: Website generation (lazy) started at 1:34:56 pm
2024-08-18T05:35:13.370Z - warn: ENOENT: no such file or directory, open 'C:\repos\nus-cs2103\cs2103-website-base\cache\gh-pages\https!github.com!nus-cs2103-AY2425S1!website.git\book\_markbind\variables.md'
2024-08-18T05:35:13.371Z - warn: ENOENT: no such file or directory, open 'C:\repos\nus-cs2103\cs2103-website-base\cache\gh-pages\https!github.com!nus-cs2103-AY2425S1!website.git\_markbind\variables.md'
2024-08-18T05:35:13.446Z - info: Building assets...
2024-08-18T05:36:02.950Z - info: Assets built
2024-08-18T05:36:02.951Z - info: Generating landing page...
2024-08-18T05:36:04.856Z - info: Landing page built, other pages will be built as you navigate to them!
2024-08-18T05:36:06.016Z - info: Site data built
2024-08-18T05:36:06.017Z - info: Website generation (lazy) complete! Total build time: 69.99s
2024-08-18T05:36:06.059Z - info: Serving "C:\repos\nus-cs2103\cs2103-website-base\_site" at http://127.0.0.1:8080
2024-08-18T05:36:06.060Z - info: Press CTRL+C to stop ...
2024-08-18T05:46:40.583Z - info: Building C:\repos\nus-cs2103\cs2103-website-base\schedule\week2\index as some of its dependencies were changed since the last visit
2024-08-18T05:46:41.691Z - info: Site data built
2024-08-18T05:46:41.692Z - info: Lazy website regeneration complete! Total build time: 1.11s
2024-08-18T05:46:58.537Z - info: Building C:\repos\nus-cs2103\cs2103-website-base\schedule\week2\project as some of its dependencies were changed since the last visit
2024-08-18T05:47:00.664Z - info: Site data built
2024-08-18T05:47:00.664Z - info: Lazy website regeneration complete! Total build time: 2.127s
2024-08-18T05:48:20.195Z - info: Website generation (lazy) started at 1:48:04 pm
2024-08-18T05:48:31.535Z - warn: ENOENT: no such file or directory, open 'C:\repos\nus-cs2103\cs2103-website-base\cache\gh-pages\https!github.com!nus-cs2103-AY2425S1!website.git\book\_markbind\variables.md'
2024-08-18T05:48:31.536Z - warn: ENOENT: no such file or directory, open 'C:\repos\nus-cs2103\cs2103-website-base\cache\gh-pages\https!github.com!nus-cs2103-AY2425S1!website.git\_markbind\variables.md'
2024-08-18T05:48:31.604Z - info: Building assets...
2024-08-18T05:49:23.610Z - info: Assets built
2024-08-18T05:49:23.611Z - info: Generating landing page...
2024-08-18T05:49:24.529Z - info: Landing page built, other pages will be built as you navigate to them!
2024-08-18T05:49:27.470Z - info: Site data built
2024-08-18T05:49:27.470Z - info: Website generation (lazy) complete! Total build time: 82.654s
2024-08-18T05:49:27.594Z - info: Serving "C:\repos\nus-cs2103\cs2103-website-base\_site" at http://127.0.0.1:8080
2024-08-18T05:49:27.595Z - info: Press CTRL+C to stop ...
2024-08-18T05:50:35.540Z - info: Building C:\repos\nus-cs2103\cs2103-website-base\schedule\week3\index as some of its dependencies were changed since the last visit
2024-08-18T05:50:36.091Z - info: Site data built
2024-08-18T05:50:36.091Z - info: Lazy website regeneration complete! Total build time: 0.551s
2024-08-18T05:50:41.557Z - info: Building C:\repos\nus-cs2103\cs2103-website-base\schedule\week3\admin as some of its dependencies were changed since the last visit
2024-08-18T05:50:42.217Z - info: Site data built
2024-08-18T05:50:42.218Z - info: Lazy website regeneration complete! Total build time: 0.661s
2024-08-18T05:53:00.577Z - info: [1:53:00 pm] Reload for file change: C:\repos\nus-cs2103\cs2103-website-base\schedule\week3\admin-tic2002-fragment.md
2024-08-18T05:53:00.578Z - info: Synchronizing opened pages list before reload
2024-08-18T05:53:00.579Z - info: Current opened pages, from most-to-least recent:
2024-08-18T05:53:00.579Z - info: 1. schedule/week3/admin
2024-08-18T05:53:01.586Z - info: Rebuilding 1 pages
2024-08-18T05:53:01.786Z - error:  Error: No such file: C:\repos\nus-cs2103\cs2103-website-base\schedule\week3\ip-tasks-fragment.md
Missing reference in C:\repos\nus-cs2103\cs2103-website-base\schedule\week3\admin-tic2002-fragment.md
    at _checkAndWarnFileExists (C:\Users\dcsdcr\AppData\Roaming\npm\node_modules\markbind-cli\node_modules\@markbind\core\src\html\includePanelProcessor.js:57:23)
    at processInclude (C:\Users\dcsdcr\AppData\Roaming\npm\node_modules\markbind-cli\node_modules\@markbind\core\src\html\includePanelProcessor.js:186:24)
    at NodeProcessor.processNode (C:\Users\dcsdcr\AppData\Roaming\npm\node_modules\markbind-cli\node_modules\@markbind\core\src\html\NodeProcessor.js:173:71)
    at NodeProcessor.traverse (C:\Users\dcsdcr\AppData\Roaming\npm\node_modules\markbind-cli\node_modules\@markbind\core\src\html\NodeProcessor.js:342:24)
    at C:\Users\dcsdcr\AppData\Roaming\npm\node_modules\markbind-cli\node_modules\@markbind\core\src\html\NodeProcessor.js:346:22
    at Array.forEach (<anonymous>)
    at NodeProcessor.traverse (C:\Users\dcsdcr\AppData\Roaming\npm\node_modules\markbind-cli\node_modules\@markbind\core\src\html\NodeProcessor.js:345:27)
    at C:\Users\dcsdcr\AppData\Roaming\npm\node_modules\markbind-cli\node_modules\@markbind\core\src\html\NodeProcessor.js:346:22
    at Array.forEach (<anonymous>)
    at NodeProcessor.traverse (C:\Users\dcsdcr\AppData\Roaming\npm\node_modules\markbind-cli\node_modules\@markbind\core\src\html\NodeProcessor.js:345:27)
    at C:\Users\dcsdcr\AppData\Roaming\npm\node_modules\markbind-cli\node_modules\@markbind\core\src\html\NodeProcessor.js:346:22
    at Array.forEach (<anonymous>)
    at NodeProcessor.traverse (C:\Users\dcsdcr\AppData\Roaming\npm\node_modules\markbind-cli\node_modules\@markbind\core\src\html\NodeProcessor.js:345:27)
    at C:\Users\dcsdcr\AppData\Roaming\npm\node_modules\markbind-cli\node_modules\@markbind\core\src\html\NodeProcessor.js:346:22
    at Array.forEach (<anonymous>)
    at NodeProcessor.traverse (C:\Users\dcsdcr\AppData\Roaming\npm\node_modules\markbind-cli\node_modules\@markbind\core\src\html\NodeProcessor.js:345:27)
2024-08-18T05:53:02.179Z - info: Site data built
2024-08-18T05:53:02.180Z - info: Pages rebuilt
2024-08-18T05:53:02.180Z - info: Website regeneration complete! Total build time: 0.595s
2024-08-18T05:53:49.746Z - info: [1:53:49 pm] Reload for file change: C:\repos\nus-cs2103\cs2103-website-base\schedule\week3\admin-tic2002-fragment.md
2024-08-18T05:53:49.747Z - info: Synchronizing opened pages list before reload
2024-08-18T05:53:49.747Z - info: Current opened pages, from most-to-least recent:
2024-08-18T05:53:49.748Z - info: 1. schedule/week3/admin
2024-08-18T05:53:50.758Z - info: Rebuilding 1 pages
2024-08-18T05:53:51.382Z - info: Site data built
2024-08-18T05:53:51.383Z - info: Pages rebuilt
2024-08-18T05:53:51.383Z - info: Website regeneration complete! Total build time: 0.626s
2024-08-18T05:54:06.744Z - info: [1:54:06 pm] Reload for file change: C:\repos\nus-cs2103\cs2103-website-base\schedule\week3\admin-tic2002-fragment.md
2024-08-18T05:54:06.745Z - info: Synchronizing opened pages list before reload
2024-08-18T05:54:06.745Z - info: Current opened pages, from most-to-least recent:
2024-08-18T05:54:06.745Z - info: 1. schedule/week3/admin
2024-08-18T05:54:07.757Z - info: Rebuilding 1 pages
2024-08-18T05:54:08.413Z - info: Site data built
2024-08-18T05:54:08.414Z - info: Pages rebuilt
2024-08-18T05:54:08.414Z - info: Website regeneration complete! Total build time: 0.659s
2024-08-18T05:54:33.731Z - info: [1:54:33 pm] Reload for file change: C:\repos\nus-cs2103\cs2103-website-base\schedule\week3\admin-tic2002-fragment.md
2024-08-18T05:54:33.731Z - info: Synchronizing opened pages list before reload
2024-08-18T05:54:33.732Z - info: Current opened pages, from most-to-least recent:
2024-08-18T05:54:33.732Z - info: 1. schedule/week3/admin
2024-08-18T05:54:34.739Z - info: Rebuilding 1 pages
2024-08-18T05:54:35.618Z - info: Site data built
2024-08-18T05:54:35.618Z - info: Pages rebuilt
2024-08-18T05:54:35.619Z - info: Website regeneration complete! Total build time: 0.88s
2024-08-18T05:55:11.123Z - info: [1:55:11 pm] Reload for file change: C:\repos\nus-cs2103\cs2103-website-base\schedule\week3\admin-tic2002-fragment.md
2024-08-18T05:55:11.123Z - info: Synchronizing opened pages list before reload
2024-08-18T05:55:11.124Z - info: Current opened pages, from most-to-least recent:
2024-08-18T05:55:11.124Z - info: 1. schedule/week3/admin
2024-08-18T05:55:12.130Z - info: Rebuilding 1 pages
2024-08-18T05:55:12.885Z - info: Site data built
2024-08-18T05:55:12.885Z - info: Pages rebuilt
2024-08-18T05:55:12.885Z - info: Website regeneration complete! Total build time: 0.756s
2024-08-18T05:58:56.674Z - info: [1:58:56 pm] Reload for file change: C:\repos\nus-cs2103\cs2103-website-base\schedule\week3\admin-tic2002-fragment.md
2024-08-18T05:58:56.675Z - info: Synchronizing opened pages list before reload
2024-08-18T05:58:56.675Z - info: Current opened pages, from most-to-least recent:
2024-08-18T05:58:56.675Z - info: 1. schedule/week3/admin
2024-08-18T05:58:56.708Z - info: [1:58:56 pm] Reload for file change: C:\repos\nus-cs2103\cs2103-website-base\admin\ip-tasks-fragment.md
2024-08-18T05:58:56.708Z - info: Synchronizing opened pages list before reload
2024-08-18T05:58:56.709Z - info: Current opened pages, from most-to-least recent:
2024-08-18T05:58:56.709Z - info: 1. schedule/week3/admin
2024-08-18T05:58:57.693Z - info: Rebuilding 1 pages
2024-08-18T05:58:58.535Z - info: Site data built
2024-08-18T05:58:58.536Z - info: Pages rebuilt
2024-08-18T05:58:58.536Z - info: Website regeneration complete! Total build time: 0.845s
2024-08-18T05:59:13.784Z - info: [1:59:13 pm] Reload for file change: C:\repos\nus-cs2103\cs2103-website-base\schedule\week3\admin-tic2002-fragment.md
2024-08-18T05:59:13.784Z - info: Synchronizing opened pages list before reload
2024-08-18T05:59:13.784Z - info: Current opened pages, from most-to-least recent:
2024-08-18T05:59:13.784Z - info: 1. schedule/week3/admin
2024-08-18T05:59:14.792Z - info: Rebuilding 1 pages
2024-08-18T05:59:15.442Z - info: Site data built
2024-08-18T05:59:15.443Z - info: Pages rebuilt
2024-08-18T05:59:15.443Z - info: Website regeneration complete! Total build time: 0.653s
2024-08-18T05:59:34.859Z - info: [1:59:34 pm] Reload for file change: C:\repos\nus-cs2103\cs2103-website-base\schedule\week3\admin-tic2002-fragment.md
2024-08-18T05:59:34.859Z - info: Synchronizing opened pages list before reload
2024-08-18T05:59:34.860Z - info: Current opened pages, from most-to-least recent:
2024-08-18T05:59:34.860Z - info: 1. schedule/week3/admin
2024-08-18T05:59:35.863Z - info: Rebuilding 1 pages
2024-08-18T05:59:36.629Z - info: Site data built
2024-08-18T05:59:36.630Z - info: Pages rebuilt
2024-08-18T05:59:36.630Z - info: Website regeneration complete! Total build time: 0.768s
2024-08-18T06:00:54.183Z - info: [2:00:54 pm] Reload for file change: C:\repos\nus-cs2103\cs2103-website-base\schedule\week3\admin-tic2002-fragment.md
2024-08-18T06:00:54.183Z - info: Synchronizing opened pages list before reload
2024-08-18T06:00:54.184Z - info: Current opened pages, from most-to-least recent:
2024-08-18T06:00:54.184Z - info: 1. schedule/week3/admin
2024-08-18T06:00:55.186Z - info: Rebuilding 1 pages
2024-08-18T06:00:55.904Z - info: Site data built
2024-08-18T06:00:55.904Z - info: Pages rebuilt
2024-08-18T06:00:55.905Z - info: Website regeneration complete! Total build time: 0.719s
2024-08-18T06:01:15.786Z - info: [2:01:15 pm] Reload for file change: C:\repos\nus-cs2103\cs2103-website-base\schedule\week3\admin-tic2002-fragment.md
2024-08-18T06:01:15.787Z - info: Synchronizing opened pages list before reload
2024-08-18T06:01:15.787Z - info: Current opened pages, from most-to-least recent:
2024-08-18T06:01:15.788Z - info: 1. schedule/week3/admin
2024-08-18T06:01:16.804Z - info: Rebuilding 1 pages
2024-08-18T06:01:17.397Z - info: Site data built
2024-08-18T06:01:17.397Z - info: Pages rebuilt
2024-08-18T06:01:17.397Z - info: Website regeneration complete! Total build time: 0.594s
2024-08-18T06:02:37.799Z - info: [2:02:37 pm] Reload for file change: C:\repos\nus-cs2103\cs2103-website-base\schedule\week3\admin-tic2002-fragment.md
2024-08-18T06:02:37.799Z - info: Synchronizing opened pages list before reload
2024-08-18T06:02:37.800Z - info: Current opened pages, from most-to-least recent:
2024-08-18T06:02:37.800Z - info: 1. schedule/week3/admin
2024-08-18T06:02:37.831Z - info: [2:02:37 pm] Reload for file change: C:\repos\nus-cs2103\cs2103-website-base\admin\ip-tasks-fragment.md
2024-08-18T06:02:37.831Z - info: Synchronizing opened pages list before reload
2024-08-18T06:02:37.832Z - info: Current opened pages, from most-to-least recent:
2024-08-18T06:02:37.832Z - info: 1. schedule/week3/admin
2024-08-18T06:02:38.810Z - info: Rebuilding 1 pages
2024-08-18T06:02:39.510Z - info: Site data built
2024-08-18T06:02:39.510Z - info: Pages rebuilt
2024-08-18T06:02:39.510Z - info: Website regeneration complete! Total build time: 0.701s
2024-08-18T06:02:52.647Z - info: [2:02:52 pm] Reload for file change: C:\repos\nus-cs2103\cs2103-website-base\admin\ip-tasks-fragment.md
2024-08-18T06:02:52.648Z - info: Synchronizing opened pages list before reload
2024-08-18T06:02:52.648Z - info: Current opened pages, from most-to-least recent:
2024-08-18T06:02:52.649Z - info: 1. schedule/week3/admin
2024-08-18T06:02:53.663Z - info: Rebuilding 1 pages
2024-08-18T06:02:54.244Z - info: Site data built
2024-08-18T06:02:54.244Z - info: Pages rebuilt
2024-08-18T06:02:54.244Z - info: Website regeneration complete! Total build time: 0.582s
2024-08-18T06:03:15.392Z - info: [2:03:15 pm] Reload for file change: C:\repos\nus-cs2103\cs2103-website-base\admin\ip-tasks-fragment.md
2024-08-18T06:03:15.393Z - info: Synchronizing opened pages list before reload
2024-08-18T06:03:15.393Z - info: Current opened pages, from most-to-least recent:
2024-08-18T06:03:15.395Z - info: 1. schedule/week3/admin
2024-08-18T06:03:16.413Z - info: Rebuilding 1 pages
2024-08-18T06:03:17.193Z - info: Site data built
2024-08-18T06:03:17.194Z - info: Pages rebuilt
2024-08-18T06:03:17.194Z - info: Website regeneration complete! Total build time: 0.781s
2024-08-18T06:04:08.784Z - info: [2:04:08 pm] Reload for file change: C:\repos\nus-cs2103\cs2103-website-base\admin\ip-tasks-fragment.md
2024-08-18T06:04:08.785Z - info: Synchronizing opened pages list before reload
2024-08-18T06:04:08.785Z - info: Current opened pages, from most-to-least recent:
2024-08-18T06:04:08.786Z - info: 1. schedule/week3/admin
2024-08-18T06:04:09.798Z - info: Rebuilding 1 pages
2024-08-18T06:04:10.672Z - info: Site data built
2024-08-18T06:04:10.672Z - info: Pages rebuilt
2024-08-18T06:04:10.672Z - info: Website regeneration complete! Total build time: 0.876s
2024-08-18T06:06:24.908Z - info: Website generation (lazy) started at 2:06:11 pm
2024-08-18T06:06:34.560Z - warn: ENOENT: no such file or directory, open 'C:\repos\nus-cs2103\cs2103-website-base\cache\gh-pages\https!github.com!nus-cs2103-AY2425S1!website.git\book\_markbind\variables.md'
2024-08-18T06:06:34.561Z - warn: ENOENT: no such file or directory, open 'C:\repos\nus-cs2103\cs2103-website-base\cache\gh-pages\https!github.com!nus-cs2103-AY2425S1!website.git\_markbind\variables.md'
2024-08-18T06:06:34.625Z - info: Building assets...
2024-08-18T06:07:28.028Z - info: Assets built
2024-08-18T06:07:28.029Z - info: Generating landing page...
2024-08-18T06:07:29.455Z - info: Landing page built, other pages will be built as you navigate to them!
2024-08-18T06:07:31.466Z - info: Site data built
2024-08-18T06:07:31.467Z - info: Website generation (lazy) complete! Total build time: 80.444s
2024-08-18T06:07:31.544Z - info: Serving "C:\repos\nus-cs2103\cs2103-website-base\_site" at http://127.0.0.1:8080
2024-08-18T06:07:31.545Z - info: Press CTRL+C to stop ...
2024-08-18T06:07:54.194Z - info: Building C:\repos\nus-cs2103\cs2103-website-base\schedule\week1\project as some of its dependencies were changed since the last visit
2024-08-18T06:07:54.414Z - info: Site data built
2024-08-18T06:07:54.415Z - info: Lazy website regeneration complete! Total build time: 0.221s
2024-08-18T06:07:59.518Z - info: Building C:\repos\nus-cs2103\cs2103-website-base\schedule\week2\project as some of its dependencies were changed since the last visit
2024-08-18T06:08:01.688Z - info: Site data built
2024-08-18T06:08:01.688Z - info: Lazy website regeneration complete! Total build time: 2.171s
2024-08-18T06:10:14.332Z - info: Website generation started at 2:09:57 pm
2024-08-18T06:10:22.676Z - info: Building assets...
2024-08-18T06:10:28.562Z - info: Assets built
2024-08-18T06:10:28.563Z - info: Generating pages...
2024-08-18T06:10:48.782Z - debug:  
2024-08-18T06:10:48.783Z - debug:  
2024-08-18T06:10:48.784Z - debug:  
2024-08-18T06:10:48.784Z - debug:  
2024-08-18T06:10:48.785Z - debug:  
2024-08-18T06:10:48.787Z - debug:  
2024-08-18T06:10:48.788Z - debug:  
2024-08-18T06:10:48.789Z - debug:  
2024-08-18T06:10:48.791Z - debug:  
2024-08-18T06:10:48.793Z - debug:  
2024-08-18T06:10:49.486Z - debug:  
2024-08-18T06:10:49.487Z - debug:  
2024-08-18T06:10:49.487Z - debug:  
2024-08-18T06:10:49.487Z - debug:  
2024-08-18T06:10:49.489Z - debug:  
2024-08-18T06:10:52.130Z - debug:  
2024-08-18T06:10:52.131Z - debug:  
2024-08-18T06:12:15.452Z - error: Invalid HTML in C:\repos\nus-cs2103\cs2103-website-base\schedule\week5\tutorial.md.
Table must have a tbody tag. Please correct this to avoid Vue hydration issues.

2024-08-18T06:12:43.434Z - error: Invalid HTML in C:\repos\nus-cs2103\cs2103-website-base\schedule\week4\project.md.
Table must have a tbody tag. Please correct this to avoid Vue hydration issues.

2024-08-18T06:12:43.435Z - error: Invalid HTML in C:\repos\nus-cs2103\cs2103-website-base\schedule\week4\project.md.
Table must have a tbody tag. Please correct this to avoid Vue hydration issues.

2024-08-18T06:13:05.534Z - debug:  
2024-08-18T06:13:30.048Z - debug:  
2024-08-18T06:13:30.194Z - debug:  
2024-08-18T06:13:36.726Z - error: Invalid HTML in C:\repos\nus-cs2103\cs2103-website-base\admin\ip-w4.md.
Table must have a tbody tag. Please correct this to avoid Vue hydration issues.

2024-08-18T06:13:36.726Z - error: Invalid HTML in C:\repos\nus-cs2103\cs2103-website-base\admin\ip-w4.md.
Table must have a tbody tag. Please correct this to avoid Vue hydration issues.

2024-08-18T06:13:41.053Z - info: Pages built
2024-08-18T06:13:42.334Z - info: Site data built
2024-08-18T06:13:42.334Z - info: Website generation complete! Total build time: 225.045s
2024-08-18T06:13:42.334Z - info: Build success!
2024-08-18T06:17:02.692Z - info: The website has been deployed at: https://nus-cs2103-ay2425s1.github.io/website
2024-08-18T15:52:45.533Z - info: Website generation (lazy) started at 11:52:36 pm
2024-08-18T15:52:59.013Z - warn: ENOENT: no such file or directory, open 'C:\repos\nus-cs2103\cs2103-website-base\cache\gh-pages\https!github.com!nus-cs2103-AY2425S1!website.git\book\_markbind\variables.md'
2024-08-18T15:52:59.015Z - warn: ENOENT: no such file or directory, open 'C:\repos\nus-cs2103\cs2103-website-base\cache\gh-pages\https!github.com!nus-cs2103-AY2425S1!website.git\_markbind\variables.md'
2024-08-18T15:52:59.092Z - info: Building assets...
2024-08-18T15:54:01.363Z - info: Assets built
2024-08-18T15:54:01.364Z - info: Generating landing page...
2024-08-18T15:54:02.827Z - info: Landing page built, other pages will be built as you navigate to them!
2024-08-18T15:54:04.132Z - info: Site data built
2024-08-18T15:54:04.133Z - info: Website generation (lazy) complete! Total build time: 87.227s
2024-08-18T15:54:04.549Z - info: Serving "C:\repos\nus-cs2103\cs2103-website-base\_site" at http://127.0.0.1:8080
2024-08-18T15:54:04.549Z - info: Press CTRL+C to stop ...
2024-08-18T15:56:46.364Z - info: Building C:\repos\nus-cs2103\cs2103-website-base\schedule\week2\index as some of its dependencies were changed since the last visit
2024-08-18T15:56:47.544Z - info: Site data built
2024-08-18T15:56:47.544Z - info: Lazy website regeneration complete! Total build time: 1.18s
