2024-09-06T18:23:55.026Z - info: Website generation started at 2:23:32 am
2024-09-06T18:24:07.848Z - info: Building assets...
2024-09-06T18:24:15.046Z - info: Assets built
2024-09-06T18:24:15.047Z - info: Generating pages...
2024-09-06T18:24:37.444Z - debug:  
2024-09-06T18:24:37.446Z - debug:  
2024-09-06T18:24:37.447Z - debug:  
2024-09-06T18:24:37.448Z - debug:  
2024-09-06T18:24:37.449Z - debug:  
2024-09-06T18:24:38.103Z - debug:  
2024-09-06T18:24:38.104Z - debug:  
2024-09-06T18:24:38.105Z - debug:  
2024-09-06T18:24:38.107Z - debug:  
2024-09-06T18:24:38.108Z - debug:  
2024-09-06T18:24:38.135Z - debug:  
2024-09-06T18:24:38.137Z - debug:  
2024-09-06T18:24:38.190Z - debug:  
2024-09-06T18:24:38.264Z - debug:  
2024-09-06T18:24:38.270Z - debug:  
2024-09-06T18:24:41.073Z - debug:  
2024-09-06T18:24:41.297Z - debug:  
2024-09-06T18:25:11.646Z - debug:  
2024-09-06T18:27:14.468Z - debug:  
2024-09-06T18:27:34.111Z - debug:  
2024-09-06T18:27:34.273Z - debug:  
2024-09-06T18:27:48.965Z - info: Pages built
2024-09-06T18:27:50.517Z - info: Site data built
2024-09-06T18:27:50.518Z - info: Website generation complete! Total build time: 258.427s
2024-09-06T18:27:50.518Z - info: Build success!
2024-09-06T18:31:05.661Z - info: The website has been deployed at: https://nus-cs2103-ay2425s1.github.io/website
2024-09-07T11:25:48.918Z - info: Website generation (lazy) started at 7:25:39 pm
2024-09-07T11:26:03.374Z - warn: ENOENT: no such file or directory, open 'C:\repos\nus-cs2103\cs2103-website-base\cache\gh-pages\https!github.com!nus-cs2103-AY2425S1!website.git\book\_markbind\variables.md'
2024-09-07T11:26:03.377Z - warn: ENOENT: no such file or directory, open 'C:\repos\nus-cs2103\cs2103-website-base\cache\gh-pages\https!github.com!nus-cs2103-AY2425S1!website.git\_markbind\variables.md'
2024-09-07T11:26:03.477Z - info: Building assets...
2024-09-07T11:27:14.169Z - info: Assets built
2024-09-07T11:27:14.170Z - info: Generating landing page...
2024-09-07T11:27:16.153Z - info: Landing page built, other pages will be built as you navigate to them!
2024-09-07T11:27:17.588Z - info: Site data built
2024-09-07T11:27:17.589Z - info: Website generation (lazy) complete! Total build time: 97.928s
2024-09-07T11:27:17.653Z - info: Serving "C:\repos\nus-cs2103\cs2103-website-base\_site" at http://127.0.0.1:8080
2024-09-07T11:27:17.653Z - info: Press CTRL+C to stop ...
2024-09-07T11:33:52.733Z - info: Building C:\repos\nus-cs2103\cs2103-website-base\schedule\week4\index as some of its dependencies were changed since the last visit
2024-09-07T11:33:55.114Z - info: Site data built
2024-09-07T11:33:55.115Z - info: Lazy website regeneration complete! Total build time: 2.383s
2024-09-07T11:34:21.480Z - info: [7:34:21 pm] Reload for file change: C:\repos\nus-cs2103\cs2103-website-base\schedule\week4\notices-cs2103-fragment.md
2024-09-07T11:34:21.481Z - info: Synchronizing opened pages list before reload
2024-09-07T11:34:21.482Z - info: Current opened pages, from most-to-least recent:
2024-09-07T11:34:21.482Z - info: 1. schedule/week4/index
2024-09-07T11:34:22.490Z - info: Rebuilding 1 pages
2024-09-07T11:34:23.801Z - info: Site data built
2024-09-07T11:34:23.801Z - info: Pages rebuilt
2024-09-07T11:34:23.802Z - info: Website regeneration complete! Total build time: 1.314s
2024-09-07T11:34:35.675Z - info: Building C:\repos\nus-cs2103\cs2103-website-base\schedule\week5\index as some of its dependencies were changed since the last visit
2024-09-07T11:34:36.961Z - info: Site data built
2024-09-07T11:34:36.962Z - info: Lazy website regeneration complete! Total build time: 1.288s
2024-09-07T11:34:42.703Z - info: Building C:\repos\nus-cs2103\cs2103-website-base\schedule\week5\project as some of its dependencies were changed since the last visit
2024-09-07T11:34:45.658Z - info: Site data built
2024-09-07T11:34:45.659Z - info: Lazy website regeneration complete! Total build time: 2.956s
