2024-10-26T17:46:03.681Z - info: Website generation (lazy) started at 01:46:02
2024-10-26T17:46:04.039Z - warn: ENOENT: no such file or directory, open '/Users/damithch/Repos/nus-cs2103/cs2103-website-base/node_modules/.cache/gh-pages/https!github.com!nus-cs2103-AY2425S1!website.git/book/_markbind/variables.md'
2024-10-26T17:46:04.039Z - warn: ENOENT: no such file or directory, open '/Users/damithch/Repos/nus-cs2103/cs2103-website-base/node_modules/.cache/gh-pages/https!github.com!nus-cs2103-AY2425S1!website.git/_markbind/variables.md'
2024-10-26T17:46:04.058Z - info: Building assets...
2024-10-26T17:46:05.419Z - info: Assets built
2024-10-26T17:46:05.419Z - info: Generating landing page...
2024-10-26T17:46:05.863Z - info: Landing page built, other pages will be built as you navigate to them!
2024-10-26T17:46:05.935Z - info: Site data built
2024-10-26T17:46:05.935Z - info: Website generation (lazy) complete! Total build time: 3.139s
2024-10-26T17:46:05.946Z - info: Serving "/Users/damithch/Repos/nus-cs2103/cs2103-website-base/_site" at http://127.0.0.1:8080
2024-10-26T17:46:05.946Z - info: Press CTRL+C to stop ...
2024-10-26T17:46:41.443Z - info: [01:46:41] Reload for file change: /Users/damithch/Repos/nus-cs2103/cs2103-website-base/admin/exams.md
2024-10-26T17:46:41.444Z - info: Synchronizing opened pages list before reload
2024-10-26T17:46:41.444Z - info: Current opened pages, from most-to-least recent:
2024-10-26T17:46:41.444Z - info: 1. index
2024-10-26T17:46:42.451Z - info: No pages needed to be rebuilt
2024-10-26T17:46:57.774Z - info: Building /Users/damithch/Repos/nus-cs2103/cs2103-website-base/admin/index as some of its dependencies were changed since the last visit
2024-10-26T17:46:57.947Z - info: Site data built
2024-10-26T17:46:57.948Z - info: Lazy website regeneration complete! Total build time: 0.174s
2024-10-26T17:47:02.826Z - info: Building /Users/damithch/Repos/nus-cs2103/cs2103-website-base/admin/exams as some of its dependencies were changed since the last visit
2024-10-26T17:47:02.949Z - info: Site data built
2024-10-26T17:47:02.949Z - info: Lazy website regeneration complete! Total build time: 0.124s
2024-10-26T18:03:00.931Z - info: [02:03:00] Reload for file change: /Users/damithch/Repos/nus-cs2103/cs2103-website-base/admin/exams.md
2024-10-26T18:03:00.932Z - info: Synchronizing opened pages list before reload
2024-10-26T18:03:00.932Z - info: Current opened pages, from most-to-least recent:
2024-10-26T18:03:00.933Z - info: 1. admin/exams
2024-10-26T18:03:01.940Z - info: Rebuilding 1 pages
2024-10-26T18:03:02.076Z - info: Site data built
2024-10-26T18:03:02.076Z - info: Pages rebuilt
2024-10-26T18:03:02.076Z - info: Website regeneration complete! Total build time: 0.141s
2024-10-26T18:08:59.962Z - info: [02:08:59] Reload for file change: /Users/damithch/Repos/nus-cs2103/cs2103-website-base/admin/exams.md
2024-10-26T18:08:59.963Z - info: Synchronizing opened pages list before reload
2024-10-26T18:08:59.963Z - info: Current opened pages, from most-to-least recent:
2024-10-26T18:08:59.963Z - info: 1. admin/exams
2024-10-26T18:09:00.981Z - info: Rebuilding 1 pages
2024-10-26T18:09:01.132Z - info: Site data built
2024-10-26T18:09:01.132Z - info: Pages rebuilt
2024-10-26T18:09:01.132Z - info: Website regeneration complete! Total build time: 0.154s
2024-10-26T18:29:36.124Z - info: [02:29:36] Reload for file change: /Users/damithch/Repos/nus-cs2103/cs2103-website-base/admin/exams.md
2024-10-26T18:29:36.127Z - info: Synchronizing opened pages list before reload
2024-10-26T18:29:36.128Z - info: Current opened pages, from most-to-least recent:
2024-10-26T18:29:36.129Z - info: 1. admin/exams
2024-10-26T18:29:37.142Z - info: Rebuilding 1 pages
2024-10-26T18:29:37.264Z - info: Site data built
2024-10-26T18:29:37.264Z - info: Pages rebuilt
2024-10-26T18:29:37.264Z - info: Website regeneration complete! Total build time: 0.125s
2024-10-26T18:30:33.674Z - info: [02:30:33] Reload for file change: /Users/damithch/Repos/nus-cs2103/cs2103-website-base/admin/exams.md
2024-10-26T18:30:33.675Z - info: Synchronizing opened pages list before reload
2024-10-26T18:30:33.675Z - info: Current opened pages, from most-to-least recent:
2024-10-26T18:30:33.675Z - info: 1. admin/exams
2024-10-26T18:30:34.690Z - info: Rebuilding 1 pages
2024-10-26T18:30:34.836Z - info: Site data built
2024-10-26T18:30:34.836Z - info: Pages rebuilt
2024-10-26T18:30:34.836Z - info: Website regeneration complete! Total build time: 0.148s
2024-10-26T18:33:42.138Z - info: [02:33:42] Reload for file change: /Users/damithch/Repos/nus-cs2103/cs2103-website-base/admin/exams.md
2024-10-26T18:33:42.138Z - info: Synchronizing opened pages list before reload
2024-10-26T18:33:42.138Z - info: Current opened pages, from most-to-least recent:
2024-10-26T18:33:42.138Z - info: 1. admin/exams
2024-10-26T18:33:43.144Z - info: Rebuilding 1 pages
2024-10-26T18:33:43.266Z - info: Site data built
2024-10-26T18:33:43.266Z - info: Pages rebuilt
2024-10-26T18:33:43.266Z - info: Website regeneration complete! Total build time: 0.124s
2024-10-26T18:35:06.348Z - info: [02:35:06] Reload for file change: /Users/damithch/Repos/nus-cs2103/cs2103-website-base/admin/exams.md
2024-10-26T18:35:06.349Z - info: Synchronizing opened pages list before reload
2024-10-26T18:35:06.349Z - info: Current opened pages, from most-to-least recent:
2024-10-26T18:35:06.349Z - info: 1. admin/exams
2024-10-26T18:35:07.359Z - info: Rebuilding 1 pages
2024-10-26T18:35:07.513Z - info: Site data built
2024-10-26T18:35:07.513Z - info: Pages rebuilt
2024-10-26T18:35:07.513Z - info: Website regeneration complete! Total build time: 0.156s
2024-10-26T18:39:17.994Z - info: [02:39:17] Reload for file change: /Users/damithch/Repos/nus-cs2103/cs2103-website-base/admin/exams.md
2024-10-26T18:39:17.994Z - info: Synchronizing opened pages list before reload
2024-10-26T18:39:17.995Z - info: Current opened pages, from most-to-least recent:
2024-10-26T18:39:17.995Z - info: 1. admin/exams
2024-10-26T18:39:19.008Z - info: Rebuilding 1 pages
2024-10-26T18:39:19.127Z - info: Site data built
2024-10-26T18:39:19.127Z - info: Pages rebuilt
2024-10-26T18:39:19.127Z - info: Website regeneration complete! Total build time: 0.122s
2024-10-26T18:39:35.977Z - info: [02:39:35] Reload for file change: /Users/damithch/Repos/nus-cs2103/cs2103-website-base/admin/exams.md
2024-10-26T18:39:35.977Z - info: Synchronizing opened pages list before reload
2024-10-26T18:39:35.977Z - info: Current opened pages, from most-to-least recent:
2024-10-26T18:39:35.977Z - info: 1. admin/exams
2024-10-26T18:39:36.994Z - info: Rebuilding 1 pages
2024-10-26T18:39:37.131Z - info: Site data built
2024-10-26T18:39:37.131Z - info: Pages rebuilt
2024-10-26T18:39:37.131Z - info: Website regeneration complete! Total build time: 0.139s
2024-10-26T18:40:49.488Z - info: [02:40:49] Reload for file change: /Users/damithch/Repos/nus-cs2103/cs2103-website-base/admin/exams.md
2024-10-26T18:40:49.488Z - info: Synchronizing opened pages list before reload
2024-10-26T18:40:49.488Z - info: Current opened pages, from most-to-least recent:
2024-10-26T18:40:49.488Z - info: 1. admin/exams
2024-10-26T18:40:50.501Z - info: Rebuilding 1 pages
2024-10-26T18:40:50.607Z - info: Site data built
2024-10-26T18:40:50.607Z - info: Pages rebuilt
2024-10-26T18:40:50.607Z - info: Website regeneration complete! Total build time: 0.107s
2024-10-26T18:41:44.710Z - info: [02:41:44] Reload for file change: /Users/damithch/Repos/nus-cs2103/cs2103-website-base/admin/exams.md
2024-10-26T18:41:44.710Z - info: Synchronizing opened pages list before reload
2024-10-26T18:41:44.711Z - info: Current opened pages, from most-to-least recent:
2024-10-26T18:41:44.711Z - info: 1. admin/exams
2024-10-26T18:41:45.731Z - info: Rebuilding 1 pages
2024-10-26T18:41:45.864Z - info: Site data built
2024-10-26T18:41:45.864Z - info: Pages rebuilt
2024-10-26T18:41:45.864Z - info: Website regeneration complete! Total build time: 0.135s
2024-10-26T18:42:09.234Z - info: [02:42:09] Reload for file change: /Users/damithch/Repos/nus-cs2103/cs2103-website-base/admin/exams.md
2024-10-26T18:42:09.234Z - info: Synchronizing opened pages list before reload
2024-10-26T18:42:09.234Z - info: Current opened pages, from most-to-least recent:
2024-10-26T18:42:09.234Z - info: 1. admin/exams
2024-10-26T18:42:10.237Z - info: Rebuilding 1 pages
2024-10-26T18:42:10.353Z - info: Site data built
2024-10-26T18:42:10.353Z - info: Pages rebuilt
2024-10-26T18:42:10.353Z - info: Website regeneration complete! Total build time: 0.118s
2024-10-26T18:45:05.293Z - info: [02:45:05] Reload for file change: /Users/damithch/Repos/nus-cs2103/cs2103-website-base/admin/exams.md
2024-10-26T18:45:05.293Z - info: Synchronizing opened pages list before reload
2024-10-26T18:45:05.293Z - info: Current opened pages, from most-to-least recent:
2024-10-26T18:45:05.293Z - info: 1. admin/exams
2024-10-26T18:45:06.297Z - info: Rebuilding 1 pages
2024-10-26T18:45:06.450Z - info: Site data built
2024-10-26T18:45:06.450Z - info: Pages rebuilt
2024-10-26T18:45:06.450Z - info: Website regeneration complete! Total build time: 0.155s
2024-10-26T18:46:39.295Z - info: [02:46:39] Reload for file change: /Users/damithch/Repos/nus-cs2103/cs2103-website-base/admin/exams.md
2024-10-26T18:46:39.295Z - info: Synchronizing opened pages list before reload
2024-10-26T18:46:39.295Z - info: Current opened pages, from most-to-least recent:
2024-10-26T18:46:39.295Z - info: 1. admin/exams
2024-10-26T18:46:40.311Z - info: Rebuilding 1 pages
2024-10-26T18:46:40.423Z - info: Site data built
2024-10-26T18:46:40.423Z - info: Pages rebuilt
2024-10-26T18:46:40.423Z - info: Website regeneration complete! Total build time: 0.113s
2024-10-26T18:47:36.844Z - info: [02:47:36] Reload for file change: /Users/damithch/Repos/nus-cs2103/cs2103-website-base/admin/exams.md
2024-10-26T18:47:36.844Z - info: Synchronizing opened pages list before reload
2024-10-26T18:47:36.845Z - info: Current opened pages, from most-to-least recent:
2024-10-26T18:47:36.845Z - info: 1. admin/exams
2024-10-26T18:47:37.850Z - info: Rebuilding 1 pages
2024-10-26T18:47:37.966Z - info: Site data built
2024-10-26T18:47:37.966Z - info: Pages rebuilt
2024-10-26T18:47:37.966Z - info: Website regeneration complete! Total build time: 0.118s
2024-10-26T18:47:45.234Z - info: [02:47:45] Reload for file change: /Users/damithch/Repos/nus-cs2103/cs2103-website-base/admin/exams.md
2024-10-26T18:47:45.235Z - info: Synchronizing opened pages list before reload
2024-10-26T18:47:45.235Z - info: Current opened pages, from most-to-least recent:
2024-10-26T18:47:45.235Z - info: 1. admin/exams
2024-10-26T18:47:45.335Z - info: [02:47:45] Reload for file change: /Users/damithch/Repos/nus-cs2103/cs2103-website-base/admin/exams.md
2024-10-26T18:47:45.335Z - info: Synchronizing opened pages list before reload
2024-10-26T18:47:45.335Z - info: Current opened pages, from most-to-least recent:
2024-10-26T18:47:45.335Z - info: 1. admin/exams
2024-10-26T18:47:46.250Z - info: Rebuilding 1 pages
2024-10-26T18:47:46.377Z - info: Site data built
2024-10-26T18:47:46.377Z - info: Pages rebuilt
2024-10-26T18:47:46.377Z - info: Website regeneration complete! Total build time: 0.129s
2024-10-26T18:56:14.487Z - info: [02:56:14] Reload for file change: /Users/damithch/Repos/nus-cs2103/cs2103-website-base/admin/exams.md
2024-10-26T18:56:14.488Z - info: Synchronizing opened pages list before reload
2024-10-26T18:56:14.488Z - info: Current opened pages, from most-to-least recent:
2024-10-26T18:56:14.488Z - info: 1. admin/exams
2024-10-26T18:56:15.506Z - info: Rebuilding 1 pages
2024-10-26T18:56:15.631Z - info: Site data built
2024-10-26T18:56:15.631Z - info: Pages rebuilt
2024-10-26T18:56:15.631Z - info: Website regeneration complete! Total build time: 0.127s
2024-10-26T18:57:00.833Z - info: [02:57:00] Reload for file change: /Users/damithch/Repos/nus-cs2103/cs2103-website-base/admin/exams.md
2024-10-26T18:57:00.833Z - info: Synchronizing opened pages list before reload
2024-10-26T18:57:00.834Z - info: Current opened pages, from most-to-least recent:
2024-10-26T18:57:00.834Z - info: 1. admin/exams
2024-10-26T18:57:01.850Z - info: Rebuilding 1 pages
2024-10-26T18:57:01.964Z - info: Site data built
2024-10-26T18:57:01.964Z - info: Pages rebuilt
2024-10-26T18:57:01.965Z - info: Website regeneration complete! Total build time: 0.116s
2024-10-26T18:59:09.041Z - info: [02:59:09] Reload for file change: /Users/damithch/Repos/nus-cs2103/cs2103-website-base/admin/exams.md
2024-10-26T18:59:09.041Z - info: Synchronizing opened pages list before reload
2024-10-26T18:59:09.041Z - info: Current opened pages, from most-to-least recent:
2024-10-26T18:59:09.041Z - info: 1. admin/exams
2024-10-26T18:59:10.061Z - info: Rebuilding 1 pages
2024-10-26T18:59:10.168Z - info: Site data built
2024-10-26T18:59:10.168Z - info: Pages rebuilt
2024-10-26T18:59:10.168Z - info: Website regeneration complete! Total build time: 0.108s
2024-10-26T19:00:51.203Z - info: [03:00:51] Reload for file change: /Users/damithch/Repos/nus-cs2103/cs2103-website-base/admin/exams.md
2024-10-26T19:00:51.203Z - info: Synchronizing opened pages list before reload
2024-10-26T19:00:51.203Z - info: Current opened pages, from most-to-least recent:
2024-10-26T19:00:51.203Z - info: 1. admin/exams
2024-10-26T19:00:52.212Z - info: Rebuilding 1 pages
2024-10-26T19:00:52.358Z - info: Site data built
2024-10-26T19:00:52.358Z - info: Pages rebuilt
2024-10-26T19:00:52.359Z - info: Website regeneration complete! Total build time: 0.149s
2024-10-26T19:01:37.745Z - info: [03:01:37] Reload for file change: /Users/damithch/Repos/nus-cs2103/cs2103-website-base/admin/exams.md
2024-10-26T19:01:37.745Z - info: Synchronizing opened pages list before reload
2024-10-26T19:01:37.745Z - info: Current opened pages, from most-to-least recent:
2024-10-26T19:01:37.745Z - info: 1. admin/exams
2024-10-26T19:01:38.758Z - info: Rebuilding 1 pages
2024-10-26T19:01:38.870Z - info: Site data built
2024-10-26T19:01:38.870Z - info: Pages rebuilt
2024-10-26T19:01:38.871Z - info: Website regeneration complete! Total build time: 0.114s
2024-10-26T19:02:36.899Z - info: [03:02:36] Reload for file change: /Users/damithch/Repos/nus-cs2103/cs2103-website-base/admin/exams.md
2024-10-26T19:02:36.899Z - info: Synchronizing opened pages list before reload
2024-10-26T19:02:36.899Z - info: Current opened pages, from most-to-least recent:
2024-10-26T19:02:36.899Z - info: 1. admin/exams
2024-10-26T19:02:37.913Z - info: Rebuilding 1 pages
2024-10-26T19:02:38.022Z - info: Site data built
2024-10-26T19:02:38.022Z - info: Pages rebuilt
2024-10-26T19:02:38.022Z - info: Website regeneration complete! Total build time: 0.111s
2024-10-26T19:02:56.432Z - info: Website generation started at 03:02:55
2024-10-26T19:02:56.713Z - warn: ENOENT: no such file or directory, open '/Users/damithch/Repos/nus-cs2103/cs2103-website-base/node_modules/.cache/gh-pages/https!github.com!nus-cs2103-AY2425S1!website.git/book/_markbind/variables.md'
2024-10-26T19:02:56.714Z - warn: ENOENT: no such file or directory, open '/Users/damithch/Repos/nus-cs2103/cs2103-website-base/node_modules/.cache/gh-pages/https!github.com!nus-cs2103-AY2425S1!website.git/_markbind/variables.md'
2024-10-26T19:02:56.733Z - info: Building assets...
2024-10-26T19:02:58.150Z - info: Assets built
2024-10-26T19:02:58.151Z - info: Generating pages...
2024-10-26T19:03:03.375Z - debug:  
2024-10-26T19:03:03.375Z - debug: 2024-10-27 03:03:00.014 java[10437:6017450] +[IMKClient subclass]: chose IMKClient_Legacy
2024-10-27 03:03:00.014 java[10437:6017450] +[IMKInputSession subclass]: chose IMKInputSession_Legacy

2024-10-26T19:03:03.375Z - debug:  
2024-10-26T19:03:03.375Z - debug:  
2024-10-26T19:03:03.375Z - debug:  
2024-10-26T19:03:03.375Z - debug:  
2024-10-26T19:03:03.376Z - debug:  
2024-10-26T19:03:03.376Z - debug:  
2024-10-26T19:03:03.376Z - debug:  
2024-10-26T19:03:03.376Z - debug:  
2024-10-26T19:03:03.376Z - debug:  
2024-10-26T19:03:03.376Z - debug:  
2024-10-26T19:03:03.376Z - debug:  
2024-10-26T19:03:03.376Z - debug: 2024-10-27 03:03:00.927 java[10470:6017716] +[IMKClient subclass]: chose IMKClient_Legacy
2024-10-27 03:03:00.927 java[10470:6017716] +[IMKInputSession subclass]: chose IMKInputSession_Legacy

2024-10-26T19:03:03.376Z - debug:  
2024-10-26T19:03:03.434Z - debug:  
2024-10-26T19:03:04.052Z - debug: 2024-10-27 03:03:03.688 java[10504:6018516] +[IMKClient subclass]: chose IMKClient_Legacy
2024-10-27 03:03:03.688 java[10504:6018516] +[IMKInputSession subclass]: chose IMKInputSession_Legacy

2024-10-26T19:03:11.310Z - debug: 2024-10-27 03:03:10.945 java[10518:6018692] +[IMKClient subclass]: chose IMKClient_Legacy
2024-10-27 03:03:10.945 java[10518:6018692] +[IMKInputSession subclass]: chose IMKInputSession_Legacy

2024-10-26T19:03:49.602Z - debug: 2024-10-27 03:03:47.646 java[10547:6019689] +[IMKClient subclass]: chose IMKClient_Legacy
2024-10-27 03:03:47.646 java[10547:6019689] +[IMKInputSession subclass]: chose IMKInputSession_Legacy

2024-10-26T19:03:58.087Z - debug: 2024-10-27 03:03:57.680 java[10557:6019940] +[IMKClient subclass]: chose IMKClient_Legacy
2024-10-27 03:03:57.680 java[10557:6019940] +[IMKInputSession subclass]: chose IMKInputSession_Legacy

2024-10-26T19:03:58.477Z - debug:  
2024-10-26T19:04:03.858Z - info: Pages built
2024-10-26T19:04:03.927Z - info: Site data built
2024-10-26T19:04:03.927Z - info: Website generation complete! Total build time: 68.264s
2024-10-26T19:04:03.928Z - info: Build success!
2024-10-26T19:04:24.649Z - info: The website has been deployed at: https://nus-cs2103-ay2425s1.github.io/website
