2024-11-11T14:29:47.855Z - info: Website generation (lazy) started at 22:29:47
2024-11-11T14:29:48.232Z - warn: ENOENT: no such file or directory, open '/Users/damithch/Repos/nus-cs2103/cs2103-website-base/node_modules/.cache/gh-pages/https!github.com!nus-cs2103-AY2425S1!website.git/book/_markbind/variables.md'
2024-11-11T14:29:48.232Z - warn: ENOENT: no such file or directory, open '/Users/damithch/Repos/nus-cs2103/cs2103-website-base/node_modules/.cache/gh-pages/https!github.com!nus-cs2103-AY2425S1!website.git/_markbind/variables.md'
2024-11-11T14:29:48.252Z - info: Building assets...
2024-11-11T14:29:49.736Z - info: Assets built
2024-11-11T14:29:49.737Z - info: Generating landing page...
2024-11-11T14:29:50.166Z - info: Landing page built, other pages will be built as you navigate to them!
2024-11-11T14:29:50.240Z - info: Site data built
2024-11-11T14:29:50.240Z - info: Website generation (lazy) complete! Total build time: 3.142s
2024-11-11T14:29:50.251Z - info: Serving "/Users/damithch/Repos/nus-cs2103/cs2103-website-base/_site" at http://127.0.0.1:8080
2024-11-11T14:29:50.251Z - info: Press CTRL+C to stop ...
2024-11-11T14:40:12.164Z - info: Building /Users/damithch/Repos/nus-cs2103/cs2103-website-base/admin/tp-pe as some of its dependencies were changed since the last visit
2024-11-11T14:40:12.853Z - info: Site data built
2024-11-11T14:40:12.853Z - info: Lazy website regeneration complete! Total build time: 0.691s
2024-11-11T14:47:34.102Z - info: [22:47:34] Reload for file change: /Users/damithch/Repos/nus-cs2103/cs2103-website-base/admin/tp-pe-fragment.md
2024-11-11T14:47:34.102Z - info: Synchronizing opened pages list before reload
2024-11-11T14:47:34.103Z - info: Current opened pages, from most-to-least recent:
2024-11-11T14:47:34.103Z - info: 1. admin/tp-pe
2024-11-11T14:47:35.114Z - info: Rebuilding 1 pages
2024-11-11T14:47:35.730Z - info: Site data built
2024-11-11T14:47:35.730Z - info: Pages rebuilt
2024-11-11T14:47:35.730Z - info: Website regeneration complete! Total build time: 0.618s
2024-11-11T14:48:22.749Z - info: [22:48:22] Reload for file change: /Users/damithch/Repos/nus-cs2103/cs2103-website-base/admin/tp-pe-fragment.md
2024-11-11T14:48:22.749Z - info: Synchronizing opened pages list before reload
2024-11-11T14:48:22.750Z - info: Current opened pages, from most-to-least recent:
2024-11-11T14:48:22.751Z - info: 1. admin/tp-pe
2024-11-11T14:48:23.761Z - info: Rebuilding 1 pages
2024-11-11T14:48:24.376Z - info: Site data built
2024-11-11T14:48:24.377Z - info: Pages rebuilt
2024-11-11T14:48:24.377Z - info: Website regeneration complete! Total build time: 0.618s
2024-11-11T14:50:57.690Z - info: [22:50:57] Reload for file change: /Users/damithch/Repos/nus-cs2103/cs2103-website-base/admin/tp-pe-fragment.md
2024-11-11T14:50:57.690Z - info: Synchronizing opened pages list before reload
2024-11-11T14:50:57.690Z - info: Current opened pages, from most-to-least recent:
2024-11-11T14:50:57.690Z - info: 1. admin/tp-pe
2024-11-11T14:50:58.703Z - info: Rebuilding 1 pages
2024-11-11T14:50:59.314Z - info: Site data built
2024-11-11T14:50:59.314Z - info: Pages rebuilt
2024-11-11T14:50:59.314Z - info: Website regeneration complete! Total build time: 0.614s
2024-11-11T14:51:17.146Z - info: [22:51:17] Reload for file change: /Users/damithch/Repos/nus-cs2103/cs2103-website-base/admin/tp-pe-fragment.md
2024-11-11T14:51:17.146Z - info: Synchronizing opened pages list before reload
2024-11-11T14:51:17.146Z - info: Current opened pages, from most-to-least recent:
2024-11-11T14:51:17.146Z - info: 1. admin/tp-pe
2024-11-11T14:51:18.162Z - info: Rebuilding 1 pages
2024-11-11T14:51:18.783Z - info: Site data built
2024-11-11T14:51:18.783Z - info: Pages rebuilt
2024-11-11T14:51:18.783Z - info: Website regeneration complete! Total build time: 0.623s
2024-11-11T14:52:09.343Z - info: [22:52:09] Reload for file change: /Users/damithch/Repos/nus-cs2103/cs2103-website-base/admin/tp-pe-fragment.md
2024-11-11T14:52:09.343Z - info: Synchronizing opened pages list before reload
2024-11-11T14:52:09.343Z - info: Current opened pages, from most-to-least recent:
2024-11-11T14:52:09.343Z - info: 1. admin/tp-pe
2024-11-11T14:52:10.347Z - info: Rebuilding 1 pages
2024-11-11T14:52:10.974Z - info: Site data built
2024-11-11T14:52:10.974Z - info: Pages rebuilt
2024-11-11T14:52:10.974Z - info: Website regeneration complete! Total build time: 0.63s
2024-11-11T14:58:02.700Z - info: [22:58:02] Reload for file change: /Users/damithch/Repos/nus-cs2103/cs2103-website-base/admin/tp-pe-fragment.md
2024-11-11T14:58:02.700Z - info: Synchronizing opened pages list before reload
2024-11-11T14:58:02.700Z - info: Current opened pages, from most-to-least recent:
2024-11-11T14:58:02.701Z - info: 1. admin/tp-pe
2024-11-11T14:58:03.719Z - info: Rebuilding 1 pages
2024-11-11T14:58:04.337Z - info: Site data built
2024-11-11T14:58:04.337Z - info: Pages rebuilt
2024-11-11T14:58:04.337Z - info: Website regeneration complete! Total build time: 0.62s
2024-11-11T15:02:23.323Z - info: [23:02:23] Reload for file change: /Users/damithch/Repos/nus-cs2103/cs2103-website-base/admin/tp-pe-fragment.md
2024-11-11T15:02:23.324Z - info: Synchronizing opened pages list before reload
2024-11-11T15:02:23.324Z - info: Current opened pages, from most-to-least recent:
2024-11-11T15:02:23.324Z - info: 1. admin/tp-pe
2024-11-11T15:02:24.340Z - info: Rebuilding 1 pages
2024-11-11T15:02:24.957Z - info: Site data built
2024-11-11T15:02:24.957Z - info: Pages rebuilt
2024-11-11T15:02:24.957Z - info: Website regeneration complete! Total build time: 0.619s
2024-11-11T15:03:01.776Z - info: [23:03:01] Reload for file change: /Users/damithch/Repos/nus-cs2103/cs2103-website-base/admin/tp-pe-fragment.md
2024-11-11T15:03:01.776Z - info: Synchronizing opened pages list before reload
2024-11-11T15:03:01.776Z - info: Current opened pages, from most-to-least recent:
2024-11-11T15:03:01.776Z - info: 1. admin/tp-pe
2024-11-11T15:03:02.782Z - info: Rebuilding 1 pages
2024-11-11T15:03:03.405Z - info: Site data built
2024-11-11T15:03:03.405Z - info: Pages rebuilt
2024-11-11T15:03:03.405Z - info: Website regeneration complete! Total build time: 0.625s
2024-11-11T15:12:25.523Z - info: [23:12:25] Reload for file change: /Users/damithch/Repos/nus-cs2103/cs2103-website-base/admin/tp-pe-fragment.md
2024-11-11T15:12:25.525Z - info: Synchronizing opened pages list before reload
2024-11-11T15:12:25.526Z - info: Current opened pages, from most-to-least recent:
2024-11-11T15:12:25.526Z - info: 1. admin/tp-pe
2024-11-11T15:12:26.535Z - info: Rebuilding 1 pages
2024-11-11T15:12:27.161Z - info: Site data built
2024-11-11T15:12:27.161Z - info: Pages rebuilt
2024-11-11T15:12:27.161Z - info: Website regeneration complete! Total build time: 0.629s
2024-11-11T15:12:41.875Z - info: [23:12:41] Reload for file change: /Users/damithch/Repos/nus-cs2103/cs2103-website-base/admin/tp-pe-fragment.md
2024-11-11T15:12:41.876Z - info: Synchronizing opened pages list before reload
2024-11-11T15:12:41.876Z - info: Current opened pages, from most-to-least recent:
2024-11-11T15:12:41.876Z - info: 1. admin/tp-pe
2024-11-11T15:12:42.888Z - info: Rebuilding 1 pages
2024-11-11T15:12:43.503Z - info: Site data built
2024-11-11T15:12:43.503Z - info: Pages rebuilt
2024-11-11T15:12:43.503Z - info: Website regeneration complete! Total build time: 0.617s
2024-11-11T15:14:19.594Z - info: [23:14:19] Reload for file change: /Users/damithch/Repos/nus-cs2103/cs2103-website-base/admin/tp-pe-fragment.md
2024-11-11T15:14:19.594Z - info: Synchronizing opened pages list before reload
2024-11-11T15:14:19.594Z - info: Current opened pages, from most-to-least recent:
2024-11-11T15:14:19.594Z - info: 1. admin/tp-pe
2024-11-11T15:14:20.611Z - info: Rebuilding 1 pages
2024-11-11T15:14:21.251Z - info: Site data built
2024-11-11T15:14:21.251Z - info: Pages rebuilt
2024-11-11T15:14:21.251Z - info: Website regeneration complete! Total build time: 0.642s
2024-11-11T15:29:03.787Z - info: [23:29:03] Reload for file change: /Users/damithch/Repos/nus-cs2103/cs2103-website-base/admin/tp-pe-fragment.md
2024-11-11T15:29:03.789Z - info: Synchronizing opened pages list before reload
2024-11-11T15:29:03.790Z - info: Current opened pages, from most-to-least recent:
2024-11-11T15:29:03.790Z - info: 1. admin/tp-pe
2024-11-11T15:29:04.796Z - info: Rebuilding 1 pages
2024-11-11T15:29:05.438Z - info: Site data built
2024-11-11T15:29:05.438Z - info: Pages rebuilt
2024-11-11T15:29:05.438Z - info: Website regeneration complete! Total build time: 0.644s
2024-11-11T15:32:08.265Z - info: [23:32:08] Reload for file change: /Users/damithch/Repos/nus-cs2103/cs2103-website-base/admin/tp-pe-fragment.md
2024-11-11T15:32:08.268Z - info: Synchronizing opened pages list before reload
2024-11-11T15:32:08.268Z - info: Current opened pages, from most-to-least recent:
2024-11-11T15:32:08.269Z - info: 1. admin/tp-pe
2024-11-11T15:32:09.280Z - info: Rebuilding 1 pages
2024-11-11T15:32:09.920Z - info: Site data built
2024-11-11T15:32:09.920Z - info: Pages rebuilt
2024-11-11T15:32:09.920Z - info: Website regeneration complete! Total build time: 0.645s
2024-11-11T15:33:10.571Z - info: [23:33:10] Reload for file change: /Users/damithch/Repos/nus-cs2103/cs2103-website-base/admin/tp-pe-fragment.md
2024-11-11T15:33:10.571Z - info: Synchronizing opened pages list before reload
2024-11-11T15:33:10.571Z - info: Current opened pages, from most-to-least recent:
2024-11-11T15:33:10.571Z - info: 1. admin/tp-pe
2024-11-11T15:33:11.586Z - info: Rebuilding 1 pages
2024-11-11T15:33:12.202Z - info: Site data built
2024-11-11T15:33:12.202Z - info: Pages rebuilt
2024-11-11T15:33:12.202Z - info: Website regeneration complete! Total build time: 0.618s
2024-11-11T15:34:06.593Z - info: [23:34:06] Reload for file change: /Users/damithch/Repos/nus-cs2103/cs2103-website-base/admin/tp-pe-fragment.md
2024-11-11T15:34:06.594Z - info: Synchronizing opened pages list before reload
2024-11-11T15:34:06.594Z - info: Current opened pages, from most-to-least recent:
2024-11-11T15:34:06.594Z - info: 1. admin/tp-pe
2024-11-11T15:34:07.611Z - info: Rebuilding 1 pages
2024-11-11T15:34:08.237Z - info: Site data built
2024-11-11T15:34:08.237Z - info: Pages rebuilt
2024-11-11T15:34:08.237Z - info: Website regeneration complete! Total build time: 0.628s
2024-11-11T15:35:28.450Z - info: [23:35:28] Reload for file change: /Users/damithch/Repos/nus-cs2103/cs2103-website-base/admin/tp-pe-fragment.md
2024-11-11T15:35:28.450Z - info: Synchronizing opened pages list before reload
2024-11-11T15:35:28.450Z - info: Current opened pages, from most-to-least recent:
2024-11-11T15:35:28.450Z - info: 1. admin/tp-pe
2024-11-11T15:35:29.470Z - info: Rebuilding 1 pages
2024-11-11T15:35:30.100Z - info: Site data built
2024-11-11T15:35:30.101Z - info: Pages rebuilt
2024-11-11T15:35:30.101Z - info: Website regeneration complete! Total build time: 0.632s
2024-11-11T15:36:52.647Z - info: [23:36:52] Reload for file change: /Users/damithch/Repos/nus-cs2103/cs2103-website-base/admin/tp-pe-fragment.md
2024-11-11T15:36:52.647Z - info: Synchronizing opened pages list before reload
2024-11-11T15:36:52.647Z - info: Current opened pages, from most-to-least recent:
2024-11-11T15:36:52.647Z - info: 1. admin/tp-pe
2024-11-11T15:36:53.654Z - info: Rebuilding 1 pages
2024-11-11T15:36:54.289Z - info: Site data built
2024-11-11T15:36:54.289Z - info: Pages rebuilt
2024-11-11T15:36:54.289Z - info: Website regeneration complete! Total build time: 0.638s
2024-11-11T15:37:18.388Z - info: [23:37:18] Reload for file change: /Users/damithch/Repos/nus-cs2103/cs2103-website-base/admin/tp-pe-fragment.md
2024-11-11T15:37:18.389Z - info: Synchronizing opened pages list before reload
2024-11-11T15:37:18.389Z - info: Current opened pages, from most-to-least recent:
2024-11-11T15:37:18.389Z - info: 1. admin/tp-pe
2024-11-11T15:37:19.394Z - info: Rebuilding 1 pages
2024-11-11T15:37:20.027Z - info: Site data built
2024-11-11T15:37:20.027Z - info: Pages rebuilt
2024-11-11T15:37:20.027Z - info: Website regeneration complete! Total build time: 0.635s
2024-11-11T15:37:55.832Z - info: [23:37:55] Reload for file change: /Users/damithch/Repos/nus-cs2103/cs2103-website-base/admin/tp-pe-fragment.md
2024-11-11T15:37:55.832Z - info: Synchronizing opened pages list before reload
2024-11-11T15:37:55.832Z - info: Current opened pages, from most-to-least recent:
2024-11-11T15:37:55.832Z - info: 1. admin/tp-pe
2024-11-11T15:37:56.840Z - info: Rebuilding 1 pages
2024-11-11T15:37:57.471Z - info: Site data built
2024-11-11T15:37:57.471Z - info: Pages rebuilt
2024-11-11T15:37:57.471Z - info: Website regeneration complete! Total build time: 0.633s
2024-11-11T15:38:49.150Z - info: [23:38:49] Reload for file change: /Users/damithch/Repos/nus-cs2103/cs2103-website-base/admin/tp-pe-fragment.md
2024-11-11T15:38:49.151Z - info: Synchronizing opened pages list before reload
2024-11-11T15:38:49.151Z - info: Current opened pages, from most-to-least recent:
2024-11-11T15:38:49.151Z - info: 1. admin/tp-pe
2024-11-11T15:38:50.165Z - info: Rebuilding 1 pages
2024-11-11T15:38:50.789Z - info: Site data built
2024-11-11T15:38:50.789Z - info: Pages rebuilt
2024-11-11T15:38:50.789Z - info: Website regeneration complete! Total build time: 0.626s
2024-11-11T15:39:47.792Z - info: [23:39:47] Reload for file change: /Users/damithch/Repos/nus-cs2103/cs2103-website-base/admin/tp-pe-fragment.md
2024-11-11T15:39:47.793Z - info: Synchronizing opened pages list before reload
2024-11-11T15:39:47.793Z - info: Current opened pages, from most-to-least recent:
2024-11-11T15:39:47.793Z - info: 1. admin/tp-pe
2024-11-11T15:39:48.802Z - info: Rebuilding 1 pages
2024-11-11T15:39:49.429Z - info: Site data built
2024-11-11T15:39:49.429Z - info: Pages rebuilt
2024-11-11T15:39:49.429Z - info: Website regeneration complete! Total build time: 0.629s
2024-11-11T15:40:31.802Z - info: [23:40:31] Reload for file change: /Users/damithch/Repos/nus-cs2103/cs2103-website-base/admin/tp-pe-fragment.md
2024-11-11T15:40:31.803Z - info: Synchronizing opened pages list before reload
2024-11-11T15:40:31.803Z - info: Current opened pages, from most-to-least recent:
2024-11-11T15:40:31.803Z - info: 1. admin/tp-pe
2024-11-11T15:40:32.806Z - info: Rebuilding 1 pages
2024-11-11T15:40:33.446Z - info: Site data built
2024-11-11T15:40:33.446Z - info: Pages rebuilt
2024-11-11T15:40:33.446Z - info: Website regeneration complete! Total build time: 0.642s
2024-11-11T15:40:48.240Z - info: [23:40:48] Reload for file change: /Users/damithch/Repos/nus-cs2103/cs2103-website-base/admin/tp-pe-fragment.md
2024-11-11T15:40:48.240Z - info: Synchronizing opened pages list before reload
2024-11-11T15:40:48.241Z - info: Current opened pages, from most-to-least recent:
2024-11-11T15:40:48.241Z - info: 1. admin/tp-pe
2024-11-11T15:40:49.245Z - info: Rebuilding 1 pages
2024-11-11T15:40:49.887Z - info: Site data built
2024-11-11T15:40:49.887Z - info: Pages rebuilt
2024-11-11T15:40:49.887Z - info: Website regeneration complete! Total build time: 0.644s
2024-11-11T15:41:16.717Z - info: [23:41:16] Reload for file change: /Users/damithch/Repos/nus-cs2103/cs2103-website-base/admin/tp-pe-fragment.md
2024-11-11T15:41:16.718Z - info: Synchronizing opened pages list before reload
2024-11-11T15:41:16.718Z - info: Current opened pages, from most-to-least recent:
2024-11-11T15:41:16.718Z - info: 1. admin/tp-pe
2024-11-11T15:41:17.731Z - info: Rebuilding 1 pages
2024-11-11T15:41:18.357Z - info: Site data built
2024-11-11T15:41:18.357Z - info: Pages rebuilt
2024-11-11T15:41:18.357Z - info: Website regeneration complete! Total build time: 0.627s
2024-11-11T15:42:12.959Z - info: [23:42:12] Reload for file change: /Users/damithch/Repos/nus-cs2103/cs2103-website-base/admin/tp-pe-fragment.md
2024-11-11T15:42:12.959Z - info: Synchronizing opened pages list before reload
2024-11-11T15:42:12.959Z - info: Current opened pages, from most-to-least recent:
2024-11-11T15:42:12.959Z - info: 1. admin/tp-pe
2024-11-11T15:42:13.966Z - info: Rebuilding 1 pages
2024-11-11T15:42:14.601Z - info: Site data built
2024-11-11T15:42:14.601Z - info: Pages rebuilt
2024-11-11T15:42:14.601Z - info: Website regeneration complete! Total build time: 0.637s
2024-11-11T15:43:52.094Z - info: [23:43:52] Reload for file change: /Users/damithch/Repos/nus-cs2103/cs2103-website-base/admin/tp-pe-fragment.md
2024-11-11T15:43:52.095Z - info: Synchronizing opened pages list before reload
2024-11-11T15:43:52.095Z - info: Current opened pages, from most-to-least recent:
2024-11-11T15:43:52.095Z - info: 1. admin/tp-pe
2024-11-11T15:43:53.104Z - info: Rebuilding 1 pages
2024-11-11T15:43:53.736Z - info: Site data built
2024-11-11T15:43:53.736Z - info: Pages rebuilt
2024-11-11T15:43:53.736Z - info: Website regeneration complete! Total build time: 0.634s
2024-11-11T15:45:52.646Z - info: [23:45:52] Reload for file change: /Users/damithch/Repos/nus-cs2103/cs2103-website-base/admin/tp-pe-fragment.md
2024-11-11T15:45:52.647Z - info: Synchronizing opened pages list before reload
2024-11-11T15:45:52.648Z - info: Current opened pages, from most-to-least recent:
2024-11-11T15:45:52.648Z - info: 1. admin/tp-pe
2024-11-11T15:45:53.658Z - info: Rebuilding 1 pages
2024-11-11T15:45:54.292Z - info: Site data built
2024-11-11T15:45:54.292Z - info: Pages rebuilt
2024-11-11T15:45:54.292Z - info: Website regeneration complete! Total build time: 0.637s
2024-11-11T15:46:11.731Z - info: [23:46:11] Reload for file change: /Users/damithch/Repos/nus-cs2103/cs2103-website-base/admin/tp-pe-fragment.md
2024-11-11T15:46:11.732Z - info: Synchronizing opened pages list before reload
2024-11-11T15:46:11.732Z - info: Current opened pages, from most-to-least recent:
2024-11-11T15:46:11.732Z - info: 1. admin/tp-pe
2024-11-11T15:46:12.745Z - info: Rebuilding 1 pages
2024-11-11T15:46:13.373Z - info: Site data built
2024-11-11T15:46:13.373Z - info: Pages rebuilt
2024-11-11T15:46:13.373Z - info: Website regeneration complete! Total build time: 0.631s
2024-11-11T15:49:43.622Z - info: [23:49:43] Reload for file change: /Users/damithch/Repos/nus-cs2103/cs2103-website-base/admin/tp-pe-fragment.md
2024-11-11T15:49:43.622Z - info: Synchronizing opened pages list before reload
2024-11-11T15:49:43.622Z - info: Current opened pages, from most-to-least recent:
2024-11-11T15:49:43.623Z - info: 1. admin/tp-pe
2024-11-11T15:49:44.642Z - info: Rebuilding 1 pages
2024-11-11T15:49:45.262Z - info: Site data built
2024-11-11T15:49:45.262Z - info: Pages rebuilt
2024-11-11T15:49:45.262Z - info: Website regeneration complete! Total build time: 0.622s
2024-11-11T15:50:26.424Z - info: [23:50:26] Reload for file change: /Users/damithch/Repos/nus-cs2103/cs2103-website-base/admin/tp-pe-fragment.md
2024-11-11T15:50:26.424Z - info: Synchronizing opened pages list before reload
2024-11-11T15:50:26.425Z - info: Current opened pages, from most-to-least recent:
2024-11-11T15:50:26.425Z - info: 1. admin/tp-pe
2024-11-11T15:50:27.438Z - info: Rebuilding 1 pages
2024-11-11T15:50:28.054Z - info: Site data built
2024-11-11T15:50:28.054Z - info: Pages rebuilt
2024-11-11T15:50:28.054Z - info: Website regeneration complete! Total build time: 0.618s
2024-11-11T15:51:41.019Z - info: [23:51:41] Reload for file change: /Users/damithch/Repos/nus-cs2103/cs2103-website-base/admin/tp-pe-fragment.md
2024-11-11T15:51:41.019Z - info: Synchronizing opened pages list before reload
2024-11-11T15:51:41.019Z - info: Current opened pages, from most-to-least recent:
2024-11-11T15:51:41.019Z - info: 1. admin/tp-pe
2024-11-11T15:51:42.028Z - info: Rebuilding 1 pages
2024-11-11T15:51:42.669Z - info: Site data built
2024-11-11T15:51:42.669Z - info: Pages rebuilt
2024-11-11T15:51:42.669Z - info: Website regeneration complete! Total build time: 0.643s
2024-11-11T15:51:48.477Z - info: [23:51:48] Reload for file change: /Users/damithch/Repos/nus-cs2103/cs2103-website-base/admin/tp-pe-fragment.md
2024-11-11T15:51:48.477Z - info: Synchronizing opened pages list before reload
2024-11-11T15:51:48.478Z - info: Current opened pages, from most-to-least recent:
2024-11-11T15:51:48.478Z - info: 1. admin/tp-pe
2024-11-11T15:51:49.495Z - info: Rebuilding 1 pages
2024-11-11T15:51:50.021Z - info: Site data built
2024-11-11T15:51:50.021Z - info: Pages rebuilt
2024-11-11T15:51:50.021Z - info: Website regeneration complete! Total build time: 0.528s
2024-11-11T15:53:36.417Z - info: [23:53:36] Reload for file change: /Users/damithch/Repos/nus-cs2103/cs2103-website-base/admin/tp-pe-fragment.md
2024-11-11T15:53:36.417Z - info: Synchronizing opened pages list before reload
2024-11-11T15:53:36.417Z - info: Current opened pages, from most-to-least recent:
2024-11-11T15:53:36.417Z - info: 1. admin/tp-pe
2024-11-11T15:53:37.431Z - info: Rebuilding 1 pages
2024-11-11T15:53:38.052Z - info: Site data built
2024-11-11T15:53:38.052Z - info: Pages rebuilt
2024-11-11T15:53:38.052Z - info: Website regeneration complete! Total build time: 0.622s
2024-11-11T15:55:49.377Z - info: [23:55:49] Reload for file change: /Users/damithch/Repos/nus-cs2103/cs2103-website-base/admin/tp-pe-fragment.md
2024-11-11T15:55:49.377Z - info: Synchronizing opened pages list before reload
2024-11-11T15:55:49.377Z - info: Current opened pages, from most-to-least recent:
2024-11-11T15:55:49.378Z - info: 1. admin/tp-pe
2024-11-11T15:55:50.392Z - info: Rebuilding 1 pages
2024-11-11T15:55:51.017Z - info: Site data built
2024-11-11T15:55:51.017Z - info: Pages rebuilt
2024-11-11T15:55:51.017Z - info: Website regeneration complete! Total build time: 0.626s
2024-11-11T15:55:58.660Z - info: [23:55:58] Reload for file change: /Users/damithch/Repos/nus-cs2103/cs2103-website-base/admin/tp-pe-fragment.md
2024-11-11T15:55:58.660Z - info: Synchronizing opened pages list before reload
2024-11-11T15:55:58.660Z - info: Current opened pages, from most-to-least recent:
2024-11-11T15:55:58.660Z - info: 1. admin/tp-pe
2024-11-11T15:55:59.665Z - info: Rebuilding 1 pages
2024-11-11T15:56:00.291Z - info: Site data built
2024-11-11T15:56:00.291Z - info: Pages rebuilt
2024-11-11T15:56:00.291Z - info: Website regeneration complete! Total build time: 0.628s
2024-11-11T15:57:03.761Z - info: [23:57:03] Reload for file change: /Users/damithch/Repos/nus-cs2103/cs2103-website-base/admin/tp-pe-fragment.md
2024-11-11T15:57:03.762Z - info: Synchronizing opened pages list before reload
2024-11-11T15:57:03.762Z - info: Current opened pages, from most-to-least recent:
2024-11-11T15:57:03.762Z - info: 1. admin/tp-pe
2024-11-11T15:57:04.765Z - info: Rebuilding 1 pages
2024-11-11T15:57:05.406Z - info: Site data built
2024-11-11T15:57:05.406Z - info: Pages rebuilt
2024-11-11T15:57:05.406Z - info: Website regeneration complete! Total build time: 0.643s
2024-11-11T15:58:45.733Z - info: [23:58:45] Reload for file change: /Users/damithch/Repos/nus-cs2103/cs2103-website-base/admin/tp-pe-fragment.md
2024-11-11T15:58:45.734Z - info: Synchronizing opened pages list before reload
2024-11-11T15:58:45.734Z - info: Current opened pages, from most-to-least recent:
2024-11-11T15:58:45.734Z - info: 1. admin/tp-pe
2024-11-11T15:58:46.745Z - info: Rebuilding 1 pages
2024-11-11T15:58:47.381Z - info: Site data built
2024-11-11T15:58:47.381Z - info: Pages rebuilt
2024-11-11T15:58:47.381Z - info: Website regeneration complete! Total build time: 0.637s
2024-11-11T15:59:20.972Z - info: [23:59:20] Reload for file change: /Users/damithch/Repos/nus-cs2103/cs2103-website-base/admin/tp-pe-fragment.md
2024-11-11T15:59:20.975Z - info: Synchronizing opened pages list before reload
2024-11-11T15:59:20.975Z - info: Current opened pages, from most-to-least recent:
2024-11-11T15:59:20.976Z - info: 1. admin/tp-pe
2024-11-11T15:59:21.983Z - info: Rebuilding 1 pages
2024-11-11T15:59:22.620Z - info: Site data built
2024-11-11T15:59:22.620Z - info: Pages rebuilt
2024-11-11T15:59:22.620Z - info: Website regeneration complete! Total build time: 0.639s
